Input file: ./Instances/biq2mc/beasley/bqp100-1.sparse.mc

Graph has 101 vertices and 563 edges.

BiqBin parameters:
    init_bundle_iter = 5
     max_bundle_iter = 20
      min_outer_iter = 10
      max_outer_iter = 30
       violated_Ineq = 0.050000
             TriIneq = 500
         Pent_Trials = 160
        Hepta_Trials = 120
        include_Pent = 1
       include_Hepta = 1
                root = 0
            use_diff = 1
          time_limit = 0
   branchingStrategy = 1
      detailedOutput = 1

**************************************************************************************************************************
                                               Node 1
**************************************************************************************************************************
Problem size 101
Fixed variables:
Node 1 Feasible solution 7928
==========================================================================================================================
starting bound     cut  triangles added  violation
       8721.11    7928              500       0.50
==========================================================================================================================
iter     time      bound  bdl   viol3  triag  purged   added   viol5  penta  purged   added   viol7  hepta  purged   added
==========================================================================================================================
   1     0.11    8475.26    5   5e-01    782    -201   +483   
Node 1 Feasible solution 7970
   2     0.20    8283.28    5   4e-01   1084    -177   +479   
   3     0.29    8167.36    7   4e-01   1262    -314   +492   
   4     0.40    8120.02    7   4e-01   1449    -301   +488   
   5     0.53    8072.85    7   4e-01   1555    -384   +490   
   6     0.87    8041.98   10   2e-01   1619    -407   +471    7e-01    480    -0     +480    8e-01    480    -0     +480  
   7     1.19    8007.92    8   2e-01   1689    -375   +445    6e-01    790    -170   +480    7e-01    800    -160   +480  
   8     1.56    7985.27    8   3e-01   1927    -234   +472    8e-01   1103    -167   +480    9e-01   1092    -188   +480  
   9     1.97    7977.72   10   2e-01   1948    -469   +490    6e-01   1181    -402   +480    7e-01   1193    -379   +480  
  10     2.41    7971.37    9   3e-01   2057    -391   +500    8e-01   1272    -389   +480    8e-01   1303    -370   +480  
  11     2.63    7970.71    6   3e-01   2057    -0     +0      8e-01   1272    -0     +0      8e-01   1303    -0     +0    
==========================================================================================================================
Prune!
==========================================================================================================================
Depth = 0, Bound = 7970.71, Best = 7970


Nodes = 1
Root node bound = 7970.707
Maximum value = 7970
Solution = ( 1 2 5 10 16 18 21 23 24 35 36 38 40 41 42 43 44 48 51 53 60 61 62 64 65 67 68 70 73 74 75 76 79 81 84 86 87 89 90 91 92 97 99 100 )
CPU time = 2.63 s

