Input file: ./Instances/biq2mc/beasley/bqp100-6.sparse.mc

Graph has 101 vertices and 610 edges.

BiqBin parameters:
    init_bundle_iter = 5
     max_bundle_iter = 20
      min_outer_iter = 10
      max_outer_iter = 30
       violated_Ineq = 0.050000
             TriIneq = 500
         Pent_Trials = 160
        Hepta_Trials = 120
        include_Pent = 1
       include_Hepta = 1
                root = 0
            use_diff = 1
          time_limit = 0
   branchingStrategy = 1
      detailedOutput = 1

**************************************************************************************************************************
                                               Node 1
**************************************************************************************************************************
Problem size 101
Fixed variables:
Node 1 Feasible solution 10202
==========================================================================================================================
starting bound     cut  triangles added  violation
      11073.07   10202              500       0.50
==========================================================================================================================
iter     time      bound  bdl   viol3  triag  purged   added   viol5  penta  purged   added   viol7  hepta  purged   added
==========================================================================================================================
Node 1 Feasible solution 10210
   1     0.06   10811.83    5   5e-01    781    -206   +487   
   2     0.13   10625.38    4   4e-01   1157    -114   +490   
   3     0.21   10517.53    7   4e-01   1264    -389   +496   
   4     0.30   10441.62    8   3e-01   1420    -333   +489   
   5     0.40   10387.44    7   3e-01   1503    -401   +484   
   6     0.70   10337.08   10   3e-01   1639    -343   +479    7e-01    480    -0     +480    7e-01    480    -0     +480  
   7     1.03   10312.96   10   2e-01   1701    -394   +456    6e-01    777    -183   +480    7e-01    788    -172   +480  
   8     1.38   10282.30   12   3e-01   1782    -402   +483    7e-01    945    -312   +480    8e-01    969    -299   +480  
   9     1.77   10264.98   13   2e-01   1779    -492   +489    6e-01    975    -450   +480    7e-01   1041    -408   +480  
  10     2.17   10245.89   14   2e-01   1769    -477   +467    5e-01   1029    -426   +480    7e-01   1114    -407   +480  
  11     2.60   10234.93   12   2e-01   1883    -383   +497    6e-01   1138    -371   +480    6e-01   1256    -338   +480  
  12     3.08   10230.89   12   1e-01   1634    -515   +266    4e-01   1203    -415   +480    6e-01   1357    -379   +480  
  13     3.54   10223.26   15   2e-01   1720    -228   +314    5e-01   1371    -312   +480    6e-01   1541    -296   +480  
  14     4.04   10219.92   15   9e-02   1593    -294   +167    3e-01   1454    -397   +480    4e-01   1701    -320   +480  
  15     4.56   10217.34   16   1e-01   1865    -143   +415    4e-01   1635    -299   +480    5e-01   1889    -292   +480  
  16     5.14   10215.49   17   1e-01   1737    -429   +301    4e-01   1636    -479   +480    5e-01   1932    -437   +480  
  17     5.74   10213.91   17   8e-02   1538    -265   +66     3e-01   1693    -423   +480    4e-01   1999    -413   +480  
  18     6.30   10212.74   16   7e-02   1469    -121   +52     3e-01   1774    -399   +480    4e-01   2130    -349   +480  
  19     6.87   10212.23   14   6e-02   1439    -46    +16     3e-01   1851    -402   +479    3e-01   2266    -344   +480  
  20     7.44   10211.68   16   8e-02   1463    -23    +47     2e-01   1968    -363   +480    3e-01   2370    -376   +480  
  21     8.04   10211.25   16   9e-02   1464    -55    +56     3e-01   1955    -490   +477    3e-01   2457    -393   +480  
  22     8.68   10211.04   14   5e-02   1407    -57    +0      2e-01   1990    -443   +478    3e-01   2523    -414   +480  
  23     8.81   10210.98   16   5e-02   1407    -0     +0      2e-01   1990    -0     +0      3e-01   2523    -0     +0    
==========================================================================================================================
Prune!
==========================================================================================================================
Depth = 0, Bound = 10210.98, Best = 10210


Nodes = 1
Root node bound = 10210.983
Maximum value = 10210
Solution = ( 1 2 3 4 7 9 12 13 14 16 17 21 24 28 31 32 34 35 37 39 40 48 50 51 52 55 57 65 68 69 71 72 91 94 95 96 100 )
CPU time = 8.81 s

