Input file: ./Instances/biq2mc/beasley/bqp100-3.sparse.mc

Graph has 101 vertices and 590 edges.

BiqBin parameters:
    init_bundle_iter = 5
     max_bundle_iter = 20
      min_outer_iter = 10
      max_outer_iter = 30
       violated_Ineq = 0.050000
             TriIneq = 500
         Pent_Trials = 160
        Hepta_Trials = 120
        include_Pent = 1
       include_Hepta = 1
                root = 0
            use_diff = 1
          time_limit = 0
   branchingStrategy = 1
      detailedOutput = 1

**************************************************************************************************************************
                                               Node 1
**************************************************************************************************************************
Problem size 101
Fixed variables:
Node 1 Feasible solution 12723
==========================================================================================================================
starting bound     cut  triangles added  violation
      13336.70   12723              500       0.50
==========================================================================================================================
iter     time      bound  bdl   viol3  triag  purged   added   viol5  penta  purged   added   viol7  hepta  purged   added
==========================================================================================================================
   1     0.11   13102.05    5   5e-01    861    -137   +498   
   2     0.19   12942.35    5   4e-01   1231    -124   +494   
   3     0.29   12842.45    7   4e-01   1357    -359   +485   
   4     0.42   12776.19    6   4e-01   1583    -240   +466   
   5     0.82   12757.86    9   3e-01   1740    -310   +467    8e-01    480    -0     +480    9e-01    480    -0     +480  
   6     1.18   12736.59    6   2e-01   1891    -336   +487    6e-01    755    -205   +480    7e-01    813    -147   +480  
   7     1.60   12726.69    6   3e-01   1982    -408   +499    8e-01    932    -303   +480    9e-01   1059    -234   +480  
   8     2.06   12724.27    6   3e-01   1939    -525   +482    7e-01    891    -521   +480    8e-01   1035    -504   +480  
   9     2.16   12723.99    7   3e-01   1939    -0     +0      7e-01    891    -0     +0      8e-01   1035    -0     +0    
==========================================================================================================================
Prune!
==========================================================================================================================
Depth = 0, Bound = 12723.99, Best = 12723


Nodes = 1
Root node bound = 12723.986
Maximum value = 12723
Solution = ( 1 5 7 12 13 17 23 25 26 28 35 39 40 44 46 47 48 49 56 58 63 64 65 67 74 75 76 85 89 93 95 98 )
CPU time = 2.16 s

