Input file: ./Instances/biq2mc/beasley/bqp100-2.sparse.mc

Graph has 101 vertices and 582 edges.

BiqBin parameters:
    init_bundle_iter = 5
     max_bundle_iter = 20
      min_outer_iter = 10
      max_outer_iter = 30
       violated_Ineq = 0.050000
             TriIneq = 500
         Pent_Trials = 160
        Hepta_Trials = 120
        include_Pent = 1
       include_Hepta = 1
                root = 0
            use_diff = 1
          time_limit = 0
   branchingStrategy = 1
      detailedOutput = 1

**************************************************************************************************************************
                                               Node 1
**************************************************************************************************************************
Problem size 101
Fixed variables:
Node 1 Feasible solution 11036
==========================================================================================================================
starting bound     cut  triangles added  violation
      11704.18   11036              500       0.50
==========================================================================================================================
iter     time      bound  bdl   viol3  triag  purged   added   viol5  penta  purged   added   viol7  hepta  purged   added
==========================================================================================================================
   1     0.11   11529.06    3   5e-01    768    -216   +484   
   2     0.20   11356.66    4   4e-01    977    -275   +484   
   3     0.31   11256.20    6   4e-01   1258    -209   +490   
   4     0.43   11181.10    7   4e-01   1494    -262   +498   
   5     0.83   11128.15    9   3e-01   1521    -460   +487    8e-01    480    -0     +480    9e-01    480    -0     +480  
   6     1.15   11088.17    8   3e-01   1646    -359   +484    8e-01    760    -200   +480    8e-01    800    -160   +480  
   7     1.51   11067.16    9   2e-01   1697    -437   +488    6e-01    914    -326   +480    8e-01    973    -307   +480  
   8     1.91   11055.85   12   2e-01   1766    -417   +486    6e-01   1037    -357   +480    7e-01   1128    -325   +480  
   9     2.33   11047.03   11   2e-01   1751    -513   +498    5e-01   1056    -461   +480    7e-01   1166    -442   +480  
  10     2.79   11042.93   11   2e-01   1788    -453   +490    6e-01   1134    -402   +480    7e-01   1248    -398   +480  
  11     3.27   11040.92   10   2e-01   1864    -419   +495    5e-01   1144    -470   +480    6e-01   1269    -459   +480  
  12     3.77   11037.25    9   3e-01   1880    -484   +500    7e-01   1174    -450   +480    7e-01   1316    -433   +480  
  13     3.87   11036.95   10   3e-01   1880    -0     +0      7e-01   1174    -0     +0      7e-01   1316    -0     +0    
==========================================================================================================================
Prune!
==========================================================================================================================
Depth = 0, Bound = 11036.95, Best = 11036


Nodes = 1
Root node bound = 11036.949
Maximum value = 11036
Solution = ( 1 2 5 6 13 14 15 17 19 26 30 32 44 54 55 59 63 68 69 71 73 76 77 78 80 81 83 84 88 90 92 96 99 100 )
CPU time = 3.87 s

