Input file: ./Instances/biq2mc/beasley/bqp100-8.sparse.mc

Graph has 101 vertices and 591 edges.

BiqBin parameters:
    init_bundle_iter = 5
     max_bundle_iter = 20
      min_outer_iter = 10
      max_outer_iter = 30
       violated_Ineq = 0.050000
             TriIneq = 500
         Pent_Trials = 160
        Hepta_Trials = 120
        include_Pent = 1
       include_Hepta = 1
                root = 0
            use_diff = 1
          time_limit = 0
   branchingStrategy = 1
      detailedOutput = 1

**************************************************************************************************************************
                                               Node 1
**************************************************************************************************************************
Problem size 101
Fixed variables:
Node 1 Feasible solution 11435
==========================================================================================================================
starting bound     cut  triangles added  violation
      12078.48   11435              500       0.50
==========================================================================================================================
iter     time      bound  bdl   viol3  triag  purged   added   viol5  penta  purged   added   viol7  hepta  purged   added
==========================================================================================================================
   1     0.06   11833.88    5   5e-01    826    -157   +483   
   2     0.13   11671.48    6   4e-01   1174    -132   +480   
   3     0.22   11577.78    6   4e-01   1378    -281   +485   
   4     0.32   11525.58    7   3e-01   1462    -386   +470   
   5     0.64   11489.46    7   3e-01   1722    -203   +463    7e-01    480    -0     +480    8e-01    480    -0     +480  
   6     0.99   11459.47    8   3e-01   1856    -357   +491    8e-01    822    -138   +480    8e-01    815    -145   +480  
   7     1.37   11445.40    7   2e-01   1922    -429   +495    6e-01    908    -394   +480    8e-01    984    -311   +480  
   8     1.80   11440.55    8   1e-01   1910    -492   +480    4e-01    983    -405   +480    5e-01   1150    -314   +480  
   9     2.27   11436.48    8   2e-01   1839    -381   +310    4e-01   1064    -399   +480    4e-01   1186    -444   +480  
  10     2.36   11435.86    7   2e-01   1839    -0     +0      4e-01   1064    -0     +0      4e-01   1186    -0     +0    
==========================================================================================================================
Prune!
==========================================================================================================================
Depth = 0, Bound = 11435.86, Best = 11435


Nodes = 1
Root node bound = 11435.858
Maximum value = 11435
Solution = ( 1 3 5 9 10 11 12 14 16 17 19 20 21 25 26 27 29 34 35 36 38 41 47 49 55 57 58 61 62 64 67 70 72 75 77 78 83 84 86 87 89 93 94 )
CPU time = 2.36 s

