Input file: ./Instances/biq2mc/beasley/bqp100-7.sparse.mc

Graph has 101 vertices and 567 edges.

BiqBin parameters:
    init_bundle_iter = 5
     max_bundle_iter = 20
      min_outer_iter = 10
      max_outer_iter = 30
       violated_Ineq = 0.050000
             TriIneq = 500
         Pent_Trials = 160
        Hepta_Trials = 120
        include_Pent = 1
       include_Hepta = 1
                root = 0
            use_diff = 1
          time_limit = 0
   branchingStrategy = 1
      detailedOutput = 1

**************************************************************************************************************************
                                               Node 1
**************************************************************************************************************************
Problem size 101
Fixed variables:
Node 1 Feasible solution 10125
==========================================================================================================================
starting bound     cut  triangles added  violation
      10906.86   10125              500       0.50
==========================================================================================================================
iter     time      bound  bdl   viol3  triag  purged   added   viol5  penta  purged   added   viol7  hepta  purged   added
==========================================================================================================================
   1     0.06   10684.17    3   5e-01    734    -255   +489   
   2     0.14   10510.28    7   4e-01    970    -256   +492   
   3     0.22   10380.16    7   4e-01   1264    -172   +466   
   4     0.31   10290.78    9   3e-01   1423    -328   +487   
   5     0.40   10229.81    8   3e-01   1615    -303   +495   
   6     0.72   10189.98    9   3e-01   1699    -391   +475    7e-01    480    -0     +480    8e-01    480    -0     +480  
   7     1.05   10158.73   12   2e-01   1733    -430   +464    7e-01    716    -244   +480    7e-01    772    -188   +480  
   8     1.42   10143.28   13   2e-01   1785    -413   +465    5e-01    884    -312   +480    6e-01    967    -285   +480  
   9     1.84   10129.76   12   2e-01   1905    -346   +466    5e-01   1075    -289   +480    6e-01   1152    -295   +480  
  10     2.28   10127.19   11   2e-01   1910    -489   +494    6e-01   1093    -462   +480    8e-01   1207    -425   +480  
  11     2.36   10125.83    8   2e-01   1910    -0     +0      6e-01   1093    -0     +0      8e-01   1207    -0     +0    
==========================================================================================================================
Prune!
==========================================================================================================================
Depth = 0, Bound = 10125.83, Best = 10125


Nodes = 1
Root node bound = 10125.828
Maximum value = 10125
Solution = ( 5 6 7 8 10 11 15 17 19 20 24 25 28 30 31 32 34 35 37 38 40 42 43 44 46 47 49 50 51 55 56 57 59 61 62 64 65 66 69 70 71 72 73 74 75 76 79 81 82 83 84 86 88 89 91 92 93 94 95 96 98 100 )
CPU time = 2.36 s

