Input file: ./Instances/biq2mc/beasley/bqp250-2.sparse.mc

Graph has 251 vertices and 3285 edges.

BiqBin parameters:
    init_bundle_iter = 5
     max_bundle_iter = 20
      min_outer_iter = 10
      max_outer_iter = 30
       violated_Ineq = 0.050000
             TriIneq = 500
         Pent_Trials = 160
        Hepta_Trials = 120
        include_Pent = 1
       include_Hepta = 1
                root = 0
            use_diff = 1
          time_limit = 0
   branchingStrategy = 1
      detailedOutput = 1

**************************************************************************************************************************
                                               Node 1
**************************************************************************************************************************
Problem size 251
Fixed variables:
Node 1 Feasible solution 44810
==========================================================================================================================
starting bound     cut  triangles added  violation
      48093.50   44810              500       0.50
==========================================================================================================================
iter     time      bound  bdl   viol3  triag  purged   added   viol5  penta  purged   added   viol7  hepta  purged   added
==========================================================================================================================
   1     0.61   47403.93    5   4e-01    837    -162   +499   
   2     1.30   46932.99    5   4e-01   1079    -257   +499   
   3     2.03   46685.46    6   4e-01   1370    -208   +499   
   4     2.89   46450.41    8   4e-01   1462    -408   +500   
   5     3.82   46233.33    7   3e-01   1619    -343   +500   
   6     5.54   46023.55    8   3e-01   1799    -319   +499    8e-01    480    -0     +480    8e-01    480    -0     +480  
   7     7.33   45762.80    9   3e-01   1944    -354   +499    7e-01    854    -106   +480    7e-01    848    -112   +480  
   8     9.15   45615.40   11   3e-01   1953    -491   +500    6e-01   1108    -226   +480    7e-01   1114    -214   +480  
   9    11.09   45486.78   12   2e-01   2040    -412   +499    6e-01   1284    -304   +480    6e-01   1286    -308   +480  
  10    13.15   45332.98   12   2e-01   2161    -374   +495    6e-01   1461    -303   +480    7e-01   1426    -340   +480  
  11    15.36   45250.33   16   2e-01   2237    -421   +497    5e-01   1577    -364   +480    6e-01   1570    -336   +480  
  12    17.66   45168.74   19   1e-01   2400    -336   +499    4e-01   1751    -306   +480    5e-01   1737    -313   +480  
  13    20.08   45114.03   16   2e-01   2607    -285   +492    5e-01   1951    -280   +480    6e-01   1904    -313   +480  
  14    22.68   45035.67   18   2e-01   2742    -358   +493    5e-01   2132    -299   +480    6e-01   2068    -316   +480  
  15    25.46   44989.31   23   1e-01   2660    -462   +380    3e-01   2219    -393   +480    5e-01   2142    -405   +479  
  16    28.42   44951.87   22   1e-01   2913    -227   +480    4e-01   2430    -269   +480    5e-01   2358    -264   +480  
  17    31.40   44922.76   26   1e-01   3018    -362   +467    4e-01   2608    -302   +480    4e-01   2541    -297   +480  
  18    34.44   44897.62   25   1e-01   2786    -324   +92     3e-01   2789    -298   +479    4e-01   2746    -275   +480  
  19    37.50   44875.46   24   9e-02   2706    -147   +67     4e-01   2989    -280   +480    4e-01   2943    -283   +480  
  20    40.51   44863.45   22   8e-02   2658    -119   +71     2e-01   3211    -258   +480    4e-01   3198    -225   +480  
  21    43.58   44849.06   22   8e-02   2618    -83    +43     3e-01   3395    -294   +478    4e-01   3330    -346   +478  
  22    46.66   44836.87   26   6e-02   2555    -77    +14     3e-01   3508    -366   +479    4e-01   3496    -314   +480  
  23    49.69   44831.09   18   1e-01   3004    -34    +483    3e-01   3669    -319   +480    5e-01   3716    -260   +480  
  24    52.86   44825.78   19   1e-01   2730    -395   +121    3e-01   3718    -431   +480    4e-01   3792    -404   +480  
  25    56.13   44819.29   23   7e-02   2584    -149   +3      2e-01   3771    -406   +459    3e-01   3872    -386   +466  
  26    58.65   44817.87   17   7e-02   2584    -0     +0      2e-01   3771    -0     +0      3e-01   3872    -0     +0    
==========================================================================================================================
BOUNDING STOPPED: Gap to big!
==========================================================================================================================
Depth = 0, Bound = 44817.87, Best = 44810

Branching on x[247] = 0.66
Fixing x[247] = 0

**************************************************************************************************************************
                                               Node 2
**************************************************************************************************************************
Problem size 250
Fixed variables: (x[247],0)
==========================================================================================================================
starting bound     cut  triangles added  violation
      47992.04   44810              500       0.50
==========================================================================================================================
iter     time      bound  bdl   viol3  triag  purged   added   viol5  penta  purged   added   viol7  hepta  purged   added
==========================================================================================================================
   1    59.29   47397.19    5   5e-01    829    -167   +496   
   2    59.97   46934.78    4   4e-01   1153    -161   +485   
   3    60.74   46559.71    7   4e-01   1315    -338   +500   
   4    61.57   46266.24    7   3e-01   1526    -289   +500   
   5    62.50   46043.50    9   3e-01   1657    -369   +500   
   6    64.21   45899.55    9   3e-01   1843    -312   +498    7e-01    480    -0     +480    8e-01    480    -0     +480  
   7    65.95   45693.74    9   3e-01   1934    -409   +500    7e-01    806    -154   +480    8e-01    833    -127   +480  
   8    67.79   45552.07   11   2e-01   2053    -380   +499    7e-01   1089    -197   +480    7e-01   1114    -199   +480  
   9    69.68   45430.11   13   2e-01   2146    -404   +497    6e-01   1258    -311   +480    7e-01   1284    -310   +480  
  10    71.68   45333.89   13   2e-01   2192    -453   +499    5e-01   1418    -320   +480    6e-01   1429    -335   +480  
  11    73.82   45225.01   14   2e-01   2346    -344   +498    6e-01   1560    -338   +480    6e-01   1570    -339   +480  
  12    76.11   45140.06   17   2e-01   2379    -463   +496    6e-01   1693    -347   +480    5e-01   1673    -377   +480  
  13    78.57   45089.29   21   1e-01   2510    -363   +494    4e-01   1905    -268   +480    5e-01   1893    -260   +480  
  14    81.16   45024.15   19   2e-01   2714    -284   +488    5e-01   2122    -263   +480    6e-01   2112    -261   +480  
  15    83.86   44974.44   20   2e-01   2827    -380   +493    5e-01   2252    -350   +480    5e-01   2252    -340   +480  
  16    86.71   44933.36   21   1e-01   2951    -361   +485    5e-01   2426    -306   +480    5e-01   2383    -349   +480  
  17    89.63   44909.41   26   1e-01   2897    -330   +276    5e-01   2587    -319   +480    5e-01   2552    -311   +480  
  18    92.57   44881.27   27   8e-02   2812    -242   +157    3e-01   2733    -334   +480    4e-01   2708    -323   +479  
  19    95.55   44862.98   28   8e-02   2735    -150   +73     3e-01   2978    -235   +480    4e-01   2941    -244   +477  
  20    98.48   44844.65   24   1e-01   2722    -89    +76     3e-01   3187    -269   +478    4e-01   3191    -230   +480  
  21   101.45   44828.74   21   1e-01   3103    -96    +477    4e-01   3426    -241   +480    5e-01   3418    -253   +480  
  22   104.42   44812.80   29   1e-01   2851    -393   +141    3e-01   3499    -406   +479    4e-01   3530    -367   +479  
  23   104.86   44810.17   30   1e-01   2851    -0     +0      3e-01   3499    -0     +0      4e-01   3530    -0     +0    
==========================================================================================================================
Prune!
==========================================================================================================================
Depth = 1, Bound = 44810.17, Best = 44810

Fixing x[247] = 1

**************************************************************************************************************************
                                               Node 3
**************************************************************************************************************************
Problem size 250
Fixed variables: (x[247],1)
==========================================================================================================================
starting bound     cut  triangles added  violation
      47969.77   44810              500       0.50
==========================================================================================================================
iter     time      bound  bdl   viol3  triag  purged   added   viol5  penta  purged   added   viol7  hepta  purged   added
==========================================================================================================================
   1   105.47   47242.86    4   5e-01    812    -188   +500   
   2   106.13   46762.09    5   4e-01   1074    -236   +498   
   3   106.86   46549.06    6   4e-01   1305    -267   +498   
   4   107.73   46310.35    8   4e-01   1406    -398   +499   
   5   108.83   46014.41    6   3e-01   1654    -251   +499   
   6   109.99   45851.82    9   3e-01   1823    -330   +499   
   7   111.87   45718.00    9   3e-01   2047    -274   +498    7e-01    480    -0     +480    8e-01    480    -0     +480  
   8   113.76   45554.02   10   3e-01   2099    -446   +498    7e-01    813    -147   +480    7e-01    788    -172   +480  
   9   115.74   45390.09   11   2e-01   2169    -429   +499    6e-01   1052    -241   +480    7e-01   1047    -221   +480  
  10   117.77   45275.19   14   2e-01   2198    -469   +498    5e-01   1272    -260   +480    6e-01   1271    -256   +480  
  11   119.92   45166.57   15   2e-01   2362    -334   +498    6e-01   1505    -247   +480    6e-01   1519    -232   +480  
  12   122.24   45097.42   17   1e-01   2452    -403   +493    5e-01   1667    -318   +480    6e-01   1669    -330   +480  
  13   124.70   45029.28   18   2e-01   2567    -376   +491    4e-01   1824    -323   +480    6e-01   1814    -335   +480  
  14   127.21   44968.01   17   2e-01   2718    -342   +493    4e-01   2008    -296   +480    6e-01   1989    -305   +480  
  15   129.97   44924.59   20   1e-01   2697    -450   +429    4e-01   2148    -340   +480    5e-01   2132    -336   +479  
  16   132.83   44890.16   15   1e-01   2930    -258   +491    4e-01   2370    -257   +479    5e-01   2346    -266   +480  
  17   135.79   44869.39   21   1e-01   3029    -381   +480    4e-01   2510    -340   +480    5e-01   2480    -346   +480  
  18   138.76   44842.42   18   1e-01   2728    -426   +125    3e-01   2623    -367   +480    5e-01   2619    -341   +480  
  19   141.81   44830.31   18   1e-01   2847    -140   +259    4e-01   2805    -298   +480    4e-01   2791    -308   +480  
  20   144.88   44819.32   15   8e-02   2661    -250   +64     3e-01   2915    -370   +480    4e-01   2938    -333   +480  
  21   147.97   44816.66   13   2e-01   3059    -101   +499    4e-01   2987    -408   +480    5e-01   3039    -379   +480  
  22   151.31   44812.14    8   8e-02   2708    -481   +130    3e-01   3022    -445   +480    5e-01   3066    -453   +480  
  23   153.23   44810.76    7   8e-02   2708    -0     +0      3e-01   3022    -0     +0      5e-01   3066    -0     +0    
==========================================================================================================================
Prune!
==========================================================================================================================
Depth = 1, Bound = 44810.76, Best = 44810


Nodes = 3
Root node bound = 44817.870
Maximum value = 44810
Solution = ( 1 3 4 11 12 14 16 20 21 27 30 36 37 42 43 47 48 49 54 58 60 63 70 71 73 74 77 83 85 89 94 95 97 98 99 101 102 107 111 113 114 115 117 119 121 122 128 131 134 139 143 144 145 146 148 149 150 153 154 157 158 159 161 162 165 167 168 170 181 184 192 193 197 201 204 209 212 217 219 220 222 224 225 226 228 229 233 234 235 241 242 244 247 248 )
CPU time = 153.23 s

