Input file: ./Instances/biq2mc/beasley/bqp250-6.sparse.mc

Graph has 251 vertices and 3433 edges.

BiqBin parameters:
    init_bundle_iter = 5
     max_bundle_iter = 20
      min_outer_iter = 10
      max_outer_iter = 30
       violated_Ineq = 0.050000
             TriIneq = 500
         Pent_Trials = 160
        Hepta_Trials = 120
        include_Pent = 1
       include_Hepta = 1
                root = 0
            use_diff = 1
          time_limit = 0
   branchingStrategy = 1
      detailedOutput = 1

**************************************************************************************************************************
                                               Node 1
**************************************************************************************************************************
Problem size 251
Fixed variables:
Node 1 Feasible solution 40966
==========================================================================================================================
starting bound     cut  triangles added  violation
      44547.53   40966              500       0.49
==========================================================================================================================
iter     time      bound  bdl   viol3  triag  purged   added   viol5  penta  purged   added   viol7  hepta  purged   added
==========================================================================================================================
   1     0.81   43941.79    5   4e-01    834    -166   +500   
   2     1.49   43444.81    5   4e-01   1102    -232   +500   
   3     2.32   43155.05    6   3e-01   1325    -277   +500   
   4     3.25   42870.21    5   3e-01   1528    -297   +500   
   5     4.31   42690.13    9   3e-01   1698    -328   +498   
   6     5.49   42473.52    8   3e-01   1850    -348   +500   
   7     7.27   42340.09   11   3e-01   2079    -269   +498    7e-01    480    -0     +480    7e-01    480    -0     +480  
Node 1 Feasible solution 40996
   8     9.03   42147.31   11   3e-01   2208    -371   +500    7e-01    836    -124   +480    7e-01    823    -137   +480  
Node 1 Feasible solution 41014
   9    10.94   41982.04   12   2e-01   2335    -373   +500    6e-01   1121    -195   +480    7e-01   1078    -225   +480  
  10    12.99   41831.82   16   2e-01   2451    -379   +495    6e-01   1291    -310   +480    7e-01   1258    -300   +480  
  11    15.16   41739.44   18   2e-01   2549    -395   +493    5e-01   1501    -270   +480    5e-01   1468    -270   +480  
  12    17.45   41637.97   18   2e-01   2680    -361   +492    5e-01   1692    -289   +480    5e-01   1606    -342   +480  
  13    19.85   41538.10   17   2e-01   2773    -397   +490    4e-01   1892    -280   +480    6e-01   1819    -267   +480  
  14    22.40   41488.20   21   1e-01   2951    -304   +482    4e-01   2091    -281   +480    5e-01   2031    -268   +480  
  15    25.15   41435.87   19   1e-01   2804    -355   +208    5e-01   2252    -318   +479    4e-01   2157    -348   +474  
  16    27.95   41383.02   22   1e-01   3123    -164   +483    4e-01   2477    -255   +480    5e-01   2357    -278   +478  
  17    30.77   41332.18   22   9e-02   2941    -316   +134    4e-01   2634    -320   +477    5e-01   2525    -310   +478  
  18    33.64   41307.36   30   9e-02   2911    -144   +114    3e-01   2848    -266   +480    4e-01   2768    -233   +476  
  19    36.52   41279.88   28   1e-01   2982    -142   +213    3e-01   3015    -312   +479    4e-01   2899    -348   +479  
  20    38.79   41257.56   32   1e-01   2982    -0     +0      3e-01   3015    -0     +0      4e-01   2899    -0     +0    
==========================================================================================================================
BOUNDING STOPPED: Gap to big!
==========================================================================================================================
Depth = 0, Bound = 41257.56, Best = 41014

Branching on x[43] = 0.50
Fixing x[43] = 0

**************************************************************************************************************************
                                               Node 2
**************************************************************************************************************************
Problem size 250
Fixed variables: (x[43],0)
==========================================================================================================================
BOUNDING STOPPED: Gap to big!
==========================================================================================================================
Depth = 1, Bound = 44485.08, Best = 41014

Fixing x[43] = 1

**************************************************************************************************************************
                                               Node 3
**************************************************************************************************************************
Problem size 250
Fixed variables: (x[43],1)
==========================================================================================================================
BOUNDING STOPPED: Gap to big!
==========================================================================================================================
Depth = 1, Bound = 44476.69, Best = 41014

Branching on x[187] = 0.50
Fixing x[187] = 0

**************************************************************************************************************************
                                               Node 4
**************************************************************************************************************************
Problem size 249
Fixed variables: (x[43],0) (x[187],0)
==========================================================================================================================
BOUNDING STOPPED: Gap to big!
==========================================================================================================================
Depth = 2, Bound = 44387.35, Best = 41014

Fixing x[187] = 1

**************************************************************************************************************************
                                               Node 5
**************************************************************************************************************************
Problem size 249
Fixed variables: (x[43],0) (x[187],1)
==========================================================================================================================
BOUNDING STOPPED: Gap to big!
==========================================================================================================================
Depth = 2, Bound = 44347.28, Best = 41014

Branching on x[59] = 0.50
Fixing x[59] = 0

**************************************************************************************************************************
                                               Node 6
**************************************************************************************************************************
Problem size 249
Fixed variables: (x[43],1) (x[59],0)
==========================================================================================================================
BOUNDING STOPPED: Gap to big!
==========================================================================================================================
Depth = 2, Bound = 44400.85, Best = 41014

Fixing x[59] = 1

**************************************************************************************************************************
                                               Node 7
**************************************************************************************************************************
Problem size 249
Fixed variables: (x[43],1) (x[59],1)
==========================================================================================================================
BOUNDING STOPPED: Gap to big!
==========================================================================================================================
Depth = 2, Bound = 44362.52, Best = 41014

Branching on x[108] = 0.50
Fixing x[108] = 0

**************************************************************************************************************************
                                               Node 8
**************************************************************************************************************************
Problem size 248
Fixed variables: (x[43],1) (x[59],0) (x[108],0)
==========================================================================================================================
BOUNDING STOPPED: Gap to big!
==========================================================================================================================
Depth = 3, Bound = 44320.26, Best = 41014

Fixing x[108] = 1

**************************************************************************************************************************
                                               Node 9
**************************************************************************************************************************
Problem size 248
Fixed variables: (x[43],1) (x[59],0) (x[108],1)
==========================================================================================================================
starting bound     cut  triangles added  violation
      44300.74   41014              500       0.49
==========================================================================================================================
iter     time      bound  bdl   viol3  triag  purged   added   viol5  penta  purged   added   viol7  hepta  purged   added
==========================================================================================================================
   1    40.18   43674.45    4   4e-01    783    -217   +500   
   2    40.84   43301.58    5   4e-01   1013    -269   +499   
   3    41.59   42990.68    7   4e-01   1207    -305   +499   
   4    42.43   42727.11    6   4e-01   1395    -312   +500   
   5    43.36   42514.70    8   3e-01   1616    -278   +499   
   6    44.41   42356.45    8   3e-01   1782    -334   +500   
   7    46.06   42174.57    9   3e-01   1951    -329   +498    7e-01    480    -0     +480    8e-01    480    -0     +480  
   8    47.71   41983.70   12   3e-01   2082    -369   +500    6e-01    811    -149   +480    7e-01    810    -150   +480  
   9    49.48   41814.01   12   2e-01   2154    -428   +500    5e-01   1078    -213   +480    6e-01   1068    -222   +480  
  10    51.40   41650.20   12   2e-01   2311    -343   +500    5e-01   1341    -217   +480    6e-01   1332    -216   +480  
  11    53.43   41568.52   19   1e-01   2385    -419   +493    5e-01   1522    -298   +479    5e-01   1482    -329   +479  
  12    55.55   41473.63   13   2e-01   2590    -286   +491    6e-01   1767    -235   +480    6e-01   1647    -315   +480  
  13    57.83   41383.50   18   2e-01   2701    -386   +497    6e-01   1915    -332   +480    6e-01   1738    -389   +480  
  14    60.27   41313.08   22   2e-01   2803    -384   +486    4e-01   2086    -309   +480    5e-01   1895    -323   +480  
  15    62.80   41254.08   20   2e-01   2947    -344   +488    5e-01   2241    -325   +480    6e-01   2092    -283   +480  
  16    65.49   41206.99   24   1e-01   3060    -358   +471    3e-01   2374    -347   +480    4e-01   2238    -333   +479  
  17    68.18   41171.57   26   1e-01   2990    -292   +222    4e-01   2582    -271   +479    4e-01   2448    -267   +477  
  18    70.89   41136.51   27   1e-01   2986    -213   +209    3e-01   2789    -273   +480    4e-01   2627    -297   +476  
  19    73.61   41122.88   30   7e-02   2873    -150   +37     3e-01   2985    -270   +466    5e-01   2835    -264   +472  
  20    76.38   41098.25   29   8e-02   2997    -104   +228    3e-01   3244    -221   +480    4e-01   3073    -240   +478  
  21    79.15   41072.35   28   8e-02   2880    -154   +37     3e-01   3375    -342   +473    6e-01   3210    -335   +472  
  22    81.90   41054.54   29   7e-02   2835    -74    +29     4e-01   3599    -239   +463    4e-01   3447    -227   +464  
  23    84.69   41040.12   30   9e-02   2806    -65    +36     3e-01   3815    -258   +474    4e-01   3675    -234   +462  
  24    87.48   41027.23   25   9e-02   2872    -46    +112    3e-01   4010    -283   +478    4e-01   3857    -296   +478  
  25    90.33   41017.19   33   6e-02   2771    -110   +9      3e-01   4145    -323   +458    3e-01   3959    -364   +466  
  26    90.64   41013.86   33   6e-02   2771    -0     +0      3e-01   4145    -0     +0      3e-01   3959    -0     +0    
==========================================================================================================================
Prune!
==========================================================================================================================
Depth = 3, Bound = 41013.86, Best = 41014

Branching on x[83] = 0.50
Fixing x[83] = 0

**************************************************************************************************************************
                                               Node 10
**************************************************************************************************************************
Problem size 248
Fixed variables: (x[43],0) (x[83],0) (x[187],0)
==========================================================================================================================
BOUNDING STOPPED: Gap to big!
==========================================================================================================================
Depth = 3, Bound = 44305.29, Best = 41014

Fixing x[83] = 1

**************************************************************************************************************************
                                               Node 11
**************************************************************************************************************************
Problem size 248
Fixed variables: (x[43],0) (x[83],1) (x[187],0)
==========================================================================================================================
BOUNDING STOPPED: Gap to big!
==========================================================================================================================
Depth = 3, Bound = 44330.09, Best = 41014

Branching on x[52] = 0.50
Fixing x[52] = 0

**************************************************************************************************************************
                                               Node 12
**************************************************************************************************************************
Problem size 248
Fixed variables: (x[43],1) (x[52],0) (x[59],1)
==========================================================================================================================
starting bound     cut  triangles added  violation
      44287.20   41014              500       0.50
==========================================================================================================================
iter     time      bound  bdl   viol3  triag  purged   added   viol5  penta  purged   added   viol7  hepta  purged   added
==========================================================================================================================
   1    91.48   43627.13    5   4e-01    809    -191   +500   
   2    92.15   43157.01    4   4e-01   1116    -193   +500   
   3    92.91   42892.19    7   4e-01   1256    -360   +500   
   4    93.74   42655.71    7   4e-01   1461    -295   +500   
   5    94.68   42384.61    6   3e-01   1668    -293   +500   
   6    95.68   42224.40   10   3e-01   1855    -313   +500   
   7    97.30   42054.82   10   3e-01   2027    -328   +500    7e-01    480    -0     +480    8e-01    480    -0     +480  
   8    98.98   41864.00   10   3e-01   2132    -394   +499    6e-01    849    -111   +480    7e-01    827    -133   +480  
   9   100.75   41695.74   11   2e-01   2253    -378   +499    6e-01   1112    -217   +480    6e-01   1111    -196   +480  
  10   102.71   41573.51   16   2e-01   2306    -446   +499    5e-01   1270    -322   +480    7e-01   1253    -338   +480  
  11   104.75   41460.06   16   2e-01   2416    -383   +493    5e-01   1488    -261   +479    6e-01   1444    -289   +480  
  12   106.92   41367.06   15   2e-01   2577    -330   +491    6e-01   1696    -272   +480    6e-01   1642    -282   +480  
  13   109.31   41282.70   17   2e-01   2644    -424   +491    5e-01   1819    -357   +480    6e-01   1722    -400   +480  
  14   111.73   41219.02   21   1e-01   2742    -391   +489    4e-01   1984    -315   +480    5e-01   1857    -344   +479  
  15   114.23   41167.60   20   1e-01   2923    -307   +488    4e-01   2240    -223   +479    5e-01   2048    -289   +480  
  16   116.90   41117.87   22   1e-01   3008    -389   +474    4e-01   2371    -349   +480    4e-01   2158    -369   +479  
  17   119.60   41085.10   21   1e-01   3090    -319   +401    3e-01   2550    -300   +479    5e-01   2357    -281   +480  
  18   122.28   41052.17   23   1e-01   3085    -315   +310    3e-01   2669    -361   +480    5e-01   2512    -321   +476  
  19   124.97   41016.49   26   8e-02   2945    -246   +106    3e-01   2814    -331   +476    4e-01   2642    -346   +476  
  20   126.17   41007.31   23   8e-02   2945    -0     +0      3e-01   2814    -0     +0      4e-01   2642    -0     +0    
==========================================================================================================================
Prune!
==========================================================================================================================
Depth = 3, Bound = 41007.31, Best = 41014

Fixing x[52] = 1

**************************************************************************************************************************
                                               Node 13
**************************************************************************************************************************
Problem size 248
Fixed variables: (x[43],1) (x[52],1) (x[59],1)
==========================================================================================================================
starting bound     cut  triangles added  violation
      44272.56   41014              500       0.49
==========================================================================================================================
iter     time      bound  bdl   viol3  triag  purged   added   viol5  penta  purged   added   viol7  hepta  purged   added
==========================================================================================================================
   1   126.76   43597.73    4   5e-01    786    -214   +500   
   2   127.38   43147.51    6   4e-01   1065    -221   +500   
   3   128.14   42856.59    9   3e-01   1250    -315   +500   
   4   129.02   42578.66    6   4e-01   1570    -179   +499   
   5   130.47   42388.71    7   3e-01   1693    -377   +500    8e-01    480    -0     +480    8e-01    480    -0     +480  
   6   131.99   42115.02    9   3e-01   1766    -426   +499    7e-01    827    -133   +480    8e-01    816    -144   +480  
   7   133.56   41907.08   10   3e-01   1844    -422   +500    7e-01   1085    -222   +480    8e-01   1048    -248   +480  
   8   135.27   41731.07   12   2e-01   1918    -424   +498    6e-01   1261    -304   +480    7e-01   1180    -348   +480  
   9   137.10   41604.71   13   2e-01   2050    -366   +498    6e-01   1444    -297   +480    7e-01   1358    -302   +480  
  10   139.08   41485.29   16   2e-01   2184    -364   +498    5e-01   1597    -327   +480    6e-01   1480    -358   +480  
  11   141.11   41393.17   16   2e-01   2298    -380   +494    4e-01   1779    -298   +480    5e-01   1623    -336   +479  
  12   143.35   41305.80   15   2e-01   2484    -304   +490    5e-01   1995    -264   +480    6e-01   1823    -280   +480  
  13   145.67   41236.37   19   1e-01   2578    -404   +498    4e-01   2047    -427   +479    5e-01   1884    -419   +480  
  14   148.06   41176.69   18   2e-01   2763    -297   +482    5e-01   2247    -280   +480    5e-01   2033    -330   +479  
  15   150.63   41125.42   21   1e-01   2901    -352   +490    4e-01   2385    -342   +480    5e-01   2179    -334   +480  
  16   153.35   41088.80   27   1e-01   3052    -327   +478    3e-01   2532    -333   +480    5e-01   2329    -329   +479  
  17   156.10   41055.16   27   1e-01   3126    -328   +402    3e-01   2709    -303   +480    5e-01   2473    -335   +479  
  18   158.80   41019.05   21   1e-01   3246    -315   +435    3e-01   2872    -317   +480    6e-01   2627    -324   +478  
  19   159.09   41014.38   21   1e-01   3246    -0     +0      3e-01   2872    -0     +0      6e-01   2627    -0     +0    
==========================================================================================================================
Prune!
==========================================================================================================================
Depth = 3, Bound = 41014.38, Best = 41014

Branching on x[206] = 0.50
Fixing x[206] = 0

**************************************************************************************************************************
                                               Node 14
**************************************************************************************************************************
Problem size 248
Fixed variables: (x[43],0) (x[187],1) (x[206],0)
==========================================================================================================================
starting bound     cut  triangles added  violation
      44261.94   41014              500       0.49
==========================================================================================================================
iter     time      bound  bdl   viol3  triag  purged   added   viol5  penta  purged   added   viol7  hepta  purged   added
==========================================================================================================================
   1   159.69   43660.62    5   4e-01    807    -187   +494   
   2   160.34   43160.56    6   4e-01   1086    -221   +500   
   3   161.13   42832.01    6   4e-01   1310    -276   +500   
   4   162.01   42573.93    7   3e-01   1502    -308   +500   
   5   162.97   42375.86    8   3e-01   1697    -304   +499   
   6   164.51   42210.22    8   3e-01   1915    -276   +494    8e-01    480    -0     +480    8e-01    480    -0     +480  
   7   166.16   41956.39    9   3e-01   2036    -379   +500    7e-01    811    -149   +480    8e-01    804    -156   +480  
   8   167.83   41821.05   11   3e-01   2196    -336   +496    6e-01   1072    -219   +480    7e-01   1027    -257   +480  
   9   169.63   41683.22   14   2e-01   2244    -447   +495    7e-01   1263    -289   +480    6e-01   1197    -310   +480  
  10   171.61   41534.95   13   2e-01   2412    -324   +492    6e-01   1494    -249   +480    6e-01   1431    -246   +480  
  11   173.68   41442.38   17   2e-01   2466    -440   +494    5e-01   1660    -314   +480    6e-01   1530    -381   +480  
  12   175.88   41353.24   21   2e-01   2564    -396   +494    5e-01   1800    -340   +480    6e-01   1653    -357   +480  
  13   178.20   41284.64   18   1e-01   2699    -356   +491    4e-01   1963    -317   +480    4e-01   1789    -342   +478  
  14   180.53   41207.21   19   1e-01   2897    -292   +490    4e-01   2199    -244   +480    5e-01   1987    -282   +480  
  15   183.10   41153.50   22   1e-01   3013    -362   +478    4e-01   2360    -319   +480    5e-01   2158    -309   +480  
  16   185.81   41106.35   24   1e-01   3030    -329   +346    5e-01   2509    -330   +479    4e-01   2271    -366   +479  
  17   188.55   41066.09   27   1e-01   3187    -224   +381    3e-01   2697    -292   +480    4e-01   2488    -262   +479  
  18   191.33   41041.36   23   1e-01   3395    -273   +481    4e-01   2866    -310   +479    5e-01   2681    -287   +480  
  19   193.21   41013.18   25   1e-01   3395    -0     +0      4e-01   2866    -0     +0      5e-01   2681    -0     +0    
==========================================================================================================================
Prune!
==========================================================================================================================
Depth = 3, Bound = 41013.18, Best = 41014

Fixing x[206] = 1

**************************************************************************************************************************
                                               Node 15
**************************************************************************************************************************
Problem size 248
Fixed variables: (x[43],0) (x[187],1) (x[206],1)
==========================================================================================================================
starting bound     cut  triangles added  violation
      44288.33   41014              500       0.49
==========================================================================================================================
iter     time      bound  bdl   viol3  triag  purged   added   viol5  penta  purged   added   viol7  hepta  purged   added
==========================================================================================================================
   1   193.82   43607.76    5   4e-01    848    -151   +499   
   2   194.45   43067.47    5   4e-01   1156    -191   +499   
   3   195.23   42797.29    6   4e-01   1356    -300   +500   
   4   196.12   42561.90    8   3e-01   1494    -362   +500   
   5   197.07   42339.31    9   3e-01   1745    -248   +499   
   6   198.64   42165.24   10   3e-01   1864    -380   +499    7e-01    480    -0     +480    8e-01    480    -0     +480  
   7   200.28   41939.27   11   3e-01   1992    -372   +500    7e-01    821    -139   +480    8e-01    823    -137   +480  
   8   202.05   41759.09   10   3e-01   2141    -349   +498    7e-01   1125    -176   +480    7e-01   1074    -229   +480  
   9   203.88   41616.38   15   2e-01   2246    -391   +496    6e-01   1330    -275   +480    6e-01   1215    -339   +480  
  10   205.84   41487.03   14   2e-01   2372    -371   +497    5e-01   1512    -298   +480    6e-01   1406    -289   +480  
  11   207.88   41348.58   16   2e-01   2489    -380   +497    5e-01   1700    -292   +480    5e-01   1541    -345   +480  
  12   210.07   41259.69   18   2e-01   2625    -361   +497    5e-01   1912    -268   +480    6e-01   1709    -312   +480  
  13   212.41   41191.67   18   1e-01   2699    -414   +488    5e-01   2079    -313   +480    5e-01   1856    -333   +480  
  14   214.80   41124.88   19   2e-01   2840    -346   +487    4e-01   2229    -330   +480    6e-01   1993    -343   +480  
  15   217.35   41060.98   25   1e-01   3023    -302   +485    4e-01   2436    -273   +480    5e-01   2106    -367   +480  
  16   219.10   41012.37   24   1e-01   3023    -0     +0      4e-01   2436    -0     +0      5e-01   2106    -0     +0    
==========================================================================================================================
Prune!
==========================================================================================================================
Depth = 3, Bound = 41012.37, Best = 41014

Branching on x[144] = 0.51
Fixing x[144] = 0

**************************************************************************************************************************
                                               Node 16
**************************************************************************************************************************
Problem size 247
Fixed variables: (x[43],0) (x[83],1) (x[144],0) (x[187],0)
==========================================================================================================================
starting bound     cut  triangles added  violation
      44224.86   41014              500       0.50
==========================================================================================================================
iter     time      bound  bdl   viol3  triag  purged   added   viol5  penta  purged   added   viol7  hepta  purged   added
==========================================================================================================================
   1   219.72   43657.80    4   4e-01    771    -227   +498   
   2   220.38   43237.87    7   4e-01   1090    -181   +500   
   3   221.13   42881.34    6   4e-01   1280    -310   +500   
   4   222.02   42572.67    8   3e-01   1514    -265   +499   
   5   223.00   42357.78    7   3e-01   1701    -312   +499   
   6   224.61   42213.76    9   3e-01   1863    -335   +497    7e-01    480    -0     +480    8e-01    480    -0     +480  
   7   226.20   42022.35   10   3e-01   1983    -380   +500    7e-01    848    -112   +480    8e-01    857    -103   +480  
   8   227.97   41841.44   10   2e-01   2007    -474   +498    6e-01   1089    -239   +480    7e-01   1096    -241   +480  
   9   229.86   41680.55   11   2e-01   2196    -307   +496    6e-01   1338    -231   +480    6e-01   1314    -262   +480  
  10   231.81   41564.80   12   2e-01   2371    -320   +495    6e-01   1565    -253   +480    7e-01   1456    -338   +480  
  11   233.90   41486.30   16   2e-01   2439    -421   +489    5e-01   1705    -340   +480    6e-01   1571    -365   +480  
  12   236.13   41391.80   18   2e-01   2537    -394   +492    4e-01   1846    -339   +480    5e-01   1692    -359   +480  
  13   238.50   41318.93   19   2e-01   2703    -329   +495    4e-01   2077    -248   +479    5e-01   1878    -294   +480  
  14   240.96   41254.82   20   1e-01   2814    -364   +475    4e-01   2232    -325   +480    5e-01   1999    -359   +480  
  15   243.57   41189.75   21   2e-01   2951    -341   +478    4e-01   2362    -350   +480    6e-01   2107    -372   +480  
  16   246.33   41140.11   19   1e-01   3034    -390   +473    4e-01   2520    -322   +480    5e-01   2322    -265   +480  
  17   249.13   41097.55   24   1e-01   2910    -380   +256    3e-01   2688    -312   +480    5e-01   2454    -345   +477  
  18   251.94   41066.94   29   9e-02   2828    -224   +142    3e-01   2913    -253   +478    4e-01   2676    -258   +480  
  19   254.71   41042.80   34   1e-01   2801    -155   +128    4e-01   3069    -322   +478    4e-01   2878    -275   +477  
  20   257.56   41023.93   27   1e-01   2793    -114   +106    3e-01   3320    -228   +479    4e-01   3055    -302   +479  
  21   258.36   41010.88   31   1e-01   2793    -0     +0      3e-01   3320    -0     +0      4e-01   3055    -0     +0    
==========================================================================================================================
Prune!
==========================================================================================================================
Depth = 4, Bound = 41010.88, Best = 41014

Fixing x[144] = 1

**************************************************************************************************************************
                                               Node 17
**************************************************************************************************************************
Problem size 247
Fixed variables: (x[43],0) (x[83],1) (x[144],1) (x[187],0)
==========================================================================================================================
starting bound     cut  triangles added  violation
      44245.99   41014              500       0.49
==========================================================================================================================
iter     time      bound  bdl   viol3  triag  purged   added   viol5  penta  purged   added   viol7  hepta  purged   added
==========================================================================================================================
   1   259.01   43632.90    4   5e-01    791    -209   +500   
   2   259.64   43185.20    6   4e-01   1078    -213   +500   
   3   260.43   42857.57    5   4e-01   1295    -283   +500   
   4   261.30   42629.07    7   3e-01   1472    -322   +499   
   5   262.83   42407.00    8   3e-01   1728    -242   +498    8e-01    480    -0     +480    8e-01    480    -0     +480  
   6   264.39   42163.16    8   3e-01   1890    -336   +498    7e-01    824    -136   +480    8e-01    822    -138   +480  
   7   266.04   41996.02   10   3e-01   1943    -446   +499    7e-01   1089    -215   +480    7e-01   1028    -274   +480  
   8   267.78   41830.38   14   2e-01   2076    -366   +499    6e-01   1306    -263   +480    7e-01   1232    -276   +480  
   9   269.68   41699.41   11   2e-01   2171    -405   +500    6e-01   1475    -311   +480    7e-01   1365    -347   +480  
  10   271.64   41599.66   16   2e-01   2304    -358   +491    5e-01   1689    -266   +480    7e-01   1563    -282   +480  
  11   273.75   41482.98   18   2e-01   2441    -357   +494    5e-01   1862    -307   +480    6e-01   1755    -288   +480  
  12   276.02   41393.38   16   2e-01   2554    -383   +496    6e-01   1990    -352   +480    5e-01   1851    -384   +480  
  13   278.45   41332.17   18   2e-01   2655    -393   +494    4e-01   2113    -357   +480    5e-01   1969    -362   +480  
  14   280.97   41285.41   23   1e-01   2805    -333   +483    4e-01   2313    -280   +480    5e-01   2103    -345   +479  
  15   283.62   41228.46   26   1e-01   2967    -316   +478    4e-01   2490    -302   +479    5e-01   2274    -308   +479  
  16   286.38   41186.87   20   1e-01   3144    -293   +470    4e-01   2670    -300   +480    4e-01   2476    -277   +479  
  17   289.11   41154.81   26   1e-01   2989    -345   +190    5e-01   2844    -304   +478    5e-01   2665    -289   +478  
  18   291.90   41125.54   24   9e-02   2990    -150   +151    3e-01   3036    -286   +478    4e-01   2904    -239   +478  
  19   294.65   41101.86   26   1e-01   3019    -161   +190    3e-01   3244    -271   +479    4e-01   3111    -273   +480  
  20   297.47   41075.42   28   8e-02   2908    -142   +31     3e-01   3383    -334   +473    4e-01   3254    -334   +477  
  21   300.32   41057.73   32   8e-02   2858    -72    +22     3e-01   3599    -251   +467    4e-01   3436    -287   +469  
  22   303.22   41043.31   35   8e-02   2821    -67    +30     3e-01   3839    -223   +463    3e-01   3684    -213   +461  
  23   306.18   41032.20   30   6e-02   2780    -55    +14     2e-01   4055    -245   +461    4e-01   3916    -236   +468  
  24   309.13   41022.51   28   8e-02   2756    -47    +23     2e-01   4270    -247   +462    4e-01   4115    -263   +462  
  25   310.52   41010.89   30   8e-02   2756    -0     +0      2e-01   4270    -0     +0      4e-01   4115    -0     +0    
==========================================================================================================================
Prune!
==========================================================================================================================
Depth = 4, Bound = 41010.89, Best = 41014

Branching on x[246] = 0.50
Fixing x[246] = 0

**************************************************************************************************************************
                                               Node 18
**************************************************************************************************************************
Problem size 247
Fixed variables: (x[43],1) (x[59],0) (x[108],0) (x[246],0)
==========================================================================================================================
starting bound     cut  triangles added  violation
      44218.38   41014              500       0.49
==========================================================================================================================
iter     time      bound  bdl   viol3  triag  purged   added   viol5  penta  purged   added   viol7  hepta  purged   added
==========================================================================================================================
   1   311.14   43642.46    4   4e-01    767    -230   +497   
   2   311.79   43257.77    8   4e-01   1095    -167   +495   
   3   312.55   42875.39    5   4e-01   1446    -149   +500   
   4   313.45   42656.31    7   3e-01   1564    -382   +500   
   5   314.43   42416.38    8   3e-01   1732    -332   +500   
   6   316.01   42242.55   10   3e-01   1937    -294   +499    7e-01    480    -0     +480    8e-01    480    -0     +480  
   7   317.12   42028.95   10   3e-01   2085    -350   +498   
   8   318.91   41932.27   11   2e-01   2226    -357   +498    6e-01    833    -127   +480    7e-01    805    -155   +480  
   9   320.74   41742.74   11   3e-01   2349    -375   +498    7e-01   1142    -171   +480    7e-01   1089    -196   +480  
  10   322.65   41628.69   16   2e-01   2375    -472   +498    5e-01   1313    -309   +480    6e-01   1252    -317   +480  
  11   324.76   41516.47   15   2e-01   2486    -382   +493    6e-01   1574    -219   +480    6e-01   1498    -234   +480  
  12   327.02   41433.72   17   2e-01   2655    -323   +492    5e-01   1788    -266   +480    6e-01   1685    -293   +480  
  13   329.34   41354.33   17   1e-01   2783    -359   +487    4e-01   2000    -268   +480    6e-01   1923    -242   +480  
  14   331.79   41291.51   17   2e-01   2864    -395   +476    4e-01   2148    -332   +480    5e-01   2042    -361   +480  
  15   334.44   41247.96   24   1e-01   2992    -355   +483    4e-01   2311    -317   +480    5e-01   2189    -333   +480  
  16   337.17   41208.28   21   9e-02   2954    -352   +314    3e-01   2465    -325   +479    5e-01   2386    -282   +479  
  17   339.95   41181.55   24   1e-01   2946    -223   +215    3e-01   2705    -240   +480    5e-01   2598    -266   +478  
  18   342.74   41150.63   26   9e-02   2931    -191   +176    3e-01   2889    -296   +480    4e-01   2757    -321   +480  
  19   345.57   41130.68   29   9e-02   2831    -176   +76     3e-01   3060    -304   +475    5e-01   2949    -286   +478  
  20   348.42   41113.65   20   1e-01   3120    -109   +398    4e-01   3250    -290   +480    5e-01   3160    -269   +480  
  21   351.32   41098.06   24   8e-02   2925    -299   +104    4e-01   3372    -358   +480    5e-01   3280    -359   +479  
  22   354.20   41086.11   22   9e-02   2906    -129   +110    3e-01   3562    -289   +479    4e-01   3500    -259   +479  
  23   357.15   41075.20   23   8e-02   2884    -111   +89     4e-01   3715    -325   +478    5e-01   3628    -352   +480  
  24   359.39   41067.95   27   8e-02   2884    -0     +0      4e-01   3715    -0     +0      5e-01   3628    -0     +0    
==========================================================================================================================
BOUNDING STOPPED: Gap to big!
==========================================================================================================================
Depth = 4, Bound = 41067.95, Best = 41014

Fixing x[246] = 1

**************************************************************************************************************************
                                               Node 19
**************************************************************************************************************************
Problem size 247
Fixed variables: (x[43],1) (x[59],0) (x[108],0) (x[246],1)
==========================================================================================================================
starting bound     cut  triangles added  violation
      44211.29   41014              500       0.49
==========================================================================================================================
iter     time      bound  bdl   viol3  triag  purged   added   viol5  penta  purged   added   viol7  hepta  purged   added
==========================================================================================================================
   1   360.01   43766.43    5   4e-01    814    -177   +491   
   2   360.67   43218.48    5   4e-01   1058    -255   +499   
   3   361.39   42899.73    6   4e-01   1244    -314   +500   
   4   362.25   42649.89    7   4e-01   1409    -335   +500   
   5   363.24   42419.99    8   3e-01   1567    -342   +500   
   6   364.31   42241.97    9   3e-01   1853    -212   +498   
   7   366.01   42077.79   10   3e-01   2074    -277   +498    7e-01    480    -0     +480    8e-01    480    -0     +480  
   8   367.75   41885.39   10   3e-01   2198    -376   +500    7e-01    796    -164   +480    7e-01    850    -110   +480  
   9   369.58   41726.49   12   3e-01   2266    -431   +499    6e-01   1065    -211   +480    7e-01   1071    -259   +480  
  10   371.54   41583.87   14   2e-01   2359    -403   +496    5e-01   1280    -265   +480    6e-01   1248    -303   +480  
  11   373.62   41464.71   17   2e-01   2444    -412   +497    5e-01   1437    -323   +480    5e-01   1398    -330   +480  
  12   375.83   41363.81   16   2e-01   2616    -323   +495    6e-01   1707    -210   +480    6e-01   1640    -238   +480  
  13   378.16   41313.81   17   1e-01   2668    -440   +492    4e-01   1868    -319   +480    5e-01   1767    -353   +480  
  14   380.64   41249.62   19   1e-01   2838    -313   +483    4e-01   2098    -250   +480    5e-01   1978    -269   +480  
  15   383.26   41184.98   19   2e-01   2944    -378   +484    4e-01   2281    -297   +480    5e-01   2127    -331   +480  
  16   385.97   41143.38   25   1e-01   2978    -390   +424    3e-01   2418    -342   +479    5e-01   2281    -326   +480  
  17   388.78   41110.19   25   1e-01   3021    -274   +317    4e-01   2669    -229   +480    5e-01   2496    -265   +480  
  18   391.59   41083.89   27   1e-01   2920    -250   +149    3e-01   2861    -288   +480    5e-01   2661    -314   +479  
  19   394.46   41059.74   27   9e-02   2887    -130   +97     3e-01   3111    -228   +478    4e-01   2887    -252   +478  
  20   397.31   41039.79   33   9e-02   2815    -123   +51     3e-01   3312    -278   +479    5e-01   3085    -276   +474  
  21   400.23   41018.92   37   1e-01   2813    -85    +83     3e-01   3498    -292   +478    3e-01   3250    -313   +478  
  22   400.95   41009.38   29   1e-01   2813    -0     +0      3e-01   3498    -0     +0      3e-01   3250    -0     +0    
==========================================================================================================================
Prune!
==========================================================================================================================
Depth = 4, Bound = 41009.38, Best = 41014

Branching on x[237] = 0.51
Fixing x[237] = 0

**************************************************************************************************************************
                                               Node 20
**************************************************************************************************************************
Problem size 247
Fixed variables: (x[43],0) (x[83],0) (x[187],0) (x[237],0)
==========================================================================================================================
starting bound     cut  triangles added  violation
      44245.77   41014              500       0.49
==========================================================================================================================
iter     time      bound  bdl   viol3  triag  purged   added   viol5  penta  purged   added   viol7  hepta  purged   added
==========================================================================================================================
   1   401.58   43614.50    5   4e-01    810    -186   +496   
   2   402.21   43168.89    5   4e-01   1194    -115   +499   
   3   402.97   42900.10    5   4e-01   1391    -299   +496   
   4   403.86   42568.95    7   4e-01   1543    -348   +500   
   5   404.86   42379.51    8   3e-01   1696    -346   +499   
   6   406.45   42228.40    9   3e-01   1913    -283   +500    8e-01    480    -0     +480    8e-01    480    -0     +480  
   7   408.06   41998.56    9   3e-01   2006    -407   +500    6e-01    820    -140   +480    7e-01    816    -144   +480  
   8   409.79   41835.19   11   2e-01   2073    -433   +500    6e-01   1092    -208   +480    7e-01   1059    -237   +480  
   9   411.63   41687.56   12   2e-01   2186    -385   +498    6e-01   1363    -209   +480    6e-01   1264    -275   +480  
  10   413.61   41544.84   15   2e-01   2330    -353   +497    5e-01   1549    -294   +480    6e-01   1422    -322   +480  
  11   415.70   41448.47   16   2e-01   2426    -399   +495    5e-01   1696    -333   +480    6e-01   1544    -358   +480  
  12   417.94   41353.22   16   2e-01   2553    -368   +495    5e-01   1847    -329   +480    6e-01   1671    -353   +480  
  13   420.24   41286.50   19   2e-01   2704    -334   +485    4e-01   2029    -298   +480    5e-01   1858    -293   +480  
  14   422.71   41221.13   22   1e-01   2857    -343   +496    4e-01   2126    -383   +480    5e-01   1943    -395   +480  
  15   425.27   41168.55   26   1e-01   2938    -391   +472    3e-01   2308    -296   +478    6e-01   2101    -321   +479  
  16   428.01   41132.24   26   1e-01   3148    -271   +481    4e-01   2517    -271   +480    6e-01   2335    -246   +480  
  17   430.82   41089.91   24   1e-01   2983    -419   +254    3e-01   2637    -360   +480    5e-01   2434    -380   +479  
  18   433.61   41062.06   23   1e-01   3139    -212   +368    3e-01   2818    -298   +479    5e-01   2642    -272   +480  
  19   436.42   41033.53   29   9e-02   2895    -269   +25     3e-01   2936    -354   +472    4e-01   2719    -383   +460  
  20   437.86   41011.06   27   9e-02   2895    -0     +0      3e-01   2936    -0     +0      4e-01   2719    -0     +0    
==========================================================================================================================
Prune!
==========================================================================================================================
Depth = 4, Bound = 41011.06, Best = 41014

Fixing x[237] = 1

**************************************************************************************************************************
                                               Node 21
**************************************************************************************************************************
Problem size 247
Fixed variables: (x[43],0) (x[83],0) (x[187],0) (x[237],1)
==========================================================================================================================
starting bound     cut  triangles added  violation
      44229.44   41014              500       0.50
==========================================================================================================================
iter     time      bound  bdl   viol3  triag  purged   added   viol5  penta  purged   added   viol7  hepta  purged   added
==========================================================================================================================
   1   438.47   43627.70    4   4e-01    792    -208   +500   
   2   439.16   43196.78    6   4e-01   1101    -189   +498   
   3   439.93   42917.74    7   4e-01   1272    -328   +499   
   4   440.82   42664.77    7   4e-01   1472    -299   +499   
   5   441.78   42446.53    9   3e-01   1694    -273   +495   
   6   443.33   42198.93   10   3e-01   1935    -259   +500    7e-01    480    -0     +480    8e-01    480    -0     +480  
   7   444.90   41997.94   11   3e-01   1995    -439   +499    6e-01    809    -151   +480    8e-01    807    -153   +480  
   8   446.59   41829.89   11   2e-01   2112    -383   +500    6e-01   1122    -167   +480    7e-01   1086    -201   +480  
   9   448.41   41694.13   11   2e-01   2219    -389   +496    6e-01   1344    -258   +480    6e-01   1304    -262   +480  
  10   450.38   41541.94   12   3e-01   2267    -452   +500    5e-01   1477    -347   +480    6e-01   1385    -399   +480  
  11   452.50   41436.05   15   2e-01   2425    -337   +495    5e-01   1654    -303   +480    6e-01   1538    -327   +480  
  12   454.70   41338.11   18   2e-01   2560    -349   +484    4e-01   1828    -306   +480    5e-01   1737    -281   +480  
  13   457.05   41265.96   23   2e-01   2714    -327   +481    4e-01   1985    -323   +480    6e-01   1883    -334   +480  
  14   459.55   41210.04   20   1e-01   2841    -352   +479    5e-01   2154    -310   +479    5e-01   2010    -351   +478  
  15   462.12   41152.01   21   1e-01   3020    -299   +478    4e-01   2301    -333   +480    5e-01   2169    -321   +480  
  16   464.86   41106.81   22   1e-01   3149    -347   +476    3e-01   2464    -317   +480    4e-01   2319    -329   +479  
  17   467.62   41070.94   24   1e-01   3031    -353   +235    3e-01   2648    -295   +479    4e-01   2499    -299   +479  
  18   470.44   41041.03   30   1e-01   3066    -215   +250    3e-01   2833    -294   +479    4e-01   2689    -288   +478  
  19   471.98   41014.36   36   1e-01   3066    -0     +0      3e-01   2833    -0     +0      4e-01   2689    -0     +0    
==========================================================================================================================
Prune!
==========================================================================================================================
Depth = 4, Bound = 41014.36, Best = 41014

Branching on x[217] = 0.49
Fixing x[217] = 0

**************************************************************************************************************************
                                               Node 22
**************************************************************************************************************************
Problem size 246
Fixed variables: (x[43],1) (x[59],0) (x[108],0) (x[217],0) (x[246],0)
==========================================================================================================================
starting bound     cut  triangles added  violation
      44069.34   41014              500       0.49
==========================================================================================================================
iter     time      bound  bdl   viol3  triag  purged   added   viol5  penta  purged   added   viol7  hepta  purged   added
==========================================================================================================================
   1   472.59   43478.98    4   4e-01    812    -185   +497   
   2   473.21   43083.30    7   4e-01   1095    -217   +500   
   3   473.97   42765.66    5   4e-01   1357    -238   +500   
   4   474.83   42532.91    7   3e-01   1470    -387   +500   
   5   475.78   42362.52    5   3e-01   1696    -274   +500   
   6   476.85   42184.39    9   3e-01   1854    -341   +499   
   7   478.52   42029.27   10   3e-01   2064    -290   +500    7e-01    480    -0     +480    8e-01    480    -0     +480  
   8   480.22   41865.21   10   2e-01   2111    -453   +500    6e-01    815    -145   +480    7e-01    818    -142   +480  
   9   482.04   41718.14   12   2e-01   2241    -369   +499    6e-01   1085    -210   +480    7e-01   1070    -228   +480  
  10   483.94   41583.97   14   2e-01   2296    -444   +499    5e-01   1263    -302   +480    6e-01   1223    -327   +480  
  11   486.00   41491.35   16   2e-01   2382    -408   +494    5e-01   1468    -275   +480    6e-01   1425    -278   +480  
  12   488.17   41391.25   16   2e-01   2530    -348   +496    5e-01   1646    -302   +480    6e-01   1594    -311   +480  
  13   490.47   41315.64   16   2e-01   2656    -364   +490    5e-01   1861    -265   +480    6e-01   1765    -309   +480  
  14   492.88   41262.72   22   1e-01   2749    -398   +491    4e-01   1987    -354   +480    5e-01   1890    -355   +480  
  15   495.45   41213.88   21   2e-01   2854    -384   +489    4e-01   2182    -285   +480    4e-01   2083    -287   +480  
  16   498.15   41177.86   20   2e-01   3023    -308   +477    4e-01   2405    -257   +480    5e-01   2293    -270   +480  
  17   500.92   41131.24   22   9e-02   2990    -352   +319    4e-01   2599    -286   +480    6e-01   2457    -315   +479  
  18   503.70   41105.95   30   1e-01   2864    -253   +127    3e-01   2804    -274   +479    4e-01   2673    -263   +479  
  19   506.51   41089.18   27   1e-01   2806    -150   +92     3e-01   3064    -218   +478    4e-01   2924    -227   +478  
  20   509.34   41073.68   24   9e-02   2731    -136   +61     4e-01   3243    -301   +480    4e-01   3100    -303   +479  
  21   512.18   41058.46   25   9e-02   2754    -84    +107    3e-01   3425    -298   +480    3e-01   3275    -304   +479  
  22   515.04   41044.01   23   9e-02   2706    -105   +57     3e-01   3573    -332   +480    4e-01   3433    -322   +480  
  23   517.96   41039.13   22   9e-02   2670    -67    +31     3e-01   3741    -309   +477    5e-01   3617    -294   +478  
  24   520.93   41032.36   17   1e-01   2978    -47    +355    4e-01   3795    -426   +480    5e-01   3721    -376   +480  
  25   523.97   41025.74   23   8e-02   2690    -312   +24     3e-01   3853    -411   +469    4e-01   3823    -377   +479  
  26   526.15   41023.63   15   8e-02   2690    -0     +0      3e-01   3853    -0     +0      4e-01   3823    -0     +0    
==========================================================================================================================
BOUNDING STOPPED: Gap to big!
==========================================================================================================================
Depth = 5, Bound = 41023.63, Best = 41014

Fixing x[217] = 1

**************************************************************************************************************************
                                               Node 23
**************************************************************************************************************************
Problem size 246
Fixed variables: (x[43],1) (x[59],0) (x[108],0) (x[217],1) (x[246],0)
==========================================================================================================================
starting bound     cut  triangles added  violation
      44148.14   41014              500       0.50
==========================================================================================================================
iter     time      bound  bdl   viol3  triag  purged   added   viol5  penta  purged   added   viol7  hepta  purged   added
==========================================================================================================================
   1   526.77   43616.41    4   4e-01    782    -217   +499   
   2   527.41   43137.81    4   4e-01   1022    -260   +500   
   3   528.13   42890.61    6   4e-01   1285    -236   +499   
   4   528.96   42617.39    8   4e-01   1453    -332   +500   
   5   529.90   42422.57    8   3e-01   1651    -301   +499   
   6   530.96   42230.83    9   3e-01   1885    -266   +500   
   7   532.62   42087.28   10   3e-01   2044    -340   +499    7e-01    480    -0     +480    8e-01    480    -0     +480  
   8   534.28   41897.69   10   3e-01   2091    -453   +500    7e-01    793    -167   +480    8e-01    815    -145   +480  
   9   536.04   41731.38   12   2e-01   2171    -420   +500    6e-01   1055    -218   +480    7e-01   1090    -205   +480  
  10   537.93   41584.31   12   3e-01   2333    -336   +498    6e-01   1311    -224   +480    6e-01   1299    -271   +480  
  11   539.98   41484.78   13   2e-01   2405    -423   +495    6e-01   1479    -312   +480    6e-01   1475    -304   +480  
  12   542.18   41410.25   18   2e-01   2472    -430   +497    4e-01   1671    -288   +480    5e-01   1583    -372   +480  
  13   544.48   41324.04   18   2e-01   2671    -286   +485    5e-01   1899    -252   +480    6e-01   1779    -284   +480  
  14   546.90   41253.67   19   2e-01   2847    -318   +494    4e-01   2080    -299   +480    5e-01   1980    -279   +480  
  15   549.45   41203.67   19   1e-01   2810    -421   +384    4e-01   2206    -354   +480    4e-01   2106    -354   +480  
  16   552.12   41164.86   23   1e-01   2917    -243   +350    3e-01   2437    -249   +480    4e-01   2324    -261   +479  
  17   554.88   41139.14   24   1e-01   3137    -263   +483    3e-01   2607    -310   +480    5e-01   2471    -333   +480  
  18   557.71   41099.09   25   1e-01   2969    -394   +226    3e-01   2705    -382   +480    5e-01   2606    -345   +480  
  19   560.50   41086.90   21   8e-02   2831    -204   +66     3e-01   2922    -263   +480    5e-01   2844    -240   +478  
  20   563.32   41064.74   21   1e-01   2745    -126   +40     4e-01   3131    -262   +471    4e-01   3029    -290   +475  
  21   566.18   41050.30   25   1e-01   2787    -87    +129    4e-01   3347    -263   +479    4e-01   3270    -235   +476  
  22   569.13   41038.44   25   8e-02   2694    -112   +19     2e-01   3554    -263   +470    5e-01   3467    -278   +475  
  23   572.12   41033.09   22   9e-02   2677    -57    +40     3e-01   3746    -286   +478    5e-01   3697    -248   +478  
  24   575.13   41023.72   27   6e-02   2628    -55    +6      3e-01   3859    -345   +458    4e-01   3849    -306   +458  
  25   578.16   41019.93   21   8e-02   2631    -30    +33     3e-01   4059    -279   +479    4e-01   4048    -281   +480  
  26   579.89   41013.06   22   8e-02   2631    -0     +0      3e-01   4059    -0     +0      4e-01   4048    -0     +0    
==========================================================================================================================
Prune!
==========================================================================================================================
Depth = 5, Bound = 41013.06, Best = 41014

Branching on x[81] = 0.54
Fixing x[81] = 0

**************************************************************************************************************************
                                               Node 24
**************************************************************************************************************************
Problem size 245
Fixed variables: (x[43],1) (x[59],0) (x[81],0) (x[108],0) (x[217],0) (x[246],0)
==========================================================================================================================
starting bound     cut  triangles added  violation
      44033.16   41014              500       0.49
==========================================================================================================================
iter     time      bound  bdl   viol3  triag  purged   added   viol5  penta  purged   added   viol7  hepta  purged   added
==========================================================================================================================
   1   580.51   43456.18    5   4e-01    792    -206   +498   
   2   581.13   43041.20    7   4e-01   1062    -228   +498   
   3   581.85   42744.23    6   4e-01   1279    -281   +498   
   4   582.74   42482.22    6   4e-01   1499    -280   +500   
   5   583.74   42316.69   10   4e-01   1628    -370   +499   
   6   585.34   42142.92    9   3e-01   1747    -381   +500    8e-01    480    -0     +480    8e-01    480    -0     +480  
   7   586.96   41949.24   10   3e-01   1830    -416   +499    7e-01    809    -151   +480    7e-01    839    -121   +480  
   8   588.65   41767.24   11   3e-01   1925    -405   +500    6e-01   1059    -230   +480    7e-01   1068    -251   +480  
   9   590.52   41635.88   12   2e-01   2048    -373   +496    6e-01   1283    -256   +480    6e-01   1246    -302   +480  
  10   592.50   41518.27   12   2e-01   2188    -358   +498    6e-01   1508    -255   +480    7e-01   1470    -256   +480  
  11   594.54   41414.88   17   2e-01   2276    -406   +494    5e-01   1656    -332   +480    7e-01   1596    -354   +480  
  12   596.78   41334.69   19   2e-01   2338    -436   +498    4e-01   1785    -351   +480    6e-01   1672    -404   +480  
  13   599.10   41270.05   19   2e-01   2565    -270   +497    5e-01   2027    -238   +480    6e-01   1873    -279   +480  
  14   601.60   41204.66   21   1e-01   2654    -405   +494    4e-01   2112    -395   +480    5e-01   1958    -395   +480  
  15   604.19   41156.35   21   1e-01   2824    -314   +484    4e-01   2333    -259   +480    5e-01   2178    -260   +480  
  16   606.94   41122.03   20   1e-01   2970    -337   +483    4e-01   2500    -313   +480    5e-01   2322    -336   +480  
  17   609.76   41089.32   22   9e-02   2873    -379   +282    3e-01   2601    -379   +480    4e-01   2436    -366   +480  
  18   612.54   41074.04   23   1e-01   2850    -250   +227    4e-01   2807    -274   +480    4e-01   2644    -271   +479  
  19   615.37   41051.98   22   9e-02   2706    -218   +74     3e-01   2954    -332   +479    4e-01   2781    -343   +480  
  20   618.17   41044.24   20   9e-02   2735    -90    +119    3e-01   3161    -273   +480    4e-01   2988    -273   +480  
  21   620.97   41031.96   18   1e-01   3100    -127   +492    4e-01   3292    -349   +480    5e-01   3169    -299   +480  
  22   623.95   41024.14   17   7e-02   2682    -451   +33     4e-01   3341    -424   +473    4e-01   3268    -379   +478  
  23   626.85   41017.46   15   1e-01   2911    -92    +321    5e-01   3538    -283   +480    5e-01   3450    -298   +480  
  24   627.38   41014.91   17   1e-01   2911    -0     +0      5e-01   3538    -0     +0      5e-01   3450    -0     +0    
==========================================================================================================================
Prune!
==========================================================================================================================
Depth = 6, Bound = 41014.91, Best = 41014

Fixing x[81] = 1

**************************************************************************************************************************
                                               Node 25
**************************************************************************************************************************
Problem size 245
Fixed variables: (x[43],1) (x[59],0) (x[81],1) (x[108],0) (x[217],0) (x[246],0)
==========================================================================================================================
starting bound     cut  triangles added  violation
      43970.41   41014              500       0.49
==========================================================================================================================
iter     time      bound  bdl   viol3  triag  purged   added   viol5  penta  purged   added   viol7  hepta  purged   added
==========================================================================================================================
   1   627.97   43334.12    4   5e-01    769    -230   +499   
   2   628.59   43013.94    6   4e-01   1100    -165   +496   
   3   629.32   42662.29    7   4e-01   1370    -230   +500   
   4   630.19   42423.64    8   3e-01   1528    -342   +500   
   5   631.65   42230.09    7   3e-01   1732    -293   +497    8e-01    480    -0     +480    8e-01    480    -0     +480  
   6   632.68   41997.98    9   3e-01   1899    -333   +500   
   7   634.28   41876.28   10   3e-01   2082    -316   +499    7e-01    825    -135   +480    7e-01    820    -140   +480  
   8   635.95   41704.26   12   3e-01   2160    -421   +499    6e-01   1111    -194   +480    7e-01   1063    -237   +480  
   9   637.76   41577.63   13   2e-01   2237    -421   +498    6e-01   1331    -260   +480    7e-01   1273    -270   +480  
  10   639.71   41452.92   14   2e-01   2372    -362   +497    6e-01   1526    -285   +480    7e-01   1452    -301   +480  
  11   641.77   41376.71   17   2e-01   2488    -373   +489    4e-01   1672    -334   +480    5e-01   1579    -353   +480  
  12   644.02   41293.56   16   2e-01   2638    -337   +487    6e-01   1843    -309   +480    6e-01   1728    -331   +480  
  13   646.36   41217.90   17   2e-01   2730    -392   +484    4e-01   1954    -369   +480    6e-01   1878    -330   +480  
  14   648.84   41171.87   20   1e-01   2854    -367   +491    4e-01   2134    -300   +480    5e-01   2055    -303   +480  
  15   651.41   41133.55   21   1e-01   2933    -402   +481    4e-01   2289    -325   +480    6e-01   2224    -311   +480  
  16   654.14   41104.69   22   1e-01   2914    -397   +378    3e-01   2420    -349   +480    5e-01   2403    -301   +480  
  17   656.90   41077.54   21   1e-01   3130    -272   +488    4e-01   2611    -289   +480    5e-01   2569    -314   +480  
  18   659.74   41052.95   17   1e-01   3171    -432   +473    4e-01   2748    -343   +480    5e-01   2722    -327   +480  
  19   662.59   41041.43   21   8e-02   2834    -378   +41     3e-01   2874    -352   +478    3e-01   2855    -346   +479  
  20   665.45   41032.83   19   6e-02   2718    -129   +13     3e-01   3121    -228   +475    3e-01   3063    -270   +478  
  21   668.36   41027.12   17   9e-02   2713    -62    +57     3e-01   3273    -327   +479    4e-01   3228    -315   +480  
  22   671.42   41020.48   17   8e-02   2678    -68    +33     2e-01   3376    -375   +478    3e-01   3350    -358   +480  
  23   674.49   41018.03   15   1e-01   2939    -57    +318    3e-01   3493    -362   +479    4e-01   3509    -321   +480  
  24   677.70   41015.59    7   1e-01   3124    -310   +495    4e-01   3544    -429   +480    5e-01   3577    -412   +480  
  25   678.06   41014.71    7   1e-01   3124    -0     +0      4e-01   3544    -0     +0      5e-01   3577    -0     +0    
==========================================================================================================================
Prune!
==========================================================================================================================
Depth = 6, Bound = 41014.71, Best = 41014


Nodes = 25
Root node bound = 41257.561
Maximum value = 41014
Solution = ( 1 3 6 10 11 13 18 22 23 25 26 28 29 30 33 34 36 37 40 44 50 53 63 64 65 67 69 70 71 72 73 75 80 82 84 85 87 93 95 96 99 100 101 102 103 104 108 110 119 120 122 124 126 127 128 130 132 133 137 140 143 144 145 150 155 157 158 161 165 167 179 180 182 185 186 189 190 191 192 196 197 198 203 204 207 210 211 212 214 217 221 225 242 246 )
CPU time = 678.06 s

