Input file: ./Instances/biq2mc/beasley/bqp250-7.sparse.mc

Graph has 251 vertices and 3337 edges.

BiqBin parameters:
    init_bundle_iter = 5
     max_bundle_iter = 20
      min_outer_iter = 10
      max_outer_iter = 30
       violated_Ineq = 0.050000
             TriIneq = 500
         Pent_Trials = 160
        Hepta_Trials = 120
        include_Pent = 1
       include_Hepta = 1
                root = 0
            use_diff = 1
          time_limit = 0
   branchingStrategy = 1
      detailedOutput = 1

**************************************************************************************************************************
                                               Node 1
**************************************************************************************************************************
Problem size 251
Fixed variables:
Node 1 Feasible solution 46757
==========================================================================================================================
starting bound     cut  triangles added  violation
      49709.76   46757              500       0.49
==========================================================================================================================
iter     time      bound  bdl   viol3  triag  purged   added   viol5  penta  purged   added   viol7  hepta  purged   added
==========================================================================================================================
   1     0.84   49110.23    4   4e-01    824    -168   +492   
   2     1.52   48690.08    6   4e-01   1091    -229   +496   
   3     2.34   48361.51    5   4e-01   1403    -186   +498   
   4     3.19   48102.01    8   3e-01   1546    -357   +500   
   5     4.15   47913.42    9   3e-01   1701    -345   +500   
   6     5.77   47783.10    8   3e-01   1881    -320   +500    8e-01    480    -0     +480    8e-01    480    -0     +480  
   7     7.50   47598.56    9   3e-01   1953    -428   +500    7e-01    772    -188   +480    8e-01    799    -161   +480  
   8     9.47   47412.61   11   3e-01   2000    -453   +500    7e-01   1037    -215   +480    8e-01   1069    -210   +480  
   9    11.39   47303.95   12   2e-01   2063    -434   +497    6e-01   1233    -284   +480    7e-01   1300    -249   +480  
  10    13.46   47190.43   13   2e-01   2249    -312   +498    6e-01   1467    -246   +480    7e-01   1492    -288   +480  
  11    15.75   47127.06   16   2e-01   2316    -428   +495    6e-01   1654    -293   +480    6e-01   1677    -295   +480  
  12    18.17   47045.98   17   2e-01   2437    -373   +494    5e-01   1822    -312   +480    6e-01   1871    -286   +480  
  13    20.69   46995.23   19   2e-01   2545    -383   +491    5e-01   1964    -338   +480    6e-01   2060    -291   +480  
  14    23.32   46951.80   18   1e-01   2709    -327   +491    4e-01   2161    -283   +480    6e-01   2241    -299   +480  
  15    26.15   46904.00   21   1e-01   2778    -420   +489    3e-01   2294    -347   +480    5e-01   2373    -347   +479  
  16    29.10   46872.60   20   1e-01   2893    -371   +486    4e-01   2464    -310   +480    5e-01   2574    -279   +480  
  17    32.13   46842.87   19   1e-01   2682    -390   +179    5e-01   2627    -317   +480    5e-01   2748    -305   +479  
  18    35.18   46829.52   24   9e-02   2529    -209   +56     3e-01   2870    -237   +480    5e-01   2977    -251   +480  
  19    38.35   46811.71   21   1e-01   2627    -119   +217    3e-01   3060    -290   +480    5e-01   3161    -296   +480  
  20    41.60   46804.92   22   8e-02   2519    -188   +80     3e-01   3162    -377   +479    4e-01   3344    -297   +480  
  21    44.80   46796.36   22   2e-01   2570    -124   +175    4e-01   3311    -331   +480    5e-01   3514    -310   +480  
  22    48.02   46786.65   17   2e-01   2805    -190   +425    5e-01   3393    -398   +480    6e-01   3643    -351   +480  
  23    51.31   46780.91   23   9e-02   2412    -399   +6      3e-01   3455    -415   +477    4e-01   3744    -379   +480  
  24    53.78   46778.27   24   9e-02   2412    -0     +0      3e-01   3455    -0     +0      4e-01   3744    -0     +0    
==========================================================================================================================
BOUNDING STOPPED: Gap to big!
==========================================================================================================================
Depth = 0, Bound = 46778.27, Best = 46757

Branching on x[31] = 0.50
Fixing x[31] = 0

**************************************************************************************************************************
                                               Node 2
**************************************************************************************************************************
Problem size 250
Fixed variables: (x[31],0)
==========================================================================================================================
starting bound     cut  triangles added  violation
      49599.41   46757              500       0.49
==========================================================================================================================
iter     time      bound  bdl   viol3  triag  purged   added   viol5  penta  purged   added   viol7  hepta  purged   added
==========================================================================================================================
   1    54.43   48990.85    5   4e-01    838    -160   +498   
   2    55.10   48589.65    5   4e-01   1094    -241   +497   
   3    55.83   48284.48    6   4e-01   1397    -194   +497   
   4    56.64   48030.84    6   4e-01   1462    -434   +499   
   5    57.58   47824.40    8   3e-01   1686    -276   +500   
   6    58.64   47672.59    8   3e-01   1855    -329   +498   
   7    60.39   47548.09   10   3e-01   2101    -253   +499    8e-01    480    -0     +480    9e-01    480    -0     +480  
   8    62.22   47382.35    8   3e-01   2159    -441   +499    7e-01    803    -157   +480    8e-01    812    -148   +480  
   9    64.21   47261.45   13   2e-01   2209    -450   +500    6e-01   1047    -236   +480    7e-01   1093    -199   +480  
  10    66.32   47126.39   12   2e-01   2322    -383   +496    6e-01   1321    -206   +480    7e-01   1396    -177   +480  
  11    68.54   47026.53   14   2e-01   2395    -423   +496    5e-01   1550    -251   +480    6e-01   1628    -248   +480  
  12    70.86   46981.33   15   1e-01   2477    -414   +496    4e-01   1750    -280   +480    5e-01   1800    -308   +480  
  13    73.33   46919.10   17   2e-01   2664    -306   +493    6e-01   1946    -284   +480    6e-01   2044    -236   +480  
  14    75.96   46876.05   18   1e-01   2713    -433   +482    5e-01   2054    -372   +480    5e-01   2171    -353   +480  
  15    78.82   46833.97   18   2e-01   2733    -474   +494    7e-01   2198    -336   +480    7e-01   2354    -297   +480  
  16    81.78   46814.90   17   1e-01   2578    -402   +247    5e-01   2365    -312   +479    6e-01   2548    -286   +480  
  17    84.78   46794.02   20   1e-01   2830    -235   +487    5e-01   2557    -288   +480    6e-01   2763    -265   +480  
  18    87.87   46781.01   15   1e-01   2885    -441   +496    4e-01   2709    -328   +480    5e-01   2923    -320   +480  
  19    91.12   46775.67   15   7e-02   2425    -483   +23     3e-01   2800    -389   +480    5e-01   3034    -369   +480  
  20    94.34   46769.27   11   1e-01   2380    -107   +62     4e-01   2966    -314   +480    5e-01   3224    -290   +480  
  21    97.59   46762.71   16   2e-01   2740    -93    +453    4e-01   3082    -364   +480    5e-01   3349    -355   +480  
  22   100.97   46760.47    9   2e-01   2788    -451   +499    5e-01   3136    -426   +480    6e-01   3425    -404   +480  
  23   104.45   46758.90   12   2e-01   2838    -445   +495    4e-01   3129    -487   +480    5e-01   3452    -453   +480  
  24   105.95   46757.95    6   2e-01   2838    -0     +0      4e-01   3129    -0     +0      5e-01   3452    -0     +0    
==========================================================================================================================
Prune!
==========================================================================================================================
Depth = 1, Bound = 46757.95, Best = 46757

Fixing x[31] = 1

**************************************************************************************************************************
                                               Node 3
**************************************************************************************************************************
Problem size 250
Fixed variables: (x[31],1)
==========================================================================================================================
starting bound     cut  triangles added  violation
      49687.07   46757              500       0.49
==========================================================================================================================
iter     time      bound  bdl   viol3  triag  purged   added   viol5  penta  purged   added   viol7  hepta  purged   added
==========================================================================================================================
   1   106.56   49081.62    5   4e-01    828    -171   +499   
   2   107.22   48725.06    5   4e-01   1123    -197   +492   
   3   107.97   48329.81    5   4e-01   1450    -173   +500   
   4   108.84   48113.17    6   4e-01   1621    -329   +500   
   5   110.35   47915.05    8   3e-01   1719    -402   +500    8e-01    480    -0     +480    8e-01    480    -0     +480  
   6   111.93   47688.86   10   3e-01   1825    -394   +500    8e-01    835    -125   +480    8e-01    845    -115   +480  
   7   113.69   47486.79   11   3e-01   1851    -474   +500    7e-01   1086    -229   +480    8e-01   1118    -207   +480  
   8   115.51   47372.64   10   3e-01   1896    -452   +497    6e-01   1338    -228   +480    7e-01   1374    -224   +480  
   9   117.44   47255.69   13   2e-01   1968    -426   +498    7e-01   1546    -272   +480    7e-01   1556    -298   +480  
  10   119.53   47163.35   16   2e-01   2026    -441   +499    5e-01   1675    -351   +480    6e-01   1679    -357   +480  
  11   121.80   47074.86   17   2e-01   2186    -335   +495    5e-01   1919    -236   +480    6e-01   1861    -298   +480  
  12   124.18   47025.16   15   2e-01   2254    -428   +496    5e-01   2093    -306   +480    6e-01   2021    -320   +480  
  13   126.69   46975.47   15   1e-01   2266    -482   +494    4e-01   2158    -415   +480    6e-01   2073    -428   +480  
  14   129.33   46919.36   18   2e-01   2544    -217   +495    5e-01   2404    -234   +480    6e-01   2333    -220   +480  
  15   132.14   46886.65   20   1e-01   2555    -474   +485    4e-01   2459    -425   +480    5e-01   2414    -399   +480  
  16   135.17   46855.53   20   1e-01   2664    -380   +489    4e-01   2617    -322   +480    5e-01   2620    -274   +480  
  17   138.22   46838.98   26   1e-01   2407    -466   +209    3e-01   2722    -375   +480    4e-01   2754    -346   +480  
  18   141.30   46820.14   28   9e-02   2262    -186   +41     3e-01   2903    -299   +480    4e-01   2940    -294   +480  
  19   144.47   46807.32   21   9e-02   2257    -90    +85     4e-01   3157    -226   +480    5e-01   3201    -219   +480  
  20   147.66   46792.44   20   1e-01   2438    -90    +271    3e-01   3380    -257   +480    5e-01   3410    -271   +480  
  21   150.81   46786.01   18   9e-02   2356    -220   +138    3e-01   3504    -356   +480    5e-01   3598    -292   +480  
  22   153.91   46777.35   19   1e-01   2364    -164   +172    3e-01   3600    -384   +480    6e-01   3733    -345   +480  
  23   157.08   46770.99   14   1e-01   2710    -153   +499    4e-01   3678    -402   +480    6e-01   3849    -364   +480  
  24   160.38   46767.21   24   7e-02   2250    -475   +15     3e-01   3711    -447   +480    4e-01   3934    -395   +480  
  25   163.61   46764.66   18   5e-02   2201    -50    +1      3e-01   3903    -285   +477    4e-01   4176    -237   +479  
  26   166.97   46761.26   20   1e-01   2194    -26    +19     3e-01   4070    -312   +479    4e-01   4320    -336   +480  
  27   170.29   46759.22   15   2e-01   2659    -35    +500    5e-01   4186    -364   +480    6e-01   4473    -327   +480  
  28   172.19   46757.78   15   2e-01   2659    -0     +0      5e-01   4186    -0     +0      6e-01   4473    -0     +0    
==========================================================================================================================
Prune!
==========================================================================================================================
Depth = 1, Bound = 46757.78, Best = 46757


Nodes = 3
Root node bound = 46778.267
Maximum value = 46757
Solution = ( 2 3 8 9 12 13 16 17 19 21 22 23 24 25 26 27 28 29 30 33 34 35 36 38 39 40 41 42 43 45 48 51 52 54 55 56 57 58 59 61 62 64 66 67 68 69 70 73 75 77 79 81 82 83 85 87 88 89 90 91 92 93 95 97 98 99 100 103 104 105 106 107 109 110 111 112 113 114 115 117 118 119 121 122 125 128 129 130 131 134 135 136 137 138 141 144 147 148 150 152 153 154 155 157 158 159 160 161 162 163 164 165 166 168 169 170 174 175 176 178 179 180 181 183 184 185 187 188 189 190 191 194 195 196 197 198 202 204 206 209 210 211 212 213 214 215 216 218 219 221 224 225 226 228 229 232 234 235 240 241 243 244 245 246 247 248 249 250 )
CPU time = 172.19 s

