Input file: ./Instances/biq2mc/beasley/bqp250-5.sparse.mc

Graph has 251 vertices and 3364 edges.

BiqBin parameters:
    init_bundle_iter = 5
     max_bundle_iter = 20
      min_outer_iter = 10
      max_outer_iter = 30
       violated_Ineq = 0.050000
             TriIneq = 500
         Pent_Trials = 160
        Hepta_Trials = 120
        include_Pent = 1
       include_Hepta = 1
                root = 0
            use_diff = 1
          time_limit = 0
   branchingStrategy = 1
      detailedOutput = 1

**************************************************************************************************************************
                                               Node 1
**************************************************************************************************************************
Problem size 251
Fixed variables:
Node 1 Feasible solution 47943
==========================================================================================================================
starting bound     cut  triangles added  violation
      50803.63   47943              500       0.50
==========================================================================================================================
iter     time      bound  bdl   viol3  triag  purged   added   viol5  penta  purged   added   viol7  hepta  purged   added
==========================================================================================================================
Node 1 Feasible solution 47961
   1     0.84   50273.75    4   5e-01    802    -197   +499   
   2     1.53   49939.18    7   4e-01    990    -310   +498   
   3     2.31   49616.92    5   4e-01   1235    -255   +500   
   4     3.13   49390.19    8   4e-01   1331    -403   +499   
   5     4.06   49167.86    7   3e-01   1537    -294   +500   
   6     5.06   49003.82    9   3e-01   1629    -406   +498   
   7     6.77   48859.14    8   3e-01   1807    -322   +500    7e-01    480    -0     +480    9e-01    480    -0     +480  
   8     8.63   48679.78    9   3e-01   1886    -421   +500    8e-01    799    -161   +480    8e-01    841    -119   +480  
   9    10.60   48529.42    9   2e-01   1991    -394   +499    7e-01   1054    -225   +480    8e-01   1137    -184   +480  
  10    12.76   48411.25   12   2e-01   2036    -455   +500    6e-01   1298    -236   +480    7e-01   1395    -222   +480  
  11    15.06   48335.82   17   3e-01   2084    -451   +499    5e-01   1433    -345   +480    6e-01   1550    -325   +480  
  12    17.37   48256.74   14   2e-01   2223    -358   +497    5e-01   1669    -244   +480    6e-01   1768    -262   +480  
  13    19.85   48194.43   17   2e-01   2297    -425   +499    5e-01   1814    -335   +480    7e-01   1962    -286   +480  
  14    22.58   48147.09   18   1e-01   2305    -489   +497    4e-01   1917    -377   +480    5e-01   2081    -361   +480  
  15    25.40   48117.33   18   2e-01   2520    -275   +490    5e-01   2156    -241   +480    6e-01   2323    -238   +480  
  16    28.38   48077.77   21   1e-01   2574    -443   +497    4e-01   2283    -353   +480    5e-01   2496    -307   +480  
  17    31.45   48050.10   19   1e-01   2613    -446   +485    4e-01   2381    -382   +480    5e-01   2611    -365   +480  
  18    34.52   48037.05   24   1e-01   2583    -406   +376    4e-01   2556    -305   +480    5e-01   2785    -306   +480  
  19    37.65   48020.18   23   1e-01   2540    -356   +313    4e-01   2642    -394   +480    5e-01   2928    -337   +480  
  20    40.83   48011.01   23   6e-02   2246    -307   +13     2e-01   2821    -301   +480    4e-01   3093    -315   +480  
  21    43.99   48000.95   18   1e-01   2624    -64    +442    4e-01   3107    -194   +480    5e-01   3363    -210   +480  
  22    47.31   47991.42   27   7e-02   2281    -359   +16     4e-01   3138    -449   +480    4e-01   3419    -424   +480  
  23    50.56   47984.19   22   1e-01   2304    -81    +104    3e-01   3360    -258   +480    4e-01   3653    -246   +480  
  24    53.86   47979.80   27   6e-02   2189    -127   +12     3e-01   3380    -459   +479    3e-01   3728    -405   +480  
  25    57.24   47976.59   21   9e-02   2157    -36    +4      3e-01   3570    -284   +474    3e-01   3943    -264   +479  
  26    60.57   47972.89   25   8e-02   2167    -21    +31     3e-01   3736    -314   +480    4e-01   4170    -253   +480  
  27    64.06   47970.07   17   5e-02   2132    -35    +0      2e-01   3933    -282   +479    3e-01   4396    -254   +480  
  28    66.61   47967.77   27   5e-02   2132    -0     +0      2e-01   3933    -0     +0      3e-01   4396    -0     +0    
==========================================================================================================================
BOUNDING STOPPED: Gap to big!
==========================================================================================================================
Depth = 0, Bound = 47967.77, Best = 47961

Branching on x[37] = 0.49
Fixing x[37] = 0

**************************************************************************************************************************
                                               Node 2
**************************************************************************************************************************
Problem size 250
Fixed variables: (x[37],0)
==========================================================================================================================
starting bound     cut  triangles added  violation
      50731.77   47961              500       0.50
==========================================================================================================================
iter     time      bound  bdl   viol3  triag  purged   added   viol5  penta  purged   added   viol7  hepta  purged   added
==========================================================================================================================
   1    67.25   50215.10    5   4e-01    858    -140   +498   
   2    67.91   49782.84    8   4e-01   1059    -297   +498   
   3    68.66   49457.45    5   4e-01   1286    -270   +497   
   4    69.50   49237.47    7   4e-01   1426    -360   +500   
   5    70.43   49078.18    9   3e-01   1513    -413   +500   
   6    72.05   48918.36    7   3e-01   1674    -338   +499    8e-01    480    -0     +480    9e-01    480    -0     +480  
   7    73.77   48697.57    9   3e-01   1796    -376   +498    8e-01    845    -115   +480    8e-01    875    -85    +480  
   8    75.00   48563.44   10   3e-01   1887    -409   +500   
   9    76.92   48472.29   13   2e-01   1988    -399   +500    7e-01   1132    -193   +480    7e-01   1185    -170   +480  
  10    79.05   48374.22   12   2e-01   2089    -399   +500    6e-01   1313    -299   +480    7e-01   1415    -250   +480  
  11    81.34   48271.20   17   2e-01   2182    -406   +499    6e-01   1530    -263   +480    6e-01   1642    -253   +480  
  12    83.69   48200.48   14   2e-01   2245    -427   +490    5e-01   1754    -256   +480    6e-01   1883    -239   +480  
  13    86.13   48140.49   17   1e-01   2330    -410   +495    6e-01   1898    -336   +480    7e-01   2049    -314   +480  
  14    88.77   48111.46   18   2e-01   2418    -409   +497    4e-01   2033    -345   +480    5e-01   2229    -300   +480  
  15    91.57   48065.30   17   1e-01   2560    -352   +494    5e-01   2256    -257   +480    6e-01   2462    -247   +480  
  16    94.58   48039.20   22   1e-01   2600    -448   +488    4e-01   2399    -337   +480    5e-01   2546    -396   +480  
  17    97.62   48019.53   25   1e-01   2611    -404   +415    4e-01   2549    -330   +480    5e-01   2765    -261   +480  
  18   100.68   48001.18   23   1e-01   2772    -330   +491    4e-01   2722    -307   +480    5e-01   2990    -255   +480  
  19   103.79   47989.61   20   8e-02   2386    -481   +95     3e-01   2829    -373   +480    5e-01   3150    -320   +480  
  20   106.88   47979.65   20   1e-01   2323    -161   +98     3e-01   2988    -321   +480    5e-01   3312    -318   +480  
  21   110.08   47972.65   23   8e-02   2247    -124   +48     3e-01   3140    -328   +480    5e-01   3482    -310   +480  
  22   113.37   47967.95   13   1e-01   2546    -66    +365    3e-01   3235    -385   +480    5e-01   3632    -330   +480  
  23   116.76   47965.80   17   6e-02   2209    -346   +9      2e-01   3225    -490   +480    3e-01   3719    -393   +480  
  24   120.08   47963.20   13   9e-02   2210    -49    +50     3e-01   3320    -385   +480    5e-01   3803    -396   +480  
  25   123.48   47962.14   10   7e-02   2174    -50    +14     3e-01   3367    -433   +480    4e-01   3876    -407   +480  
  26   124.07   47961.82   12   7e-02   2174    -0     +0      3e-01   3367    -0     +0      4e-01   3876    -0     +0    
==========================================================================================================================
Prune!
==========================================================================================================================
Depth = 1, Bound = 47961.82, Best = 47961

Fixing x[37] = 1

**************************************************************************************************************************
                                               Node 3
**************************************************************************************************************************
Problem size 250
Fixed variables: (x[37],1)
==========================================================================================================================
starting bound     cut  triangles added  violation
      50640.72   47961              500       0.50
==========================================================================================================================
iter     time      bound  bdl   viol3  triag  purged   added   viol5  penta  purged   added   viol7  hepta  purged   added
==========================================================================================================================
   1   124.74   50139.81    5   4e-01    812    -187   +499   
   2   125.40   49718.00    6   4e-01   1069    -242   +499   
   3   126.13   49431.41    7   4e-01   1270    -296   +497   
   4   126.95   49155.53    6   4e-01   1506    -264   +500   
   5   127.90   48987.30   10   4e-01   1586    -420   +500   
   6   129.53   48835.16    9   3e-01   1737    -349   +500    8e-01    480    -0     +480    9e-01    480    -0     +480  
   7   131.28   48630.86   10   3e-01   1821    -415   +499    7e-01    842    -118   +480    8e-01    872    -88    +480  
   8   133.16   48463.54    8   2e-01   1833    -488   +500    6e-01   1115    -207   +480    8e-01   1154    -198   +480  
   9   135.23   48349.41   12   3e-01   1852    -480   +499    7e-01   1331    -264   +480    8e-01   1398    -236   +480  
  10   137.42   48245.45   12   2e-01   1905    -445   +498    5e-01   1506    -305   +480    7e-01   1606    -272   +480  
  11   139.66   48197.71   19   2e-01   1942    -459   +496    5e-01   1678    -308   +480    6e-01   1829    -257   +480  
  12   142.06   48136.79   15   2e-01   2073    -369   +500    5e-01   1822    -336   +480    7e-01   1974    -335   +480  
  13   144.56   48094.12   17   2e-01   2142    -428   +497    5e-01   2030    -272   +480    6e-01   2168    -286   +480  
  14   147.28   48058.75   17   1e-01   2175    -466   +499    4e-01   2085    -425   +480    6e-01   2294    -354   +480  
  15   150.10   48036.40   18   1e-01   2351    -315   +491    4e-01   2275    -290   +480    5e-01   2539    -235   +480  
  16   153.05   48011.71   18   1e-01   2464    -381   +494    4e-01   2395    -360   +480    5e-01   2625    -394   +480  
  17   156.14   47993.13   13   1e-01   2501    -458   +495    5e-01   2552    -323   +480    6e-01   2801    -304   +480  
  18   159.24   47981.84   22   1e-01   2222    -456   +177    3e-01   2597    -435   +480    5e-01   2839    -442   +480  
  19   162.46   47973.60   17   1e-01   2116    -224   +118    3e-01   2759    -318   +480    4e-01   3025    -294   +480  
  20   165.73   47969.50   15   2e-01   2472    -143   +499    5e-01   2881    -358   +480    6e-01   3192    -313   +480  
  21   169.12   47965.56   16   7e-02   2000    -489   +17     2e-01   2955    -406   +480    3e-01   3299    -373   +480  
  22   170.72   47961.29   14   7e-02   2000    -0     +0      2e-01   2955    -0     +0      3e-01   3299    -0     +0    
==========================================================================================================================
Prune!
==========================================================================================================================
Depth = 1, Bound = 47961.29, Best = 47961


Nodes = 3
Root node bound = 47967.770
Maximum value = 47961
Solution = ( 1 4 8 9 10 12 22 29 31 32 37 39 43 45 51 59 62 63 68 70 72 78 79 81 87 89 91 94 95 97 101 102 104 105 107 108 110 111 114 118 121 123 125 131 132 133 134 135 139 141 142 148 151 162 165 173 176 180 182 184 187 199 204 205 207 208 210 211 212 213 214 219 220 221 222 225 226 227 228 232 234 238 240 245 250 )
CPU time = 170.72 s

