Input file: ./Instances/biq2mc/beasley/bqp250-9.sparse.mc

Graph has 251 vertices and 3395 edges.

BiqBin parameters:
    init_bundle_iter = 5
     max_bundle_iter = 20
      min_outer_iter = 10
      max_outer_iter = 30
       violated_Ineq = 0.050000
             TriIneq = 500
         Pent_Trials = 160
        Hepta_Trials = 120
        include_Pent = 1
       include_Hepta = 1
                root = 0
            use_diff = 1
          time_limit = 0
   branchingStrategy = 1
      detailedOutput = 1

**************************************************************************************************************************
                                               Node 1
**************************************************************************************************************************
Problem size 251
Fixed variables:
Node 1 Feasible solution 48916
==========================================================================================================================
starting bound     cut  triangles added  violation
      52330.23   48916              500       0.50
==========================================================================================================================
iter     time      bound  bdl   viol3  triag  purged   added   viol5  penta  purged   added   viol7  hepta  purged   added
==========================================================================================================================
   1     0.80   51687.29    4   4e-01    821    -175   +496   
   2     1.45   51081.55    5   4e-01   1075    -246   +500   
   3     2.24   50829.92    7   4e-01   1274    -301   +500   
   4     3.10   50514.89    7   4e-01   1473    -300   +499   
   5     4.05   50347.75    8   3e-01   1633    -340   +500   
   6     5.06   50164.48    9   3e-01   1767    -366   +500   
   7     6.73   50028.42    9   3e-01   1970    -297   +500    7e-01    480    -0     +480    8e-01    480    -0     +480  
   8     8.51   49855.82   11   3e-01   2015    -453   +498    7e-01    827    -133   +480    7e-01    850    -110   +480  
   9    10.50   49656.23   11   2e-01   2166    -347   +498    6e-01   1108    -199   +480    8e-01   1197    -133   +480  
  10    12.66   49548.31   15   2e-01   2257    -406   +497    6e-01   1360    -228   +480    7e-01   1456    -221   +480  
  11    14.87   49456.59   13   2e-01   2319    -438   +500    5e-01   1526    -314   +480    6e-01   1632    -304   +480  
  12    17.19   49376.91   15   2e-01   2500    -314   +495    5e-01   1706    -300   +480    6e-01   1845    -267   +480  
  13    19.64   49297.82   17   2e-01   2615    -377   +492    5e-01   1894    -292   +480    6e-01   2033    -292   +480  
  14    22.26   49244.69   20   2e-01   2703    -406   +494    4e-01   2055    -319   +480    5e-01   2191    -322   +480  
  15    25.00   49198.67   23   1e-01   2748    -443   +488    5e-01   2210    -325   +480    5e-01   2339    -332   +480  
  16    27.87   49156.71   24   1e-01   2878    -358   +488    4e-01   2386    -304   +480    5e-01   2528    -291   +480  
  17    30.78   49122.34   23   1e-01   2990    -370   +482    4e-01   2569    -297   +480    5e-01   2706    -302   +480  
  18    33.76   49095.75   28   1e-01   3085    -389   +484    4e-01   2725    -324   +480    5e-01   2864    -322   +480  
  19    36.78   49075.26   27   9e-02   2935    -393   +243    3e-01   2868    -337   +480    6e-01   3036    -308   +480  
  20    39.83   49054.14   28   1e-01   2902    -233   +200    4e-01   3072    -276   +480    5e-01   3237    -279   +480  
  21    42.89   49036.09   27   8e-02   2743    -208   +49     3e-01   3254    -298   +480    4e-01   3427    -290   +480  
  22    46.00   49021.01   22   9e-02   2800    -85    +142    3e-01   3510    -224   +480    5e-01   3688    -219   +480  
  23    48.37   49009.82   29   9e-02   2800    -0     +0      3e-01   3510    -0     +0      5e-01   3688    -0     +0    
==========================================================================================================================
BOUNDING STOPPED: Gap to big!
==========================================================================================================================
Depth = 0, Bound = 49009.82, Best = 48916

Branching on x[47] = 0.50
Fixing x[47] = 0

**************************************************************************************************************************
                                               Node 2
**************************************************************************************************************************
Problem size 250
Fixed variables: (x[47],0)
==========================================================================================================================
starting bound     cut  triangles added  violation
      52161.80   48916              500       0.50
==========================================================================================================================
iter     time      bound  bdl   viol3  triag  purged   added   viol5  penta  purged   added   viol7  hepta  purged   added
==========================================================================================================================
   1    48.99   51472.71    4   4e-01    843    -149   +492   
   2    49.65   50977.33    6   4e-01   1083    -257   +497   
   3    50.38   50607.44    6   4e-01   1282    -301   +500   
   4    51.19   50347.03    6   4e-01   1542    -239   +499   
   5    52.10   50185.16    9   3e-01   1679    -362   +499   
   6    53.11   49987.36    9   3e-01   1842    -337   +500   
   7    54.78   49868.68   10   3e-01   1957    -385   +500    7e-01    480    -0     +480    8e-01    480    -0     +480  
   8    56.55   49668.51   10   3e-01   2045    -412   +500    7e-01    844    -116   +480    8e-01    869    -91    +480  
   9    58.53   49504.23   10   2e-01   2133    -412   +500    6e-01   1099    -225   +480    7e-01   1176    -173   +480  
  10    60.61   49417.74   17   2e-01   2233    -398   +498    5e-01   1361    -218   +480    6e-01   1446    -210   +480  
  11    62.79   49310.33   14   2e-01   2334    -397   +498    6e-01   1555    -286   +480    7e-01   1667    -259   +480  
  12    65.09   49225.24   17   2e-01   2374    -457   +497    4e-01   1713    -322   +480    6e-01   1763    -384   +480  
  13    67.51   49167.51   17   2e-01   2561    -310   +497    5e-01   1901    -292   +480    6e-01   1994    -249   +480  
  14    70.08   49128.74   18   2e-01   2719    -332   +490    4e-01   2153    -228   +480    6e-01   2237    -237   +480  
  15    72.81   49072.02   19   1e-01   2841    -369   +491    5e-01   2292    -341   +480    5e-01   2365    -352   +480  
  16    75.73   49035.94   20   1e-01   2903    -426   +488    4e-01   2439    -333   +480    5e-01   2501    -344   +480  
  17    78.64   49018.21   24   1e-01   2830    -392   +319    5e-01   2598    -321   +480    5e-01   2695    -286   +480  
  18    81.64   48993.10   19   1e-01   2847    -338   +355    4e-01   2762    -316   +480    4e-01   2878    -297   +480  
  19    84.71   48975.90   24   1e-01   2660    -282   +95     4e-01   2942    -300   +480    4e-01   3051    -307   +480  
  20    87.75   48962.47   24   7e-02   2570    -149   +59     3e-01   3159    -263   +480    4e-01   3254    -277   +480  
  21    90.78   48952.67   22   8e-02   2550    -83    +63     3e-01   3316    -323   +480    5e-01   3460    -274   +480  
  22    93.87   48943.59   21   9e-02   2499    -83    +32     3e-01   3422    -374   +480    4e-01   3600    -340   +480  
  23    97.01   48936.44   27   5e-02   2433    -67    +1      3e-01   3618    -270   +466    3e-01   3835    -239   +474  
  24   100.20   48932.27   17   1e-01   2528    -24    +119    3e-01   3827    -271   +480    4e-01   4093    -222   +480  
  25   103.44   48928.92   19   6e-02   2427    -109   +8      2e-01   3964    -342   +479    4e-01   4241    -331   +479  
  26   106.67   48925.11   19   1e-01   2895    -31    +499    4e-01   4050    -394   +480    5e-01   4354    -367   +480  
  27   109.16   48923.68   14   1e-01   2895    -0     +0      4e-01   4050    -0     +0      5e-01   4354    -0     +0    
==========================================================================================================================
BOUNDING STOPPED: Gap to big!
==========================================================================================================================
Depth = 1, Bound = 48923.68, Best = 48916

Fixing x[47] = 1

**************************************************************************************************************************
                                               Node 3
**************************************************************************************************************************
Problem size 250
Fixed variables: (x[47],1)
==========================================================================================================================
BOUNDING STOPPED: Gap to big!
==========================================================================================================================
Depth = 1, Bound = 52289.62, Best = 48916

Branching on x[146] = 0.50
Fixing x[146] = 0

**************************************************************************************************************************
                                               Node 4
**************************************************************************************************************************
Problem size 249
Fixed variables: (x[47],1) (x[146],0)
==========================================================================================================================
starting bound     cut  triangles added  violation
      52172.77   48916              500       0.50
==========================================================================================================================
iter     time      bound  bdl   viol3  triag  purged   added   viol5  penta  purged   added   viol7  hepta  purged   added
==========================================================================================================================
   1   109.91   51416.93    4   5e-01    833    -166   +499   
   2   110.58   50904.04    6   4e-01   1068    -264   +499   
   3   111.31   50561.84    6   4e-01   1379    -181   +492   
   4   112.10   50286.29   10   4e-01   1517    -361   +499   
   5   112.97   50071.00    8   3e-01   1713    -303   +499   
   6   114.52   49933.87    8   3e-01   1893    -319   +499    8e-01    480    -0     +480    9e-01    480    -0     +480  
   7   116.20   49692.15    9   3e-01   2061    -332   +500    7e-01    824    -136   +480    8e-01    873    -87    +480  
   8   118.06   49514.39   10   3e-01   2144    -417   +500    7e-01   1116    -188   +480    8e-01   1165    -188   +480  
   9   120.05   49385.32   14   2e-01   2187    -457   +500    5e-01   1296    -300   +480    6e-01   1351    -294   +480  
  10   122.09   49281.04   11   3e-01   2359    -326   +498    6e-01   1547    -229   +480    8e-01   1607    -224   +480  
  11   124.24   49189.08   16   2e-01   2303    -553   +497    5e-01   1675    -352   +480    6e-01   1746    -341   +480  
  12   126.54   49122.47   19   2e-01   2448    -353   +498    4e-01   1903    -252   +480    6e-01   2002    -224   +480  
  13   128.94   49060.40   16   2e-01   2641    -292   +485    5e-01   2082    -301   +480    5e-01   2162    -320   +480  
  14   131.48   48995.70   20   2e-01   2840    -300   +499    5e-01   2294    -268   +480    5e-01   2431    -211   +480  
  15   134.21   48951.22   25   1e-01   2875    -453   +488    3e-01   2361    -413   +480    5e-01   2479    -432   +480  
  16   136.12   48916.36   20   1e-01   2875    -0     +0      3e-01   2361    -0     +0      5e-01   2479    -0     +0    
==========================================================================================================================
Prune!
==========================================================================================================================
Depth = 2, Bound = 48916.36, Best = 48916

Fixing x[146] = 1

**************************************************************************************************************************
                                               Node 5
**************************************************************************************************************************
Problem size 249
Fixed variables: (x[47],1) (x[146],1)
==========================================================================================================================
BOUNDING STOPPED: Gap to big!
==========================================================================================================================
Depth = 2, Bound = 52239.63, Best = 48916

Branching on x[189] = 0.50
Fixing x[189] = 0

**************************************************************************************************************************
                                               Node 6
**************************************************************************************************************************
Problem size 248
Fixed variables: (x[47],1) (x[146],1) (x[189],0)
==========================================================================================================================
starting bound     cut  triangles added  violation
      52062.45   48916              500       0.50
==========================================================================================================================
iter     time      bound  bdl   viol3  triag  purged   added   viol5  penta  purged   added   viol7  hepta  purged   added
==========================================================================================================================
   1   136.83   51371.85    4   5e-01    846    -151   +497   
   2   137.45   50938.85    6   4e-01   1151    -191   +496   
   3   138.15   50501.05    7   4e-01   1329    -322   +500   
   4   138.92   50254.10    7   3e-01   1501    -326   +498   
   5   139.80   50022.91    8   4e-01   1631    -369   +499   
   6   140.80   49815.16    8   3e-01   1810    -320   +499   
   7   141.84   49666.49   10   3e-01   2030    -280   +500   
   8   143.60   49540.82   10   3e-01   2203    -326   +499    7e-01    480    -0     +480    8e-01    480    -0     +480  
   9   145.44   49367.10   10   2e-01   2223    -479   +499    6e-01    838    -122   +480    7e-01    857    -103   +480  
  10   147.46   49238.32   13   2e-01   2269    -453   +499    7e-01   1136    -182   +480    7e-01   1199    -138   +480  
  11   149.52   49131.36   14   2e-01   2356    -410   +497    5e-01   1351    -265   +480    6e-01   1454    -225   +480  
  12   151.72   49021.66   13   2e-01   2528    -324   +496    5e-01   1585    -246   +480    6e-01   1689    -245   +480  
  13   154.02   48979.16   21   2e-01   2586    -438   +496    4e-01   1781    -284   +480    5e-01   1912    -257   +480  
  14   155.47   48913.97   22   2e-01   2586    -0     +0      4e-01   1781    -0     +0      5e-01   1912    -0     +0    
==========================================================================================================================
Prune!
==========================================================================================================================
Depth = 3, Bound = 48913.97, Best = 48916

Fixing x[189] = 1

**************************************************************************************************************************
                                               Node 7
**************************************************************************************************************************
Problem size 248
Fixed variables: (x[47],1) (x[146],1) (x[189],1)
==========================================================================================================================
starting bound     cut  triangles added  violation
      52100.53   48916              500       0.50
==========================================================================================================================
iter     time      bound  bdl   viol3  triag  purged   added   viol5  penta  purged   added   viol7  hepta  purged   added
==========================================================================================================================
   1   156.07   51530.54    5   5e-01    806    -193   +499   
   2   156.69   50954.72    4   4e-01   1063    -242   +499   
   3   157.42   50665.91    8   4e-01   1222    -341   +500   
   4   158.22   50411.61    6   4e-01   1348    -373   +499   
   5   159.10   50240.70    8   3e-01   1538    -310   +500   
   6   160.09   50065.29   10   3e-01   1660    -378   +500   
   7   161.77   49910.69    8   3e-01   1819    -341   +500    8e-01    480    -0     +480    8e-01    480    -0     +480  
   8   163.50   49720.01   10   3e-01   1886    -433   +500    7e-01    784    -176   +480    8e-01    827    -133   +480  
   9   165.41   49546.90   11   3e-01   1985    -401   +500    7e-01   1081    -183   +480    7e-01   1122    -185   +480  
  10   167.37   49417.17   11   3e-01   2064    -421   +500    7e-01   1304    -257   +480    7e-01   1381    -221   +480  
  11   169.45   49335.08   16   2e-01   2082    -482   +500    5e-01   1417    -367   +480    6e-01   1519    -342   +480  
  12   171.65   49261.35   15   2e-01   2248    -329   +495    5e-01   1656    -241   +480    6e-01   1772    -227   +480  
  13   173.99   49188.31   18   2e-01   2320    -425   +497    6e-01   1733    -403   +480    6e-01   1865    -387   +480  
  14   176.48   49135.50   22   1e-01   2409    -410   +499    4e-01   1926    -287   +480    5e-01   2044    -301   +480  
  15   179.08   49082.91   21   1e-01   2602    -302   +495    4e-01   2142    -264   +480    6e-01   2246    -277   +479  
  16   181.83   49041.08   19   2e-01   2686    -406   +490    5e-01   2298    -324   +480    6e-01   2409    -317   +480  
  17   184.62   49012.31   23   1e-01   2722    -403   +439    4e-01   2394    -384   +480    5e-01   2494    -395   +480  
  18   187.46   48974.74   23   1e-01   2923    -287   +488    3e-01   2609    -265   +480    5e-01   2696    -278   +480  
  19   190.33   48954.75   27   1e-01   2796    -432   +305    4e-01   2784    -305   +480    5e-01   2872    -304   +480  
  20   193.22   48935.29   30   8e-02   2569    -277   +50     3e-01   2934    -329   +479    4e-01   3056    -296   +480  
  21   195.10   48915.36   25   8e-02   2569    -0     +0      3e-01   2934    -0     +0      4e-01   3056    -0     +0    
==========================================================================================================================
Prune!
==========================================================================================================================
Depth = 3, Bound = 48915.36, Best = 48916

Branching on x[193] = 0.54
Fixing x[193] = 0

**************************************************************************************************************************
                                               Node 8
**************************************************************************************************************************
Problem size 249
Fixed variables: (x[47],0) (x[193],0)
==========================================================================================================================
starting bound     cut  triangles added  violation
      52080.55   48916              500       0.49
==========================================================================================================================
iter     time      bound  bdl   viol3  triag  purged   added   viol5  penta  purged   added   viol7  hepta  purged   added
==========================================================================================================================
   1   195.71   51358.06    4   5e-01    828    -172   +500   
   2   196.39   50830.31    7   4e-01   1075    -253   +500   
   3   197.14   50479.78    7   4e-01   1336    -237   +498   
   4   197.98   50258.57    7   4e-01   1609    -226   +499   
   5   198.91   50074.40    8   3e-01   1707    -400   +498   
   6   200.51   49910.09    9   3e-01   1901    -305   +499    8e-01    480    -0     +480    8e-01    480    -0     +480  
   7   202.16   49695.10    9   3e-01   1945    -455   +499    7e-01    801    -159   +480    8e-01    868    -92    +480  
   8   204.03   49571.54   11   2e-01   1989    -454   +498    7e-01   1083    -198   +480    7e-01   1182    -166   +480  
   9   205.96   49425.78   12   3e-01   2070    -419   +500    6e-01   1258    -305   +480    7e-01   1315    -347   +480  
  10   208.05   49302.63   13   2e-01   2078    -491   +499    6e-01   1437    -301   +480    8e-01   1484    -311   +480  
  11   210.26   49246.11   15   2e-01   2192    -381   +495    5e-01   1649    -268   +480    5e-01   1700    -264   +480  
  12   212.66   49139.38   15   2e-01   2350    -339   +497    6e-01   1842    -287   +480    7e-01   1892    -288   +480  
  13   215.20   49092.43   22   1e-01   2426    -416   +492    5e-01   1941    -381   +480    5e-01   2071    -301   +480  
  14   217.87   49051.87   19   1e-01   2617    -298   +489    4e-01   2207    -214   +480    6e-01   2303    -248   +480  
  15   220.65   49009.87   20   1e-01   2684    -423   +490    4e-01   2351    -336   +480    5e-01   2469    -314   +480  
  16   223.57   48990.21   22   1e-01   2803    -343   +462    4e-01   2543    -288   +480    5e-01   2680    -269   +480  
  17   226.61   48965.59   23   1e-01   2644    -394   +235    3e-01   2736    -287   +480    4e-01   2902    -258   +480  
  18   229.66   48950.17   19   1e-01   2584    -237   +177    4e-01   2868    -348   +480    6e-01   3101    -281   +480  
  19   232.74   48939.43   26   7e-02   2427    -179   +22     4e-01   3010    -337   +479    4e-01   3246    -335   +480  
  20   235.83   48929.51   16   1e-01   2437    -85    +95     3e-01   3181    -309   +480    4e-01   3441    -285   +480  
  21   238.94   48925.91   14   1e-01   2834    -95    +492    5e-01   3297    -364   +480    5e-01   3585    -336   +480  
  22   242.15   48922.06   15   1e-01   2766    -466   +398    3e-01   3339    -438   +480    4e-01   3631    -434   +480  
  23   245.44   48919.98   12   8e-02   2384    -399   +17     2e-01   3383    -436   +480    3e-01   3708    -403   +480  
  24   248.90   48917.11    8   8e-02   2472    -44    +132    3e-01   3495    -368   +480    3e-01   3892    -296   +480  
  25   249.52   48916.90    7   8e-02   2472    -0     +0      3e-01   3495    -0     +0      3e-01   3892    -0     +0    
==========================================================================================================================
Prune!
==========================================================================================================================
Depth = 2, Bound = 48916.90, Best = 48916

Fixing x[193] = 1

**************************************************************************************************************************
                                               Node 9
**************************************************************************************************************************
Problem size 249
Fixed variables: (x[47],0) (x[193],1)
==========================================================================================================================
starting bound     cut  triangles added  violation
      52085.64   48916              500       0.50
==========================================================================================================================
iter     time      bound  bdl   viol3  triag  purged   added   viol5  penta  purged   added   viol7  hepta  purged   added
==========================================================================================================================
   1   250.13   51405.43    5   5e-01    847    -151   +498   
   2   250.78   50843.75    4   4e-01   1157    -190   +500   
   3   251.52   50587.19    6   4e-01   1346    -307   +496   
   4   252.35   50350.54    8   4e-01   1492    -353   +499   
   5   253.26   50104.75    8   4e-01   1625    -367   +500   
   6   254.27   49959.57   10   3e-01   1785    -337   +497   
   7   255.96   49784.30   10   3e-01   1932    -352   +499    7e-01    480    -0     +480    8e-01    480    -0     +480  
   8   257.73   49618.82    9   3e-01   2057    -372   +497    8e-01    842    -118   +480    8e-01    874    -86    +480  
   9   259.70   49471.05   10   2e-01   2071    -484   +498    7e-01   1043    -279   +480    8e-01   1127    -227   +480  
  10   261.83   49380.11   14   2e-01   2061    -508   +498    6e-01   1244    -279   +480    7e-01   1331    -276   +480  
  11   263.98   49280.93   18   2e-01   2182    -377   +498    5e-01   1439    -285   +480    7e-01   1550    -261   +480  
  12   266.26   49214.35   16   2e-01   2212    -466   +496    5e-01   1616    -303   +480    7e-01   1740    -290   +480  
  13   268.70   49157.60   15   2e-01   2406    -302   +496    6e-01   1851    -245   +480    7e-01   2007    -213   +480  
  14   271.30   49105.55   17   1e-01   2421    -479   +494    5e-01   1938    -393   +480    6e-01   2133    -354   +480  
  15   274.02   49059.94   20   1e-01   2637    -274   +490    4e-01   2116    -302   +480    6e-01   2327    -286   +480  
  16   276.86   49024.93   21   1e-01   2756    -372   +491    4e-01   2260    -336   +480    6e-01   2494    -313   +480  
  17   279.83   48995.90   21   1e-01   2838    -394   +476    4e-01   2437    -303   +480    5e-01   2669    -305   +480  
  18   282.82   48970.64   24   1e-01   2720    -410   +292    4e-01   2613    -304   +480    5e-01   2852    -297   +480  
  19   285.90   48959.93   23   1e-01   2631    -288   +199    4e-01   2757    -336   +480    5e-01   3040    -292   +480  
  20   289.00   48945.69   28   8e-02   2416    -267   +52     3e-01   2942    -295   +480    4e-01   3230    -290   +480  
  21   292.10   48937.07   26   1e-01   2447    -104   +135    3e-01   3145    -277   +480    4e-01   3486    -224   +480  
  22   295.27   48929.11   22   7e-02   2319    -145   +17     3e-01   3293    -331   +479    4e-01   3666    -300   +480  
  23   298.54   48926.20   16   1e-01   2305    -48    +34     3e-01   3463    -310   +480    5e-01   3862    -284   +480  
  24   301.86   48921.89   16   7e-02   2256    -57    +8      3e-01   3522    -417   +476    4e-01   3947    -395   +480  
  25   305.19   48918.17   13   8e-02   2351    -23    +118    3e-01   3622    -380   +480    3e-01   4055    -372   +480  
  26   308.50   48917.47   10   2e-01   2733    -118   +500    5e-01   3614    -488   +480    5e-01   4108    -427   +480  
  27   310.26   48916.53    7   2e-01   2733    -0     +0      5e-01   3614    -0     +0      5e-01   4108    -0     +0    
==========================================================================================================================
Prune!
==========================================================================================================================
Depth = 2, Bound = 48916.53, Best = 48916


Nodes = 9
Root node bound = 49009.819
Maximum value = 48916
Solution = ( 1 3 4 5 6 7 8 10 11 13 14 17 21 22 23 25 27 30 32 34 35 36 37 42 47 55 56 60 62 64 68 69 70 72 75 76 79 83 86 87 97 99 100 101 108 111 115 119 121 122 126 133 135 137 139 146 147 149 152 153 154 156 157 171 182 190 192 194 195 197 201 204 206 208 210 211 212 213 214 221 225 231 233 240 244 249 )
CPU time = 310.26 s

