Input file: ./Instances/biq2mc/beasley/bqp250-1.sparse.mc

Graph has 251 vertices and 3339 edges.

BiqBin parameters:
    init_bundle_iter = 5
     max_bundle_iter = 20
      min_outer_iter = 10
      max_outer_iter = 30
       violated_Ineq = 0.050000
             TriIneq = 500
         Pent_Trials = 160
        Hepta_Trials = 120
        include_Pent = 1
       include_Hepta = 1
                root = 0
            use_diff = 1
          time_limit = 0
   branchingStrategy = 1
      detailedOutput = 1

**************************************************************************************************************************
                                               Node 1
**************************************************************************************************************************
Problem size 251
Fixed variables:
Node 1 Feasible solution 45573
==========================================================================================================================
starting bound     cut  triangles added  violation
      48732.37   45573              500       0.50
==========================================================================================================================
iter     time      bound  bdl   viol3  triag  purged   added   viol5  penta  purged   added   viol7  hepta  purged   added
==========================================================================================================================
Node 1 Feasible solution 45583
   1     0.84   48134.72    4   5e-01    784    -215   +499   
   2     1.54   47709.92    6   4e-01   1085    -197   +498   
   3     2.29   47374.69    7   4e-01   1307    -275   +497   
Node 1 Feasible solution 45607
   4     3.16   47093.80    6   4e-01   1529    -276   +498   
   5     4.10   46882.99    8   3e-01   1605    -424   +500   
   6     5.12   46716.09    9   3e-01   1803    -302   +500   
   7     6.25   46568.87    9   3e-01   1951    -352   +500   
   8     8.08   46468.96   11   3e-01   2080    -371   +500    7e-01    480    -0     +480    8e-01    480    -0     +480  
   9    10.05   46310.02   12   3e-01   2214    -366   +500    6e-01    868    -92    +480    8e-01    898    -62    +480  
  10    12.16   46178.32   13   2e-01   2263    -451   +500    6e-01   1151    -197   +480    7e-01   1192    -186   +480  
  11    14.33   46051.94   13   2e-01   2361    -401   +499    6e-01   1388    -243   +480    7e-01   1446    -226   +480  
  12    16.65   45977.11   14   2e-01   2358    -501   +498    5e-01   1602    -266   +480    6e-01   1658    -268   +480  
  13    19.13   45915.93   16   2e-01   2473    -384   +499    5e-01   1814    -268   +480    6e-01   1889    -249   +480  
  14    21.76   45859.73   17   1e-01   2501    -467   +495    4e-01   2007    -287   +480    6e-01   2090    -279   +480  
  15    24.57   45816.56   22   1e-01   2640    -357   +496    5e-01   2144    -343   +480    5e-01   2293    -277   +480  
  16    27.46   45774.64   22   1e-01   2737    -382   +479    4e-01   2367    -257   +480    5e-01   2474    -299   +480  
  17    30.38   45740.23   19   1e-01   2856    -374   +493    4e-01   2542    -305   +480    5e-01   2648    -306   +480  
  18    33.38   45716.95   15   2e-01   3014    -333   +491    6e-01   2714    -308   +480    7e-01   2869    -259   +480  
  19    36.45   45696.60   22   1e-01   2622    -475   +83     3e-01   2821    -373   +480    4e-01   2981    -368   +480  
  20    39.52   45683.30   26   8e-02   2582    -135   +95     4e-01   3082    -218   +479    4e-01   3281    -180   +480  
  21    42.60   45672.94   24   8e-02   2505    -132   +55     3e-01   3323    -239   +480    4e-01   3512    -249   +480  
  22    45.76   45660.42   17   1e-01   2928    -72    +495    5e-01   3575    -228   +480    6e-01   3797    -195   +480  
  23    49.00   45649.76   23   7e-02   2495    -442   +9      3e-01   3625    -430   +480    4e-01   3843    -433   +479  
  24    52.25   45643.20   22   8e-02   2437    -84    +26     3e-01   3864    -240   +479    3e-01   4035    -286   +478  
  25    55.54   45637.29   24   6e-02   2391    -50    +4      3e-01   4079    -256   +471    3e-01   4297    -214   +476  
  26    58.86   45631.10   21   7e-02   2385    -35    +29     3e-01   4241    -318   +480    4e-01   4461    -316   +480  
  27    61.26   45628.54   22   7e-02   2385    -0     +0      3e-01   4241    -0     +0      4e-01   4461    -0     +0    
==========================================================================================================================
BOUNDING STOPPED: Gap to big!
==========================================================================================================================
Depth = 0, Bound = 45628.54, Best = 45607

Branching on x[132] = 0.49
Fixing x[132] = 0

**************************************************************************************************************************
                                               Node 2
**************************************************************************************************************************
Problem size 250
Fixed variables: (x[132],0)
==========================================================================================================================
starting bound     cut  triangles added  violation
      48665.37   45607              500       0.50
==========================================================================================================================
iter     time      bound  bdl   viol3  triag  purged   added   viol5  penta  purged   added   viol7  hepta  purged   added
==========================================================================================================================
   1    61.93   48102.68    4   5e-01    760    -235   +495   
   2    62.56   47649.17    6   4e-01   1011    -249   +500   
   3    63.34   47315.18    7   4e-01   1262    -248   +499   
   4    64.19   47021.04    8   3e-01   1432    -328   +498   
   5    65.13   46825.32    7   4e-01   1710    -220   +498   
   6    66.72   46672.29   11   3e-01   1805    -405   +500    8e-01    480    -0     +480    8e-01    480    -0     +480  
   7    68.42   46471.28    9   3e-01   1887    -418   +500    8e-01    865    -95    +480    9e-01    883    -77    +480  
   8    70.26   46287.20   10   3e-01   1916    -471   +500    7e-01   1120    -225   +480    8e-01   1118    -245   +480  
   9    72.22   46168.20   13   2e-01   2042    -372   +498    6e-01   1399    -201   +480    6e-01   1410    -188   +480  
  10    74.30   46034.29   11   2e-01   2196    -344   +498    6e-01   1630    -249   +480    7e-01   1589    -301   +480  
  11    76.50   45967.35   16   2e-01   2301    -392   +497    5e-01   1793    -317   +480    6e-01   1769    -300   +480  
  12    78.83   45896.10   16   2e-01   2344    -451   +494    6e-01   1971    -302   +480    6e-01   1926    -323   +480  
  13    81.29   45833.61   19   1e-01   2380    -461   +497    4e-01   2056    -395   +480    5e-01   1995    -411   +480  
  14    83.94   45780.17   18   2e-01   2528    -342   +490    5e-01   2277    -259   +480    7e-01   2222    -253   +480  
  15    86.74   45747.61   17   1e-01   2582    -438   +492    4e-01   2482    -275   +480    5e-01   2443    -259   +480  
  16    89.59   45715.04   19   1e-01   2694    -372   +484    4e-01   2642    -320   +480    6e-01   2633    -290   +480  
  17    92.50   45687.13   25   1e-01   2763    -409   +478    3e-01   2764    -358   +480    4e-01   2757    -356   +480  
  18    95.49   45669.36   25   1e-01   2863    -389   +489    4e-01   2984    -260   +480    6e-01   2950    -287   +480  
  19    98.50   45651.89   20   8e-02   2468    -423   +28     3e-01   3098    -366   +480    4e-01   3119    -311   +480  
  20   101.47   45642.79   25   1e-01   2605    -117   +254    3e-01   3345    -233   +480    5e-01   3403    -196   +480  
  21   104.55   45635.40   20   9e-02   2412    -230   +37     3e-01   3499    -326   +480    4e-01   3605    -278   +480  
  22   107.59   45628.84   17   1e-01   2826    -81    +495    5e-01   3668    -311   +480    6e-01   3814    -271   +480  
  23   110.89   45621.41   20   1e-01   2510    -452   +136    3e-01   3661    -487   +480    4e-01   3846    -448   +480  
  24   114.15   45617.73   25   7e-02   2370    -147   +7      2e-01   3806    -333   +478    3e-01   4045    -281   +480  
  25   117.46   45614.67   15   9e-02   2623    -34    +287    3e-01   3940    -346   +480    4e-01   4258    -267   +480  
  26   120.79   45611.34   17   9e-02   2444    -248   +69     3e-01   3957    -463   +480    5e-01   4293    -445   +480  
  27   124.20   45610.25   14   7e-02   2367    -100   +23     2e-01   3983    -454   +480    3e-01   4377    -396   +480  
  28   127.61   45608.86   14   1e-01   2829    -37    +499    4e-01   4012    -451   +480    5e-01   4417    -440   +480  
  29   129.89   45607.96    9   1e-01   2829    -0     +0      4e-01   4012    -0     +0      5e-01   4417    -0     +0    
==========================================================================================================================
Prune!
==========================================================================================================================
Depth = 1, Bound = 45607.96, Best = 45607

Fixing x[132] = 1

**************************************************************************************************************************
                                               Node 3
**************************************************************************************************************************
Problem size 250
Fixed variables: (x[132],1)
==========================================================================================================================
starting bound     cut  triangles added  violation
      48660.11   45607              500       0.50
==========================================================================================================================
iter     time      bound  bdl   viol3  triag  purged   added   viol5  penta  purged   added   viol7  hepta  purged   added
==========================================================================================================================
   1   130.51   48115.05    4   5e-01    797    -202   +499   
   2   131.18   47674.43    8   4e-01   1067    -230   +500   
   3   131.95   47309.17    8   4e-01   1263    -303   +499   
   4   132.83   47054.62    5   4e-01   1510    -253   +500   
   5   133.73   46837.41    9   4e-01   1644    -366   +500   
   6   134.78   46690.16    8   3e-01   1777    -367   +500   
   7   136.50   46564.81   10   3e-01   1915    -362   +500    7e-01    480    -0     +480    8e-01    480    -0     +480  
   8   138.33   46355.22    9   3e-01   1887    -528   +500    7e-01    836    -124   +480    8e-01    867    -93    +480  
   9   139.69   46212.27   11   3e-01   1956    -429   +498   
  10   141.75   46121.45   15   2e-01   2110    -345   +499    6e-01   1109    -207   +480    7e-01   1146    -201   +480  
  11   143.90   46022.72   11   3e-01   2247    -359   +496    6e-01   1391    -198   +480    7e-01   1420    -206   +480  
  12   146.22   45942.34   12   2e-01   2328    -417   +498    6e-01   1525    -346   +480    7e-01   1572    -328   +480  
  13   148.64   45875.80   16   2e-01   2348    -477   +497    5e-01   1702    -303   +480    6e-01   1755    -297   +480  
  14   151.20   45817.36   17   1e-01   2569    -278   +499    4e-01   1913    -269   +480    5e-01   1979    -256   +480  
  15   153.93   45764.73   16   2e-01   2652    -405   +488    5e-01   2101    -292   +480    7e-01   2209    -250   +480  
  16   156.74   45733.93   19   1e-01   2758    -392   +498    5e-01   2235    -346   +480    6e-01   2377    -312   +480  
  17   159.65   45700.12   25   1e-01   2752    -484   +478    4e-01   2329    -386   +480    5e-01   2499    -358   +480  
  18   162.64   45680.27   18   2e-01   2890    -355   +493    4e-01   2520    -289   +480    5e-01   2731    -248   +480  
  19   165.58   45664.13   23   9e-02   2635    -390   +135    3e-01   2714    -286   +480    4e-01   2905    -306   +480  
  20   168.60   45650.81   18   9e-02   2618    -197   +180    3e-01   2896    -298   +480    4e-01   3128    -257   +480  
  21   171.64   45638.77   24   9e-02   2612    -180   +174    4e-01   3039    -337   +480    5e-01   3268    -340   +480  
  22   174.75   45629.49   22   1e-01   2936    -165   +489    5e-01   3200    -319   +480    6e-01   3492    -256   +480  
  23   177.98   45622.53   20   1e-01   2740    -444   +248    4e-01   3266    -414   +480    5e-01   3554    -418   +480  
  24   181.20   45616.49   18   7e-02   2510    -235   +5      3e-01   3353    -392   +479    3e-01   3714    -319   +479  
  25   184.42   45610.23   25   1e-01   2446    -75    +11     3e-01   3583    -247   +477    4e-01   3927    -267   +480  
  26   186.54   45607.62   20   1e-01   2446    -0     +0      3e-01   3583    -0     +0      4e-01   3927    -0     +0    
==========================================================================================================================
Prune!
==========================================================================================================================
Depth = 1, Bound = 45607.62, Best = 45607


Nodes = 3
Root node bound = 45628.536
Maximum value = 45607
Solution = ( 1 8 11 12 13 15 18 23 26 27 32 33 42 43 46 47 49 53 55 61 63 68 75 76 77 78 79 81 82 83 84 87 90 92 95 98 108 109 110 113 114 116 117 119 122 128 129 131 132 134 137 141 142 144 146 151 152 153 154 155 157 159 160 161 163 164 177 178 183 186 190 191 193 195 197 200 201 202 203 209 211 212 214 218 222 224 226 232 235 237 238 240 248 )
CPU time = 186.54 s

