Input file: ./Instances/biq2mc/beasley/bqp250-10.sparse.mc

Graph has 251 vertices and 3294 edges.

BiqBin parameters:
    init_bundle_iter = 5
     max_bundle_iter = 20
      min_outer_iter = 10
      max_outer_iter = 30
       violated_Ineq = 0.050000
             TriIneq = 500
         Pent_Trials = 160
        Hepta_Trials = 120
        include_Pent = 1
       include_Hepta = 1
                root = 0
            use_diff = 1
          time_limit = 0
   branchingStrategy = 1
      detailedOutput = 1

**************************************************************************************************************************
                                               Node 1
**************************************************************************************************************************
Problem size 251
Fixed variables:
Node 1 Feasible solution 40200
==========================================================================================================================
starting bound     cut  triangles added  violation
      44026.14   40200              500       0.50
==========================================================================================================================
iter     time      bound  bdl   viol3  triag  purged   added   viol5  penta  purged   added   viol7  hepta  purged   added
==========================================================================================================================
Node 1 Feasible solution 40420
   1     0.64   43322.80    5   4e-01    844    -155   +499   
Node 1 Feasible solution 40442
   2     1.33   42787.84    6   4e-01   1099    -244   +499   
   3     2.16   42416.55    4   4e-01   1325    -274   +500   
   4     3.09   42155.13    7   4e-01   1495    -330   +500   
   5     4.11   41961.72    7   3e-01   1676    -319   +500   
   6     5.30   41745.69    8   3e-01   1869    -307   +500   
   7     7.08   41582.95    9   3e-01   2078    -291   +500    7e-01    480    -0     +480    8e-01    480    -0     +480  
   8     8.91   41411.46   13   2e-01   2160    -415   +497    6e-01    792    -168   +480    7e-01    771    -189   +480  
   9    10.79   41232.04   10   2e-01   2295    -365   +500    6e-01   1096    -176   +480    7e-01   1011    -240   +480  
  10    12.86   41153.74   14   2e-01   2382    -411   +498    5e-01   1289    -287   +480    7e-01   1219    -272   +480  
  11    15.00   41003.90   14   2e-01   2496    -377   +491    6e-01   1507    -262   +480    6e-01   1392    -307   +480  
  12    17.29   40932.14   19   2e-01   2586    -405   +495    4e-01   1627    -360   +480    5e-01   1509    -363   +480  
  13    19.66   40851.46   20   2e-01   2729    -349   +492    5e-01   1803    -304   +480    5e-01   1699    -290   +480  
  14    22.20   40774.75   19   1e-01   2823    -404   +498    6e-01   1902    -381   +480    5e-01   1767    -411   +479  
  15    24.93   40726.23   24   1e-01   2966    -337   +480    4e-01   2106    -276   +480    5e-01   1985    -262   +480  
  16    27.79   40678.76   21   1e-01   3105    -338   +477    3e-01   2274    -312   +480    5e-01   2145    -320   +480  
  17    30.69   40640.64   19   1e-01   3103    -342   +340    3e-01   2460    -293   +479    5e-01   2322    -301   +478  
  18    33.57   40620.79   26   8e-02   2998    -280   +175    4e-01   2631    -308   +479    4e-01   2481    -321   +480  
  19    36.50   40590.34   23   9e-02   2974    -200   +176    3e-01   2823    -288   +480    4e-01   2641    -318   +478  
  20    39.48   40575.62   22   1e-01   2874    -171   +71     3e-01   3014    -284   +475    5e-01   2865    -247   +471  
  21    42.42   40552.33   24   1e-01   2820    -112   +58     3e-01   3149    -341   +476    5e-01   3028    -312   +475  
  22    45.42   40539.43   30   8e-02   2751    -87    +18     3e-01   3388    -228   +467    5e-01   3204    -287   +463  
  23    48.38   40526.11   24   1e-01   3157    -57    +463    4e-01   3637    -231   +480    4e-01   3413    -271   +480  
  24    50.76   40515.51   23   1e-01   3157    -0     +0      4e-01   3637    -0     +0      4e-01   3413    -0     +0    
==========================================================================================================================
BOUNDING STOPPED: Gap to big!
==========================================================================================================================
Depth = 0, Bound = 40515.51, Best = 40442

Branching on x[158] = 0.50
Fixing x[158] = 0

**************************************************************************************************************************
                                               Node 2
**************************************************************************************************************************
Problem size 250
Fixed variables: (x[158],0)
==========================================================================================================================
BOUNDING STOPPED: Gap to big!
==========================================================================================================================
Depth = 1, Bound = 43956.64, Best = 40442

Fixing x[158] = 1

**************************************************************************************************************************
                                               Node 3
**************************************************************************************************************************
Problem size 250
Fixed variables: (x[158],1)
==========================================================================================================================
BOUNDING STOPPED: Gap to big!
==========================================================================================================================
Depth = 1, Bound = 43974.51, Best = 40442

Branching on x[61] = 0.50
Fixing x[61] = 0

**************************************************************************************************************************
                                               Node 4
**************************************************************************************************************************
Problem size 249
Fixed variables: (x[61],0) (x[158],1)
==========================================================================================================================
starting bound     cut  triangles added  violation
      43879.04   40442              500       0.50
==========================================================================================================================
iter     time      bound  bdl   viol3  triag  purged   added   viol5  penta  purged   added   viol7  hepta  purged   added
==========================================================================================================================
   1    51.65   43076.25    5   4e-01    851    -149   +500   
   2    52.31   42459.91    4   4e-01   1183    -167   +499   
   3    53.13   42217.25    6   4e-01   1360    -323   +500   
   4    54.05   41938.93   10   4e-01   1527    -332   +499   
   5    55.58   41672.36    9   3e-01   1755    -272   +500    8e-01    480    -0     +480    8e-01    480    -0     +480  
   6    57.19   41443.36    9   3e-01   1893    -362   +500    7e-01    835    -125   +480    8e-01    836    -124   +480  
   7    58.89   41233.79    9   3e-01   2084    -307   +498    6e-01   1095    -220   +480    7e-01   1049    -267   +480  
   8    60.66   41092.45   12   2e-01   2129    -454   +499    6e-01   1276    -299   +480    6e-01   1220    -309   +480  
   9    62.56   40978.59   12   2e-01   2259    -359   +489    5e-01   1445    -311   +480    6e-01   1354    -346   +480  
  10    64.52   40835.50   14   2e-01   2383    -376   +500    5e-01   1599    -326   +480    6e-01   1499    -335   +480  
  11    66.63   40748.88   17   2e-01   2524    -354   +495    5e-01   1801    -278   +480    6e-01   1646    -333   +480  
  12    68.90   40669.64   18   2e-01   2662    -358   +496    4e-01   1946    -335   +480    5e-01   1736    -390   +480  
  13    71.29   40611.49   19   1e-01   2781    -348   +467    4e-01   2098    -327   +479    5e-01   1889    -326   +479  
  14    73.79   40529.30   15   2e-01   3038    -233   +490    4e-01   2301    -277   +480    5e-01   2057    -311   +479  
  15    76.41   40488.95   22   1e-01   3142    -364   +468    4e-01   2465    -314   +478    4e-01   2226    -310   +479  
  16    79.13   40443.62   24   1e-01   3342    -286   +486    5e-01   2653    -292   +480    6e-01   2407    -299   +480  
  17    79.81   40429.90   23   1e-01   3342    -0     +0      5e-01   2653    -0     +0      6e-01   2407    -0     +0    
==========================================================================================================================
Prune!
==========================================================================================================================
Depth = 2, Bound = 40429.90, Best = 40442

Fixing x[61] = 1

**************************************************************************************************************************
                                               Node 5
**************************************************************************************************************************
Problem size 249
Fixed variables: (x[61],1) (x[158],1)
==========================================================================================================================
starting bound     cut  triangles added  violation
      43896.81   40442              500       0.50
==========================================================================================================================
iter     time      bound  bdl   viol3  triag  purged   added   viol5  penta  purged   added   viol7  hepta  purged   added
==========================================================================================================================
   1    80.43   43136.01    4   4e-01    839    -161   +500   
   2    81.07   42639.20    7   4e-01   1067    -271   +499   
   3    81.86   42279.65    5   4e-01   1359    -207   +499   
   4    82.78   42061.29    7   4e-01   1476    -382   +499   
   5    83.76   41866.04    9   4e-01   1774    -202   +500   
   6    85.36   41653.53    8   3e-01   1879    -395   +500    7e-01    480    -0     +480    8e-01    480    -0     +480  
   7    87.09   41418.87   11   3e-01   1956    -422   +499    7e-01    845    -115   +480    8e-01    828    -132   +480  
   8    88.84   41236.64   11   2e-01   2084    -369   +497    6e-01   1103    -222   +480    7e-01   1079    -229   +480  
   9    90.73   41108.81   12   2e-01   2198    -384   +498    6e-01   1347    -236   +480    7e-01   1274    -285   +480  
  10    92.74   40967.38   15   2e-01   2290    -407   +499    5e-01   1494    -333   +480    6e-01   1421    -333   +480  
  11    94.86   40884.48   13   2e-01   2437    -347   +494    5e-01   1700    -274   +480    6e-01   1578    -322   +479  
  12    97.08   40803.03   14   2e-01   2619    -312   +494    5e-01   1896    -284   +480    6e-01   1724    -334   +480  
  13    99.49   40727.31   23   1e-01   2651    -462   +494    4e-01   2002    -374   +480    5e-01   1806    -396   +478  
  14   102.04   40675.71   17   2e-01   2831    -314   +494    5e-01   2194    -288   +480    5e-01   2025    -261   +480  
  15   104.74   40621.83   22   1e-01   2950    -367   +486    5e-01   2358    -316   +480    5e-01   2187    -318   +480  
  16   107.57   40580.60   18   1e-01   3096    -336   +482    4e-01   2495    -343   +480    4e-01   2350    -316   +479  
  17   110.43   40548.80   22   1e-01   3061    -381   +346    4e-01   2665    -310   +480    5e-01   2501    -328   +479  
  18   113.26   40532.21   18   9e-02   2880    -300   +119    3e-01   2833    -311   +479    4e-01   2700    -278   +477  
  19   116.11   40511.37   22   1e-01   2809    -146   +75     4e-01   3039    -273   +479    4e-01   2918    -258   +476  
  20   119.05   40495.38   21   1e-01   3008    -97    +296    3e-01   3244    -275   +480    5e-01   3095    -303   +480  
  21   122.04   40482.80   23   9e-02   2785    -260   +37     3e-01   3388    -334   +478    4e-01   3250    -323   +478  
  22   125.05   40472.63   22   8e-02   2726    -89    +30     3e-01   3550    -316   +478    4e-01   3402    -327   +479  
  23   128.05   40462.38   20   1e-01   2810    -63    +147    4e-01   3700    -330   +480    5e-01   3582    -300   +480  
  24   131.17   40457.04   19   1e-01   2685    -133   +8      2e-01   3802    -364   +466    4e-01   3729    -322   +469  
  25   134.29   40451.94   18   1e-01   3038    -47    +400    3e-01   3952    -330   +480    4e-01   3888    -321   +480  
  26   137.52   40448.03   17   9e-02   2817    -368   +147    3e-01   3946    -486   +480    4e-01   3934    -434   +480  
  27   140.74   40446.03   15   1e-01   3163    -153   +499    4e-01   4020    -406   +480    5e-01   4036    -378   +480  
  28   144.15   40444.31    7   2e-01   3170    -493   +500    5e-01   4047    -453   +480    6e-01   4100    -416   +480  
  29   147.47   40443.29    8   1e-01   3256    -414   +500    4e-01   4105    -422   +480    6e-01   4161    -419   +480  
  30   148.28   40442.90    7   1e-01   3256    -0     +0      4e-01   4105    -0     +0      6e-01   4161    -0     +0    
==========================================================================================================================
Prune!
==========================================================================================================================
Depth = 2, Bound = 40442.90, Best = 40442

Branching on x[31] = 0.50
Fixing x[31] = 0

**************************************************************************************************************************
                                               Node 6
**************************************************************************************************************************
Problem size 249
Fixed variables: (x[31],0) (x[158],0)
==========================================================================================================================
starting bound     cut  triangles added  violation
      43885.48   40442              500       0.50
==========================================================================================================================
iter     time      bound  bdl   viol3  triag  purged   added   viol5  penta  purged   added   viol7  hepta  purged   added
==========================================================================================================================
   1   148.93   43154.51    5   4e-01    854    -146   +500   
   2   149.58   42551.77    5   4e-01   1167    -184   +497   
   3   150.37   42217.68    8   4e-01   1301    -365   +499   
   4   151.28   41953.89    7   4e-01   1545    -253   +497   
   5   152.79   41718.26    8   3e-01   1741    -304   +500    8e-01    480    -0     +480    8e-01    480    -0     +480  
   6   154.40   41547.86    9   2e-01   1850    -387   +496    7e-01    820    -140   +480    7e-01    822    -138   +480  
   7   155.57   41318.68   10   3e-01   2051    -295   +496   
   8   157.35   41192.92   11   2e-01   2201    -349   +499    6e-01   1067    -233   +480    6e-01   1056    -246   +480  
   9   159.19   41057.07   12   2e-01   2319    -377   +495    6e-01   1297    -250   +480    6e-01   1233    -303   +480  
  10   161.23   40916.36   11   2e-01   2453    -365   +499    6e-01   1500    -277   +480    7e-01   1415    -298   +480  
  11   163.37   40826.83   15   3e-01   2584    -361   +492    5e-01   1689    -291   +480    6e-01   1596    -299   +480  
  12   165.66   40750.56   19   2e-01   2681    -397   +494    5e-01   1835    -334   +480    5e-01   1707    -369   +480  
  13   168.10   40687.04   17   1e-01   2734    -438   +491    4e-01   1981    -334   +480    5e-01   1853    -334   +480  
  14   170.66   40631.97   19   1e-01   2816    -406   +488    4e-01   2073    -388   +480    5e-01   1969    -364   +480  
  15   173.36   40593.59   20   1e-01   2912    -316   +412    4e-01   2253    -299   +479    5e-01   2179    -268   +478  
  16   176.19   40561.73   25   1e-01   3133    -261   +482    4e-01   2478    -255   +480    5e-01   2410    -249   +480  
  17   179.07   40539.18   25   8e-02   2879    -359   +105    3e-01   2645    -313   +480    4e-01   2569    -319   +478  
  18   181.96   40505.43   21   1e-01   2990    -142   +253    3e-01   2855    -270   +480    4e-01   2779    -270   +480  
  19   184.84   40489.39   23   1e-01   2929    -193   +132    4e-01   3036    -299   +480    5e-01   2963    -295   +479  
  20   187.77   40471.55   24   7e-02   2859    -150   +80     3e-01   3238    -275   +477    4e-01   3146    -293   +476  
  21   190.75   40459.82   28   9e-02   2783    -95    +19     3e-01   3446    -268   +476    4e-01   3338    -284   +476  
  22   193.08   40442.31   23   9e-02   2783    -0     +0      3e-01   3446    -0     +0      4e-01   3338    -0     +0    
==========================================================================================================================
Prune!
==========================================================================================================================
Depth = 2, Bound = 40442.31, Best = 40442

Fixing x[31] = 1

**************************************************************************************************************************
                                               Node 7
**************************************************************************************************************************
Problem size 249
Fixed variables: (x[31],1) (x[158],0)
==========================================================================================================================
starting bound     cut  triangles added  violation
      43839.76   40442              500       0.50
==========================================================================================================================
iter     time      bound  bdl   viol3  triag  purged   added   viol5  penta  purged   added   viol7  hepta  purged   added
==========================================================================================================================
   1   193.73   43146.76    5   4e-01    825    -174   +499   
   2   194.40   42577.12    7   4e-01   1100    -223   +498   
   3   195.17   42215.37    4   4e-01   1355    -244   +499   
   4   196.06   41950.97    7   4e-01   1587    -267   +499   
   5   197.55   41738.42    8   3e-01   1722    -365   +500    8e-01    480    -0     +480    8e-01    480    -0     +480  
   6   198.63   41497.52    9   3e-01   1908    -314   +500   
   7   200.36   41374.97   10   2e-01   2011    -395   +498    7e-01    817    -143   +480    7e-01    803    -157   +480  
   8   202.11   41167.54    8   3e-01   2109    -401   +499    7e-01   1087    -210   +480    8e-01   1060    -223   +480  
   9   203.94   41049.54   13   2e-01   2232    -377   +500    6e-01   1249    -318   +480    7e-01   1181    -359   +480  
  10   205.94   40947.31   15   2e-01   2308    -422   +498    7e-01   1414    -315   +480    6e-01   1295    -366   +480  
  11   208.07   40844.56   17   2e-01   2282    -526   +500    5e-01   1493    -401   +480    5e-01   1390    -385   +480  
  12   210.28   40770.10   16   2e-01   2501    -272   +491    5e-01   1706    -267   +480    5e-01   1576    -294   +480  
  13   212.69   40673.33   16   2e-01   2662    -335   +496    5e-01   1876    -310   +480    6e-01   1756    -300   +480  
  14   215.17   40622.04   20   1e-01   2753    -397   +488    4e-01   2031    -325   +480    5e-01   1927    -309   +480  
  15   217.82   40564.23   24   1e-01   2914    -324   +485    4e-01   2252    -259   +480    5e-01   2110    -297   +480  
  16   220.60   40520.37   24   1e-01   3060    -335   +481    4e-01   2437    -294   +479    5e-01   2236    -353   +479  
  17   223.40   40492.99   22   1e-01   3023    -345   +308    4e-01   2644    -273   +480    5e-01   2429    -285   +478  
  18   226.24   40456.12   27   1e-01   3086    -208   +271    3e-01   2891    -233   +480    5e-01   2657    -252   +480  
  19   227.29   40438.03   27   1e-01   3086    -0     +0      3e-01   2891    -0     +0      5e-01   2657    -0     +0    
==========================================================================================================================
Prune!
==========================================================================================================================
Depth = 2, Bound = 40438.03, Best = 40442


Nodes = 7
Root node bound = 40515.510
Maximum value = 40442
Solution = ( 2 3 5 7 8 9 13 15 17 20 21 22 27 28 29 30 31 32 33 34 35 36 37 38 39 41 42 43 44 47 48 51 52 58 59 61 62 65 66 68 69 70 71 73 74 76 77 78 80 82 83 86 87 93 94 95 96 97 98 99 100 102 104 105 107 108 109 114 115 117 118 119 123 124 126 127 128 130 131 132 134 135 137 138 139 144 146 147 148 149 152 154 157 158 159 161 163 164 165 166 167 168 170 171 172 173 174 175 177 181 182 183 184 187 189 190 191 192 193 194 195 199 200 201 202 203 205 206 209 210 211 212 215 216 220 222 223 224 225 226 227 229 230 234 235 240 241 242 243 244 246 247 250 )
CPU time = 227.29 s

