Input file: ./Instances/biq2mc/beasley/bqp250-4.sparse.mc

Graph has 251 vertices and 3397 edges.

BiqBin parameters:
    init_bundle_iter = 5
     max_bundle_iter = 20
      min_outer_iter = 10
      max_outer_iter = 30
       violated_Ineq = 0.050000
             TriIneq = 500
         Pent_Trials = 160
        Hepta_Trials = 120
        include_Pent = 1
       include_Hepta = 1
                root = 0
            use_diff = 1
          time_limit = 0
   branchingStrategy = 1
      detailedOutput = 1

**************************************************************************************************************************
                                               Node 1
**************************************************************************************************************************
Problem size 251
Fixed variables:
Node 1 Feasible solution 41219
==========================================================================================================================
starting bound     cut  triangles added  violation
      44391.58   41219              500       0.49
==========================================================================================================================
iter     time      bound  bdl   viol3  triag  purged   added   viol5  penta  purged   added   viol7  hepta  purged   added
==========================================================================================================================
   1     0.79   43752.12    4   4e-01    843    -154   +497   
Node 1 Feasible solution 41250
   2     1.42   43253.81    6   4e-01   1165    -176   +498   
Node 1 Feasible solution 41254
   3     2.20   42931.12    7   4e-01   1404    -261   +500   
Node 1 Feasible solution 41274
   4     3.04   42688.10    7   3e-01   1549    -355   +500   
   5     4.17   42501.97    7   3e-01   1767    -282   +500   
   6     5.96   42364.09    9   3e-01   1948    -318   +499    7e-01    480    -0     +480    8e-01    480    -0     +480  
   7     7.74   42159.73    9   3e-01   2102    -345   +499    7e-01    821    -139   +480    8e-01    831    -129   +480  
   8     9.62   42025.49   12   2e-01   2196    -402   +496    6e-01   1070    -231   +480    7e-01   1076    -235   +480  
   9    11.57   41897.01   11   2e-01   2280    -410   +494    6e-01   1253    -297   +480    7e-01   1275    -281   +480  
  10    13.67   41799.58   12   2e-01   2304    -473   +497    5e-01   1415    -318   +480    6e-01   1433    -322   +480  
  11    15.86   41696.15   15   2e-01   2376    -424   +496    5e-01   1571    -324   +480    6e-01   1569    -344   +480  
  12    18.28   41604.66   16   2e-01   2545    -328   +497    5e-01   1793    -258   +480    6e-01   1749    -300   +480  
  13    20.76   41531.12   16   2e-01   2658    -382   +495    5e-01   1920    -353   +480    6e-01   1892    -337   +480  
  14    23.36   41480.81   18   1e-01   2683    -463   +488    4e-01   2066    -334   +480    5e-01   2007    -365   +480  
  15    26.12   41439.33   19   1e-01   2825    -350   +492    4e-01   2238    -308   +480    6e-01   2183    -304   +480  
  16    29.02   41410.31   23   8e-02   2630    -411   +216    4e-01   2373    -345   +480    4e-01   2389    -274   +480  
  17    31.97   41374.52   23   1e-01   2911    -206   +487    4e-01   2584    -269   +480    6e-01   2577    -292   +480  
  18    34.96   41359.00   23   9e-02   2668    -362   +119    3e-01   2792    -272   +480    5e-01   2765    -292   +480  
  19    37.97   41342.69   24   8e-02   2558    -139   +29     4e-01   3000    -271   +479    5e-01   2971    -274   +480  
  20    41.01   41331.33   24   7e-02   2530    -75    +47     4e-01   3237    -242   +479    4e-01   3224    -226   +479  
  21    44.06   41319.38   19   8e-02   2517    -69    +56     3e-01   3403    -313   +479    5e-01   3406    -297   +479  
  22    47.19   41305.71   24   9e-02   2468    -78    +29     3e-01   3540    -338   +475    4e-01   3544    -342   +480  
  23    50.33   41299.99   24   8e-02   2426    -53    +11     3e-01   3717    -299   +476    3e-01   3767    -255   +478  
  24    53.45   41293.47   16   1e-01   2885    -36    +495    4e-01   3874    -323   +480    5e-01   3965    -282   +480  
  25    55.86   41291.11   22   1e-01   2885    -0     +0      4e-01   3874    -0     +0      5e-01   3965    -0     +0    
==========================================================================================================================
BOUNDING STOPPED: Gap to big!
==========================================================================================================================
Depth = 0, Bound = 41291.11, Best = 41274

Branching on x[172] = 0.50
Fixing x[172] = 0

**************************************************************************************************************************
                                               Node 2
**************************************************************************************************************************
Problem size 250
Fixed variables: (x[172],0)
==========================================================================================================================
starting bound     cut  triangles added  violation
      44333.35   41274              500       0.49
==========================================================================================================================
iter     time      bound  bdl   viol3  triag  purged   added   viol5  penta  purged   added   viol7  hepta  purged   added
==========================================================================================================================
   1    56.50   43785.45    4   4e-01    826    -168   +494   
   2    57.15   43279.55    6   4e-01   1070    -256   +500   
   3    57.91   42943.29    5   4e-01   1254    -315   +499   
   4    58.70   42703.05    8   4e-01   1379    -374   +499   
   5    59.77   42502.52    7   3e-01   1622    -257   +500   
   6    60.96   42339.17   10   3e-01   1766    -356   +500   
   7    62.83   42209.70   10   2e-01   1936    -329   +499    7e-01    480    -0     +480    8e-01    480    -0     +480  
   8    64.69   42045.97   11   3e-01   1995    -441   +500    7e-01    798    -162   +480    7e-01    816    -144   +480  
   9    66.60   41913.08   12   2e-01   2109    -383   +497    6e-01   1054    -224   +480    7e-01   1070    -226   +480  
  10    68.62   41783.10   14   2e-01   2248    -358   +497    5e-01   1246    -288   +480    6e-01   1222    -328   +480  
  11    70.83   41683.81   15   2e-01   2317    -428   +497    5e-01   1469    -257   +480    6e-01   1446    -256   +480  
  12    73.12   41603.88   13   2e-01   2409    -399   +491    5e-01   1661    -288   +480    6e-01   1631    -295   +480  
  13    75.55   41535.27   16   2e-01   2482    -425   +498    4e-01   1821    -320   +480    5e-01   1764    -347   +480  
  14    78.08   41490.58   21   1e-01   2577    -380   +475    4e-01   1972    -329   +480    5e-01   1917    -327   +480  
  15    80.79   41429.55   16   2e-01   2827    -247   +497    5e-01   2240    -212   +480    7e-01   2153    -244   +480  
  16    83.68   41381.73   18   1e-01   2817    -497   +487    4e-01   2305    -415   +480    5e-01   2212    -421   +480  
  17    86.59   41354.73   19   1e-01   2922    -383   +488    4e-01   2472    -313   +480    5e-01   2396    -296   +480  
  18    89.53   41333.80   26   1e-01   2941    -372   +391    4e-01   2643    -309   +480    5e-01   2594    -282   +480  
  19    92.44   41315.02   24   8e-02   2707    -310   +76     3e-01   2781    -340   +478    5e-01   2770    -304   +480  
  20    95.43   41304.50   21   1e-01   2904    -145   +342    4e-01   3006    -255   +480    5e-01   3005    -245   +480  
  21    98.47   41294.81   16   6e-02   2593    -318   +7      3e-01   3071    -413   +478    4e-01   3166    -319   +480  
  22   101.52   41287.86   14   1e-01   2571    -91    +69     3e-01   3228    -323   +480    5e-01   3330    -316   +480  
  23   104.58   41282.63   16   1e-01   2525    -79    +33     4e-01   3341    -367   +480    5e-01   3453    -357   +480  
  24   107.77   41279.52   18   8e-02   2498    -44    +17     2e-01   3474    -342   +475    4e-01   3621    -312   +480  
  25   110.85   41277.23   10   2e-01   2967    -30    +499    6e-01   3510    -444   +480    7e-01   3688    -413   +480  
  26   114.20   41275.14    6   1e-01   2981    -486   +500    5e-01   3548    -442   +480    6e-01   3740    -428   +480  
  27   115.43   41274.89    7   1e-01   2981    -0     +0      5e-01   3548    -0     +0      6e-01   3740    -0     +0    
==========================================================================================================================
Prune!
==========================================================================================================================
Depth = 1, Bound = 41274.89, Best = 41274

Fixing x[172] = 1

**************************************************************************************************************************
                                               Node 3
**************************************************************************************************************************
Problem size 250
Fixed variables: (x[172],1)
==========================================================================================================================
starting bound     cut  triangles added  violation
      44329.06   41274              500       0.49
==========================================================================================================================
iter     time      bound  bdl   viol3  triag  purged   added   viol5  penta  purged   added   viol7  hepta  purged   added
==========================================================================================================================
   1   116.06   43735.49    5   4e-01    867    -128   +495   
   2   116.74   43253.25    5   4e-01   1187    -169   +489   
   3   117.47   42897.83    7   4e-01   1421    -265   +499   
   4   118.34   42669.31    8   3e-01   1592    -329   +500   
   5   119.49   42443.60    8   3e-01   1802    -290   +500   
   6   121.27   42305.70   10   3e-01   2025    -276   +499    7e-01    480    -0     +480    8e-01    480    -0     +480  
   7   123.05   42131.11    9   3e-01   2082    -443   +500    7e-01    787    -173   +480    7e-01    784    -176   +480  
   8   124.93   41987.07   11   2e-01   2209    -372   +499    6e-01   1042    -225   +480    8e-01   1041    -223   +480  
   9   126.89   41852.85   12   2e-01   2352    -353   +496    5e-01   1285    -237   +480    7e-01   1272    -249   +480  
  10   128.95   41726.90   16   2e-01   2393    -458   +499    5e-01   1450    -315   +480    6e-01   1412    -340   +480  
  11   131.15   41627.88   14   2e-01   2511    -377   +495    5e-01   1651    -279   +480    6e-01   1607    -285   +480  
  12   133.44   41566.55   16   2e-01   2630    -373   +492    5e-01   1841    -290   +480    6e-01   1765    -322   +480  
  13   135.86   41498.71   17   2e-01   2676    -445   +491    5e-01   1967    -354   +480    5e-01   1938    -307   +480  
  14   138.44   41459.65   19   1e-01   2745    -417   +486    4e-01   2101    -346   +480    5e-01   2058    -360   +480  
  15   141.15   41416.44   21   1e-01   2825    -401   +481    4e-01   2287    -294   +480    6e-01   2245    -291   +478  
  16   144.02   41384.66   20   1e-01   2946    -358   +479    4e-01   2480    -287   +480    5e-01   2466    -259   +480  
  17   146.88   41358.67   20   1e-01   3064    -370   +488    4e-01   2647    -313   +480    5e-01   2694    -252   +480  
  18   149.79   41336.97   21   1e-01   2763    -424   +123    3e-01   2799    -328   +480    5e-01   2861    -313   +480  
  19   152.72   41318.25   26   8e-02   2683    -195   +115    4e-01   2965    -313   +479    6e-01   3023    -318   +480  
  20   155.72   41306.40   26   9e-02   2643    -127   +87     3e-01   3163    -282   +480    4e-01   3238    -265   +480  
  21   158.75   41295.25   20   1e-01   2993    -90    +440    4e-01   3349    -294   +480    5e-01   3432    -286   +480  
  22   161.82   41288.07   22   7e-02   2655    -373   +35     2e-01   3420    -409   +480    4e-01   3549    -363   +480  
  23   164.90   41281.25   18   8e-02   2584    -114   +43     4e-01   3518    -381   +479    6e-01   3684    -345   +480  
  24   168.09   41277.76   19   8e-02   2724    -66    +206    5e-01   3620    -378   +480    5e-01   3866    -298   +480  
  25   169.78   41274.54   18   8e-02   2724    -0     +0      5e-01   3620    -0     +0      5e-01   3866    -0     +0    
==========================================================================================================================
Prune!
==========================================================================================================================
Depth = 1, Bound = 41274.54, Best = 41274


Nodes = 3
Root node bound = 41291.107
Maximum value = 41274
Solution = ( 1 4 5 6 15 19 21 23 26 28 29 30 32 33 37 39 40 41 44 46 53 55 56 58 62 66 67 68 72 73 74 75 80 82 91 93 95 96 100 103 104 106 111 125 126 130 131 133 134 137 140 142 143 144 147 148 150 151 153 156 159 160 161 162 163 164 172 182 184 187 191 193 194 195 198 199 200 201 203 206 212 214 216 218 219 224 227 229 230 232 233 236 241 244 246 248 250 )
CPU time = 169.78 s

