Input file: ./Instances/biq2mc/be/be100.8.sparse.mc

Graph has 101 vertices and 5009 edges.

BiqBin parameters:
    init_bundle_iter = 5
     max_bundle_iter = 20
      min_outer_iter = 10
      max_outer_iter = 30
       violated_Ineq = 0.050000
             TriIneq = 500
         Pent_Trials = 160
        Hepta_Trials = 120
        include_Pent = 1
       include_Hepta = 1
                root = 0
            use_diff = 1
          time_limit = 0
   branchingStrategy = 1
      detailedOutput = 1

**************************************************************************************************************************
                                               Node 1
**************************************************************************************************************************
Problem size 101
Fixed variables:
Node 1 Feasible solution 18641
==========================================================================================================================
starting bound     cut  triangles added  violation
      20317.83   18641              500       0.49
==========================================================================================================================
iter     time      bound  bdl   viol3  triag  purged   added   viol5  penta  purged   added   viol7  hepta  purged   added
==========================================================================================================================
   1     0.07   19759.19    5   4e-01    846    -148   +494   
   2     0.14   19486.39    5   4e-01   1176    -160   +490   
Node 1 Feasible solution 18649
   3     0.23   19336.85   10   3e-01   1362    -293   +479   
   4     0.49   19246.62    9   3e-01   1526    -324   +488    7e-01    480    -0     +480    8e-01    480    -0     +480  
   5     0.61   19127.99   11   3e-01   1634    -367   +475   
   6     0.90   19063.72   12   3e-01   1814    -273   +453    6e-01    866    -94    +480    8e-01    823    -137   +480  
   7     1.21   18994.19   15   2e-01   1841    -413   +440    5e-01   1110    -236   +480    6e-01   1119    -183   +479  
   8     1.55   18936.77   14   2e-01   1955    -338   +452    6e-01   1370    -220   +480    7e-01   1383    -216   +480  
   9     1.92   18887.34   21   2e-01   1915    -460   +420    5e-01   1422    -428   +480    5e-01   1442    -420   +479  
  10     2.31   18848.57   19   1e-01   1941    -410   +436    5e-01   1570    -332   +480    5e-01   1645    -277   +480  
  11     2.72   18819.56   22   9e-02   1525    -449   +33     3e-01   1689    -355   +474    4e-01   1791    -324   +470  
  12     3.15   18791.45   25   1e-01   1456    -142   +73     4e-01   1887    -282   +480    5e-01   1990    -269   +468  
  13     3.60   18777.71   27   9e-02   1406    -109   +59     3e-01   2058    -306   +477    4e-01   2195    -264   +469  
  14     4.07   18759.63   21   1e-01   1783    -87    +464    4e-01   2213    -325   +480    5e-01   2386    -288   +479  
  15     4.59   18748.09   28   1e-01   1443    -372   +32     3e-01   2250    -442   +479    5e-01   2483    -381   +478  
  16     5.11   18736.69   28   7e-02   1350    -105   +12     4e-01   2401    -328   +479    5e-01   2570    -383   +470  
  17     5.64   18725.90   32   5e-02   1290    -60    +0      2e-01   2381    -419   +399    3e-01   2662    -347   +439  
  18     6.19   18718.40   31   6e-02   1249    -43    +2      2e-01   2557    -245   +421    3e-01   2840    -257   +435  
  19     6.74   18709.81   37   7e-02   1228    -28    +7      2e-01   2723    -295   +461    5e-01   3052    -240   +452  
  20     7.06   18705.79   18   7e-02   1228    -0     +0      2e-01   2723    -0     +0      5e-01   3052    -0     +0    
==========================================================================================================================
BOUNDING STOPPED: Gap to big!
==========================================================================================================================
Depth = 0, Bound = 18705.79, Best = 18649

Branching on x[91] = 0.51
Fixing x[91] = 0

**************************************************************************************************************************
                                               Node 2
**************************************************************************************************************************
Problem size 100
Fixed variables: (x[91],0)
==========================================================================================================================
starting bound     cut  triangles added  violation
      20258.32   18649              500       0.50
==========================================================================================================================
iter     time      bound  bdl   viol3  triag  purged   added   viol5  penta  purged   added   viol7  hepta  purged   added
==========================================================================================================================
   1     7.12   19715.24    5   4e-01    845    -146   +491   
   2     7.20   19441.33    4   4e-01   1180    -154   +489   
   3     7.44   19308.04    8   3e-01   1343    -321   +484    8e-01    480    -0     +480    8e-01    480    -0     +480  
   4     7.53   19129.15    7   3e-01   1542    -290   +489   
   5     7.81   19075.34    9   3e-01   1688    -329   +475    7e-01    875    -85    +480    8e-01    864    -96    +480  
   6     8.10   18990.22   12   2e-01   1769    -366   +447    5e-01   1109    -246   +480    7e-01   1104    -240   +480  
   7     8.42   18914.18   14   2e-01   1857    -370   +458    6e-01   1338    -251   +480    6e-01   1330    -253   +479  
   8     8.77   18860.24   17   2e-01   1835    -469   +447    5e-01   1437    -381   +480    6e-01   1454    -356   +480  
   9     9.14   18819.22   16   2e-01   1862    -426   +453    5e-01   1585    -332   +480    6e-01   1619    -315   +480  
  10     9.53   18790.27   21   1e-01   1702    -458   +298    4e-01   1717    -348   +480    5e-01   1747    -350   +478  
  11     9.94   18768.12   29   8e-02   1499    -296   +93     4e-01   1841    -352   +476    5e-01   1923    -290   +466  
  12    10.37   18748.52   26   1e-01   1816    -135   +452    4e-01   2051    -270   +480    5e-01   2140    -263   +480  
  13    10.85   18731.97   29   7e-02   1466    -360   +10     3e-01   2118    -395   +462    4e-01   2224    -373   +457  
  14    11.32   18714.18   22   1e-01   1462    -136   +132    3e-01   2301    -297   +480    5e-01   2411    -290   +477  
  15    11.82   18704.41   25   7e-02   1313    -156   +7      3e-01   2343    -431   +473    4e-01   2498    -372   +459  
  16    12.34   18691.66   24   1e-01   1357    -54    +98     3e-01   2469    -354   +480    5e-01   2649    -328   +479  
  17    12.88   18686.83   17   1e-01   1725    -108   +476    4e-01   2529    -420   +480    5e-01   2786    -343   +480  
  18    13.44   18681.07   27   7e-02   1350    -386   +11     3e-01   2543    -460   +474    4e-01   2818    -438   +470  
  19    14.00   18675.19   30   8e-02   1284    -88    +22     2e-01   2647    -353   +457    3e-01   2928    -335   +445  
  20    14.55   18672.18   25   8e-02   1242    -62    +20     3e-01   2755    -370   +478    4e-01   3120    -285   +477  
  21    15.12   18668.54   28   6e-02   1199    -45    +2      2e-01   2813    -395   +453    3e-01   3262    -322   +464  
  22    15.67   18665.70   28   5e-02   1186    -13    +0      2e-01   2826    -395   +408    4e-01   3339    -362   +439  
  23    16.21   18663.56   18   1e-01   1273    -7     +94     4e-01   2972    -334   +480    5e-01   3520    -299   +480  
  24    16.81   18661.23   22   6e-02   1189    -88    +4      2e-01   2970    -474   +472    3e-01   3569    -424   +473  
  25    17.40   18658.68   29   4e-02   1166    -23    +0      1e-01   3010    -293   +333    3e-01   3663    -302   +396  
  26    17.71   18657.52   16   4e-02   1166    -0     +0      1e-01   3010    -0     +0      3e-01   3663    -0     +0    
==========================================================================================================================
BOUNDING STOPPED: Gap to big!
==========================================================================================================================
Depth = 1, Bound = 18657.52, Best = 18649

Fixing x[91] = 1

**************************************************************************************************************************
                                               Node 3
**************************************************************************************************************************
Problem size 100
Fixed variables: (x[91],1)
==========================================================================================================================
starting bound     cut  triangles added  violation
      20162.90   18649              500       0.49
==========================================================================================================================
iter     time      bound  bdl   viol3  triag  purged   added   viol5  penta  purged   added   viol7  hepta  purged   added
==========================================================================================================================
   1    17.77   19625.79    5   4e-01    862    -124   +486   
   2    17.85   19332.87    5   4e-01   1157    -200   +495   
   3    17.94   19241.61    8   3e-01   1466    -169   +478   
   4    18.20   19148.99    9   3e-01   1530    -421   +485    7e-01    480    -0     +480    8e-01    480    -0     +480  
   5    18.49   19036.22   11   2e-01   1579    -400   +449    7e-01    830    -130   +480    7e-01    841    -119   +480  
   6    18.79   18942.47   12   2e-01   1694    -348   +463    7e-01   1137    -173   +480    7e-01   1142    -179   +480  
   7    19.12   18888.75   16   1e-01   1707    -461   +474    5e-01   1263    -354   +480    6e-01   1301    -321   +480  
   8    19.46   18847.55   15   1e-01   1741    -395   +429    5e-01   1493    -250   +480    6e-01   1518    -263   +480  
   9    19.83   18800.74   16   2e-01   1845    -342   +446    5e-01   1668    -305   +480    6e-01   1722    -276   +480  
  10    20.24   18777.13   20   1e-01   1659    -414   +228    5e-01   1814    -334   +480    5e-01   1846    -354   +478  
  11    20.66   18753.33   21   1e-01   1778    -229   +348    4e-01   1965    -329   +480    6e-01   2014    -312   +480  
  12    21.11   18729.14   25   1e-01   1692    -306   +220    4e-01   2079    -366   +480    5e-01   2177    -317   +480  
  13    21.60   18709.39   25   8e-02   1432    -276   +16     4e-01   2151    -407   +479    4e-01   2275    -382   +480  
  14    22.07   18697.67   24   1e-01   1439    -100   +107    3e-01   2328    -303   +480    5e-01   2485    -270   +480  
  15    22.58   18687.95   24   8e-02   1345    -116   +22     3e-01   2456    -350   +478    4e-01   2637    -323   +475  
  16    23.11   18681.79   21   8e-02   1376    -59    +90     3e-01   2515    -421   +480    4e-01   2786    -330   +479  
  17    23.67   18675.08   25   9e-02   1291    -110   +25     3e-01   2597    -396   +478    4e-01   2894    -370   +478  
  18    24.23   18668.23   25   9e-02   1298    -45    +52     3e-01   2690    -387   +480    5e-01   3071    -301   +478  
  19    24.79   18663.37   31   8e-02   1269    -55    +26     3e-01   2773    -392   +475    3e-01   3173    -374   +476  
  20    25.34   18661.97   20   9e-02   1318    -45    +94     4e-01   2844    -409   +480    5e-01   3303    -350   +480  
  21    25.92   18657.88   27   5e-02   1234    -86    +2      2e-01   2823    -490   +469    3e-01   3312    -459   +468  
  22    26.49   18655.49   17   4e-02   1211    -23    +0      1e-01   2944    -327   +448    3e-01   3497    -282   +467  
  23    27.04   18653.58   15   8e-02   1245    -12    +46     3e-01   3069    -355   +480    4e-01   3635    -342   +480  
  24    27.63   18652.95   16   6e-02   1200    -47    +2      2e-01   3137    -404   +472    3e-01   3811    -300   +476  
  25    28.21   18651.17   17   5e-02   1187    -15    +2      2e-01   3178    -430   +471    2e-01   3819    -468   +476  
  26    28.81   18650.55   13   7e-02   1203    -4     +20     2e-01   3200    -458   +480    4e-01   3830    -469   +480  
  27    29.41   18650.25   15   8e-02   1223    -25    +45     2e-01   3229    -451   +480    3e-01   3914    -396   +480  
  28    29.45   18649.95   18   8e-02   1223    -0     +0      2e-01   3229    -0     +0      3e-01   3914    -0     +0    
==========================================================================================================================
Prune!
==========================================================================================================================
Depth = 1, Bound = 18649.95, Best = 18649

Branching on x[60] = 0.49
Fixing x[60] = 0

**************************************************************************************************************************
                                               Node 4
**************************************************************************************************************************
Problem size 99
Fixed variables: (x[60],0) (x[91],0)
==========================================================================================================================
starting bound     cut  triangles added  violation
      20076.11   18649              500       0.50
==========================================================================================================================
iter     time      bound  bdl   viol3  triag  purged   added   viol5  penta  purged   added   viol7  hepta  purged   added
==========================================================================================================================
   1    29.52   19606.28    5   5e-01    830    -161   +491   
   2    29.59   19391.55    7   4e-01   1035    -285   +490   
   3    29.67   19208.88    8   3e-01   1284    -243   +492   
   4    29.76   19081.44    9   3e-01   1532    -242   +490   
   5    29.86   19008.12   11   3e-01   1710    -297   +475   
   6    30.15   18935.09   11   2e-01   1845    -340   +475    7e-01    480    -0     +480    8e-01    480    -0     +480  
   7    30.47   18879.43   15   2e-01   1875    -424   +454    5e-01    804    -156   +480    7e-01    828    -132   +480  
   8    30.79   18814.31   18   1e-01   1923    -402   +450    5e-01   1103    -181   +480    6e-01   1170    -138   +480  
   9    31.14   18773.07   15   2e-01   2055    -323   +455    5e-01   1347    -235   +479    7e-01   1439    -211   +480  
  10    31.53   18737.98   15   2e-01   2097    -403   +445    5e-01   1490    -337   +480    6e-01   1622    -297   +480  
  11    31.94   18715.64   18   1e-01   1813    -440   +156    4e-01   1617    -353   +480    5e-01   1772    -330   +480  
  12    32.36   18699.62   16   1e-01   1949    -209   +345    4e-01   1830    -267   +480    6e-01   2003    -249   +480  
  13    32.81   18684.16   20   1e-01   1802    -318   +171    4e-01   1952    -358   +480    5e-01   2175    -308   +480  
  14    33.29   18672.23   22   2e-01   2073    -198   +469    5e-01   2016    -416   +480    7e-01   2280    -375   +480  
  15    33.83   18662.78   15   2e-01   2094    -449   +470    5e-01   2048    -448   +480    6e-01   2362    -398   +480  
  16    34.39   18656.16   16   1e-01   2030    -463   +399    4e-01   2049    -479   +480    6e-01   2433    -409   +480  
  17    34.98   18651.63   16   6e-02   1621    -416   +7      3e-01   2097    -432   +480    5e-01   2509    -404   +480  
  18    35.08   18649.88   14   6e-02   1621    -0     +0      3e-01   2097    -0     +0      5e-01   2509    -0     +0    
==========================================================================================================================
Prune!
==========================================================================================================================
Depth = 2, Bound = 18649.88, Best = 18649

Fixing x[60] = 1

**************************************************************************************************************************
                                               Node 5
**************************************************************************************************************************
Problem size 99
Fixed variables: (x[60],1) (x[91],0)
==========================================================================================================================
starting bound     cut  triangles added  violation
      20242.40   18649              500       0.50
==========================================================================================================================
iter     time      bound  bdl   viol3  triag  purged   added   viol5  penta  purged   added   viol7  hepta  purged   added
==========================================================================================================================
   1    35.14   19665.43    5   4e-01    842    -143   +485   
   2    35.21   19409.07    8   3e-01   1138    -193   +489   
   3    35.30   19274.60    6   3e-01   1386    -237   +485   
   4    35.39   19132.57    8   3e-01   1584    -288   +486   
   5    35.66   19063.76   13   2e-01   1712    -351   +479    7e-01    480    -0     +480    8e-01    480    -0     +480  
   6    35.94   18977.59   14   2e-01   1847    -333   +468    7e-01    842    -118   +480    7e-01    830    -130   +480  
   7    36.26   18913.65   14   2e-01   1844    -464   +461    5e-01   1100    -221   +479    7e-01   1090    -220   +480  
   8    36.59   18861.46   17   2e-01   1888    -390   +434    5e-01   1325    -255   +480    6e-01   1324    -244   +478  
   9    36.94   18815.62   20   2e-01   1999    -333   +444    5e-01   1572    -233   +480    6e-01   1566    -237   +479  
  10    37.34   18780.68   18   2e-01   1971    -490   +462    5e-01   1641    -411   +480    6e-01   1661    -385   +480  
  11    37.75   18754.48   22   1e-01   1529    -496   +54     4e-01   1706    -414   +479    5e-01   1769    -366   +474  
  12    38.17   18728.52   23   2e-01   1849    -123   +443    4e-01   1896    -290   +480    6e-01   1995    -254   +480  
  13    38.64   18713.26   25   8e-02   1474    -403   +28     4e-01   1974    -397   +475    5e-01   2117    -354   +476  
  14    39.09   18697.13   26   9e-02   1458    -107   +91     6e-01   2179    -272   +477    6e-01   2284    -309   +476  
  15    39.58   18684.68   14   2e-01   1810    -120   +472    5e-01   2280    -379   +480    6e-01   2452    -312   +480  
  16    40.11   18673.92   23   1e-01   1459    -392   +41     3e-01   2291    -468   +479    4e-01   2502    -429   +479  
  17    40.62   18667.54   21   2e-01   1704    -116   +361    4e-01   2370    -401   +480    5e-01   2685    -297   +480  
  18    41.17   18660.99   20   6e-02   1382    -324   +2      3e-01   2427    -402   +459    4e-01   2795    -354   +464  
  19    41.69   18654.54   26   6e-02   1328    -56    +2      3e-01   2521    -374   +468    4e-01   2913    -353   +471  
  20    41.96   18648.51   31   6e-02   1328    -0     +0      3e-01   2521    -0     +0      4e-01   2913    -0     +0    
==========================================================================================================================
Prune!
==========================================================================================================================
Depth = 2, Bound = 18648.51, Best = 18649


Nodes = 5
Root node bound = 18705.791
Maximum value = 18649
Solution = ( 2 3 4 5 6 8 10 11 13 15 17 18 19 20 22 24 25 26 28 30 31 33 36 38 41 43 45 46 47 49 50 53 55 56 57 58 60 61 66 67 68 69 70 73 74 76 77 78 79 80 81 82 84 87 88 90 91 92 93 95 98 )
CPU time = 41.96 s

