Input file: ./Instances/biq2mc/be/be100.4.sparse.mc

Graph has 101 vertices and 5004 edges.

BiqBin parameters:
    init_bundle_iter = 5
     max_bundle_iter = 20
      min_outer_iter = 10
      max_outer_iter = 30
       violated_Ineq = 0.050000
             TriIneq = 500
         Pent_Trials = 160
        Hepta_Trials = 120
        include_Pent = 1
       include_Hepta = 1
                root = 0
            use_diff = 1
          time_limit = 0
   branchingStrategy = 1
      detailedOutput = 1

**************************************************************************************************************************
                                               Node 1
**************************************************************************************************************************
Problem size 101
Fixed variables:
Node 1 Feasible solution 19122
==========================================================================================================================
starting bound     cut  triangles added  violation
      20127.98   19122              500       0.49
==========================================================================================================================
iter     time      bound  bdl   viol3  triag  purged   added   viol5  penta  purged   added   viol7  hepta  purged   added
==========================================================================================================================
Node 1 Feasible solution 19125
   1     0.08   19844.93    4   5e-01    823    -162   +485   
   2     0.17   19685.66    5   4e-01   1026    -291   +494   
   3     0.27   19535.93    7   3e-01   1253    -265   +492   
   4     0.38   19445.31    9   4e-01   1481    -254   +482   
   5     0.71   19399.82   11   3e-01   1709    -246   +474    7e-01    480    -0     +480    9e-01    480    -0     +480  
   6     1.06   19337.86   10   2e-01   1763    -427   +481    7e-01    804    -156   +480    9e-01    865    -95    +480  
   7     1.44   19296.48   13   2e-01   1784    -457   +478    6e-01    969    -315   +480    7e-01   1120    -225   +480  
   8     1.86   19259.35   12   2e-01   1820    -436   +472    5e-01   1199    -250   +480    7e-01   1397    -203   +480  
   9     2.28   19234.35   12   2e-01   1863    -436   +479    6e-01   1342    -337   +480    7e-01   1652    -225   +480  
  10     2.72   19212.13   15   2e-01   1917    -434   +488    5e-01   1518    -304   +480    7e-01   1904    -228   +480  
  11     3.20   19199.86   21   1e-01   1498    -484   +65     3e-01   1656    -342   +480    5e-01   2105    -279   +480  
  12     3.69   19186.27   19   9e-02   1414    -172   +88     4e-01   1854    -282   +480    6e-01   2360    -225   +480  
  13     4.20   19176.23   16   1e-01   1804    -102   +492    5e-01   2040    -294   +480    6e-01   2626    -214   +480  
  14     4.78   19165.81   22   9e-02   1407    -447   +50     3e-01   2072    -448   +480    5e-01   2672    -434   +480  
  15     5.34   19161.24   18   1e-01   1512    -128   +233    4e-01   2217    -335   +480    5e-01   2896    -256   +480  
  16     5.96   19155.23   21   1e-01   1374    -227   +89     3e-01   2255    -442   +480    5e-01   2991    -385   +480  
  17     6.58   19149.71   25   1e-01   1262    -115   +3      2e-01   2309    -410   +464    3e-01   3071    -399   +479  
  18     7.17   19146.62   21   1e-01   1261    -44    +43     3e-01   2543    -246   +480    6e-01   3318    -233   +480  
  19     7.86   19142.31   26   6e-02   1196    -71    +6      2e-01   2576    -447   +480    4e-01   3405    -393   +480  
  20     8.47   19140.26   17   9e-02   1201    -12    +17     5e-01   2767    -289   +480    6e-01   3641    -244   +480  
  21     8.82   19139.06   23   9e-02   1201    -0     +0      5e-01   2767    -0     +0      6e-01   3641    -0     +0    
==========================================================================================================================
BOUNDING STOPPED: Gap to big!
==========================================================================================================================
Depth = 0, Bound = 19139.06, Best = 19125

Branching on x[75] = 0.51
Fixing x[75] = 0

**************************************************************************************************************************
                                               Node 2
**************************************************************************************************************************
Problem size 100
Fixed variables: (x[75],0)
==========================================================================================================================
starting bound     cut  triangles added  violation
      20074.38   19125              500       0.50
==========================================================================================================================
iter     time      bound  bdl   viol3  triag  purged   added   viol5  penta  purged   added   viol7  hepta  purged   added
==========================================================================================================================
   1     8.89   19807.31    4   4e-01    832    -153   +485   
   2     8.97   19595.71    5   4e-01   1078    -253   +499   
   3     9.06   19493.46    5   3e-01   1285    -283   +490   
   4     9.37   19410.31    9   3e-01   1482    -293   +490    8e-01    480    -0     +480    9e-01    480    -0     +480  
   5     9.49   19346.60    9   3e-01   1615    -350   +483   
   6     9.84   19303.98   11   2e-01   1784    -300   +469    6e-01    826    -134   +480    8e-01    862    -98    +480  
   7    10.23   19258.98   12   2e-01   1941    -315   +472    7e-01   1139    -167   +480    8e-01   1226    -116   +480  
   8    10.63   19224.07   14   2e-01   1895    -515   +469    5e-01   1276    -343   +480    7e-01   1429    -277   +480  
   9    11.05   19202.21   15   1e-01   1958    -376   +439    5e-01   1514    -242   +480    6e-01   1717    -192   +480  
  10    11.48   19179.87   16   1e-01   1726    -456   +224    4e-01   1644    -350   +480    6e-01   1947    -250   +480  
  11    11.95   19166.58   15   1e-01   1585    -286   +145    5e-01   1821    -303   +480    5e-01   2182    -245   +480  
  12    12.44   19153.09   18   2e-01   1932    -140   +487    5e-01   2005    -296   +480    6e-01   2417    -245   +480  
  13    13.01   19144.24   16   1e-01   1888    -414   +370    4e-01   1986    -499   +480    6e-01   2491    -406   +480  
  14    13.58   19138.03   18   9e-02   1548    -389   +49     3e-01   2070    -396   +480    5e-01   2624    -347   +480  
  15    14.15   19134.13   19   1e-01   1518    -116   +86     4e-01   2148    -402   +480    6e-01   2788    -316   +480  
  16    14.77   19130.13   21   6e-02   1418    -114   +14     3e-01   2224    -404   +480    4e-01   2940    -328   +480  
  17    15.37   19129.11   19   9e-02   1429    -29    +40     3e-01   2318    -386   +480    4e-01   3060    -360   +480  
  18    16.01   19127.48   16   1e-01   1463    -57    +91     3e-01   2358    -440   +480    4e-01   3156    -384   +480  
  19    16.68   19126.57   11   5e-02   1362    -102   +1      1e-01   2420    -417   +479    2e-01   3244    -392   +480  
  20    16.90   19125.96   14   5e-02   1362    -0     +0      1e-01   2420    -0     +0      2e-01   3244    -0     +0    
==========================================================================================================================
Prune!
==========================================================================================================================
Depth = 1, Bound = 19125.96, Best = 19125

Fixing x[75] = 1

**************************************************************************************************************************
                                               Node 3
**************************************************************************************************************************
Problem size 100
Fixed variables: (x[75],1)
==========================================================================================================================
starting bound     cut  triangles added  violation
      20034.56   19125              500       0.49
==========================================================================================================================
iter     time      bound  bdl   viol3  triag  purged   added   viol5  penta  purged   added   viol7  hepta  purged   added
==========================================================================================================================
   1    16.97   19748.65    4   4e-01    831    -164   +495   
   2    17.05   19580.81    5   4e-01   1127    -192   +488   
   3    17.14   19485.26    7   4e-01   1385    -229   +487   
   4    17.45   19406.37   10   3e-01   1511    -351   +477    7e-01    480    -0     +480    9e-01    480    -0     +480  
   5    17.58   19329.88    6   4e-01   1729    -270   +488   
   6    17.93   19290.18   10   2e-01   1795    -420   +486    8e-01    879    -81    +480    9e-01    910    -50    +480  
   7    18.31   19255.59   12   2e-01   1816    -450   +471    6e-01   1108    -251   +480    7e-01   1211    -179   +480  
   8    18.73   19224.20    8   3e-01   1967    -331   +482    7e-01   1395    -193   +480    8e-01   1554    -137   +480  
   9    19.16   19206.19   14   2e-01   1947    -495   +475    6e-01   1512    -363   +480    7e-01   1684    -350   +480  
  10    19.61   19186.84   18   1e-01   1624    -532   +209    4e-01   1524    -468   +480    5e-01   1836    -328   +480  
  11    20.06   19169.46   17   1e-01   1445    -244   +65     4e-01   1721    -283   +480    6e-01   2068    -248   +480  
  12    20.53   19159.17   14   1e-01   1654    -97    +306    4e-01   1936    -265   +480    5e-01   2303    -245   +480  
  13    21.05   19150.74   20   1e-01   1540    -247   +133    5e-01   2024    -392   +480    6e-01   2465    -318   +480  
  14    21.59   19141.87   19   7e-02   1391    -160   +11     3e-01   2103    -401   +480    4e-01   2597    -348   +480  
  15    22.15   19137.00   16   1e-01   1414    -62    +85     4e-01   2209    -374   +480    5e-01   2818    -259   +480  
  16    22.75   19133.07   22   7e-02   1338    -108   +32     3e-01   2309    -380   +480    4e-01   2936    -362   +480  
  17    23.35   19130.29   15   1e-01   1353    -52    +67     4e-01   2467    -322   +480    5e-01   3103    -313   +480  
  18    23.99   19126.76   23   1e-01   1361    -77    +85     3e-01   2534    -413   +480    3e-01   3253    -330   +480  
  19    24.25   19125.82   19   1e-01   1361    -0     +0      3e-01   2534    -0     +0      3e-01   3253    -0     +0    
==========================================================================================================================
Prune!
==========================================================================================================================
Depth = 1, Bound = 19125.82, Best = 19125


Nodes = 3
Root node bound = 19139.060
Maximum value = 19125
Solution = ( 2 3 4 5 8 10 11 13 15 17 18 19 20 21 22 23 24 25 26 27 28 29 31 33 34 36 37 38 40 43 44 45 47 48 49 50 52 53 55 57 58 60 62 68 69 70 71 72 74 75 80 84 86 87 88 89 90 91 92 93 94 95 97 98 100 )
CPU time = 24.25 s

