Input file: ./Instances/biq2mc/be/be100.2.sparse.mc

Graph has 101 vertices and 5006 edges.

BiqBin parameters:
    init_bundle_iter = 5
     max_bundle_iter = 20
      min_outer_iter = 10
      max_outer_iter = 30
       violated_Ineq = 0.050000
             TriIneq = 500
         Pent_Trials = 160
        Hepta_Trials = 120
        include_Pent = 1
       include_Hepta = 1
                root = 0
            use_diff = 1
          time_limit = 0
   branchingStrategy = 1
      detailedOutput = 1

**************************************************************************************************************************
                                               Node 1
**************************************************************************************************************************
Problem size 101
Fixed variables:
Node 1 Feasible solution 17290
==========================================================================================================================
starting bound     cut  triangles added  violation
      18369.70   17290              500       0.50
==========================================================================================================================
iter     time      bound  bdl   viol3  triag  purged   added   viol5  penta  purged   added   viol7  hepta  purged   added
==========================================================================================================================
   1     0.07   18004.10    4   4e-01    839    -153   +492   
   2     0.14   17823.03    5   4e-01   1183    -145   +489   
   3     0.23   17694.44    5   3e-01   1349    -322   +488   
   4     0.33   17612.42    6   3e-01   1514    -326   +491   
   5     0.63   17536.72    9   2e-01   1705    -294   +485    7e-01    480    -0     +480    8e-01    480    -0     +480  
   6     0.96   17459.51   10   2e-01   1798    -387   +480    7e-01    843    -117   +480    8e-01    874    -86    +480  
   7     1.31   17416.60   11   2e-01   1803    -458   +463    6e-01   1060    -263   +480    7e-01   1178    -176   +480  
   8     1.68   17373.25   14   2e-01   1909    -367   +473    5e-01   1294    -246   +480    7e-01   1438    -220   +480  
   9     2.09   17354.80   12   2e-01   1899    -473   +463    6e-01   1408    -366   +480    6e-01   1614    -304   +480  
  10     2.53   17332.81   16   2e-01   1966    -415   +482    6e-01   1574    -314   +480    7e-01   1855    -239   +480  
  11     3.03   17322.64   16   1e-01   1898    -419   +351    6e-01   1649    -405   +480    6e-01   2014    -321   +480  
  12     3.54   17310.35   19   9e-02   1743    -372   +217    3e-01   1758    -371   +480    5e-01   2184    -310   +480  
  13     4.08   17302.98   21   1e-01   1630    -238   +125    3e-01   1893    -345   +480    4e-01   2365    -299   +480  
  14     4.62   17298.27   16   1e-01   1532    -139   +41     4e-01   2017    -356   +480    5e-01   2558    -287   +480  
  15     5.20   17294.10   16   7e-02   1492    -75    +35     3e-01   2172    -325   +480    3e-01   2707    -331   +480  
  16     5.80   17292.83   13   6e-02   1430    -64    +2      3e-01   2251    -401   +480    3e-01   2899    -288   +480  
  17     6.40   17291.07   14   6e-02   1418    -21    +9      2e-01   2340    -391   +480    3e-01   2968    -411   +480  
  18     6.50   17290.85   11   6e-02   1418    -0     +0      2e-01   2340    -0     +0      3e-01   2968    -0     +0    
==========================================================================================================================
Prune!
==========================================================================================================================
Depth = 0, Bound = 17290.85, Best = 17290


Nodes = 1
Root node bound = 17290.853
Maximum value = 17290
Solution = ( 2 5 6 8 9 13 14 15 17 18 19 20 21 23 24 26 27 28 29 31 34 36 38 39 43 45 47 48 49 50 52 53 56 58 63 65 68 69 70 71 72 74 75 76 79 80 81 83 84 85 87 89 90 91 92 93 95 98 99 100 )
CPU time = 6.50 s

