Input file: ./Instances/biq2mc/be/be100.5.sparse.mc

Graph has 101 vertices and 5005 edges.

BiqBin parameters:
    init_bundle_iter = 5
     max_bundle_iter = 20
      min_outer_iter = 10
      max_outer_iter = 30
       violated_Ineq = 0.050000
             TriIneq = 500
         Pent_Trials = 160
        Hepta_Trials = 120
        include_Pent = 1
       include_Hepta = 1
                root = 0
            use_diff = 1
          time_limit = 0
   branchingStrategy = 1
      detailedOutput = 1

**************************************************************************************************************************
                                               Node 1
**************************************************************************************************************************
Problem size 101
Fixed variables:
Node 1 Feasible solution 15868
==========================================================================================================================
starting bound     cut  triangles added  violation
      17296.45   15868              500       0.49
==========================================================================================================================
iter     time      bound  bdl   viol3  triag  purged   added   viol5  penta  purged   added   viol7  hepta  purged   added
==========================================================================================================================
   1     0.08   16735.92    4   4e-01    827    -161   +488   
   2     0.15   16477.69    4   4e-01   1160    -153   +486   
   3     0.41   16369.88    6   3e-01   1307    -340   +487    8e-01    480    -0     +480    8e-01    480    -0     +480  
   4     0.68   16229.66    9   3e-01   1498    -286   +477    7e-01    876    -84    +480    8e-01    869    -91    +480  
   5     0.97   16145.82   11   2e-01   1583    -389   +474    7e-01   1104    -252   +480    8e-01   1130    -219   +480  
   6     1.29   16091.87   11   2e-01   1641    -405   +463    6e-01   1284    -300   +480    7e-01   1368    -242   +480  
   7     1.63   16056.19   17   2e-01   1684    -422   +465    6e-01   1459    -305   +480    7e-01   1583    -265   +480  
   8     2.00   16001.34   12   2e-01   1706    -454   +476    6e-01   1593    -346   +480    7e-01   1745    -318   +480  
   9     2.40   15983.27   16   1e-01   1717    -449   +460    5e-01   1675    -398   +480    7e-01   1901    -324   +480  
  10     2.81   15959.45   23   1e-01   1485    -420   +188    4e-01   1817    -338   +480    4e-01   2049    -332   +480  
  11     3.24   15943.64   23   1e-01   1701    -238   +454    5e-01   1977    -320   +480    6e-01   2235    -294   +480  
  12     3.71   15928.11   21   8e-02   1367    -400   +66     3e-01   2039    -417   +479    5e-01   2370    -345   +480  
  13     4.17   15905.71   23   7e-02   1223    -163   +19     4e-01   2158    -358   +477    5e-01   2460    -390   +480  
  14     4.66   15900.43   18   1e-01   1608    -48    +433    4e-01   2334    -304   +480    6e-01   2646    -294   +480  
  15     5.20   15892.59   17   1e-01   1387    -366   +145    3e-01   2353    -460   +479    4e-01   2749    -377   +480  
  16     5.74   15884.56   18   8e-02   1247    -177   +37     3e-01   2477    -356   +480    5e-01   2914    -315   +480  
  17     6.29   15878.40   19   2e-01   1358    -73    +184    4e-01   2602    -355   +480    6e-01   3034    -360   +480  
  18     6.93   15875.56   17   9e-02   1254    -189   +85     4e-01   2627    -455   +480    6e-01   3144    -370   +480  
  19     7.52   15873.06   20   8e-02   1151    -104   +1      2e-01   2655    -447   +475    4e-01   3244    -379   +479  
  20     8.09   15871.71   15   1e-01   1180    -18    +47     3e-01   2781    -354   +480    5e-01   3386    -338   +480  
  21     8.67   15870.42   13   1e-01   1144    -56    +20     3e-01   2744    -517   +480    4e-01   3375    -491   +480  
  22     9.28   15869.29   10   8e-02   1146    -25    +27     3e-01   2826    -398   +480    4e-01   3436    -419   +480  
  23     9.49   15868.73   13   8e-02   1146    -0     +0      3e-01   2826    -0     +0      4e-01   3436    -0     +0    
==========================================================================================================================
Prune!
==========================================================================================================================
Depth = 0, Bound = 15868.73, Best = 15868


Nodes = 1
Root node bound = 15868.727
Maximum value = 15868
Solution = ( 2 3 7 9 11 13 14 17 22 23 24 25 27 31 32 33 34 35 38 39 41 42 45 46 47 49 53 54 57 58 60 61 62 63 64 66 67 73 75 76 78 79 80 81 82 83 85 86 87 88 89 90 91 92 94 95 96 98 99 100 )
CPU time = 9.49 s

