Input file: ./Instances/biq2mc/be/be100.7.sparse.mc

Graph has 101 vertices and 5015 edges.

BiqBin parameters:
    init_bundle_iter = 5
     max_bundle_iter = 20
      min_outer_iter = 10
      max_outer_iter = 30
       violated_Ineq = 0.050000
             TriIneq = 500
         Pent_Trials = 160
        Hepta_Trials = 120
        include_Pent = 1
       include_Hepta = 1
                root = 0
            use_diff = 1
          time_limit = 0
   branchingStrategy = 1
      detailedOutput = 1

**************************************************************************************************************************
                                               Node 1
**************************************************************************************************************************
Problem size 101
Fixed variables:
Node 1 Feasible solution 18629
==========================================================================================================================
starting bound     cut  triangles added  violation
      20102.33   18629              500       0.50
==========================================================================================================================
iter     time      bound  bdl   viol3  triag  purged   added   viol5  penta  purged   added   viol7  hepta  purged   added
==========================================================================================================================
   1     0.07   19542.81    5   4e-01    867    -122   +489   
   2     0.15   19245.60    6   4e-01   1144    -215   +492   
   3     0.23   19135.14    7   3e-01   1347    -275   +478   
   4     0.51   19005.89    9   3e-01   1567    -269   +489    7e-01    480    -0     +480    9e-01    480    -0     +480  
   5     0.80   18919.34   14   2e-01   1673    -364   +470    7e-01    816    -144   +480    8e-01    834    -126   +480  
   6     1.11   18859.27   13   2e-01   1802    -330   +459    7e-01   1102    -194   +480    7e-01   1143    -171   +480  
   7     1.45   18792.30   10   2e-01   1829    -428   +455    6e-01   1315    -267   +480    7e-01   1343    -280   +480  
   8     1.82   18764.28   12   2e-01   1918    -378   +467    5e-01   1538    -257   +480    6e-01   1546    -277   +480  
   9     2.20   18737.74   19   2e-01   1973    -390   +445    5e-01   1647    -370   +479    6e-01   1689    -337   +480  
  10     2.63   18711.69   19   2e-01   2001    -433   +461    5e-01   1818    -309   +480    6e-01   1868    -301   +480  
  11     3.09   18693.92   21   1e-01   1716    -473   +188    5e-01   1909    -388   +479    5e-01   1964    -384   +480  
  12     3.56   18675.30   14   2e-01   2000    -196   +480    6e-01   2045    -344   +480    7e-01   2153    -291   +480  
  13     4.06   18665.91   19   9e-02   1555    -466   +21     4e-01   2118    -406   +479    5e-01   2217    -415   +479  
  14     4.56   18655.98   16   1e-01   1834    -83    +362    4e-01   2273    -325   +480    6e-01   2433    -264   +480  
  15     5.13   18650.91   24   8e-02   1530    -313   +9      3e-01   2316    -437   +480    4e-01   2549    -364   +480  
  16     5.69   18644.35   18   1e-01   1694    -70    +234    4e-01   2427    -369   +480    5e-01   2748    -281   +480  
  17     6.33   18638.97   25   5e-02   1443    -251   +0      3e-01   2405    -492   +470    4e-01   2776    -447   +475  
  18     6.91   18637.50   14   7e-02   1413    -30    +0      3e-01   2643    -233   +471    3e-01   3037    -215   +476  
  19     7.49   18634.81   17   8e-02   1411    -16    +14     4e-01   2773    -348   +478    5e-01   3241    -276   +480  
  20     8.10   18633.38   15   5e-02   1379    -36    +4      3e-01   2861    -378   +466    4e-01   3377    -335   +471  
  21     8.71   18631.51   13   5e-02   1359    -20    +0      2e-01   2879    -419   +437    3e-01   3490    -355   +468  
  22     9.28   18630.97   10   1e-01   1445    -5     +91     4e-01   2983    -376   +480    5e-01   3604    -366   +480  
  23     9.93   18630.37   15   5e-02   1352    -93    +0      2e-01   2939    -505   +461    2e-01   3555    -528   +479  
  24    10.00   18629.97   16   5e-02   1352    -0     +0      2e-01   2939    -0     +0      2e-01   3555    -0     +0    
==========================================================================================================================
Prune!
==========================================================================================================================
Depth = 0, Bound = 18629.97, Best = 18629


Nodes = 1
Root node bound = 18629.971
Maximum value = 18629
Solution = ( 1 2 3 6 8 17 18 20 23 25 28 29 32 35 38 40 41 44 46 47 49 50 51 53 56 61 62 63 64 67 70 72 74 78 81 84 85 87 88 91 95 )
CPU time = 10.00 s

