Input file: ./Instances/biq2mc/be/be100.9.sparse.mc

Graph has 101 vertices and 4997 edges.

BiqBin parameters:
    init_bundle_iter = 5
     max_bundle_iter = 20
      min_outer_iter = 10
      max_outer_iter = 30
       violated_Ineq = 0.050000
             TriIneq = 500
         Pent_Trials = 160
        Hepta_Trials = 120
        include_Pent = 1
       include_Hepta = 1
                root = 0
            use_diff = 1
          time_limit = 0
   branchingStrategy = 1
      detailedOutput = 1

**************************************************************************************************************************
                                               Node 1
**************************************************************************************************************************
Problem size 101
Fixed variables:
Node 1 Feasible solution 13287
==========================================================================================================================
starting bound     cut  triangles added  violation
      14725.67   13287              500       0.50
==========================================================================================================================
iter     time      bound  bdl   viol3  triag  purged   added   viol5  penta  purged   added   viol7  hepta  purged   added
==========================================================================================================================
Node 1 Feasible solution 13294
   1     0.07   14261.59    3   5e-01    840    -143   +483   
   2     0.15   14016.92    4   4e-01   1039    -292   +491   
   3     0.23   13854.29    5   3e-01   1261    -254   +476   
   4     0.32   13739.99    7   3e-01   1476    -258   +473   
   5     0.60   13673.41   12   3e-01   1641    -292   +457    7e-01    480    -0     +480    8e-01    480    -0     +480  
   6     0.90   13590.41   15   2e-01   1706    -392   +457    5e-01    816    -144   +480    6e-01    832    -128   +480  
   7     1.22   13523.72   14   2e-01   1790    -350   +434    5e-01   1139    -157   +480    6e-01   1142    -170   +480  
   8     1.57   13493.98   15   2e-01   1837    -391   +438    5e-01   1343    -276   +480    6e-01   1396    -226   +480  
   9     1.95   13449.52   16   2e-01   1944    -362   +469    6e-01   1527    -296   +480    6e-01   1604    -272   +480  
  10     2.36   13428.25   17   1e-01   1683    -513   +252    5e-01   1607    -400   +480    5e-01   1751    -332   +479  
  11     2.77   13406.01   22   8e-02   1444    -289   +50     4e-01   1736    -351   +480    5e-01   1926    -301   +476  
  12     3.20   13391.93   14   1e-01   1584    -115   +255    3e-01   1950    -264   +478    4e-01   2137    -259   +470  
  13     3.64   13376.97   16   1e-01   1672    -228   +316    4e-01   2025    -405   +480    6e-01   2284    -333   +480  
  14     4.13   13363.42   22   1e-01   1477    -288   +93     5e-01   2060    -445   +480    6e-01   2349    -415   +480  
  15     4.63   13351.19   23   6e-02   1326    -152   +1      3e-01   2141    -377   +458    4e-01   2452    -363   +466  
  16     5.16   13341.51   23   5e-02   1247    -79    +0      2e-01   2254    -301   +414    4e-01   2606    -276   +430  
  17     5.66   13334.18   19   9e-02   1254    -39    +46     3e-01   2396    -337   +479    4e-01   2791    -295   +480  
  18     6.19   13330.16   19   1e-01   1410    -45    +201    5e-01   2493    -383   +480    5e-01   2936    -335   +480  
  19     6.78   13324.40   25   6e-02   1229    -186   +5      3e-01   2476    -465   +448    4e-01   2935    -460   +459  
  20     7.09   13321.77   22   6e-02   1229    -0     +0      3e-01   2476    -0     +0      4e-01   2935    -0     +0    
==========================================================================================================================
BOUNDING STOPPED: Gap to big!
==========================================================================================================================
Depth = 0, Bound = 13321.77, Best = 13294

Branching on x[71] = 0.51
Fixing x[71] = 0

**************************************************************************************************************************
                                               Node 2
**************************************************************************************************************************
Problem size 100
Fixed variables: (x[71],0)
==========================================================================================================================
starting bound     cut  triangles added  violation
      14612.21   13294              500       0.50
==========================================================================================================================
iter     time      bound  bdl   viol3  triag  purged   added   viol5  penta  purged   added   viol7  hepta  purged   added
==========================================================================================================================
   1     7.15   14142.46    4   4e-01    829    -158   +487   
   2     7.22   13894.17    5   4e-01   1072    -254   +497   
   3     7.31   13754.55    5   3e-01   1264    -297   +489   
   4     7.56   13653.85    7   3e-01   1422    -325   +483    8e-01    480    -0     +480    8e-01    480    -0     +480  
   5     7.83   13570.60   10   3e-01   1574    -324   +476    7e-01    818    -142   +480    8e-01    804    -156   +480  
   6     8.12   13489.47   12   2e-01   1664    -375   +465    7e-01   1088    -210   +480    7e-01   1050    -234   +480  
   7     8.45   13423.86   12   2e-01   1690    -449   +475    6e-01   1244    -324   +480    7e-01   1235    -295   +480  
   8     8.81   13394.50   14   2e-01   1734    -406   +450    5e-01   1419    -305   +480    6e-01   1443    -272   +480  
   9     9.19   13367.76   14   2e-01   1776    -413   +455    6e-01   1532    -367   +480    7e-01   1590    -333   +480  
  10     9.60   13352.77   13   2e-01   1768    -435   +427    4e-01   1605    -407   +480    6e-01   1709    -361   +480  
  11    10.03   13342.65   19   2e-01   1852    -366   +450    5e-01   1739    -346   +480    6e-01   1880    -309   +480  
  12    10.51   13327.88   16   1e-01   1497    -492   +137    4e-01   1807    -411   +479    6e-01   1983    -377   +480  
  13    10.98   13319.91   13   1e-01   1800    -174   +477    6e-01   1920    -367   +480    7e-01   2123    -340   +480  
  14    11.50   13318.44   14   2e-01   1852    -434   +486    5e-01   1971    -429   +480    6e-01   2234    -369   +480  
  15    12.06   13310.84   13   2e-01   1859    -479   +486    5e-01   1973    -478   +480    6e-01   2275    -439   +480  
  16    12.63   13306.84   11   3e-01   1870    -465   +476    7e-01   1991    -462   +480    8e-01   2356    -399   +480  
  17    13.22   13303.16   12   1e-01   1586    -477   +193    4e-01   1952    -519   +480    5e-01   2346    -490   +480  
  18    13.76   13300.16   12   2e-01   1617    -189   +220    5e-01   2061    -371   +480    6e-01   2522    -304   +480  
  19    14.37   13298.79   10   9e-02   1492    -202   +77     3e-01   2099    -442   +480    4e-01   2608    -394   +480  
  20    14.93   13297.25    9   8e-02   1469    -80    +57     4e-01   2235    -344   +480    6e-01   2841    -247   +480  
  21    15.53   13296.68    8   7e-02   1444    -65    +40     4e-01   2296    -419   +480    5e-01   2880    -441   +480  
  22    16.11   13296.31   14   8e-02   1427    -38    +21     3e-01   2427    -349   +480    4e-01   3040    -320   +480  
  23    16.73   13295.91   16   3e-02   1389    -38    +0      1e-01   2403    -426   +402    3e-01   3143    -355   +458  
  24    17.33   13295.46   16   3e-02   1378    -11    +0      1e-01   2420    -317   +334    2e-01   3232    -341   +430  
  25    17.93   13295.36   18   4e-02   1372    -6     +0      2e-01   2710    -168   +458    3e-01   3518    -184   +470  
  26    18.54   13295.20   11   5e-02   1371    -2     +1      2e-01   2782    -362   +434    3e-01   3717    -264   +463  
  27    18.81   13294.98   13   5e-02   1371    -0     +0      2e-01   2782    -0     +0      3e-01   3717    -0     +0    
==========================================================================================================================
Prune!
==========================================================================================================================
Depth = 1, Bound = 13294.98, Best = 13294

Fixing x[71] = 1

**************************************************************************************************************************
                                               Node 3
**************************************************************************************************************************
Problem size 100
Fixed variables: (x[71],1)
==========================================================================================================================
starting bound     cut  triangles added  violation
      14658.87   13294              500       0.50
==========================================================================================================================
iter     time      bound  bdl   viol3  triag  purged   added   viol5  penta  purged   added   viol7  hepta  purged   added
==========================================================================================================================
   1    18.87   14208.52    4   5e-01    844    -145   +489   
   2    18.95   13978.24    5   4e-01   1117    -211   +484   
   3    19.03   13817.52    8   3e-01   1278    -317   +478   
   4    19.12   13703.42    8   4e-01   1540    -231   +493   
   5    19.40   13637.69   10   3e-01   1693    -315   +468    8e-01    480    -0     +480    8e-01    480    -0     +480  
   6    19.70   13564.38   13   2e-01   1683    -462   +452    7e-01    768    -192   +480    8e-01    795    -165   +480  
   7    20.02   13498.97   12   2e-01   1717    -395   +429    5e-01   1047    -201   +480    6e-01   1152    -123   +480  
   8    20.36   13452.61   15   2e-01   1827    -330   +440    5e-01   1313    -214   +480    6e-01   1413    -219   +480  
   9    20.73   13423.97   17   2e-01   1850    -423   +446    5e-01   1456    -337   +480    6e-01   1568    -325   +480  
  10    21.12   13398.33   16   2e-01   1878    -422   +450    5e-01   1584    -352   +480    7e-01   1729    -319   +480  
  11    21.54   13375.06   20   8e-02   1459    -455   +36     3e-01   1637    -425   +478    5e-01   1734    -474   +479  
  12    21.97   13355.44   20   2e-01   1777    -151   +469    6e-01   1812    -305   +480    6e-01   1972    -242   +480  
  13    22.47   13343.55   22   1e-01   1569    -419   +211    4e-01   1859    -433   +480    5e-01   2077    -375   +480  
  14    22.98   13333.18   24   8e-02   1362    -241   +34     4e-01   1981    -356   +478    5e-01   2207    -349   +479  
  15    23.48   13324.53   18   5e-02   1286    -78    +2      3e-01   2118    -335   +472    4e-01   2418    -257   +468  
  16    23.99   13315.38   22   9e-02   1248    -79    +41     4e-01   2246    -351   +479    5e-01   2513    -385   +480  
  17    24.52   13308.44   16   8e-02   1222    -67    +41     3e-01   2308    -418   +480    5e-01   2611    -382   +480  
  18    25.09   13303.66   24   7e-02   1168    -62    +8      3e-01   2356    -429   +477    4e-01   2705    -384   +478  
  19    25.64   13300.93   24   7e-02   1149    -27    +8      2e-01   2539    -295   +478    4e-01   2892    -288   +475  
  20    26.20   13297.57   20   7e-02   1136    -28    +15     2e-01   2619    -400   +480    4e-01   3023    -348   +479  
  21    26.45   13294.99   25   7e-02   1136    -0     +0      2e-01   2619    -0     +0      4e-01   3023    -0     +0    
==========================================================================================================================
Prune!
==========================================================================================================================
Depth = 1, Bound = 13294.99, Best = 13294


Nodes = 3
Root node bound = 13321.767
Maximum value = 13294
Solution = ( 1 2 3 4 6 7 8 9 18 19 23 24 27 30 31 32 33 35 38 39 40 42 43 45 46 47 49 50 54 57 59 61 62 67 68 70 76 79 80 82 83 85 87 88 89 94 97 )
CPU time = 26.45 s

