Input file: ./Instances/biq2mc/be/be120.8.6.sparse.mc

Graph has 121 vertices and 5720 edges.

BiqBin parameters:
    init_bundle_iter = 5
     max_bundle_iter = 20
      min_outer_iter = 10
      max_outer_iter = 30
       violated_Ineq = 0.050000
             TriIneq = 500
         Pent_Trials = 160
        Hepta_Trials = 120
        include_Pent = 1
       include_Hepta = 1
                root = 0
            use_diff = 1
          time_limit = 0
   branchingStrategy = 1
      detailedOutput = 1

**************************************************************************************************************************
                                               Node 1
**************************************************************************************************************************
Problem size 121
Fixed variables:
Node 1 Feasible solution 18482
==========================================================================================================================
starting bound     cut  triangles added  violation
      20140.17   18482              500       0.50
==========================================================================================================================
iter     time      bound  bdl   viol3  triag  purged   added   viol5  penta  purged   added   viol7  hepta  purged   added
==========================================================================================================================
   1     0.13   19571.68    5   5e-01    826    -166   +492   
   2     0.24   19297.86    6   4e-01   1117    -204   +495   
   3     0.37   19143.98    6   4e-01   1398    -209   +490   
   4     0.72   19046.59    6   2e-01   1552    -324   +478    8e-01    480    -0     +480    8e-01    480    -0     +480  
   5     1.10   18907.85    9   3e-01   1647    -393   +488    7e-01    825    -135   +480    8e-01    843    -117   +480  
   6     1.49   18829.47   11   2e-01   1732    -401   +486    6e-01   1110    -195   +480    7e-01   1146    -177   +480  
   7     1.93   18762.73   14   2e-01   1747    -453   +468    5e-01   1260    -330   +480    6e-01   1336    -290   +480  
   8     2.40   18713.67   11   2e-01   1839    -385   +477    5e-01   1442    -298   +480    6e-01   1516    -300   +480  
   9     2.90   18673.58   16   2e-01   1896    -423   +480    6e-01   1628    -294   +480    7e-01   1731    -265   +480  
  10     3.44   18650.56   17   2e-01   1899    -460   +463    5e-01   1733    -375   +480    6e-01   1867    -344   +480  
  11     4.02   18617.72   19   2e-01   1951    -410   +462    6e-01   1801    -412   +480    7e-01   1999    -348   +480  
  12     4.61   18597.48   21   9e-02   1651    -425   +125    4e-01   1890    -389   +478    5e-01   2131    -348   +480  
  13     5.22   18579.13   28   8e-02   1491    -196   +36     4e-01   2049    -320   +479    5e-01   2328    -280   +477  
  14     5.86   18567.55   24   1e-01   1809    -94    +412    4e-01   2267    -262   +480    5e-01   2520    -288   +480  
  15     6.56   18551.29   27   1e-01   1501    -357   +49     3e-01   2327    -417   +477    5e-01   2618    -382   +480  
  16     7.27   18541.49   29   8e-02   1390    -135   +24     3e-01   2435    -371   +479    4e-01   2791    -307   +480  
  17     7.98   18532.49   26   9e-02   1360    -76    +46     3e-01   2602    -312   +479    4e-01   2982    -289   +480  
  18     8.70   18525.50   22   7e-02   1298    -69    +7      3e-01   2714    -365   +477    4e-01   3185    -276   +479  
  19     9.42   18517.91   27   7e-02   1261    -51    +14     3e-01   2826    -360   +472    4e-01   3353    -307   +475  
  20    10.13   18514.47   20   1e-01   1348    -39    +126    4e-01   2940    -366   +480    5e-01   3516    -317   +480  
  21    10.88   18508.56   25   9e-02   1241    -122   +15     3e-01   2961    -456   +477    4e-01   3555    -441   +480  
  22    11.62   18503.25   20   2e-01   1504    -53    +316    4e-01   3060    -381   +480    6e-01   3708    -327   +480  
  23    12.40   18500.50   23   6e-02   1248    -260   +4      3e-01   3092    -445   +477    4e-01   3846    -341   +479  
  24    13.18   18497.57   27   5e-02   1202    -47    +1      2e-01   3146    -422   +476    4e-01   3968    -355   +477  
  25    13.64   18495.46   30   5e-02   1202    -0     +0      2e-01   3146    -0     +0      4e-01   3968    -0     +0    
==========================================================================================================================
BOUNDING STOPPED: Gap to big!
==========================================================================================================================
Depth = 0, Bound = 18495.46, Best = 18482

Branching on x[95] = 0.47
Fixing x[95] = 0

**************************************************************************************************************************
                                               Node 2
**************************************************************************************************************************
Problem size 120
Fixed variables: (x[95],0)
==========================================================================================================================
starting bound     cut  triangles added  violation
      20102.91   18482              500       0.50
==========================================================================================================================
iter     time      bound  bdl   viol3  triag  purged   added   viol5  penta  purged   added   viol7  hepta  purged   added
==========================================================================================================================
   1    13.74   19550.41    5   5e-01    822    -173   +495   
   2    13.84   19273.85    4   4e-01   1162    -159   +499   
   3    13.96   19114.85    6   3e-01   1239    -414   +491   
   4    14.10   19006.56    8   3e-01   1485    -247   +493   
   5    14.46   18927.88   10   3e-01   1703    -265   +483    7e-01    480    -0     +480    8e-01    480    -0     +480  
   6    14.85   18824.29   11   3e-01   1697    -490   +484    6e-01    787    -173   +480    7e-01    824    -136   +480  
   7    15.28   18753.33   11   2e-01   1802    -374   +479    6e-01   1070    -197   +480    7e-01   1126    -178   +480  
   8    15.74   18707.36   14   2e-01   1844    -409   +451    6e-01   1293    -256   +479    7e-01   1364    -242   +480  
   9    16.22   18653.55   13   2e-01   1829    -458   +443    5e-01   1440    -333   +480    6e-01   1558    -286   +480  
  10    16.73   18613.39   14   2e-01   1999    -307   +477    5e-01   1677    -243   +480    7e-01   1819    -219   +480  
  11    17.28   18588.43   20   1e-01   1740    -481   +222    4e-01   1773    -384   +480    5e-01   1972    -327   +480  
  12    17.84   18566.57   22   1e-01   1867    -276   +403    4e-01   1902    -351   +480    5e-01   2184    -268   +480  
  13    18.46   18548.53   17   1e-01   1988    -345   +466    4e-01   1987    -395   +480    5e-01   2314    -350   +480  
  14    19.11   18532.51   25   1e-01   1760    -398   +170    4e-01   2085    -382   +480    5e-01   2446    -348   +480  
  15    19.79   18520.03   25   1e-01   1623    -213   +76     4e-01   2192    -373   +480    5e-01   2627    -299   +480  
  16    20.46   18510.27   21   1e-01   1771    -137   +285    4e-01   2276    -396   +480    5e-01   2826    -281   +480  
  17    21.17   18502.85   21   1e-01   1601    -271   +101    4e-01   2348    -408   +480    5e-01   2965    -341   +480  
  18    21.89   18494.59   26   7e-02   1478    -145   +22     3e-01   2420    -407   +479    4e-01   3058    -387   +480  
  19    22.61   18488.85   24   8e-02   1442    -63    +27     3e-01   2578    -322   +480    4e-01   3285    -253   +480  
  20    23.00   18482.12   31   8e-02   1442    -0     +0      3e-01   2578    -0     +0      4e-01   3285    -0     +0    
==========================================================================================================================
Prune!
==========================================================================================================================
Depth = 1, Bound = 18482.12, Best = 18482

Fixing x[95] = 1

**************************************************************************************************************************
                                               Node 3
**************************************************************************************************************************
Problem size 120
Fixed variables: (x[95],1)
==========================================================================================================================
starting bound     cut  triangles added  violation
      19980.58   18482              500       0.50
==========================================================================================================================
iter     time      bound  bdl   viol3  triag  purged   added   viol5  penta  purged   added   viol7  hepta  purged   added
==========================================================================================================================
   1    23.10   19484.43    3   5e-01    854    -143   +497   
   2    23.20   19257.86    5   4e-01   1192    -155   +493   
   3    23.32   19097.83    7   3e-01   1374    -311   +493   
   4    23.46   18966.89    9   3e-01   1607    -260   +493   
   5    23.62   18888.67   10   3e-01   1758    -332   +483   
   6    24.00   18809.93    9   2e-01   1865    -380   +487    7e-01    480    -0     +480    8e-01    480    -0     +480  
   7    24.42   18727.52   14   2e-01   1947    -388   +470    6e-01    857    -103   +480    7e-01    867    -93    +480  
   8    24.87   18671.62   11   2e-01   2105    -325   +483    6e-01   1170    -167   +480    7e-01   1203    -144   +480  
   9    25.36   18627.22   13   2e-01   2135    -457   +487    7e-01   1300    -350   +480    7e-01   1394    -289   +480  
  10    25.89   18596.14   14   1e-01   2014    -573   +452    5e-01   1375    -405   +480    6e-01   1522    -352   +480  
  11    26.44   18570.91   18   1e-01   2075    -394   +455    6e-01   1578    -277   +480    6e-01   1748    -254   +480  
  12    27.02   18545.48   14   2e-01   2129    -415   +469    6e-01   1727    -331   +480    7e-01   1937    -291   +480  
  13    27.63   18534.83   18   1e-01   1830    -451   +152    4e-01   1818    -389   +480    5e-01   2086    -331   +480  
  14    28.25   18517.17   16   2e-01   2049    -250   +469    5e-01   1943    -355   +480    6e-01   2272    -294   +480  
  15    28.95   18506.03   18   8e-02   1658    -461   +70     3e-01   1931    -492   +480    5e-01   2307    -445   +480  
  16    29.63   18497.10   16   8e-02   1556    -150   +48     3e-01   2079    -332   +480    4e-01   2487    -300   +480  
  17    30.34   18491.65   15   1e-01   1706    -72    +222    5e-01   2242    -317   +480    5e-01   2726    -241   +480  
  18    31.10   18488.63   16   6e-02   1515    -195   +4      3e-01   2286    -436   +480    5e-01   2872    -334   +480  
  19    31.82   18485.51   13   7e-02   1503    -39    +27     3e-01   2392    -374   +480    5e-01   2968    -384   +480  
  20    32.56   18484.76    8   2e-01   1957    -41    +495    4e-01   2449    -423   +480    5e-01   3061    -387   +480  
  21    33.33   18483.05    7   1e-01   2013    -443   +499    3e-01   2439    -490   +480    4e-01   3139    -402   +480  
  22    33.61   18482.71    5   1e-01   2013    -0     +0      3e-01   2439    -0     +0      4e-01   3139    -0     +0    
==========================================================================================================================
Prune!
==========================================================================================================================
Depth = 1, Bound = 18482.71, Best = 18482


Nodes = 3
Root node bound = 18495.462
Maximum value = 18482
Solution = ( 1 2 3 11 15 16 20 21 28 36 38 43 44 45 47 50 51 54 55 56 58 61 65 67 68 70 71 73 75 76 77 80 84 85 87 90 95 96 98 102 103 104 106 112 114 115 118 )
CPU time = 33.61 s

