Input file: ./Instances/biq2mc/be/be120.8.7.sparse.mc

Graph has 121 vertices and 5795 edges.

BiqBin parameters:
    init_bundle_iter = 5
     max_bundle_iter = 20
      min_outer_iter = 10
      max_outer_iter = 30
       violated_Ineq = 0.050000
             TriIneq = 500
         Pent_Trials = 160
        Hepta_Trials = 120
        include_Pent = 1
       include_Hepta = 1
                root = 0
            use_diff = 1
          time_limit = 0
   branchingStrategy = 1
      detailedOutput = 1

**************************************************************************************************************************
                                               Node 1
**************************************************************************************************************************
Problem size 121
Fixed variables:
Node 1 Feasible solution 22127
==========================================================================================================================
starting bound     cut  triangles added  violation
      24189.78   22127              500       0.50
==========================================================================================================================
iter     time      bound  bdl   viol3  triag  purged   added   viol5  penta  purged   added   viol7  hepta  purged   added
==========================================================================================================================
Node 1 Feasible solution 22170
   1     0.13   23525.32    5   4e-01    839    -152   +491   
Node 1 Feasible solution 22194
   2     0.25   23229.93    5   4e-01   1131    -196   +488   
   3     0.40   23051.76    6   4e-01   1413    -217   +499   
   4     0.56   22951.18    8   4e-01   1594    -313   +494   
   5     0.75   22857.88   10   3e-01   1733    -350   +489   
   6     1.18   22775.26    9   2e-01   1904    -321   +492    7e-01    480    -0     +480    8e-01    480    -0     +480  
   7     1.63   22715.24   17   2e-01   1952    -431   +479    6e-01    813    -147   +480    7e-01    842    -118   +480  
   8     2.10   22624.87   14   2e-01   2043    -386   +477    6e-01   1094    -199   +480    7e-01   1115    -207   +480  
   9     2.61   22580.57   14   2e-01   2046    -474   +477    5e-01   1296    -278   +480    6e-01   1318    -277   +480  
  10     3.14   22525.54   20   1e-01   2111    -394   +459    4e-01   1526    -250   +480    6e-01   1556    -242   +480  
  11     3.72   22491.99   22   2e-01   2198    -366   +453    4e-01   1774    -232   +480    5e-01   1835    -201   +480  
  12     4.33   22455.42   22   1e-01   1944    -444   +190    4e-01   1891    -363   +480    5e-01   1994    -321   +480  
  13     4.95   22432.75   26   8e-02   1772    -222   +50     3e-01   2108    -263   +480    5e-01   2228    -245   +479  
  14     5.61   22408.73   23   1e-01   2088    -141   +457    4e-01   2277    -311   +480    5e-01   2410    -298   +480  
  15     6.33   22391.68   24   1e-01   1809    -372   +93     4e-01   2365    -392   +480    5e-01   2537    -353   +480  
  16     7.06   22374.27   30   8e-02   1736    -147   +74     3e-01   2484    -361   +480    4e-01   2650    -364   +477  
  17     7.51   22362.46   29   8e-02   1736    -0     +0      3e-01   2484    -0     +0      4e-01   2650    -0     +0    
==========================================================================================================================
BOUNDING STOPPED: Gap to big!
==========================================================================================================================
Depth = 0, Bound = 22362.46, Best = 22194

Branching on x[48] = 0.50
Fixing x[48] = 0

**************************************************************************************************************************
                                               Node 2
**************************************************************************************************************************
Problem size 120
Fixed variables: (x[48],0)
==========================================================================================================================
BOUNDING STOPPED: Gap to big!
==========================================================================================================================
Depth = 1, Bound = 24176.45, Best = 22194

Fixing x[48] = 1

**************************************************************************************************************************
                                               Node 3
**************************************************************************************************************************
Problem size 120
Fixed variables: (x[48],1)
==========================================================================================================================
BOUNDING STOPPED: Gap to big!
==========================================================================================================================
Depth = 1, Bound = 24106.96, Best = 22194

Branching on x[51] = 0.51
Fixing x[51] = 0

**************************************************************************************************************************
                                               Node 4
**************************************************************************************************************************
Problem size 119
Fixed variables: (x[48],0) (x[51],0)
==========================================================================================================================
BOUNDING STOPPED: Gap to big!
==========================================================================================================================
Depth = 2, Bound = 24091.48, Best = 22194

Fixing x[51] = 1

**************************************************************************************************************************
                                               Node 5
**************************************************************************************************************************
Problem size 119
Fixed variables: (x[48],0) (x[51],1)
==========================================================================================================================
BOUNDING STOPPED: Gap to big!
==========================================================================================================================
Depth = 2, Bound = 24074.74, Best = 22194

Branching on x[76] = 0.50
Fixing x[76] = 0

**************************************************************************************************************************
                                               Node 6
**************************************************************************************************************************
Problem size 119
Fixed variables: (x[48],1) (x[76],0)
==========================================================================================================================
starting bound     cut  triangles added  violation
      24019.91   22194              500       0.50
==========================================================================================================================
iter     time      bound  bdl   viol3  triag  purged   added   viol5  penta  purged   added   viol7  hepta  purged   added
==========================================================================================================================
   1     7.71   23433.29    3   5e-01    819    -176   +495   
   2     7.85   23143.11    6   4e-01   1099    -213   +493   
   3     8.00   22946.05    7   4e-01   1374    -209   +484   
   4     8.18   22803.64    6   4e-01   1621    -246   +493   
   5     8.59   22720.60   10   3e-01   1744    -370   +493    7e-01    480    -0     +480    8e-01    480    -0     +480  
   6     9.04   22611.56   11   2e-01   1873    -361   +490    6e-01    867    -93    +480    7e-01    872    -88    +480  
   7     9.50   22558.55   16   2e-01   1930    -418   +475    6e-01   1142    -205   +480    7e-01   1166    -186   +480  
   8    10.01   22496.48   11   2e-01   1930    -478   +478    7e-01   1331    -291   +480    7e-01   1375    -271   +480  
   9    10.55   22450.03   18   2e-01   1933    -460   +463    6e-01   1480    -331   +480    6e-01   1531    -324   +480  
  10    11.14   22408.96   24   1e-01   1953    -419   +439    5e-01   1647    -313   +480    5e-01   1723    -288   +480  
  11    11.75   22371.81   15   2e-01   2048    -375   +470    5e-01   1756    -371   +480    7e-01   1951    -252   +480  
  12    12.38   22353.56   24   1e-01   1745    -471   +168    4e-01   1859    -377   +480    5e-01   2122    -309   +480  
  13    13.00   22328.30   26   9e-02   1665    -211   +131    3e-01   2023    -316   +480    5e-01   2282    -319   +479  
  14    13.65   22310.52   24   1e-01   1998    -140   +473    4e-01   2199    -304   +480    6e-01   2511    -251   +480  
  15    14.37   22293.64   27   9e-02   1654    -435   +91     4e-01   2282    -397   +480    5e-01   2658    -333   +480  
  16    15.10   22280.24   26   6e-02   1493    -167   +6      2e-01   2377    -378   +473    4e-01   2791    -335   +468  
  17    15.82   22267.33   24   8e-02   1477    -72    +56     3e-01   2605    -251   +479    4e-01   3017    -254   +480  
  18    16.25   22262.02   27   8e-02   1477    -0     +0      3e-01   2605    -0     +0      4e-01   3017    -0     +0    
==========================================================================================================================
BOUNDING STOPPED: Gap to big!
==========================================================================================================================
Depth = 2, Bound = 22262.02, Best = 22194

Fixing x[76] = 1

**************************************************************************************************************************
                                               Node 7
**************************************************************************************************************************
Problem size 119
Fixed variables: (x[48],1) (x[76],1)
==========================================================================================================================
starting bound     cut  triangles added  violation
      23994.17   22194              500       0.50
==========================================================================================================================
iter     time      bound  bdl   viol3  triag  purged   added   viol5  penta  purged   added   viol7  hepta  purged   added
==========================================================================================================================
   1    16.36   23344.87    5   4e-01    841    -149   +490   
   2    16.48   23112.46    5   4e-01   1208    -123   +490   
   3    16.63   22924.12    7   4e-01   1392    -300   +484   
   4    16.79   22781.26    9   3e-01   1646    -237   +491   
   5    17.18   22697.61   10   3e-01   1809    -319   +482    7e-01    480    -0     +480    8e-01    480    -0     +480  
   6    17.38   22594.67   11   3e-01   1871    -424   +486   
   7    17.83   22557.77   13   2e-01   2009    -344   +482    6e-01    839    -121   +480    7e-01    864    -96    +480  
   8    18.29   22480.25   15   2e-01   2098    -380   +469    6e-01   1134    -185   +480    7e-01   1196    -148   +480  
   9    18.79   22417.29   17   1e-01   2101    -461   +464    5e-01   1365    -249   +480    6e-01   1421    -255   +480  
  10    19.31   22373.59   18   2e-01   2179    -393   +471    5e-01   1566    -279   +480    6e-01   1650    -251   +480  
  11    19.87   22336.60   21   1e-01   2205    -425   +451    4e-01   1730    -316   +480    6e-01   1839    -291   +480  
  12    20.48   22307.30   25   1e-01   2274    -394   +463    5e-01   1859    -351   +480    6e-01   2020    -299   +480  
  13    21.12   22291.10   27   9e-02   1841    -467   +34     3e-01   2013    -323   +477    4e-01   2232    -265   +477  
  14    21.77   22267.07   22   1e-01   1940    -189   +288    3e-01   2200    -293   +480    5e-01   2469    -243   +480  
  15    22.47   22248.96   23   1e-01   1836    -247   +143    3e-01   2306    -374   +480    4e-01   2567    -382   +480  
  16    23.20   22236.35   28   8e-02   1666    -195   +25     2e-01   2458    -328   +480    5e-01   2727    -317   +477  
  17    23.93   22223.65   28   1e-01   1635    -92    +61     3e-01   2570    -367   +479    4e-01   2861    -346   +480  
  18    24.68   22210.66   37   6e-02   1548    -95    +8      2e-01   2708    -342   +480    3e-01   3054    -282   +475  
  19    25.43   22204.26   35   6e-02   1503    -50    +5      2e-01   2855    -318   +465    3e-01   3219    -300   +465  
  20    26.19   22198.53   35   6e-02   1451    -53    +1      2e-01   2955    -338   +438    4e-01   3398    -271   +450  
  21    26.50   22194.24   34   6e-02   1451    -0     +0      2e-01   2955    -0     +0      4e-01   3398    -0     +0    
==========================================================================================================================
Prune!
==========================================================================================================================
Depth = 2, Bound = 22194.24, Best = 22194

Branching on x[106] = 0.49
Fixing x[106] = 0

**************************************************************************************************************************
                                               Node 8
**************************************************************************************************************************
Problem size 118
Fixed variables: (x[48],0) (x[51],0) (x[106],0)
==========================================================================================================================
starting bound     cut  triangles added  violation
      24019.12   22194              500       0.50
==========================================================================================================================
iter     time      bound  bdl   viol3  triag  purged   added   viol5  penta  purged   added   viol7  hepta  purged   added
==========================================================================================================================
   1    26.62   23376.15    5   5e-01    806    -187   +493   
   2    26.74   23100.96    6   4e-01   1090    -208   +492   
   3    26.87   22899.43    6   3e-01   1396    -181   +487   
   4    27.03   22761.29    6   4e-01   1583    -297   +484   
   5    27.41   22662.59   12   3e-01   1724    -345   +486    7e-01    480    -0     +480    8e-01    480    -0     +480  
   6    27.83   22580.08   13   3e-01   1805    -397   +478    6e-01    843    -117   +480    7e-01    878    -82    +480  
   7    28.27   22513.38   12   2e-01   1867    -419   +481    6e-01   1087    -236   +480    7e-01   1153    -205   +480  
   8    28.74   22456.36   14   2e-01   1856    -491   +480    6e-01   1258    -309   +480    6e-01   1333    -300   +480  
   9    29.24   22415.20   12   2e-01   1905    -413   +462    5e-01   1464    -274   +480    5e-01   1568    -245   +480  
  10    29.77   22363.61   16   2e-01   1843    -418   +356    4e-01   1608    -336   +480    6e-01   1757    -290   +479  
  11    30.33   22336.30   18   1e-01   2035    -273   +465    4e-01   1823    -265   +480    6e-01   2005    -232   +480  
  12    30.94   22314.66   25   8e-02   1703    -394   +62     3e-01   1912    -390   +479    4e-01   2145    -340   +480  
  13    31.56   22300.11   19   2e-01   2008    -171   +476    4e-01   2107    -285   +480    5e-01   2347    -278   +480  
  14    32.25   22283.85   24   1e-01   2039    -413   +444    5e-01   2158    -429   +480    6e-01   2398    -429   +480  
  15    32.96   22268.82   23   1e-01   1950    -422   +333    4e-01   2260    -378   +480    4e-01   2532    -346   +480  
  16    33.69   22257.82   22   8e-02   1671    -308   +29     3e-01   2368    -372   +480    4e-01   2646    -366   +480  
  17    34.44   22250.50   20   1e-01   1627    -139   +95     3e-01   2428    -420   +480    5e-01   2780    -346   +480  
  18    35.21   22240.98   24   8e-02   1537    -102   +12     3e-01   2541    -365   +478    4e-01   2935    -325   +480  
  19    36.02   22234.60   27   6e-02   1492    -53    +8      2e-01   2691    -323   +473    3e-01   3123    -288   +476  
  20    36.82   22228.04   33   9e-02   1454    -44    +6      2e-01   2864    -304   +477    4e-01   3297    -303   +477  
  21    37.33   22224.82   33   9e-02   1454    -0     +0      2e-01   2864    -0     +0      4e-01   3297    -0     +0    
==========================================================================================================================
BOUNDING STOPPED: Gap to big!
==========================================================================================================================
Depth = 3, Bound = 22224.82, Best = 22194

Fixing x[106] = 1

**************************************************************************************************************************
                                               Node 9
**************************************************************************************************************************
Problem size 118
Fixed variables: (x[48],0) (x[51],0) (x[106],1)
==========================================================================================================================
BOUNDING STOPPED: Gap to big!
==========================================================================================================================
Depth = 3, Bound = 24034.87, Best = 22194

Branching on x[80] = 0.49
Fixing x[80] = 0

**************************************************************************************************************************
                                               Node 10
**************************************************************************************************************************
Problem size 118
Fixed variables: (x[48],0) (x[51],1) (x[80],0)
==========================================================================================================================
starting bound     cut  triangles added  violation
      24009.86   22194              500       0.50
==========================================================================================================================
iter     time      bound  bdl   viol3  triag  purged   added   viol5  penta  purged   added   viol7  hepta  purged   added
==========================================================================================================================
   1    37.45   23461.28    3   5e-01    865    -132   +497   
   2    37.57   23080.72    4   4e-01   1172    -185   +492   
   3    37.70   22896.44    8   4e-01   1354    -309   +491   
   4    37.85   22726.38    8   3e-01   1557    -290   +493   
   5    38.24   22639.66   10   3e-01   1778    -268   +489    8e-01    480    -0     +480    9e-01    480    -0     +480  
   6    38.65   22530.41   11   3e-01   1834    -430   +486    6e-01    744    -216   +480    7e-01    770    -190   +480  
   7    39.08   22445.10   14   2e-01   1854    -449   +469    5e-01    984    -240   +480    6e-01   1054    -196   +480  
   8    39.53   22387.71   14   2e-01   1950    -382   +478    5e-01   1228    -236   +480    7e-01   1301    -233   +480  
   9    40.02   22336.33   17   2e-01   1945    -457   +452    5e-01   1435    -273   +480    6e-01   1534    -247   +480  
  10    40.54   22306.40   18   2e-01   2034    -370   +459    5e-01   1638    -277   +480    6e-01   1774    -240   +480  
  11    41.09   22257.94   22   1e-01   2104    -400   +470    4e-01   1821    -297   +480    5e-01   1967    -287   +480  
  12    41.68   22234.82   21   1e-01   1920    -419   +235    3e-01   1973    -328   +480    6e-01   2210    -237   +480  
  13    42.29   22208.41   24   1e-01   1875    -263   +218    4e-01   2078    -375   +480    4e-01   2353    -336   +479  
  14    42.58   22191.82   31   1e-01   1875    -0     +0      4e-01   2078    -0     +0      4e-01   2353    -0     +0    
==========================================================================================================================
Prune!
==========================================================================================================================
Depth = 3, Bound = 22191.82, Best = 22194

Fixing x[80] = 1

**************************************************************************************************************************
                                               Node 11
**************************************************************************************************************************
Problem size 118
Fixed variables: (x[48],0) (x[51],1) (x[80],1)
==========================================================================================================================
starting bound     cut  triangles added  violation
      24001.91   22194              500       0.50
==========================================================================================================================
iter     time      bound  bdl   viol3  triag  purged   added   viol5  penta  purged   added   viol7  hepta  purged   added
==========================================================================================================================
   1    42.68   23348.25    4   5e-01    835    -158   +493   
   2    42.79   23040.23    8   4e-01   1141    -184   +490   
   3    42.92   22824.51    6   4e-01   1369    -266   +494   
   4    43.07   22650.57    7   3e-01   1589    -272   +492   
   5    43.23   22575.30    8   3e-01   1790    -286   +487   
   6    43.63   22519.98   13   2e-01   1921    -348   +479    6e-01    480    -0     +480    8e-01    480    -0     +480  
   7    44.05   22429.08   14   2e-01   1975    -433   +487    6e-01    831    -129   +480    7e-01    869    -91    +480  
   8    44.50   22366.78   14   2e-01   2039    -415   +479    5e-01   1110    -201   +480    7e-01   1185    -164   +480  
   9    44.98   22302.43   16   2e-01   2076    -441   +478    5e-01   1289    -301   +480    6e-01   1412    -253   +480  
  10    45.50   22277.39   20   1e-01   1910    -428   +262    4e-01   1491    -278   +480    6e-01   1650    -241   +479  
  11    46.05   22250.69   20   1e-01   1771    -280   +141    3e-01   1701    -270   +480    4e-01   1857    -273   +480  
  12    46.61   22212.37   18   2e-01   2036    -196   +461    4e-01   1928    -253   +480    6e-01   2073    -264   +480  
  13    46.97   22190.90   23   2e-01   2036    -0     +0      4e-01   1928    -0     +0      6e-01   2073    -0     +0    
==========================================================================================================================
Prune!
==========================================================================================================================
Depth = 3, Bound = 22190.90, Best = 22194

Branching on x[31] = 0.52
Fixing x[31] = 0

**************************************************************************************************************************
                                               Node 12
**************************************************************************************************************************
Problem size 117
Fixed variables: (x[31],0) (x[48],0) (x[51],0) (x[106],1)
==========================================================================================================================
starting bound     cut  triangles added  violation
      23845.37   22194              500       0.50
==========================================================================================================================
iter     time      bound  bdl   viol3  triag  purged   added   viol5  penta  purged   added   viol7  hepta  purged   added
==========================================================================================================================
   1    47.08   23171.00    5   4e-01    863    -130   +493   
   2    47.19   22866.82    5   4e-01   1217    -139   +493   
   3    47.31   22675.29    6   4e-01   1384    -319   +486   
   4    47.46   22542.43    7   3e-01   1598    -268   +482   
   5    47.62   22425.18   10   3e-01   1692    -401   +495   
   6    48.03   22355.30   11   3e-01   1860    -309   +477    7e-01    480    -0     +480    8e-01    480    -0     +480  
   7    48.46   22264.58   10   2e-01   1988    -357   +485    7e-01    842    -118   +480    8e-01    869    -91    +480  
   8    48.92   22205.03   16   2e-01   2000    -450   +462    6e-01   1047    -275   +480    7e-01   1123    -226   +480  
   9    48.99   22188.18   19   2e-01   2000    -0     +0      6e-01   1047    -0     +0      7e-01   1123    -0     +0    
==========================================================================================================================
Prune!
==========================================================================================================================
Depth = 4, Bound = 22188.18, Best = 22194

Fixing x[31] = 1

**************************************************************************************************************************
                                               Node 13
**************************************************************************************************************************
Problem size 117
Fixed variables: (x[31],1) (x[48],0) (x[51],0) (x[106],1)
==========================================================================================================================
starting bound     cut  triangles added  violation
      23889.87   22194              500       0.50
==========================================================================================================================
iter     time      bound  bdl   viol3  triag  purged   added   viol5  penta  purged   added   viol7  hepta  purged   added
==========================================================================================================================
   1    49.08   23382.90    5   5e-01    812    -185   +497   
   2    49.19   23050.55    6   4e-01   1110    -193   +491   
   3    49.32   22854.96    9   4e-01   1312    -297   +499   
   4    49.46   22742.87    7   3e-01   1538    -267   +493   
   5    49.84   22649.58   10   3e-01   1757    -279   +498    7e-01    480    -0     +480    9e-01    480    -0     +480  
   6    50.25   22578.93   12   3e-01   1788    -450   +481    7e-01    778    -182   +480    8e-01    841    -119   +480  
   7    50.68   22477.82   13   2e-01   1894    -370   +476    7e-01   1062    -196   +480    8e-01   1171    -150   +480  
   8    51.15   22416.52   19   1e-01   1866    -509   +481    5e-01   1237    -305   +480    6e-01   1375    -276   +480  
   9    51.64   22377.74   16   2e-01   1994    -343   +471    5e-01   1490    -227   +480    6e-01   1633    -222   +480  
  10    52.16   22341.72   17   2e-01   2034    -427   +467    5e-01   1670    -300   +480    6e-01   1829    -284   +480  
  11    52.72   22305.91   19   1e-01   2054    -439   +459    4e-01   1830    -320   +480    6e-01   2044    -265   +480  
  12    53.34   22287.30   23   1e-01   1838    -384   +168    4e-01   1961    -349   +480    5e-01   2256    -268   +480  
  13    53.98   22269.44   22   2e-01   1825    -200   +187    4e-01   2150    -291   +480    5e-01   2521    -215   +480  
  14    54.62   22247.08   27   8e-02   1596    -250   +21     3e-01   2255    -373   +478    4e-01   2636    -364   +479  
  15    55.29   22232.74   28   9e-02   1579    -92    +75     4e-01   2452    -282   +479    4e-01   2874    -242   +480  
  16    55.99   22223.48   18   2e-01   1908    -99    +428    4e-01   2530    -402   +480    6e-01   3011    -343   +480  
  17    56.72   22212.27   25   8e-02   1576    -353   +21     4e-01   2591    -419   +480    5e-01   3056    -434   +479  
  18    57.45   22203.05   31   8e-02   1510    -79    +13     4e-01   2698    -372   +479    6e-01   3240    -296   +480  
  19    58.19   22196.93   34   6e-02   1454    -60    +4      3e-01   2834    -343   +479    4e-01   3427    -290   +477  
  20    58.37   22192.94   32   6e-02   1454    -0     +0      3e-01   2834    -0     +0      4e-01   3427    -0     +0    
==========================================================================================================================
Prune!
==========================================================================================================================
Depth = 4, Bound = 22192.94, Best = 22194

Branching on x[42] = 0.50
Fixing x[42] = 0

**************************************************************************************************************************
                                               Node 14
**************************************************************************************************************************
Problem size 118
Fixed variables: (x[42],0) (x[48],1) (x[76],0)
==========================================================================================================================
starting bound     cut  triangles added  violation
      23982.41   22194              500       0.50
==========================================================================================================================
iter     time      bound  bdl   viol3  triag  purged   added   viol5  penta  purged   added   viol7  hepta  purged   added
==========================================================================================================================
   1    58.49   23368.37    5   4e-01    809    -184   +493   
   2    58.61   23087.31    6   4e-01   1128    -175   +494   
   3    58.76   22888.97    5   4e-01   1362    -263   +497   
   4    58.93   22777.64    7   3e-01   1584    -266   +488   
   5    59.33   22687.10   11   3e-01   1753    -320   +489    7e-01    480    -0     +480    8e-01    480    -0     +480  
   6    59.74   22580.87   12   2e-01   1806    -429   +482    7e-01    817    -143   +480    7e-01    808    -152   +480  
   7    60.18   22485.68   16   3e-01   1857    -427   +478    7e-01   1067    -230   +480    7e-01   1079    -209   +480  
   8    60.66   22424.11   11   2e-01   1875    -462   +480    6e-01   1207    -340   +480    8e-01   1292    -267   +480  
   9    61.20   22388.50   19   1e-01   1899    -454   +478    5e-01   1363    -324   +480    6e-01   1466    -306   +480  
  10    61.77   22349.19   20   2e-01   2006    -368   +475    5e-01   1550    -293   +480    6e-01   1694    -252   +480  
  11    62.39   22324.57   22   1e-01   1713    -445   +152    4e-01   1714    -316   +480    6e-01   1922    -252   +480  
  12    63.02   22300.59   24   1e-01   1701    -195   +183    4e-01   1908    -286   +480    5e-01   2120    -281   +479  
  13    63.68   22278.14   20   1e-01   1987    -187   +473    4e-01   2090    -298   +480    5e-01   2338    -262   +480  
  14    64.39   22264.04   23   1e-01   2015    -439   +467    4e-01   2158    -412   +480    5e-01   2504    -314   +480  
  15    65.13   22247.24   24   1e-01   1774    -413   +172    3e-01   2244    -394   +480    5e-01   2594    -390   +480  
  16    65.84   22237.34   25   9e-02   1603    -208   +37     3e-01   2381    -343   +480    4e-01   2756    -317   +479  
  17    66.54   22226.00   27   6e-02   1512    -101   +10     3e-01   2559    -300   +478    4e-01   2923    -311   +478  
  18    67.26   22215.46   27   8e-02   1458    -77    +23     3e-01   2724    -314   +479    4e-01   3097    -304   +478  
  19    67.98   22211.15   26   1e-01   1605    -41    +188    5e-01   2870    -334   +480    5e-01   3293    -284   +480  
  20    68.74   22204.03   30   7e-02   1443    -166   +4      3e-01   2885    -463   +478    4e-01   3390    -381   +478  
  21    69.49   22197.78   33   7e-02   1397    -56    +10     2e-01   2956    -405   +476    4e-01   3529    -339   +478  
  22    69.70   22194.67   36   7e-02   1397    -0     +0      2e-01   2956    -0     +0      4e-01   3529    -0     +0    
==========================================================================================================================
Prune!
==========================================================================================================================
Depth = 3, Bound = 22194.67, Best = 22194

Fixing x[42] = 1

**************************************************************************************************************************
                                               Node 15
**************************************************************************************************************************
Problem size 118
Fixed variables: (x[42],1) (x[48],1) (x[76],0)
==========================================================================================================================
starting bound     cut  triangles added  violation
      23896.52   22194              500       0.49
==========================================================================================================================
iter     time      bound  bdl   viol3  triag  purged   added   viol5  penta  purged   added   viol7  hepta  purged   added
==========================================================================================================================
   1    69.80   23303.75    5   4e-01    842    -149   +491   
   2    69.92   23010.75    7   4e-01   1179    -159   +496   
   3    70.06   22848.98    6   4e-01   1416    -256   +493   
   4    70.42   22748.10    8   3e-01   1552    -349   +485    7e-01    480    -0     +480    9e-01    480    -0     +480  
   5    70.80   22609.28    9   2e-01   1744    -284   +476    6e-01    896    -64    +480    8e-01    891    -69    +480  
   6    71.22   22517.57   10   3e-01   1964    -268   +488    7e-01   1223    -153   +480    8e-01   1196    -175   +480  
   7    71.67   22437.17   14   2e-01   1891    -553   +480    5e-01   1346    -357   +480    6e-01   1344    -332   +480  
   8    72.15   22383.92    9   2e-01   2049    -331   +489    7e-01   1593    -233   +480    8e-01   1640    -184   +480  
   9    72.67   22347.81   16   2e-01   1999    -525   +475    5e-01   1590    -483   +480    7e-01   1671    -449   +480  
  10    73.20   22317.31   17   2e-01   2105    -364   +470    6e-01   1799    -271   +480    7e-01   1882    -269   +480  
  11    73.79   22287.37   22   1e-01   2071    -488   +454    4e-01   1840    -439   +480    5e-01   1929    -433   +480  
  12    74.40   22270.16   18   2e-01   2125    -395   +449    4e-01   2008    -312   +480    5e-01   2132    -277   +480  
  13    75.05   22253.41   17   2e-01   2203    -404   +482    5e-01   2123    -365   +480    6e-01   2306    -306   +480  
  14    75.76   22240.01   21   1e-01   1951    -488   +236    4e-01   2164    -439   +480    5e-01   2426    -360   +480  
  15    76.52   22228.04   24   9e-02   1768    -295   +112    3e-01   2246    -398   +480    5e-01   2560    -346   +480  
  16    77.29   22220.04   20   8e-02   1652    -150   +34     4e-01   2419    -306   +479    4e-01   2737    -299   +476  
  17    78.07   22214.39   19   1e-01   1592    -78    +18     3e-01   2538    -360   +479    6e-01   2956    -261   +480  
  18    78.85   22208.13   22   1e-01   1719    -48    +175    4e-01   2703    -315   +480    5e-01   3152    -284   +480  
  19    79.69   22203.58   23   1e-01   1581    -165   +27     4e-01   2800    -383   +480    6e-01   3271    -361   +480  
  20    80.51   22200.10   21   5e-02   1528    -53    +0      4e-01   2918    -348   +466    5e-01   3484    -255   +468  
  21    81.32   22196.14   27   5e-02   1491    -37    +0      2e-01   3045    -316   +443    3e-01   3644    -302   +462  
  22    81.37   22194.95   29   5e-02   1491    -0     +0      2e-01   3045    -0     +0      3e-01   3644    -0     +0    
==========================================================================================================================
Prune!
==========================================================================================================================
Depth = 3, Bound = 22194.95, Best = 22194

Branching on x[5] = 0.53
Fixing x[5] = 0

**************************************************************************************************************************
                                               Node 16
**************************************************************************************************************************
Problem size 117
Fixed variables: (x[5],0) (x[48],0) (x[51],0) (x[106],0)
==========================================================================================================================
starting bound     cut  triangles added  violation
      23902.71   22194              500       0.50
==========================================================================================================================
iter     time      bound  bdl   viol3  triag  purged   added   viol5  penta  purged   added   viol7  hepta  purged   added
==========================================================================================================================
   1    81.48   23333.24    5   5e-01    852    -146   +498   
   2    81.60   23079.64    6   4e-01   1132    -211   +491   
   3    81.74   22873.50    6   3e-01   1318    -302   +488   
   4    81.90   22724.98    8   4e-01   1575    -231   +488   
   5    82.29   22622.92   10   3e-01   1689    -377   +491    7e-01    480    -0     +480    8e-01    480    -0     +480  
   6    82.71   22530.83   11   3e-01   1765    -411   +487    7e-01    827    -133   +480    8e-01    870    -90    +480  
   7    83.17   22451.43   17   2e-01   1770    -458   +463    6e-01   1083    -224   +480    6e-01   1143    -207   +480  
   8    83.66   22408.55   14   2e-01   1862    -381   +473    5e-01   1335    -228   +480    6e-01   1432    -191   +480  
   9    84.18   22367.86   16   2e-01   1955    -394   +487    6e-01   1479    -336   +480    7e-01   1623    -289   +480  
  10    84.76   22320.47   16   2e-01   2030    -407   +482    5e-01   1610    -349   +480    6e-01   1788    -315   +480  
  11    85.35   22299.83   20   1e-01   1803    -487   +260    4e-01   1730    -360   +480    5e-01   1921    -347   +480  
  12    85.97   22272.04   21   1e-01   1984    -296   +477    5e-01   1884    -326   +480    7e-01   2124    -277   +480  
  13    86.61   22250.75   22   1e-01   1668    -412   +96     4e-01   2001    -363   +480    5e-01   2267    -337   +480  
  14    87.27   22234.82   28   7e-02   1487    -193   +12     3e-01   2161    -320   +480    5e-01   2429    -317   +479  
  15    87.94   22221.37   21   1e-01   1496    -81    +90     5e-01   2450    -191   +480    5e-01   2729    -180   +480  
  16    88.64   22207.88   25   7e-02   1381    -138   +23     3e-01   2538    -392   +480    5e-01   2859    -350   +480  
  17    89.37   22196.53   30   6e-02   1329    -68    +16     3e-01   2644    -373   +479    4e-01   2972    -363   +476  
  18    89.50   22194.22   27   6e-02   1329    -0     +0      3e-01   2644    -0     +0      4e-01   2972    -0     +0    
==========================================================================================================================
Prune!
==========================================================================================================================
Depth = 4, Bound = 22194.22, Best = 22194

Fixing x[5] = 1

**************************************************************************************************************************
                                               Node 17
**************************************************************************************************************************
Problem size 117
Fixed variables: (x[5],1) (x[48],0) (x[51],0) (x[106],0)
==========================================================================================================================
starting bound     cut  triangles added  violation
      23942.61   22194              500       0.50
==========================================================================================================================
iter     time      bound  bdl   viol3  triag  purged   added   viol5  penta  purged   added   viol7  hepta  purged   added
==========================================================================================================================
   1    89.60   23293.53    3   5e-01    803    -191   +494   
   2    89.72   23054.59    6   4e-01   1085    -209   +491   
   3    89.85   22845.57    4   4e-01   1382    -197   +494   
   4    90.21   22708.50    9   3e-01   1450    -430   +498    8e-01    480    -0     +480    8e-01    480    -0     +480  
   5    90.60   22577.90    9   3e-01   1550    -396   +496    7e-01    812    -148   +480    8e-01    864    -96    +480  
   6    91.02   22500.12   10   3e-01   1580    -462   +492    7e-01   1096    -196   +480    8e-01   1182    -162   +480  
   7    91.49   22419.13   14   2e-01   1641    -427   +488    6e-01   1238    -338   +480    7e-01   1329    -333   +480  
   8    92.00   22384.86   16   2e-01   1728    -393   +480    5e-01   1389    -329   +480    6e-01   1541    -268   +480  
   9    92.55   22341.86   15   2e-01   1785    -422   +479    6e-01   1540    -329   +480    7e-01   1727    -294   +480  
  10    93.13   22313.06   17   1e-01   1748    -497   +460    5e-01   1616    -404   +480    6e-01   1787    -420   +480  
  11    93.73   22280.97   20   1e-01   1855    -366   +473    5e-01   1721    -375   +480    6e-01   1958    -309   +480  
  12    94.36   22268.72   18   1e-01   1900    -425   +470    5e-01   1835    -366   +480    6e-01   2141    -297   +480  
  13    95.00   22248.12   23   1e-01   1649    -472   +221    3e-01   1920    -395   +480    5e-01   2244    -377   +480  
  14    95.67   22238.16   24   8e-02   1449    -243   +43     4e-01   2071    -329   +480    5e-01   2405    -319   +480  
  15    96.36   22232.68   18   1e-01   1393    -109   +53     3e-01   2186    -365   +480    4e-01   2580    -304   +479  
  16    97.06   22224.11   18   1e-01   1445    -80    +132    4e-01   2302    -364   +480    6e-01   2716    -344   +480  
  17    97.79   22217.49   16   6e-02   1310    -141   +6      3e-01   2384    -395   +477    4e-01   2858    -338   +480  
  18    98.50   22213.18   17   1e-01   1483    -41    +214    4e-01   2571    -293   +480    5e-01   3018    -320   +480  
  19    99.24   22208.66   14   1e-01   1523    -195   +235    4e-01   2607    -444   +480    5e-01   3065    -433   +480  
  20   100.02   22205.38   18   6e-02   1288    -238   +3      2e-01   2595    -491   +479    4e-01   3149    -396   +480  
  21   100.74   22203.67   11   2e-01   1760    -23    +495    6e-01   2679    -396   +480    7e-01   3259    -370   +480  
  22   101.23   22202.88   14   2e-01   1760    -0     +0      6e-01   2679    -0     +0      7e-01   3259    -0     +0    
==========================================================================================================================
BOUNDING STOPPED: Gap to big!
==========================================================================================================================
Depth = 4, Bound = 22202.88, Best = 22194

Branching on x[88] = 0.40
Fixing x[88] = 0

**************************************************************************************************************************
                                               Node 18
**************************************************************************************************************************
Problem size 116
Fixed variables: (x[5],1) (x[48],0) (x[51],0) (x[88],0) (x[106],0)
==========================================================================================================================
starting bound     cut  triangles added  violation
      23859.66   22194              500       0.50
==========================================================================================================================
iter     time      bound  bdl   viol3  triag  purged   added   viol5  penta  purged   added   viol7  hepta  purged   added
==========================================================================================================================
   1   101.33   23227.28    3   5e-01    813    -180   +493   
   2   101.44   22959.02    6   4e-01   1094    -205   +486   
   3   101.58   22745.09    6   4e-01   1399    -189   +494   
   4   101.73   22653.54    9   3e-01   1576    -308   +485   
   5   102.12   22542.18    9   2e-01   1726    -333   +483    7e-01    480    -0     +480    8e-01    480    -0     +480  
   6   102.53   22442.74   12   2e-01   1856    -356   +486    6e-01    816    -144   +480    8e-01    871    -89    +480  
   7   102.98   22375.07   14   2e-01   1884    -453   +481    7e-01   1052    -244   +480    7e-01   1131    -220   +480  
   8   103.47   22334.35   12   2e-01   1983    -374   +473    6e-01   1296    -236   +480    7e-01   1374    -237   +480  
   9   104.01   22292.56   19   1e-01   2013    -437   +467    5e-01   1419    -357   +480    6e-01   1538    -316   +480  
  10   104.55   22273.23   15   2e-01   2071    -416   +474    5e-01   1563    -336   +480    6e-01   1766    -252   +480  
  11   105.14   22237.06   15   1e-01   2102    -426   +457    5e-01   1726    -317   +480    6e-01   1967    -279   +480  
  12   105.78   22225.99   20   7e-02   1765    -407   +70     3e-01   1858    -348   +480    6e-01   2201    -246   +480  
  13   106.43   22212.83   16   1e-01   1873    -154   +262    5e-01   2062    -276   +480    6e-01   2408    -273   +480  
  14   107.13   22205.95   12   2e-01   2140    -220   +487    5e-01   2139    -403   +480    6e-01   2554    -334   +480  
  15   107.85   22200.76   11   2e-01   2104    -478   +442    6e-01   2177    -442   +480    7e-01   2580    -454   +480  
  16   108.67   22197.98   11   7e-02   1662    -450   +8      2e-01   2198    -459   +480    3e-01   2612    -448   +480  
  17   109.41   22195.98   10   2e-01   2106    -54    +498    6e-01   2455    -223   +480    6e-01   2898    -194   +480  
  18   109.74   22194.85   10   2e-01   2106    -0     +0      6e-01   2455    -0     +0      6e-01   2898    -0     +0    
==========================================================================================================================
Prune!
==========================================================================================================================
Depth = 5, Bound = 22194.85, Best = 22194

Fixing x[88] = 1

**************************************************************************************************************************
                                               Node 19
**************************************************************************************************************************
Problem size 116
Fixed variables: (x[5],1) (x[48],0) (x[51],0) (x[88],1) (x[106],0)
==========================================================================================================================
starting bound     cut  triangles added  violation
      23914.17   22194              500       0.50
==========================================================================================================================
iter     time      bound  bdl   viol3  triag  purged   added   viol5  penta  purged   added   viol7  hepta  purged   added
==========================================================================================================================
   1   109.84   23271.75    5   5e-01    846    -147   +493   
   2   109.95   23003.58    5   4e-01   1177    -160   +491   
   3   110.09   22812.54    7   4e-01   1392    -277   +492   
   4   110.24   22655.25    8   3e-01   1519    -370   +497   
   5   110.41   22592.48   10   3e-01   1657    -350   +488   
   6   110.81   22510.72    9   2e-01   1827    -311   +481    6e-01    480    -0     +480    8e-01    480    -0     +480  
   7   111.25   22431.84   15   2e-01   1924    -390   +487    7e-01    821    -139   +480    7e-01    851    -109   +480  
   8   111.71   22369.39   15   2e-01   1930    -462   +468    6e-01   1078    -223   +480    7e-01   1161    -170   +480  
   9   112.24   22312.63   13   3e-01   1981    -435   +486    6e-01   1293    -265   +480    8e-01   1386    -255   +480  
  10   112.81   22275.41   19   1e-01   1917    -531   +467    5e-01   1439    -334   +480    6e-01   1545    -321   +480  
  11   113.40   22250.23   18   1e-01   2026    -361   +470    6e-01   1613    -306   +480    6e-01   1803    -222   +480  
  12   114.04   22235.99   18   1e-01   1878    -435   +287    4e-01   1760    -333   +480    5e-01   2034    -249   +480  
  13   114.68   22217.25   21   1e-01   1872    -287   +281    3e-01   1929    -311   +480    5e-01   2252    -262   +480  
  14   115.36   22206.69   19   8e-02   1649    -308   +85     3e-01   2025    -384   +480    5e-01   2403    -329   +480  
  15   116.03   22198.15   12   1e-01   1983    -151   +485    5e-01   2172    -333   +480    6e-01   2594    -289   +480  
  16   116.26   22194.21   14   1e-01   1983    -0     +0      5e-01   2172    -0     +0      6e-01   2594    -0     +0    
==========================================================================================================================
Prune!
==========================================================================================================================
Depth = 5, Bound = 22194.21, Best = 22194


Nodes = 19
Root node bound = 22362.462
Maximum value = 22194
Solution = ( 2 4 5 6 7 8 9 10 11 12 13 15 18 22 23 27 28 29 30 32 34 36 37 39 41 42 47 48 50 54 55 56 57 58 59 60 63 65 66 67 68 69 70 71 72 73 74 75 76 77 78 80 81 83 84 86 88 91 92 93 95 96 98 100 101 102 103 104 105 109 111 112 114 115 116 118 119 120 )
CPU time = 116.26 s

