Input file: ./Instances/biq2mc/be/be120.8.10.sparse.mc

Graph has 121 vertices and 5768 edges.

BiqBin parameters:
    init_bundle_iter = 5
     max_bundle_iter = 20
      min_outer_iter = 10
      max_outer_iter = 30
       violated_Ineq = 0.050000
             TriIneq = 500
         Pent_Trials = 160
        Hepta_Trials = 120
        include_Pent = 1
       include_Hepta = 1
                root = 0
            use_diff = 1
          time_limit = 0
   branchingStrategy = 1
      detailedOutput = 1

**************************************************************************************************************************
                                               Node 1
**************************************************************************************************************************
Problem size 121
Fixed variables:
Node 1 Feasible solution 19049
==========================================================================================================================
starting bound     cut  triangles added  violation
      20433.72   19049              500       0.50
==========================================================================================================================
iter     time      bound  bdl   viol3  triag  purged   added   viol5  penta  purged   added   viol7  hepta  purged   added
==========================================================================================================================
   1     0.12   20042.51    5   4e-01    859    -133   +492   
   2     0.23   19795.69    6   4e-01   1091    -263   +495   
   3     0.37   19658.04    7   4e-01   1380    -207   +496   
   4     0.52   19557.68    9   3e-01   1478    -399   +497   
   5     0.69   19496.07   10   3e-01   1709    -264   +495   
   6     1.12   19419.02   12   3e-01   1774    -430   +495    7e-01    480    -0     +480    8e-01    480    -0     +480  
   7     1.57   19358.22   10   2e-01   1863    -399   +488    7e-01    831    -129   +480    8e-01    867    -93    +480  
   8     2.04   19296.69   12   2e-01   1845    -503   +485    6e-01   1047    -264   +480    7e-01   1131    -216   +480  
   9     2.55   19249.69   13   2e-01   1904    -426   +485    6e-01   1215    -312   +480    7e-01   1411    -200   +480  
  10     3.09   19214.92   17   1e-01   1908    -470   +474    5e-01   1371    -324   +480    6e-01   1637    -254   +480  
  11     3.66   19191.24   20   1e-01   1921    -462   +475    4e-01   1486    -365   +480    5e-01   1847    -270   +480  
  12     4.29   19162.54   15   1e-01   2008    -381   +468    5e-01   1698    -268   +480    6e-01   2125    -202   +480  
  13     4.96   19146.53   23   9e-02   1552    -473   +17     3e-01   1812    -366   +480    5e-01   2271    -334   +480  
  14     5.61   19131.81   20   1e-01   1916    -116   +480    4e-01   2061    -231   +480    6e-01   2483    -268   +480  
  15     6.33   19124.23   18   2e-01   1712    -411   +207    4e-01   2140    -401   +480    5e-01   2669    -294   +480  
  16     7.11   19110.47   23   1e-01   1566    -231   +85     3e-01   2219    -400   +479    6e-01   2799    -350   +480  
  17     7.85   19103.80   23   8e-02   1447    -132   +13     3e-01   2355    -343   +479    5e-01   2960    -319   +480  
  18     8.62   19096.44   29   1e-01   1434    -63    +50     4e-01   2536    -299   +480    5e-01   3176    -264   +480  
  19     9.43   19092.27   31   7e-02   1365    -70    +1      3e-01   2599    -417   +480    3e-01   3316    -340   +480  
  20    10.23   19085.87   30   7e-02   1380    -34    +49     3e-01   2831    -248   +480    4e-01   3558    -238   +480  
  21    10.71   19083.78   21   7e-02   1380    -0     +0      3e-01   2831    -0     +0      4e-01   3558    -0     +0    
==========================================================================================================================
BOUNDING STOPPED: Gap to big!
==========================================================================================================================
Depth = 0, Bound = 19083.78, Best = 19049

Branching on x[21] = 0.49
Fixing x[21] = 0

**************************************************************************************************************************
                                               Node 2
**************************************************************************************************************************
Problem size 120
Fixed variables: (x[21],0)
==========================================================================================================================
starting bound     cut  triangles added  violation
      20389.41   19049              500       0.50
==========================================================================================================================
iter     time      bound  bdl   viol3  triag  purged   added   viol5  penta  purged   added   viol7  hepta  purged   added
==========================================================================================================================
   1    10.80   20006.71    5   4e-01    868    -126   +494   
   2    10.91   19731.47    5   4e-01   1138    -228   +498   
   3    11.04   19575.24    5   3e-01   1235    -399   +496   
   4    11.19   19506.46    8   3e-01   1445    -274   +484   
   5    11.35   19418.71    9   3e-01   1648    -287   +490   
   6    11.77   19363.49   10   2e-01   1835    -303   +490    8e-01    480    -0     +480    8e-01    480    -0     +480  
   7    12.21   19295.80   12   2e-01   1903    -415   +483    6e-01    826    -134   +480    7e-01    869    -91    +480  
   8    12.68   19244.17   11   3e-01   2027    -360   +484    7e-01   1104    -202   +480    8e-01   1183    -166   +480  
   9    13.19   19195.23   16   2e-01   1972    -537   +482    5e-01   1236    -348   +480    7e-01   1401    -262   +480  
  10    13.73   19164.85   15   1e-01   1996    -458   +482    5e-01   1403    -313   +480    6e-01   1638    -243   +480  
  11    14.30   19142.36   15   2e-01   2031    -451   +486    6e-01   1564    -319   +480    6e-01   1888    -230   +480  
  12    14.92   19127.68   21   8e-02   1591    -497   +57     3e-01   1654    -390   +480    6e-01   2031    -337   +480  
  13    15.55   19108.62    9   2e-01   1957    -126   +492    7e-01   1939    -195   +480    8e-01   2290    -221   +480  
  14    16.27   19098.16   17   1e-01   1960    -479   +482    5e-01   1975    -444   +480    7e-01   2321    -449   +480  
  15    17.01   19090.59   22   7e-02   1563    -457   +60     3e-01   2051    -404   +480    4e-01   2498    -303   +480  
  16    17.76   19080.79   26   9e-02   1595    -164   +196    3e-01   2152    -379   +480    4e-01   2651    -327   +480  
  17    18.52   19074.22   15   1e-01   1876    -207   +488    6e-01   2269    -363   +480    7e-01   2833    -298   +480  
  18    19.34   19069.23   20   8e-02   1423    -461   +8      3e-01   2260    -489   +480    5e-01   2858    -455   +480  
  19    20.10   19064.90   25   8e-02   1347    -79    +3      2e-01   2426    -314   +480    4e-01   3119    -219   +480  
  20    20.89   19061.12   27   7e-02   1330    -44    +27     3e-01   2596    -310   +480    4e-01   3323    -276   +480  
  21    21.68   19058.98   16   1e-01   1575    -39    +284    5e-01   2692    -384   +480    5e-01   3438    -365   +480  
  22    22.54   19056.79   25   6e-02   1297    -280   +2      2e-01   2678    -493   +479    4e-01   3512    -406   +480  
  23    23.35   19053.82   27   5e-02   1263    -38    +4      3e-01   2867    -290   +479    4e-01   3690    -302   +480  
  24    24.18   19052.16   25   5e-02   1243    -22    +2      2e-01   2977    -362   +472    3e-01   3891    -279   +480  
  25    25.00   19051.05   23   7e-02   1240    -15    +12     4e-01   3046    -411   +480    5e-01   4058    -313   +480  
  26    25.36   19049.84   26   7e-02   1240    -0     +0      4e-01   3046    -0     +0      5e-01   4058    -0     +0    
==========================================================================================================================
Prune!
==========================================================================================================================
Depth = 1, Bound = 19049.84, Best = 19049

Fixing x[21] = 1

**************************************************************************************************************************
                                               Node 3
**************************************************************************************************************************
Problem size 120
Fixed variables: (x[21],1)
==========================================================================================================================
starting bound     cut  triangles added  violation
      20380.34   19049              500       0.50
==========================================================================================================================
iter     time      bound  bdl   viol3  triag  purged   added   viol5  penta  purged   added   viol7  hepta  purged   added
==========================================================================================================================
   1    25.45   19976.05    5   4e-01    869    -127   +496   
   2    25.56   19736.63    6   4e-01   1158    -202   +491   
   3    25.69   19585.49    5   3e-01   1395    -252   +489   
   4    26.07   19479.29    6   3e-01   1624    -259   +488    8e-01    480    -0     +480    9e-01    480    -0     +480  
   5    26.46   19389.71   11   3e-01   1728    -393   +497    7e-01    834    -126   +480    8e-01    858    -102   +480  
   6    26.88   19311.52   10   2e-01   1749    -473   +494    7e-01   1120    -194   +480    8e-01   1168    -170   +480  
   7    27.32   19257.11   10   2e-01   1787    -448   +486    7e-01   1350    -250   +480    8e-01   1401    -247   +480  
   8    27.81   19214.34   15   2e-01   1826    -442   +481    5e-01   1489    -341   +480    6e-01   1599    -282   +480  
   9    28.31   19184.06   15   2e-01   1922    -388   +484    6e-01   1710    -259   +480    7e-01   1905    -174   +480  
  10    28.87   19163.62   17   2e-01   1914    -487   +479    5e-01   1771    -419   +480    7e-01   2025    -360   +480  
  11    29.47   19140.01   19   1e-01   1953    -439   +478    6e-01   1851    -400   +480    7e-01   2169    -336   +480  
  12    30.11   19121.55   15   2e-01   1964    -479   +490    6e-01   1954    -377   +480    7e-01   2326    -323   +480  
  13    30.78   19111.96   15   2e-01   1935    -516   +487    6e-01   1975    -459   +480    6e-01   2407    -399   +480  
  14    31.51   19097.52   23   8e-02   1489    -513   +67     3e-01   2044    -411   +480    5e-01   2538    -349   +480  
  15    32.23   19087.50   22   9e-02   1474    -139   +124    3e-01   2207    -317   +480    5e-01   2776    -242   +480  
  16    32.97   19081.76   19   1e-01   1389    -132   +47     3e-01   2412    -275   +480    5e-01   3002    -254   +480  
  17    33.73   19075.26   16   6e-02   1308    -84    +3      3e-01   2579    -313   +480    5e-01   3210    -272   +480  
  18    34.48   19070.00   22   6e-02   1266    -44    +2      2e-01   2759    -299   +479    4e-01   3416    -274   +480  
  19    35.26   19066.64   19   6e-02   1248    -22    +4      2e-01   2985    -254   +480    4e-01   3733    -163   +480  
  20    36.04   19063.04   23   1e-01   1239    -20    +11     3e-01   3185    -280   +480    4e-01   3956    -257   +480  
  21    36.84   19061.33   23   8e-02   1233    -24    +18     3e-01   3312    -353   +480    4e-01   4107    -329   +480  
  22    37.65   19059.36   24   5e-02   1199    -34    +0      2e-01   3383    -405   +476    4e-01   4254    -333   +480  
  23    38.46   19057.50   26   8e-02   1227    -15    +43     2e-01   3522    -340   +479    4e-01   4434    -300   +480  
  24    39.30   19056.37   22   8e-02   1193    -46    +12     3e-01   3612    -390   +480    5e-01   4619    -295   +480  
  25    40.12   19054.92   15   7e-02   1195    -14    +16     3e-01   3592    -500   +480    5e-01   4667    -432   +480  
  26    40.59   19054.08   20   7e-02   1195    -0     +0      3e-01   3592    -0     +0      5e-01   4667    -0     +0    
==========================================================================================================================
BOUNDING STOPPED: Gap to big!
==========================================================================================================================
Depth = 1, Bound = 19054.08, Best = 19049

Branching on x[15] = 0.32
Fixing x[15] = 0

**************************************************************************************************************************
                                               Node 4
**************************************************************************************************************************
Problem size 119
Fixed variables: (x[15],0) (x[21],1)
==========================================================================================================================
starting bound     cut  triangles added  violation
      20350.90   19049              500       0.50
==========================================================================================================================
iter     time      bound  bdl   viol3  triag  purged   added   viol5  penta  purged   added   viol7  hepta  purged   added
==========================================================================================================================
   1    40.69   19977.02    3   5e-01    828    -158   +486   
   2    40.80   19704.88    4   4e-01   1152    -171   +495   
   3    40.93   19591.73    7   3e-01   1336    -308   +492   
   4    41.08   19478.11    8   4e-01   1518    -315   +497   
   5    41.24   19410.41    9   3e-01   1712    -300   +494   
   6    41.66   19342.19   12   2e-01   1828    -369   +485    7e-01    480    -0     +480    8e-01    480    -0     +480  
   7    42.10   19271.67   10   2e-01   1899    -421   +492    7e-01    846    -114   +480    7e-01    893    -67    +480  
   8    42.57   19218.10   11   3e-01   1963    -415   +479    6e-01   1104    -222   +480    8e-01   1206    -167   +480  
   9    43.07   19178.72   13   2e-01   1902    -546   +485    5e-01   1250    -334   +480    7e-01   1419    -267   +480  
  10    43.61   19145.56   18   2e-01   1924    -461   +483    5e-01   1426    -304   +480    6e-01   1635    -264   +480  
  11    44.20   19123.71   19   1e-01   1895    -479   +450    4e-01   1594    -312   +480    5e-01   1852    -263   +480  
  12    44.80   19102.47   17   2e-01   2039    -345   +489    5e-01   1791    -283   +480    6e-01   2099    -233   +480  
  13    45.49   19088.64   12   1e-01   1984    -543   +488    5e-01   1881    -390   +480    7e-01   2295    -284   +480  
  14    46.24   19075.39   17   1e-01   1571    -483   +70     4e-01   1915    -446   +480    5e-01   2377    -398   +480  
  15    46.94   19068.43   14   2e-01   1956    -108   +493    5e-01   2128    -267   +480    7e-01   2622    -235   +480  
  16    47.76   19063.64   17   1e-01   1486    -491   +21     4e-01   2115    -493   +480    6e-01   2624    -477   +479  
  17    48.52   19057.79   16   9e-02   1660    -100   +274    3e-01   2269    -326   +480    4e-01   2840    -264   +480  
  18    49.35   19055.42   14   1e-01   1428    -262   +30     3e-01   2277    -470   +478    4e-01   2970    -350   +480  
  19    50.16   19053.15   17   8e-02   1405    -63    +40     3e-01   2375    -382   +480    4e-01   3127    -323   +480  
  20    50.96   19051.65   14   7e-02   1393    -53    +41     2e-01   2439    -416   +480    4e-01   3206    -401   +480  
  21    51.79   19051.07   12   8e-02   1358    -47    +12     3e-01   2483    -436   +480    4e-01   3304    -382   +480  
  22    52.63   19050.21    9   8e-02   1343    -20    +5      2e-01   2549    -414   +480    3e-01   3397    -387   +480  
  23    52.91   19049.96   10   8e-02   1343    -0     +0      2e-01   2549    -0     +0      3e-01   3397    -0     +0    
==========================================================================================================================
Prune!
==========================================================================================================================
Depth = 2, Bound = 19049.96, Best = 19049

Fixing x[15] = 1

**************************************************************************************************************************
                                               Node 5
**************************************************************************************************************************
Problem size 119
Fixed variables: (x[15],1) (x[21],1)
==========================================================================================================================
starting bound     cut  triangles added  violation
      20303.05   19049              500       0.50
==========================================================================================================================
iter     time      bound  bdl   viol3  triag  purged   added   viol5  penta  purged   added   viol7  hepta  purged   added
==========================================================================================================================
   1    53.02   19939.25    5   4e-01    858    -134   +492   
   2    53.13   19721.33    5   4e-01   1118    -237   +497   
   3    53.26   19578.57    6   4e-01   1306    -308   +496   
   4    53.41   19469.52    8   3e-01   1442    -358   +494   
   5    53.57   19392.37   10   3e-01   1608    -332   +498   
   6    53.99   19340.69   11   2e-01   1772    -313   +477    8e-01    480    -0     +480    8e-01    480    -0     +480  
   7    54.43   19265.04   11   3e-01   1811    -437   +476    7e-01    842    -118   +480    8e-01    885    -75    +480  
   8    54.65   19209.20   12   3e-01   1886    -409   +484   
   9    55.15   19190.73   13   2e-01   1963    -408   +485    6e-01   1165    -157   +480    7e-01   1264    -101   +480  
  10    55.69   19149.75   16   1e-01   1998    -438   +473    5e-01   1359    -286   +480    7e-01   1520    -224   +480  
  11    56.25   19119.82   15   2e-01   2093    -382   +477    5e-01   1603    -236   +480    6e-01   1785    -215   +480  
  12    56.86   19104.90   17   2e-01   2116    -459   +482    5e-01   1792    -291   +480    6e-01   2010    -255   +480  
  13    57.50   19083.61   13   1e-01   2198    -402   +484    6e-01   1913    -359   +480    7e-01   2204    -286   +480  
  14    58.22   19071.30   20   1e-01   1698    -540   +40     4e-01   1967    -426   +480    5e-01   2321    -363   +480  
  15    58.90   19064.96   16   1e-01   2043    -128   +473    4e-01   2180    -267   +480    6e-01   2560    -241   +480  
  16    59.67   19055.24   16   1e-01   1814    -434   +205    4e-01   2219    -441   +480    5e-01   2697    -343   +480  
  17    59.96   19049.96   21   1e-01   1814    -0     +0      4e-01   2219    -0     +0      5e-01   2697    -0     +0    
==========================================================================================================================
Prune!
==========================================================================================================================
Depth = 2, Bound = 19049.96, Best = 19049


Nodes = 5
Root node bound = 19083.779
Maximum value = 19049
Solution = ( 1 8 11 12 15 22 23 24 27 28 29 35 38 39 42 47 49 53 54 56 59 60 61 62 65 67 73 74 76 80 81 82 83 85 90 91 93 95 97 100 103 105 106 108 109 110 111 116 118 )
CPU time = 59.96 s

