Input file: ./Instances/biq2mc/be/be120.8.8.sparse.mc

Graph has 121 vertices and 5743 edges.

BiqBin parameters:
    init_bundle_iter = 5
     max_bundle_iter = 20
      min_outer_iter = 10
      max_outer_iter = 30
       violated_Ineq = 0.050000
             TriIneq = 500
         Pent_Trials = 160
        Hepta_Trials = 120
        include_Pent = 1
       include_Hepta = 1
                root = 0
            use_diff = 1
          time_limit = 0
   branchingStrategy = 1
      detailedOutput = 1

**************************************************************************************************************************
                                               Node 1
**************************************************************************************************************************
Problem size 121
Fixed variables:
Node 1 Feasible solution 19534
==========================================================================================================================
starting bound     cut  triangles added  violation
      21645.32   19534              500       0.50
==========================================================================================================================
iter     time      bound  bdl   viol3  triag  purged   added   viol5  penta  purged   added   viol7  hepta  purged   added
==========================================================================================================================
   1     0.18   21083.71    4   4e-01    829    -168   +497   
   2     0.32   20721.18    7   4e-01   1130    -189   +490   
   3     0.48   20515.77    7   4e-01   1338    -283   +491   
   4     0.65   20415.94    8   3e-01   1511    -322   +495   
   5     1.02   20305.59   14   2e-01   1629    -363   +481    7e-01    480    -0     +480    8e-01    479    -0     +479  
   6     1.38   20192.66   13   3e-01   1758    -349   +478    6e-01    816    -144   +480    7e-01    793    -166   +480  
   7     1.78   20118.95   14   2e-01   1769    -445   +456    5e-01   1002    -294   +480    6e-01    951    -318   +476  
   8     2.21   20046.28   16   2e-01   1847    -389   +467    6e-01   1211    -271   +480    7e-01   1166    -263   +478  
   9     2.66   19985.92   21   2e-01   1839    -449   +441    6e-01   1338    -352   +479    6e-01   1237    -405   +476  
  10     3.15   19936.77   22   1e-01   1688    -362   +211    4e-01   1518    -295   +475    5e-01   1409    -276   +448  
  11     3.66   19896.74   21   1e-01   1816    -224   +352    4e-01   1728    -268   +478    5e-01   1635    -248   +474  
  12     4.19   19877.46   24   1e-01   1616    -286   +86     3e-01   1871    -330   +473    4e-01   1804    -284   +453  
  13     4.75   19841.40   28   8e-02   1468    -168   +20     4e-01   1957    -368   +454    4e-01   1897    -330   +423  
  14     5.33   19821.23   29   1e-01   1557    -79    +168    3e-01   2192    -243   +478    4e-01   2122    -238   +463  
  15     5.95   19803.18   30   9e-02   1468    -144   +55     5e-01   2257    -408   +473    4e-01   2205    -375   +458  
  16     6.61   19782.96   32   9e-02   1392    -98    +22     4e-01   2334    -383   +460    5e-01   2279    -372   +446  
  17     7.03   19767.52   35   9e-02   1392    -0     +0      4e-01   2334    -0     +0      5e-01   2279    -0     +0    
==========================================================================================================================
BOUNDING STOPPED: Gap to big!
==========================================================================================================================
Depth = 0, Bound = 19767.52, Best = 19534

Branching on x[119] = 0.50
Fixing x[119] = 0

**************************************************************************************************************************
                                               Node 2
**************************************************************************************************************************
Problem size 120
Fixed variables: (x[119],0)
==========================================================================================================================
BOUNDING STOPPED: Gap to big!
==========================================================================================================================
Depth = 1, Bound = 21555.62, Best = 19534

Fixing x[119] = 1

**************************************************************************************************************************
                                               Node 3
**************************************************************************************************************************
Problem size 120
Fixed variables: (x[119],1)
==========================================================================================================================
BOUNDING STOPPED: Gap to big!
==========================================================================================================================
Depth = 1, Bound = 21589.78, Best = 19534

Branching on x[107] = 0.50
Fixing x[107] = 0

**************************************************************************************************************************
                                               Node 4
**************************************************************************************************************************
Problem size 119
Fixed variables: (x[107],0) (x[119],1)
==========================================================================================================================
BOUNDING STOPPED: Gap to big!
==========================================================================================================================
Depth = 2, Bound = 21530.11, Best = 19534

Fixing x[107] = 1

**************************************************************************************************************************
                                               Node 5
**************************************************************************************************************************
Problem size 119
Fixed variables: (x[107],1) (x[119],1)
==========================================================================================================================
BOUNDING STOPPED: Gap to big!
==========================================================================================================================
Depth = 2, Bound = 21531.66, Best = 19534

Branching on x[45] = 0.50
Fixing x[45] = 0

**************************************************************************************************************************
                                               Node 6
**************************************************************************************************************************
Problem size 119
Fixed variables: (x[45],0) (x[119],0)
==========================================================================================================================
BOUNDING STOPPED: Gap to big!
==========================================================================================================================
Depth = 2, Bound = 21460.32, Best = 19534

Fixing x[45] = 1

**************************************************************************************************************************
                                               Node 7
**************************************************************************************************************************
Problem size 119
Fixed variables: (x[45],1) (x[119],0)
==========================================================================================================================
BOUNDING STOPPED: Gap to big!
==========================================================================================================================
Depth = 2, Bound = 21449.54, Best = 19534

Branching on x[8] = 0.50
Fixing x[8] = 0

**************************************************************************************************************************
                                               Node 8
**************************************************************************************************************************
Problem size 118
Fixed variables: (x[8],0) (x[107],1) (x[119],1)
==========================================================================================================================
BOUNDING STOPPED: Gap to big!
==========================================================================================================================
Depth = 3, Bound = 21458.70, Best = 19534

Fixing x[8] = 1

**************************************************************************************************************************
                                               Node 9
**************************************************************************************************************************
Problem size 118
Fixed variables: (x[8],1) (x[107],1) (x[119],1)
==========================================================================================================================
BOUNDING STOPPED: Gap to big!
==========================================================================================================================
Depth = 3, Bound = 21443.74, Best = 19534

Branching on x[52] = 0.51
Fixing x[52] = 0

**************************************************************************************************************************
                                               Node 10
**************************************************************************************************************************
Problem size 118
Fixed variables: (x[52],0) (x[107],0) (x[119],1)
==========================================================================================================================
starting bound     cut  triangles added  violation
      21408.76   19534              500       0.49
==========================================================================================================================
iter     time      bound  bdl   viol3  triag  purged   added   viol5  penta  purged   added   viol7  hepta  purged   added
==========================================================================================================================
   1     7.27   20821.62    5   4e-01    860    -132   +492   
   2     7.38   20485.32    6   4e-01   1156    -201   +497   
   3     7.50   20330.95    7   3e-01   1438    -202   +484   
   4     7.83   20216.15    9   3e-01   1551    -379   +492    7e-01    480    -0     +480    8e-01    480    -0     +480  
   5     8.17   20099.72   13   2e-01   1698    -327   +474    7e-01    849    -111   +480    8e-01    825    -134   +479  
   6     8.54   19989.50   16   2e-01   1725    -430   +457    6e-01   1073    -256   +480    7e-01   1022    -282   +479  
   7     8.93   19924.70   17   2e-01   1805    -382   +462    5e-01   1309    -243   +479    6e-01   1244    -258   +480  
   8     9.35   19863.09   17   1e-01   1780    -464   +439    4e-01   1417    -370   +478    5e-01   1374    -345   +475  
   9     9.80   19811.21   14   1e-01   1829    -399   +448    5e-01   1533    -363   +479    6e-01   1503    -349   +478  
  10    10.27   19771.85   15   2e-01   1941    -332   +444    5e-01   1692    -321   +480    6e-01   1659    -322   +478  
  11    10.77   19742.86   21   1e-01   1712    -436   +207    4e-01   1791    -379   +478    5e-01   1761    -371   +473  
  12    11.32   19715.90   28   9e-02   1559    -263   +110    3e-01   1913    -352   +474    5e-01   1898    -330   +467  
  13    11.90   19690.11   26   8e-02   1416    -171   +28     3e-01   2034    -340   +461    4e-01   2055    -290   +447  
  14    12.48   19672.41   22   1e-01   1731    -102   +417    5e-01   2225    -289   +480    5e-01   2253    -280   +478  
  15    13.10   19653.12   31   7e-02   1376    -360   +5      2e-01   2230    -416   +421    4e-01   2229    -438   +414  
  16    13.74   19638.02   31   1e-01   1338    -96    +58     3e-01   2413    -294   +477    4e-01   2453    -246   +470  
  17    14.40   19628.80   31   9e-02   1271    -78    +11     2e-01   2573    -312   +472    4e-01   2598    -323   +468  
  18    15.05   19617.94   34   7e-02   1224    -54    +7      5e-01   2648    -378   +453    4e-01   2691    -341   +434  
  19    15.70   19610.41   27   9e-02   1203    -31    +10     4e-01   2842    -282   +476    5e-01   2916    -251   +476  
  20    16.10   19603.95   34   9e-02   1203    -0     +0      4e-01   2842    -0     +0      5e-01   2916    -0     +0    
==========================================================================================================================
BOUNDING STOPPED: Gap to big!
==========================================================================================================================
Depth = 3, Bound = 19603.95, Best = 19534

Fixing x[52] = 1

**************************************************************************************************************************
                                               Node 11
**************************************************************************************************************************
Problem size 118
Fixed variables: (x[52],1) (x[107],0) (x[119],1)
==========================================================================================================================
starting bound     cut  triangles added  violation
      21381.39   19534              500       0.49
==========================================================================================================================
iter     time      bound  bdl   viol3  triag  purged   added   viol5  penta  purged   added   viol7  hepta  purged   added
==========================================================================================================================
   1    16.20   20778.23    5   4e-01    850    -144   +494   
   2    16.30   20460.00    5   4e-01   1197    -131   +478   
   3    16.43   20225.52    6   3e-01   1363    -324   +490   
   4    16.57   20056.04    7   3e-01   1530    -323   +490   
   5    16.89   19977.60   13   3e-01   1687    -324   +481    7e-01    480    -0     +480    8e-01    480    -0     +480  
   6    17.24   19867.23   14   2e-01   1778    -370   +461    7e-01    820    -140   +480    6e-01    801    -158   +479  
   7    17.62   19784.08   16   2e-01   1912    -311   +445    5e-01   1094    -206   +480    6e-01   1058    -221   +478  
   8    18.03   19707.39   19   2e-01   1913    -414   +415    5e-01   1314    -258   +478    6e-01   1274    -257   +473  
   9    18.46   19637.66   19   1e-01   1899    -353   +339    5e-01   1467    -327   +480    6e-01   1426    -322   +474  
  10    18.92   19598.34   24   1e-01   1921    -287   +309    4e-01   1637    -306   +476    5e-01   1578    -311   +463  
  11    19.42   19561.70   23   2e-01   2068    -279   +426    5e-01   1791    -325   +479    6e-01   1721    -333   +476  
  12    19.74   19526.86   29   2e-01   2068    -0     +0      5e-01   1791    -0     +0      6e-01   1721    -0     +0    
==========================================================================================================================
Prune!
==========================================================================================================================
Depth = 3, Bound = 19526.86, Best = 19534

Branching on x[12] = 0.50
Fixing x[12] = 0

**************************************************************************************************************************
                                               Node 12
**************************************************************************************************************************
Problem size 118
Fixed variables: (x[12],0) (x[45],0) (x[119],0)
==========================================================================================================================
starting bound     cut  triangles added  violation
      21341.20   19534              500       0.50
==========================================================================================================================
iter     time      bound  bdl   viol3  triag  purged   added   viol5  penta  purged   added   viol7  hepta  purged   added
==========================================================================================================================
   1    19.84   20773.69    4   5e-01    845    -151   +496   
   2    19.95   20504.68    6   4e-01   1049    -293   +497   
   3    20.07   20306.25    5   4e-01   1289    -257   +497   
   4    20.20   20156.41    7   3e-01   1540    -240   +491   
   5    20.53   20048.59    9   3e-01   1703    -318   +481    7e-01    480    -0     +480    8e-01    480    -0     +480  
   6    20.89   19975.62   15   3e-01   1786    -397   +480    7e-01    776    -184   +480    7e-01    776    -184   +480  
   7    21.27   19879.81   14   2e-01   1780    -473   +467    6e-01   1027    -229   +480    7e-01   1004    -252   +480  
   8    21.68   19809.52   15   2e-01   1831    -401   +452    5e-01   1246    -261   +480    6e-01   1161    -322   +479  
   9    22.11   19766.40   18   2e-01   1912    -363   +444    5e-01   1433    -293   +480    6e-01   1350    -290   +479  
  10    22.58   19714.62   20   1e-01   1957    -386   +431    4e-01   1585    -328   +480    5e-01   1492    -331   +473  
  11    23.07   19673.11   23   1e-01   1844    -409   +296    4e-01   1692    -371   +478    5e-01   1660    -307   +475  
  12    23.59   19649.14   22   1e-01   2037    -251   +444    4e-01   1875    -297   +480    5e-01   1859    -280   +479  
  13    24.15   19627.10   24   8e-02   1637    -434   +34     4e-01   1896    -448   +469    4e-01   1879    -435   +455  
  14    24.71   19606.16   27   1e-01   1561    -130   +54     3e-01   2087    -269   +460    5e-01   2108    -229   +458  
  15    25.31   19588.46   31   9e-02   1536    -107   +82     3e-01   2248    -313   +474    4e-01   2284    -299   +475  
  16    25.93   19576.12   30   8e-02   1444    -107   +15     4e-01   2369    -343   +464    4e-01   2411    -333   +460  
  17    26.57   19560.57   30   8e-02   1413    -61    +30     3e-01   2459    -377   +467    4e-01   2492    -372   +453  
  18    27.19   19550.62   35   7e-02   1377    -43    +7      5e-01   2567    -342   +450    4e-01   2658    -290   +456  
  19    27.85   19543.13   33   9e-02   1326    -55    +4      2e-01   2676    -329   +438    3e-01   2826    -269   +437  
  20    28.52   19535.19   34   7e-02   1316    -27    +17     2e-01   2818    -299   +441    4e-01   2963    -291   +428  
  21    28.64   19530.97   31   7e-02   1316    -0     +0      2e-01   2818    -0     +0      4e-01   2963    -0     +0    
==========================================================================================================================
Prune!
==========================================================================================================================
Depth = 3, Bound = 19530.97, Best = 19534

Fixing x[12] = 1

**************************************************************************************************************************
                                               Node 13
**************************************************************************************************************************
Problem size 118
Fixed variables: (x[12],1) (x[45],0) (x[119],0)
==========================================================================================================================
starting bound     cut  triangles added  violation
      21373.96   19534              500       0.49
==========================================================================================================================
iter     time      bound  bdl   viol3  triag  purged   added   viol5  penta  purged   added   viol7  hepta  purged   added
==========================================================================================================================
   1    28.74   20882.98    5   5e-01    940    -42    +482   
   2    28.86   20538.48    5   4e-01   1155    -277   +492   
   3    29.18   20343.90    9   3e-01   1312    -332   +489    8e-01    480    -0     +480    8e-01    480    -0     +480  
   4    29.32   20147.05    9   3e-01   1472    -337   +497   
   5    29.68   20093.58    9   2e-01   1633    -323   +484    7e-01    872    -88    +480    8e-01    860    -100   +480  
   6    30.04   20013.91   13   2e-01   1758    -344   +469    6e-01   1104    -248   +480    7e-01   1115    -224   +479  
   7    30.45   19926.65   14   2e-01   1772    -452   +466    6e-01   1279    -304   +479    6e-01   1278    -317   +480  
   8    30.88   19873.81   17   2e-01   1818    -399   +445    5e-01   1430    -328   +479    7e-01   1407    -350   +479  
   9    31.34   19825.26   19   2e-01   1892    -387   +461    5e-01   1560    -350   +480    6e-01   1548    -339   +480  
  10    31.84   19785.52   22   1e-01   1608    -430   +146    3e-01   1641    -398   +479    4e-01   1660    -359   +471  
  11    32.33   19745.17   21   2e-01   1867    -184   +443    4e-01   1854    -267   +480    5e-01   1843    -297   +480  
  12    32.86   19718.18   27   8e-02   1565    -376   +74     3e-01   1979    -348   +473    5e-01   1999    -310   +466  
  13    33.43   19696.15   29   1e-01   1504    -155   +94     3e-01   2167    -288   +476    4e-01   2186    -283   +470  
  14    34.04   19670.69   28   1e-01   1468    -127   +91     3e-01   2248    -391   +472    4e-01   2322    -337   +473  
  15    34.67   19650.67   35   6e-02   1333    -143   +8      3e-01   2278    -403   +433    5e-01   2345    -387   +410  
  16    35.31   19638.81   36   1e-01   1380    -55    +102    4e-01   2521    -233   +476    4e-01   2607    -210   +472  
  17    35.98   19628.32   29   8e-02   1290    -117   +27     3e-01   2664    -331   +474    4e-01   2732    -342   +467  
  18    36.63   19619.59   31   8e-02   1258    -58    +26     3e-01   2797    -334   +467    4e-01   2893    -296   +457  
  19    37.30   19609.95   36   6e-02   1214    -51    +7      3e-01   2871    -371   +445    4e-01   3036    -300   +443  
  20    37.96   19601.91   39   5e-02   1175    -40    +1      2e-01   2949    -342   +420    3e-01   3151    -308   +423  
  21    38.64   19593.83   42   8e-02   1168    -27    +20     3e-01   3098    -290   +439    3e-01   3278    -315   +442  
  22    39.35   19587.08   35   6e-02   1136    -37    +5      2e-01   3180    -363   +445    3e-01   3375    -334   +431  
  23    40.04   19580.52   40   6e-02   1124    -18    +6      2e-01   3290    -345   +455    3e-01   3534    -280   +439  
  24    40.47   19576.70   34   6e-02   1124    -0     +0      2e-01   3290    -0     +0      3e-01   3534    -0     +0    
==========================================================================================================================
BOUNDING STOPPED: Gap to big!
==========================================================================================================================
Depth = 3, Bound = 19576.70, Best = 19534

Branching on x[25] = 0.51
Fixing x[25] = 0

**************************************************************************************************************************
                                               Node 14
**************************************************************************************************************************
Problem size 117
Fixed variables: (x[8],0) (x[25],0) (x[107],1) (x[119],1)
==========================================================================================================================
starting bound     cut  triangles added  violation
      21316.84   19534              500       0.50
==========================================================================================================================
iter     time      bound  bdl   viol3  triag  purged   added   viol5  penta  purged   added   viol7  hepta  purged   added
==========================================================================================================================
   1    40.56   20789.14    5   4e-01    810    -181   +491   
   2    40.67   20478.26    5   4e-01   1210    -90    +490   
   3    40.79   20316.37    6   3e-01   1443    -252   +485   
   4    40.94   20200.97    8   3e-01   1602    -331   +490   
   5    41.28   20110.91   11   3e-01   1818    -263   +479    7e-01    480    -0     +480    8e-01    480    -0     +480  
   6    41.65   19971.81   12   2e-01   1820    -468   +470    6e-01    811    -149   +480    7e-01    831    -129   +480  
   7    42.05   19893.46   17   2e-01   1891    -388   +459    6e-01   1095    -196   +480    6e-01   1115    -196   +480  
   8    42.48   19848.49   14   2e-01   1964    -381   +454    5e-01   1302    -273   +480    6e-01   1344    -251   +480  
   9    42.93   19800.69   19   1e-01   2053    -352   +441    5e-01   1506    -276   +480    5e-01   1568    -255   +479  
  10    43.41   19757.27   20   1e-01   2133    -367   +447    4e-01   1655    -331   +480    5e-01   1757    -291   +480  
  11    43.93   19722.15   23   9e-02   1753    -455   +75     4e-01   1738    -392   +475    4e-01   1832    -401   +476  
  12    44.45   19694.66   24   1e-01   1856    -186   +289    4e-01   1906    -312   +480    5e-01   1982    -328   +478  
  13    45.00   19672.57   21   1e-01   2062    -261   +467    5e-01   2011    -375   +480    5e-01   2118    -344   +480  
  14    45.60   19653.90   19   1e-01   1978    -406   +322    4e-01   2061    -430   +480    5e-01   2234    -364   +480  
  15    46.22   19635.12   25   8e-02   1716    -299   +37     5e-01   2169    -371   +479    4e-01   2334    -377   +477  
  16    46.86   19617.87   30   6e-02   1602    -127   +13     3e-01   2315    -323   +469    4e-01   2484    -315   +465  
  17    47.51   19608.07   33   6e-02   1545    -61    +4      4e-01   2502    -281   +468    4e-01   2700    -254   +470  
  18    48.18   19601.49   31   6e-02   1511    -38    +4      3e-01   2659    -248   +405    4e-01   2932    -210   +442  
  19    48.84   19592.37   34   6e-02   1470    -44    +3      3e-01   2842    -280   +463    4e-01   3117    -275   +460  
  20    49.53   19586.72   30   6e-02   1450    -23    +3      2e-01   3017    -270   +445    3e-01   3293    -266   +442  
  21    49.92   19582.90   23   6e-02   1450    -0     +0      2e-01   3017    -0     +0      3e-01   3293    -0     +0    
==========================================================================================================================
BOUNDING STOPPED: Gap to big!
==========================================================================================================================
Depth = 4, Bound = 19582.90, Best = 19534

Fixing x[25] = 1

**************************************************************************************************************************
                                               Node 15
**************************************************************************************************************************
Problem size 117
Fixed variables: (x[8],0) (x[25],1) (x[107],1) (x[119],1)
==========================================================================================================================
starting bound     cut  triangles added  violation
      21299.23   19534              500       0.50
==========================================================================================================================
iter     time      bound  bdl   viol3  triag  purged   added   viol5  penta  purged   added   viol7  hepta  purged   added
==========================================================================================================================
   1    50.01   20693.15    4   4e-01    859    -132   +491   
   2    50.12   20296.95    5   4e-01   1159    -198   +498   
   3    50.23   20161.53    8   3e-01   1338    -302   +481   
   4    50.37   20021.67    9   3e-01   1509    -318   +489   
   5    50.69   19929.82    9   3e-01   1730    -251   +472    7e-01    480    -0     +480    8e-01    480    -0     +480  
   6    51.04   19799.40   14   2e-01   1849    -346   +465    6e-01    802    -158   +480    7e-01    791    -169   +480  
   7    51.40   19714.49   16   2e-01   1906    -397   +454    5e-01   1117    -165   +480    7e-01   1072    -196   +477  
   8    51.81   19653.50   16   2e-01   2025    -312   +431    5e-01   1401    -196   +480    6e-01   1365    -186   +479  
   9    52.25   19584.03   22   1e-01   2026    -417   +418    4e-01   1531    -349   +479    6e-01   1441    -397   +473  
  10    52.73   19549.70   21   1e-01   2044    -370   +388    5e-01   1696    -307   +472    6e-01   1589    -312   +460  
  11    52.80   19529.82   22   1e-01   2044    -0     +0      5e-01   1696    -0     +0      6e-01   1589    -0     +0    
==========================================================================================================================
Prune!
==========================================================================================================================
Depth = 4, Bound = 19529.82, Best = 19534

Branching on x[78] = 0.50
Fixing x[78] = 0

**************************************************************************************************************************
                                               Node 16
**************************************************************************************************************************
Problem size 118
Fixed variables: (x[45],1) (x[78],0) (x[119],0)
==========================================================================================================================
starting bound     cut  triangles added  violation
      21316.65   19534              500       0.50
==========================================================================================================================
iter     time      bound  bdl   viol3  triag  purged   added   viol5  penta  purged   added   viol7  hepta  purged   added
==========================================================================================================================
   1    52.90   20773.51    5   4e-01    867    -122   +489   
   2    53.00   20457.18    6   3e-01   1148    -212   +493   
   3    53.13   20265.93    7   4e-01   1404    -236   +492   
   4    53.27   20136.88    9   3e-01   1590    -305   +491   
   5    53.62   20051.14   14   2e-01   1740    -322   +472    7e-01    480    -0     +480    7e-01    480    -0     +480  
   6    53.97   19960.70   14   2e-01   1879    -310   +449    6e-01    862    -97    +479    7e-01    836    -124   +480  
   7    54.36   19852.30   14   2e-01   1904    -432   +457    6e-01   1092    -250   +480    6e-01   1058    -257   +479  
   8    54.76   19780.62   14   2e-01   1936    -417   +449    5e-01   1311    -261   +480    6e-01   1250    -285   +477  
   9    55.19   19732.37   17   1e-01   1992    -393   +449    5e-01   1514    -277   +480    5e-01   1449    -278   +477  
  10    55.65   19690.74   21   2e-01   2036    -395   +439    5e-01   1716    -277   +479    6e-01   1633    -292   +476  
  11    56.14   19658.82   26   1e-01   1842    -398   +204    4e-01   1804    -386   +474    5e-01   1710    -391   +468  
  12    56.67   19621.51   26   1e-01   2021    -237   +416    4e-01   1977    -307   +480    5e-01   1896    -291   +477  
  13    57.24   19599.78   26   1e-01   1813    -356   +148    5e-01   2103    -351   +477    6e-01   2027    -331   +462  
  14    57.82   19579.46   32   8e-02   1649    -195   +31     3e-01   2209    -359   +465    4e-01   2144    -327   +444  
  15    58.42   19559.28   32   8e-02   1570    -114   +35     3e-01   2394    -288   +473    5e-01   2307    -292   +455  
  16    59.04   19545.26   32   6e-02   1499    -77    +6      3e-01   2541    -297   +444    4e-01   2460    -277   +430  
  17    59.27   19534.99   32   6e-02   1499    -0     +0      3e-01   2541    -0     +0      4e-01   2460    -0     +0    
==========================================================================================================================
Prune!
==========================================================================================================================
Depth = 3, Bound = 19534.99, Best = 19534

Fixing x[78] = 1

**************************************************************************************************************************
                                               Node 17
**************************************************************************************************************************
Problem size 118
Fixed variables: (x[45],1) (x[78],1) (x[119],0)
==========================================================================================================================
starting bound     cut  triangles added  violation
      21287.73   19534              500       0.49
==========================================================================================================================
iter     time      bound  bdl   viol3  triag  purged   added   viol5  penta  purged   added   viol7  hepta  purged   added
==========================================================================================================================
   1    59.37   20686.22    5   5e-01    858    -132   +490   
   2    59.47   20362.55    6   4e-01   1139    -214   +495   
   3    59.59   20184.89    8   4e-01   1397    -237   +495   
   4    59.91   20083.69    9   3e-01   1469    -418   +490    8e-01    480    -0     +480    8e-01    480    -0     +480  
   5    60.07   19926.54    9   3e-01   1647    -303   +481   
   6    60.43   19856.58   14   2e-01   1798    -315   +466    6e-01    820    -140   +480    7e-01    822    -138   +480  
   7    60.80   19771.28   15   2e-01   1906    -334   +442    5e-01   1124    -174   +478    6e-01   1099    -202   +479  
   8    61.21   19698.47   18   1e-01   1930    -399   +423    5e-01   1372    -231   +479    5e-01   1288    -288   +477  
   9    61.64   19651.63   19   2e-01   2016    -341   +427    5e-01   1565    -286   +479    6e-01   1456    -312   +480  
  10    62.11   19610.66   21   1e-01   1863    -461   +308    4e-01   1665    -379   +479    5e-01   1552    -381   +477  
  11    62.61   19568.21   21   1e-01   1775    -305   +217    4e-01   1795    -346   +476    5e-01   1649    -377   +474  
  12    63.14   19540.48   27   1e-01   1703    -220   +148    4e-01   1937    -335   +477    6e-01   1769    -346   +466  
  13    63.19   19532.32   30   1e-01   1703    -0     +0      4e-01   1937    -0     +0      6e-01   1769    -0     +0    
==========================================================================================================================
Prune!
==========================================================================================================================
Depth = 3, Bound = 19532.32, Best = 19534

Branching on x[51] = 0.50
Fixing x[51] = 0

**************************************************************************************************************************
                                               Node 18
**************************************************************************************************************************
Problem size 117
Fixed variables: (x[8],1) (x[51],0) (x[107],1) (x[119],1)
==========================================================================================================================
starting bound     cut  triangles added  violation
      21198.26   19534              500       0.50
==========================================================================================================================
iter     time      bound  bdl   viol3  triag  purged   added   viol5  penta  purged   added   viol7  hepta  purged   added
==========================================================================================================================
   1    63.30   20678.32    3   5e-01    821    -166   +487   
   2    63.41   20389.97    5   4e-01   1180    -129   +488   
   3    63.53   20190.99    7   3e-01   1374    -289   +483   
   4    63.67   20009.62    8   4e-01   1641    -221   +488   
   5    64.03   19932.51   10   3e-01   1791    -337   +487    8e-01    480    -0     +480    8e-01    480    -0     +480  
   6    64.41   19829.56   13   2e-01   1812    -437   +458    6e-01    786    -174   +480    7e-01    786    -174   +480  
   7    64.82   19750.66   17   2e-01   1857    -402   +447    6e-01   1084    -181   +479    6e-01   1081    -185   +480  
   8    65.25   19683.26   19   1e-01   1861    -413   +417    5e-01   1313    -250   +479    5e-01   1323    -238   +480  
   9    65.71   19626.68   13   2e-01   2009    -311   +459    5e-01   1566    -227   +480    6e-01   1514    -289   +480  
  10    66.22   19602.17   18   1e-01   2040    -411   +442    5e-01   1681    -365   +480    6e-01   1628    -366   +480  
  11    66.75   19570.79   18   1e-01   2039    -442   +441    4e-01   1795    -366   +480    6e-01   1787    -321   +480  
  12    67.30   19550.00   14   2e-01   2151    -367   +479    6e-01   1964    -311   +480    7e-01   1977    -290   +480  
  13    67.51   19533.86   20   2e-01   2151    -0     +0      6e-01   1964    -0     +0      7e-01   1977    -0     +0    
==========================================================================================================================
Prune!
==========================================================================================================================
Depth = 4, Bound = 19533.86, Best = 19534

Fixing x[51] = 1

**************************************************************************************************************************
                                               Node 19
**************************************************************************************************************************
Problem size 117
Fixed variables: (x[8],1) (x[51],1) (x[107],1) (x[119],1)
==========================================================================================================================
starting bound     cut  triangles added  violation
      21201.43   19534              500       0.50
==========================================================================================================================
iter     time      bound  bdl   viol3  triag  purged   added   viol5  penta  purged   added   viol7  hepta  purged   added
==========================================================================================================================
   1    67.61   20691.92    4   5e-01    790    -203   +493   
   2    67.71   20382.70    6   4e-01   1082    -196   +488   
   3    67.83   20185.42    7   4e-01   1381    -188   +487   
   4    67.97   20028.46    9   3e-01   1521    -351   +491   
   5    68.31   19937.66   11   2e-01   1699    -303   +481    7e-01    480    -0     +480    8e-01    480    -0     +480  
   6    68.67   19842.81   13   2e-01   1832    -336   +469    7e-01    828    -132   +480    7e-01    834    -126   +480  
   7    69.05   19752.23   15   2e-01   1896    -385   +449    6e-01   1121    -187   +480    6e-01   1099    -215   +480  
   8    69.46   19697.77   18   2e-01   1969    -361   +434    5e-01   1330    -270   +479    6e-01   1307    -272   +480  
   9    69.92   19649.20   14   2e-01   2012    -391   +434    5e-01   1480    -329   +479    6e-01   1482    -305   +480  
  10    70.40   19607.22   21   1e-01   1977    -433   +398    4e-01   1628    -332   +480    5e-01   1594    -366   +478  
  11    70.90   19573.25   23   1e-01   1860    -401   +284    4e-01   1782    -326   +480    5e-01   1776    -294   +476  
  12    71.45   19547.71   24   1e-01   1958    -272   +370    5e-01   1903    -359   +480    6e-01   1954    -299   +477  
  13    71.63   19534.24   22   1e-01   1958    -0     +0      5e-01   1903    -0     +0      6e-01   1954    -0     +0    
==========================================================================================================================
Prune!
==========================================================================================================================
Depth = 4, Bound = 19534.24, Best = 19534

Branching on x[69] = 0.49
Fixing x[69] = 0

**************************************************************************************************************************
                                               Node 20
**************************************************************************************************************************
Problem size 117
Fixed variables: (x[52],0) (x[69],0) (x[107],0) (x[119],1)
==========================================================================================================================
starting bound     cut  triangles added  violation
      21335.57   19534              500       0.49
==========================================================================================================================
iter     time      bound  bdl   viol3  triag  purged   added   viol5  penta  purged   added   viol7  hepta  purged   added
==========================================================================================================================
   1    71.72   20768.58    3   4e-01    863    -121   +484   
   2    71.83   20473.28    5   4e-01   1127    -229   +493   
   3    71.94   20259.24    6   3e-01   1372    -245   +490   
   4    72.27   20141.70    9   3e-01   1597    -266   +491    8e-01    480    -0     +480    9e-01    480    -0     +480  
   5    72.61   19995.24   11   2e-01   1668    -412   +483    6e-01    800    -160   +480    7e-01    785    -175   +480  
   6    72.98   19916.32   13   2e-01   1722    -405   +459    6e-01   1076    -204   +480    6e-01   1013    -252   +480  
   7    73.37   19837.21   14   2e-01   1791    -380   +449    5e-01   1272    -284   +480    6e-01   1213    -280   +480  
   8    73.80   19791.27   19   2e-01   1852    -374   +435    5e-01   1440    -312   +480    6e-01   1392    -300   +479  
   9    74.25   19732.87   18   2e-01   1904    -394   +446    6e-01   1565    -355   +480    6e-01   1518    -354   +480  
  10    74.74   19699.22   18   1e-01   1898    -373   +367    4e-01   1696    -347   +478    5e-01   1642    -356   +480  
  11    75.25   19666.66   22   1e-01   2015    -327   +444    4e-01   1863    -312   +479    6e-01   1815    -305   +478  
  12    75.81   19640.05   24   1e-01   1938    -390   +313    4e-01   1950    -392   +479    5e-01   1957    -335   +477  
  13    76.40   19620.88   25   1e-01   1792    -303   +157    4e-01   2108    -322   +480    6e-01   2118    -317   +478  
  14    77.03   19602.95   26   1e-01   1672    -233   +113    4e-01   2211    -376   +479    4e-01   2248    -337   +467  
  15    77.67   19589.40   28   7e-02   1554    -126   +8      3e-01   2360    -320   +469    4e-01   2453    -263   +468  
  16    78.33   19575.79   28   6e-02   1464    -93    +3      2e-01   2479    -315   +434    4e-01   2559    -335   +441  
  17    78.98   19566.29   21   9e-02   1506    -47    +89     3e-01   2629    -330   +480    5e-01   2741    -298   +480  
  18    79.67   19561.21   19   9e-02   1497    -77    +68     4e-01   2742    -367   +480    5e-01   2903    -318   +480  
  19    80.36   19553.19   27   8e-02   1436    -72    +11     2e-01   2813    -391   +462    3e-01   3031    -337   +465  
  20    81.05   19548.78   30   5e-02   1395    -42    +1      2e-01   2934    -311   +432    4e-01   3160    -306   +435  
  21    81.72   19544.90   20   5e-02   1365    -31    +1      2e-01   3069    -253   +388    3e-01   3332    -221   +393  
  22    82.40   19541.95   16   7e-02   1364    -16    +15     2e-01   3232    -304   +467    3e-01   3501    -292   +461  
  23    83.08   19536.99   24   6e-02   1341    -26    +3      2e-01   3293    -399   +460    4e-01   3598    -366   +463  
  24    83.45   19533.76   25   6e-02   1341    -0     +0      2e-01   3293    -0     +0      4e-01   3598    -0     +0    
==========================================================================================================================
Prune!
==========================================================================================================================
Depth = 4, Bound = 19533.76, Best = 19534

Fixing x[69] = 1

**************************************************************************************************************************
                                               Node 21
**************************************************************************************************************************
Problem size 117
Fixed variables: (x[52],0) (x[69],1) (x[107],0) (x[119],1)
==========================================================================================================================
starting bound     cut  triangles added  violation
      21338.19   19534              500       0.50
==========================================================================================================================
iter     time      bound  bdl   viol3  triag  purged   added   viol5  penta  purged   added   viol7  hepta  purged   added
==========================================================================================================================
   1    83.54   20802.46    5   4e-01    837    -156   +493   
   2    83.64   20470.64    4   4e-01   1119    -209   +491   
   3    83.76   20340.83    7   4e-01   1368    -238   +487   
   4    84.08   20166.79   10   3e-01   1519    -336   +487    8e-01    480    -0     +480    8e-01    480    -0     +480  
   5    84.43   20045.73   12   3e-01   1681    -321   +483    7e-01    842    -118   +480    8e-01    842    -118   +480  
   6    84.80   19938.69   15   2e-01   1693    -469   +481    7e-01   1016    -306   +480    7e-01   1013    -309   +480  
   7    85.19   19862.71   16   2e-01   1707    -444   +458    6e-01   1253    -243   +480    7e-01   1236    -256   +479  
   8    85.62   19821.18   15   2e-01   1818    -356   +467    6e-01   1453    -280   +480    7e-01   1458    -258   +480  
   9    86.08   19766.49   19   1e-01   1778    -497   +457    5e-01   1524    -409   +480    5e-01   1491    -445   +478  
  10    86.55   19733.73   18   1e-01   1768    -317   +307    4e-01   1726    -278   +480    5e-01   1693    -275   +477  
  11    87.04   19694.58   24   1e-01   1667    -298   +197    4e-01   1867    -337   +478    5e-01   1818    -353   +478  
  12    87.55   19666.06   21   2e-01   1939    -197   +469    5e-01   2039    -307   +479    6e-01   1991    -306   +479  
  13    88.13   19643.12   24   7e-02   1525    -440   +26     3e-01   2085    -422   +468    4e-01   2074    -385   +468  
  14    88.71   19620.54   28   2e-01   1813    -125   +413    4e-01   2286    -279   +480    5e-01   2307    -245   +478  
  15    89.37   19604.69   28   8e-02   1497    -340   +24     2e-01   2366    -396   +476    4e-01   2417    -362   +472  
  16    90.03   19585.73   30   7e-02   1362    -139   +4      3e-01   2466    -350   +450    4e-01   2544    -321   +448  
  17    90.69   19573.73   30   7e-02   1331    -57    +26     4e-01   2662    -270   +466    4e-01   2755    -245   +456  
  18    91.34   19563.40   29   1e-01   1453    -42    +164    3e-01   2840    -302   +480    4e-01   2921    -314   +480  
  19    92.05   19555.94   29   7e-02   1356    -136   +39     2e-01   2957    -362   +479    5e-01   3023    -374   +476  
  20    92.75   19548.77   35   6e-02   1293    -67    +4      2e-01   3023    -372   +438    4e-01   3143    -318   +438  
  21    93.44   19540.54   34   5e-02   1254    -40    +1      2e-01   3124    -321   +422    4e-01   3281    -294   +432  
  22    94.12   19536.10   35   6e-02   1232    -26    +4      3e-01   3258    -301   +435    3e-01   3462    -265   +446  
  23    94.22   19534.24   35   6e-02   1232    -0     +0      3e-01   3258    -0     +0      3e-01   3462    -0     +0    
==========================================================================================================================
Prune!
==========================================================================================================================
Depth = 4, Bound = 19534.24, Best = 19534

Branching on x[67] = 0.53
Fixing x[67] = 0

**************************************************************************************************************************
                                               Node 22
**************************************************************************************************************************
Problem size 116
Fixed variables: (x[8],0) (x[25],0) (x[67],0) (x[107],1) (x[119],1)
==========================================================================================================================
starting bound     cut  triangles added  violation
      21254.76   19534              500       0.49
==========================================================================================================================
iter     time      bound  bdl   viol3  triag  purged   added   viol5  penta  purged   added   viol7  hepta  purged   added
==========================================================================================================================
   1    94.32   20726.27    3   5e-01    822    -172   +494   
   2    94.43   20437.69    6   4e-01   1090    -226   +494   
   3    94.56   20270.70    7   3e-01   1310    -270   +490   
   4    94.70   20121.54    6   3e-01   1557    -251   +498   
   5    95.06   20042.05   11   3e-01   1766    -277   +486    7e-01    480    -0     +480    8e-01    480    -0     +480  
   6    95.43   19937.88   15   2e-01   1821    -410   +465    6e-01    796    -164   +480    8e-01    803    -157   +480  
   7    95.83   19863.39   18   2e-01   1918    -375   +472    6e-01   1104    -172   +480    7e-01   1098    -185   +480  
   8    96.27   19792.97   16   2e-01   1935    -443   +460    6e-01   1293    -291   +480    6e-01   1278    -300   +480  
   9    96.73   19742.12   19   2e-01   1944    -434   +443    5e-01   1460    -313   +480    6e-01   1491    -267   +480  
  10    97.22   19707.23   18   2e-01   2016    -387   +459    5e-01   1591    -349   +480    5e-01   1658    -313   +480  
  11    97.73   19672.99   26   1e-01   1683    -450   +117    4e-01   1701    -369   +479    5e-01   1767    -368   +477  
  12    98.25   19638.18   24   1e-01   1961    -176   +454    4e-01   1890    -291   +480    5e-01   1949    -297   +479  
  13    98.81   19620.46   24   1e-01   1686    -363   +88     3e-01   2016    -352   +478    5e-01   2150    -274   +475  
  14    99.39   19605.62   24   1e-01   1576    -162   +52     3e-01   2191    -302   +477    4e-01   2328    -300   +478  
  15    99.98   19586.84   28   7e-02   1511    -87    +22     3e-01   2312    -341   +462    4e-01   2491    -305   +468  
  16   100.63   19574.22   32   7e-02   1429    -93    +11     3e-01   2419    -363   +470    4e-01   2656    -305   +470  
  17   101.27   19558.04   32   9e-02   1359    -83    +13     3e-01   2559    -318   +458    4e-01   2786    -319   +449  
  18   101.93   19552.67   30   6e-02   1331    -40    +12     2e-01   2692    -323   +456    4e-01   2998    -244   +456  
  19   102.58   19545.28   26   9e-02   1357    -35    +61     3e-01   2880    -291   +479    5e-01   3191    -280   +473  
  20   103.26   19538.01   31   7e-02   1282    -77    +2      2e-01   2969    -364   +453    4e-01   3301    -343   +453  
  21   103.39   19533.72   35   7e-02   1282    -0     +0      2e-01   2969    -0     +0      4e-01   3301    -0     +0    
==========================================================================================================================
Prune!
==========================================================================================================================
Depth = 5, Bound = 19533.72, Best = 19534

Fixing x[67] = 1

**************************************************************************************************************************
                                               Node 23
**************************************************************************************************************************
Problem size 116
Fixed variables: (x[8],0) (x[25],0) (x[67],1) (x[107],1) (x[119],1)
==========================================================================================================================
starting bound     cut  triangles added  violation
      21104.91   19534              500       0.50
==========================================================================================================================
iter     time      bound  bdl   viol3  triag  purged   added   viol5  penta  purged   added   viol7  hepta  purged   added
==========================================================================================================================
   1   103.49   20593.15    5   4e-01    833    -159   +492   
   2   103.58   20348.34    7   4e-01   1098    -216   +481   
   3   103.70   20173.46    5   4e-01   1348    -242   +492   
   4   104.03   20036.37    8   3e-01   1543    -298   +493    8e-01    480    -0     +480    8e-01    480    -0     +480  
   5   104.38   19924.92   10   2e-01   1722    -297   +476    7e-01    833    -127   +480    8e-01    850    -110   +480  
   6   104.77   19831.54   15   2e-01   1801    -388   +467    6e-01   1133    -180   +480    6e-01   1103    -227   +480  
   7   105.18   19755.06   15   2e-01   1862    -393   +454    5e-01   1374    -239   +480    7e-01   1353    -230   +480  
   8   105.63   19710.80   16   2e-01   1926    -405   +469    5e-01   1555    -299   +480    6e-01   1550    -283   +480  
   9   106.09   19672.34   16   2e-01   1910    -486   +470    5e-01   1716    -319   +480    7e-01   1721    -309   +480  
  10   106.60   19645.46   16   1e-01   1947    -425   +462    5e-01   1814    -382   +480    6e-01   1811    -389   +479  
  11   107.13   19614.18   21   1e-01   1980    -406   +439    5e-01   1931    -363   +480    6e-01   1997    -294   +480  
  12   107.69   19599.02   20   8e-02   1633    -377   +30     4e-01   2097    -312   +478    6e-01   2216    -259   +478  
  13   108.25   19583.80   19   1e-01   1775    -154   +296    4e-01   2313    -264   +480    5e-01   2480    -216   +480  
  14   108.87   19566.51   24   9e-02   1502    -303   +30     4e-01   2364    -428   +479    5e-01   2573    -385   +478  
  15   109.51   19563.59   17   1e-01   1905    -85    +488    5e-01   2483    -360   +479    6e-01   2711    -342   +480  
  16   110.19   19555.44   18   1e-01   1959    -430   +484    4e-01   2477    -486   +480    6e-01   2778    -413   +480  
  17   110.95   19549.15   20   7e-02   1531    -444   +16     3e-01   2521    -433   +477    4e-01   2826    -431   +479  
  18   111.63   19544.00   15   1e-01   1461    -91    +21     3e-01   2647    -354   +480    4e-01   2984    -322   +480  
  19   112.33   19542.36   22   7e-02   1413    -54    +6      4e-01   2797    -329   +479    5e-01   3114    -350   +480  
  20   113.06   19538.64   27   6e-02   1381    -34    +2      3e-01   2861    -410   +474    3e-01   3223    -369   +478  
  21   113.78   19537.94   10   7e-02   1374    -14    +7      2e-01   2954    -386   +479    4e-01   3340    -362   +479  
  22   114.48   19536.23   13   1e-01   1646    -10    +282    4e-01   3082    -352   +480    5e-01   3496    -324   +480  
  23   115.28   19535.03   10   5e-02   1378    -269   +1      2e-01   3051    -506   +475    3e-01   3564    -412   +480  
  24   115.46   19534.78   10   5e-02   1378    -0     +0      2e-01   3051    -0     +0      3e-01   3564    -0     +0    
==========================================================================================================================
Prune!
==========================================================================================================================
Depth = 5, Bound = 19534.78, Best = 19534

Branching on x[54] = 0.50
Fixing x[54] = 0

**************************************************************************************************************************
                                               Node 24
**************************************************************************************************************************
Problem size 117
Fixed variables: (x[12],1) (x[45],0) (x[54],0) (x[119],0)
==========================================================================================================================
starting bound     cut  triangles added  violation
      21306.42   19534              500       0.50
==========================================================================================================================
iter     time      bound  bdl   viol3  triag  purged   added   viol5  penta  purged   added   viol7  hepta  purged   added
==========================================================================================================================
   1   115.56   20740.48    5   4e-01    879    -113   +492   
   2   115.66   20461.15    4   4e-01   1158    -220   +499   
   3   115.78   20319.06    7   4e-01   1342    -306   +490   
   4   115.92   20214.72    6   3e-01   1535    -300   +493   
   5   116.27   20095.03   11   3e-01   1681    -346   +492    7e-01    480    -0     +480    8e-01    480    -0     +480  
   6   116.64   19972.45   13   2e-01   1716    -447   +482    6e-01    779    -181   +480    7e-01    802    -158   +480  
   7   117.03   19878.61   15   3e-01   1748    -425   +457    7e-01   1081    -178   +480    7e-01   1124    -158   +480  
   8   117.46   19815.87   14   2e-01   1827    -391   +470    6e-01   1263    -298   +480    7e-01   1287    -317   +480  
   9   117.93   19775.16   19   2e-01   1866    -423   +462    5e-01   1406    -337   +480    6e-01   1433    -333   +479  
  10   118.41   19729.64   22   1e-01   1668    -454   +256    3e-01   1539    -347   +480    5e-01   1592    -319   +478  
  11   118.91   19699.21   21   2e-01   1902    -200   +434    4e-01   1716    -303   +480    5e-01   1784    -287   +479  
  12   119.45   19668.09   25   1e-01   1630    -401   +129    3e-01   1859    -335   +478    5e-01   1922    -340   +478  
  13   120.01   19644.23   26   1e-01   1905    -167   +442    4e-01   2045    -293   +479    5e-01   2127    -275   +480  
  14   120.62   19621.10   26   1e-01   1605    -387   +87     4e-01   2148    -373   +476    6e-01   2212    -391   +476  
  15   121.24   19604.38   26   1e-01   1610    -168   +173    3e-01   2250    -378   +480    5e-01   2371    -320   +479  
  16   121.88   19590.98   30   7e-02   1453    -173   +16     3e-01   2361    -359   +470    5e-01   2465    -372   +466  
  17   122.52   19574.07   25   8e-02   1398    -93    +38     3e-01   2496    -343   +478    4e-01   2660    -279   +474  
  18   123.17   19564.91   32   7e-02   1330    -75    +7      2e-01   2628    -332   +464    4e-01   2818    -301   +459  
  19   123.84   19556.71   32   7e-02   1299    -36    +5      3e-01   2762    -321   +455    4e-01   2967    -312   +461  
  20   124.51   19551.35   33   8e-02   1287    -30    +18     2e-01   2907    -328   +473    4e-01   3171    -266   +470  
  21   125.20   19543.94   30   9e-02   1297    -31    +41     3e-01   2997    -388   +478    4e-01   3306    -341   +476  
  22   125.89   19538.39   38   4e-02   1239    -58    +0      2e-01   2990    -393   +386    4e-01   3372    -354   +420  
  23   126.07   19533.93   38   4e-02   1239    -0     +0      2e-01   2990    -0     +0      4e-01   3372    -0     +0    
==========================================================================================================================
Prune!
==========================================================================================================================
Depth = 4, Bound = 19533.93, Best = 19534

Fixing x[54] = 1

**************************************************************************************************************************
                                               Node 25
**************************************************************************************************************************
Problem size 117
Fixed variables: (x[12],1) (x[45],0) (x[54],1) (x[119],0)
==========================================================================================================================
starting bound     cut  triangles added  violation
      21307.70   19534              500       0.50
==========================================================================================================================
iter     time      bound  bdl   viol3  triag  purged   added   viol5  penta  purged   added   viol7  hepta  purged   added
==========================================================================================================================
   1   126.18   20811.08    5   5e-01    943    -34    +477   
   2   126.30   20496.81    4   4e-01   1231    -201   +489   
   3   126.43   20315.61    7   3e-01   1401    -321   +491   
   4   126.58   20180.37    9   3e-01   1614    -261   +474   
   5   126.95   20079.37   12   3e-01   1758    -344   +488    7e-01    480    -0     +480    8e-01    480    -0     +480  
   6   127.34   19959.46   14   2e-01   1765    -465   +472    6e-01    768    -191   +479    6e-01    791    -168   +479  
   7   127.74   19891.40   14   2e-01   1839    -393   +467    6e-01   1085    -163   +480    6e-01   1082    -189   +480  
   8   128.18   19830.28   14   2e-01   1809    -490   +460    5e-01   1255    -310   +480    6e-01   1285    -277   +480  
   9   128.64   19757.45   16   2e-01   1986    -282   +459    5e-01   1479    -256   +480    6e-01   1489    -276   +480  
  10   129.13   19728.34   21   1e-01   2015    -400   +429    5e-01   1644    -315   +480    6e-01   1696    -272   +479  
  11   129.65   19691.41   25   1e-01   2019    -365   +369    4e-01   1774    -350   +480    6e-01   1802    -372   +478  
  12   130.21   19663.55   24   1e-01   1954    -355   +290    4e-01   1925    -328   +479    5e-01   1951    -329   +478  
  13   130.77   19640.06   25   9e-02   1852    -266   +164    5e-01   2055    -350   +480    5e-01   2110    -318   +477  
  14   131.37   19620.09   27   8e-02   1722    -204   +74     3e-01   2225    -307   +477    5e-01   2284    -299   +473  
  15   132.00   19604.52   25   7e-02   1586    -147   +11     3e-01   2365    -315   +455    4e-01   2434    -307   +457  
  16   132.63   19587.43   30   5e-02   1504    -85    +3      3e-01   2549    -282   +466    4e-01   2633    -253   +452  
  17   133.28   19575.29   35   5e-02   1443    -61    +0      2e-01   2655    -331   +437    4e-01   2810    -253   +430  
  18   133.95   19564.21   31   6e-02   1415    -31    +3      2e-01   2848    -232   +425    4e-01   2998    -249   +437  
  19   134.58   19559.16   25   8e-02   1426    -29    +40     4e-01   3068    -257   +477    4e-01   3231    -241   +474  
  20   135.26   19548.87   34   7e-02   1378    -50    +2      3e-01   3117    -383   +432    3e-01   3319    -358   +446  
  21   135.96   19542.32   37   5e-02   1337    -42    +1      2e-01   3161    -309   +353    3e-01   3437    -264   +382  
  22   136.65   19537.39   31   1e-01   1393    -17    +73     3e-01   3431    -209   +479    4e-01   3703    -210   +476  
  23   136.88   19532.86   35   1e-01   1393    -0     +0      3e-01   3431    -0     +0      4e-01   3703    -0     +0    
==========================================================================================================================
Prune!
==========================================================================================================================
Depth = 4, Bound = 19532.86, Best = 19534


Nodes = 25
Root node bound = 19767.518
Maximum value = 19534
Solution = ( 1 7 11 16 17 19 22 29 32 33 34 35 36 39 40 43 49 51 60 61 63 65 66 68 69 72 73 74 80 82 84 87 88 89 96 97 106 108 109 110 112 114 116 117 120 )
CPU time = 136.88 s

