Input file: ./Instances/biq2mc/be/be120.8.9.sparse.mc

Graph has 121 vertices and 5736 edges.

BiqBin parameters:
    init_bundle_iter = 5
     max_bundle_iter = 20
      min_outer_iter = 10
      max_outer_iter = 30
       violated_Ineq = 0.050000
             TriIneq = 500
         Pent_Trials = 160
        Hepta_Trials = 120
        include_Pent = 1
       include_Hepta = 1
                root = 0
            use_diff = 1
          time_limit = 0
   branchingStrategy = 1
      detailedOutput = 1

**************************************************************************************************************************
                                               Node 1
**************************************************************************************************************************
Problem size 121
Fixed variables:
Node 1 Feasible solution 18195
==========================================================================================================================
starting bound     cut  triangles added  violation
      19950.93   18195              500       0.49
==========================================================================================================================
iter     time      bound  bdl   viol3  triag  purged   added   viol5  penta  purged   added   viol7  hepta  purged   added
==========================================================================================================================
   1     0.17   19410.18    4   4e-01    848    -145   +493   
   2     0.31   19173.28    6   4e-01   1167    -167   +486   
   3     0.48   18995.70    6   3e-01   1407    -249   +489   
   4     0.67   18847.79    8   3e-01   1606    -294   +493   
   5     1.07   18750.73   13   2e-01   1745    -343   +482    7e-01    480    -0     +480    8e-01    480    -0     +480  
   6     1.47   18641.22   11   3e-01   1828    -399   +482    7e-01    845    -115   +480    8e-01    856    -104   +480  
   7     1.91   18566.02   14   2e-01   1858    -443   +473    6e-01   1111    -214   +480    7e-01   1121    -215   +480  
   8     2.38   18501.25   18   2e-01   1844    -472   +458    5e-01   1327    -264   +480    6e-01   1349    -252   +480  
   9     2.89   18443.90   17   2e-01   1863    -451   +470    5e-01   1473    -334   +480    7e-01   1495    -334   +480  
  10     3.42   18405.18   19   2e-01   1937    -377   +451    5e-01   1657    -295   +479    6e-01   1686    -289   +480  
  11     4.00   18368.25   17   1e-01   1953    -437   +453    4e-01   1808    -329   +480    5e-01   1859    -307   +480  
  12     4.61   18347.74   21   1e-01   2037    -368   +452    4e-01   1943    -345   +480    6e-01   2074    -265   +480  
  13     5.27   18326.25   25   1e-01   1775    -431   +169    4e-01   2049    -374   +480    5e-01   2198    -356   +480  
  14     5.93   18310.50   24   1e-01   1879    -208   +312    4e-01   2177    -352   +480    5e-01   2350    -328   +480  
  15     6.67   18294.01   24   8e-02   1667    -285   +73     3e-01   2259    -398   +480    4e-01   2474    -352   +476  
  16     7.40   18279.12   27   6e-02   1511    -169   +13     2e-01   2361    -374   +476    4e-01   2613    -337   +476  
  17     8.13   18269.34   22   1e-01   1576    -67    +132    3e-01   2505    -336   +480    5e-01   2761    -332   +480  
  18     8.89   18263.10   24   1e-01   1623    -150   +197    4e-01   2628    -357   +480    6e-01   2932    -309   +480  
  19     9.68   18255.98   30   8e-02   1466    -181   +24     3e-01   2664    -442   +478    4e-01   3019    -391   +478  
  20    10.46   18249.35   30   6e-02   1415    -53    +2      2e-01   2746    -375   +457    3e-01   3168    -309   +458  
  21    10.93   18246.61   29   6e-02   1415    -0     +0      2e-01   2746    -0     +0      3e-01   3168    -0     +0    
==========================================================================================================================
BOUNDING STOPPED: Gap to big!
==========================================================================================================================
Depth = 0, Bound = 18246.61, Best = 18195

Branching on x[17] = 0.52
Fixing x[17] = 0

**************************************************************************************************************************
                                               Node 2
**************************************************************************************************************************
Problem size 120
Fixed variables: (x[17],0)
==========================================================================================================================
BOUNDING STOPPED: Gap to big!
==========================================================================================================================
Depth = 1, Bound = 19946.94, Best = 18195

Fixing x[17] = 1

**************************************************************************************************************************
                                               Node 3
**************************************************************************************************************************
Problem size 120
Fixed variables: (x[17],1)
==========================================================================================================================
starting bound     cut  triangles added  violation
      19868.93   18195              500       0.50
==========================================================================================================================
iter     time      bound  bdl   viol3  triag  purged   added   viol5  penta  purged   added   viol7  hepta  purged   added
==========================================================================================================================
   1    11.05   19356.43    5   4e-01    844    -155   +499   
   2    11.16   19068.05    4   4e-01   1021    -320   +497   
   3    11.28   18908.89    6   4e-01   1217    -294   +490   
   4    11.42   18763.67    6   3e-01   1421    -292   +496   
   5    11.79   18685.19   10   3e-01   1576    -333   +488    7e-01    480    -0     +480    8e-01    480    -0     +480  
   6    12.19   18562.89   13   2e-01   1631    -433   +488    6e-01    772    -188   +480    7e-01    817    -143   +480  
   7    12.61   18502.22   15   2e-01   1702    -378   +449    5e-01   1103    -149   +480    6e-01   1138    -159   +480  
   8    13.06   18418.36   16   2e-01   1749    -409   +456    5e-01   1297    -286   +480    6e-01   1339    -279   +480  
   9    13.56   18377.12   15   2e-01   1848    -381   +480    5e-01   1479    -298   +480    7e-01   1545    -274   +480  
  10    14.09   18330.20   18   1e-01   1859    -448   +459    4e-01   1603    -356   +480    5e-01   1675    -350   +480  
  11    14.65   18313.41   18   2e-01   1898    -420   +459    6e-01   1729    -354   +480    6e-01   1830    -325   +480  
  12    15.24   18292.04   23   1e-01   1926    -421   +449    4e-01   1819    -390   +480    5e-01   1933    -377   +480  
  13    15.88   18271.33   21   1e-01   1710    -415   +199    5e-01   1935    -364   +480    5e-01   2074    -339   +480  
  14    16.53   18258.61   22   1e-01   1658    -233   +181    4e-01   2052    -363   +480    5e-01   2236    -318   +480  
  15    17.22   18247.94   27   1e-01   1577    -197   +116    3e-01   2174    -358   +480    4e-01   2406    -310   +480  
  16    17.94   18238.19   23   1e-01   1778    -149   +350    4e-01   2316    -338   +480    4e-01   2557    -329   +480  
  17    18.69   18231.44   13   2e-01   1929    -328   +479    5e-01   2355    -441   +480    6e-01   2648    -389   +480  
  18    19.45   18226.74   22   7e-02   1492    -442   +5      3e-01   2416    -418   +479    5e-01   2748    -379   +479  
  19    20.20   18221.58   17   9e-02   1516    -77    +101    4e-01   2513    -383   +480    5e-01   2893    -335   +480  
  20    20.97   18217.70   23   7e-02   1409    -114   +7      3e-01   2558    -435   +480    3e-01   3000    -371   +478  
  21    21.72   18212.14   29   6e-02   1357    -53    +1      2e-01   2617    -356   +415    2e-01   3117    -342   +459  
  22    22.49   18209.28   31   5e-02   1337    -20    +0      2e-01   2866    -221   +470    4e-01   3384    -207   +474  
  23    22.93   18207.86   20   5e-02   1337    -0     +0      2e-01   2866    -0     +0      4e-01   3384    -0     +0    
==========================================================================================================================
BOUNDING STOPPED: Gap to big!
==========================================================================================================================
Depth = 1, Bound = 18207.86, Best = 18195

Branching on x[78] = 0.50
Fixing x[78] = 0

**************************************************************************************************************************
                                               Node 4
**************************************************************************************************************************
Problem size 119
Fixed variables: (x[17],0) (x[78],0)
==========================================================================================================================
starting bound     cut  triangles added  violation
      19859.09   18195              500       0.49
==========================================================================================================================
iter     time      bound  bdl   viol3  triag  purged   added   viol5  penta  purged   added   viol7  hepta  purged   added
==========================================================================================================================
   1    23.03   19363.97    5   4e-01    844    -141   +485   
   2    23.13   19084.80    5   3e-01   1118    -207   +481   
   3    23.26   18865.35    6   4e-01   1407    -203   +492   
   4    23.41   18752.73    9   3e-01   1519    -383   +495   
   5    23.78   18676.91    9   2e-01   1693    -314   +488    7e-01    480    -0     +480    8e-01    480    -0     +480  
   6    24.17   18599.78   13   2e-01   1752    -424   +483    6e-01    798    -162   +480    8e-01    827    -133   +480  
   7    24.59   18507.41   14   2e-01   1794    -437   +479    7e-01   1079    -199   +480    6e-01   1140    -167   +480  
   8    25.06   18448.24   15   2e-01   1853    -408   +467    6e-01   1292    -267   +480    6e-01   1337    -283   +480  
   9    25.54   18393.74   12   2e-01   1855    -472   +474    5e-01   1453    -319   +480    6e-01   1496    -321   +480  
  10    26.06   18359.63   18   2e-01   1922    -391   +458    5e-01   1621    -312   +480    6e-01   1694    -282   +480  
  11    26.62   18317.31   18   2e-01   1969    -417   +464    4e-01   1730    -371   +480    6e-01   1858    -316   +480  
  12    27.22   18284.69   20   1e-01   1923    -449   +403    4e-01   1882    -328   +480    6e-01   2052    -286   +480  
  13    27.86   18269.68   25   1e-01   1607    -364   +48     3e-01   2069    -292   +479    4e-01   2309    -223   +480  
  14    28.50   18250.56   24   1e-01   1653    -144   +190    4e-01   2279    -270   +480    5e-01   2506    -283   +480  
  15    29.18   18237.85   27   8e-02   1465    -205   +17     3e-01   2443    -316   +480    4e-01   2682    -302   +478  
  16    29.89   18224.77   23   1e-01   1869    -61    +465    4e-01   2583    -340   +480    5e-01   2869    -293   +480  
  17    30.63   18216.09   25   5e-02   1472    -397   +0      2e-01   2605    -454   +476    3e-01   2944    -400   +475  
  18    31.35   18206.91   26   7e-02   1410    -71    +9      3e-01   2803    -280   +478    4e-01   3137    -285   +478  
  19    32.10   18199.15   30   6e-02   1348    -64    +2      2e-01   2939    -335   +471    5e-01   3267    -342   +472  
  20    32.35   18195.91   24   6e-02   1348    -0     +0      2e-01   2939    -0     +0      5e-01   3267    -0     +0    
==========================================================================================================================
Prune!
==========================================================================================================================
Depth = 2, Bound = 18195.91, Best = 18195

Fixing x[78] = 1

**************************************************************************************************************************
                                               Node 5
**************************************************************************************************************************
Problem size 119
Fixed variables: (x[17],0) (x[78],1)
==========================================================================================================================
starting bound     cut  triangles added  violation
      19845.63   18195              500       0.50
==========================================================================================================================
iter     time      bound  bdl   viol3  triag  purged   added   viol5  penta  purged   added   viol7  hepta  purged   added
==========================================================================================================================
   1    32.44   19306.24    4   5e-01    856    -141   +497   
   2    32.55   19070.45    4   4e-01   1129    -222   +495   
   3    32.67   18894.36    7   3e-01   1324    -295   +490   
   4    32.82   18715.73    7   4e-01   1584    -234   +494   
   5    32.98   18646.55    9   3e-01   1717    -359   +492   
   6    33.36   18565.15   14   2e-01   1900    -297   +480    7e-01    480    -0     +480    8e-01    480    -0     +480  
   7    33.79   18458.50   12   2e-01   1889    -472   +461    5e-01    867    -93    +480    6e-01    864    -96    +480  
   8    34.24   18377.39   14   3e-01   2030    -334   +475    6e-01   1161    -186   +480    8e-01   1188    -156   +480  
   9    34.74   18328.68   17   2e-01   2020    -465   +455    5e-01   1275    -366   +480    6e-01   1366    -302   +480  
  10    35.26   18285.25   23   2e-01   2013    -439   +432    5e-01   1460    -295   +480    6e-01   1570    -276   +480  
  11    35.82   18244.70   21   1e-01   2049    -411   +447    5e-01   1625    -315   +480    7e-01   1785    -265   +480  
  12    36.43   18215.72   25   1e-01   1962    -438   +351    4e-01   1769    -335   +479    5e-01   1918    -347   +480  
  13    36.70   18190.43   21   1e-01   1962    -0     +0      4e-01   1769    -0     +0      5e-01   1918    -0     +0    
==========================================================================================================================
Prune!
==========================================================================================================================
Depth = 2, Bound = 18190.43, Best = 18195

Branching on x[79] = 0.44
Fixing x[79] = 0

**************************************************************************************************************************
                                               Node 6
**************************************************************************************************************************
Problem size 119
Fixed variables: (x[17],1) (x[79],0)
==========================================================================================================================
starting bound     cut  triangles added  violation
      19784.75   18195              500       0.50
==========================================================================================================================
iter     time      bound  bdl   viol3  triag  purged   added   viol5  penta  purged   added   viol7  hepta  purged   added
==========================================================================================================================
   1    36.80   19293.40    3   4e-01    829    -163   +492   
   2    36.91   19041.21    4   4e-01   1102    -223   +496   
   3    37.05   18887.56    6   3e-01   1301    -278   +477   
   4    37.19   18719.20    6   3e-01   1508    -288   +495   
   5    37.56   18621.64    9   3e-01   1701    -294   +487    7e-01    480    -0     +480    8e-01    480    -0     +480  
   6    37.95   18535.08   13   3e-01   1761    -412   +472    7e-01    780    -180   +480    8e-01    793    -167   +480  
   7    38.38   18439.13   11   2e-01   1794    -450   +483    7e-01    970    -290   +480    7e-01   1039    -234   +480  
   8    38.85   18382.19   15   2e-01   1872    -402   +480    7e-01   1202    -248   +480    7e-01   1286    -233   +480  
   9    39.35   18346.81   18   1e-01   1858    -476   +462    5e-01   1345    -337   +480    5e-01   1446    -320   +480  
  10    39.87   18312.36   19   1e-01   1914    -383   +439    4e-01   1498    -327   +480    6e-01   1603    -323   +480  
  11    40.43   18281.27   15   2e-01   2033    -338   +457    5e-01   1670    -308   +480    6e-01   1786    -297   +480  
  12    41.04   18259.93   15   2e-01   2127    -387   +481    6e-01   1783    -367   +480    6e-01   1887    -379   +480  
  13    41.68   18244.94   18   9e-02   1761    -479   +113    3e-01   1822    -441   +480    4e-01   2013    -354   +480  
  14    42.35   18233.42   18   2e-01   1792    -193   +224    5e-01   1953    -349   +480    6e-01   2171    -322   +480  
  15    43.05   18225.09   18   9e-02   1649    -240   +97     3e-01   2041    -391   +479    5e-01   2294    -356   +479  
  16    43.78   18215.39   19   1e-01   1841    -151   +343    4e-01   2184    -337   +480    5e-01   2475    -299   +480  
  17    44.54   18210.34   11   1e-01   1822    -312   +293    4e-01   2250    -414   +480    5e-01   2612    -343   +480  
  18    45.30   18206.81   19   7e-02   1586    -275   +39     3e-01   2312    -418   +480    4e-01   2655    -437   +480  
  19    46.06   18202.58   17   8e-02   1519    -97    +30     3e-01   2437    -354   +479    4e-01   2827    -308   +480  
  20    46.81   18199.44   18   8e-02   1498    -51    +30     3e-01   2493    -424   +480    4e-01   2993    -314   +480  
  21    47.60   18197.97   14   8e-02   1471    -55    +28     3e-01   2557    -416   +480    3e-01   3109    -364   +480  
  22    48.40   18196.83   19   5e-02   1433    -38    +0      2e-01   2591    -435   +469    3e-01   3212    -376   +479  
  23    49.18   18196.25   15   7e-02   1453    -11    +31     2e-01   2706    -365   +480    3e-01   3348    -344   +480  
  24    49.31   18195.97   12   7e-02   1453    -0     +0      2e-01   2706    -0     +0      3e-01   3348    -0     +0    
==========================================================================================================================
Prune!
==========================================================================================================================
Depth = 2, Bound = 18195.97, Best = 18195

Fixing x[79] = 1

**************************************************************************************************************************
                                               Node 7
**************************************************************************************************************************
Problem size 119
Fixed variables: (x[17],1) (x[79],1)
==========================================================================================================================
starting bound     cut  triangles added  violation
      19776.83   18195              500       0.50
==========================================================================================================================
iter     time      bound  bdl   viol3  triag  purged   added   viol5  penta  purged   added   viol7  hepta  purged   added
==========================================================================================================================
   1    49.41   19254.71    5   4e-01    873    -124   +497   
   2    49.52   18940.91    6   4e-01   1164    -202   +493   
   3    49.65   18789.08    8   3e-01   1328    -329   +493   
   4    49.80   18633.00    9   3e-01   1565    -255   +492   
   5    50.18   18542.38   11   3e-01   1729    -320   +484    7e-01    480    -0     +480    8e-01    480    -0     +480  
   6    50.59   18457.17   10   2e-01   1781    -424   +476    6e-01    843    -117   +480    7e-01    867    -93    +480  
   7    51.03   18396.31   14   2e-01   1844    -412   +475    6e-01   1107    -216   +480    7e-01   1162    -185   +480  
   8    51.50   18347.34   15   2e-01   1892    -430   +478    6e-01   1298    -289   +480    6e-01   1331    -311   +480  
   9    52.02   18302.28   13   2e-01   1921    -459   +488    5e-01   1465    -313   +480    6e-01   1511    -300   +480  
  10    52.56   18283.18   14   1e-01   1826    -404   +309    5e-01   1607    -338   +480    6e-01   1731    -260   +480  
  11    53.12   18258.50   14   2e-01   2046    -264   +484    6e-01   1815    -272   +480    7e-01   1964    -247   +480  
  12    53.77   18234.73   17   1e-01   1836    -528   +318    4e-01   1852    -443   +480    6e-01   2035    -409   +480  
  13    54.43   18223.05   17   1e-01   1619    -337   +120    4e-01   1973    -359   +480    5e-01   2227    -288   +480  
  14    55.11   18214.89   17   2e-01   1872    -179   +432    5e-01   2105    -348   +480    6e-01   2360    -347   +480  
  15    55.86   18209.92   17   1e-01   1626    -378   +132    4e-01   2116    -469   +480    5e-01   2452    -388   +480  
  16    56.62   18204.04   14   7e-02   1501    -180   +55     3e-01   2205    -391   +480    4e-01   2582    -350   +480  
  17    57.36   18200.02   15   9e-02   1478    -92    +69     4e-01   2281    -404   +480    5e-01   2691    -371   +480  
  18    58.16   18198.26   16   1e-01   1612    -101   +235    3e-01   2322    -439   +480    4e-01   2771    -400   +480  
  19    58.57   18195.19   13   1e-01   1612    -0     +0      3e-01   2322    -0     +0      4e-01   2771    -0     +0    
==========================================================================================================================
Prune!
==========================================================================================================================
Depth = 2, Bound = 18195.19, Best = 18195


Nodes = 7
Root node bound = 18246.610
Maximum value = 18195
Solution = ( 3 4 6 11 12 13 14 15 16 17 18 21 22 25 26 27 28 32 38 41 42 43 44 45 49 50 52 58 60 61 62 65 66 67 68 69 70 71 72 73 77 78 82 84 85 86 87 89 90 91 93 94 95 96 97 98 99 101 103 104 107 108 109 110 111 113 118 119 120 )
CPU time = 58.57 s

