Input file: ./Instances/biq2mc/be/be120.8.5.sparse.mc

Graph has 121 vertices and 5753 edges.

BiqBin parameters:
    init_bundle_iter = 5
     max_bundle_iter = 20
      min_outer_iter = 10
      max_outer_iter = 30
       violated_Ineq = 0.050000
             TriIneq = 500
         Pent_Trials = 160
        Hepta_Trials = 120
        include_Pent = 1
       include_Hepta = 1
                root = 0
            use_diff = 1
          time_limit = 0
   branchingStrategy = 1
      detailedOutput = 1

**************************************************************************************************************************
                                               Node 1
**************************************************************************************************************************
Problem size 121
Fixed variables:
Node 1 Feasible solution 20417
==========================================================================================================================
starting bound     cut  triangles added  violation
      21738.18   20417              500       0.50
==========================================================================================================================
iter     time      bound  bdl   viol3  triag  purged   added   viol5  penta  purged   added   viol7  hepta  purged   added
==========================================================================================================================
   1     0.11   21386.53    5   4e-01    843    -151   +494   
   2     0.23   21147.47    5   4e-01   1056    -277   +490   
   3     0.38   20997.48    6   4e-01   1312    -241   +497   
   4     0.55   20884.70    7   3e-01   1550    -261   +499   
   5     0.97   20795.76    9   3e-01   1716    -325   +491    7e-01    480    -0     +480    8e-01    480    -0     +480  
   6     1.42   20700.62    9   2e-01   1790    -415   +489    7e-01    811    -149   +480    9e-01    855    -105   +480  
   7     1.90   20637.48   13   2e-01   1830    -446   +486    7e-01   1092    -199   +480    8e-01   1172    -163   +480  
   8     2.41   20587.02   12   2e-01   1907    -411   +488    7e-01   1341    -231   +480    7e-01   1469    -183   +480  
   9     2.97   20550.68   17   2e-01   1848    -532   +473    6e-01   1495    -326   +480    7e-01   1706    -243   +480  
  10     3.54   20518.09   18   1e-01   1900    -424   +476    5e-01   1640    -335   +480    6e-01   1862    -324   +480  
  11     4.20   20494.41   18   2e-01   1934    -446   +480    5e-01   1741    -379   +480    6e-01   2097    -245   +480  
  12     4.89   20471.17   19   1e-01   1961    -448   +475    5e-01   1870    -351   +480    6e-01   2220    -357   +480  
  13     5.63   20459.86   20   9e-02   1576    -462   +77     3e-01   1985    -365   +480    5e-01   2449    -251   +480  
  14     6.37   20449.80   17   1e-01   1854    -138   +416    4e-01   2141    -324   +480    5e-01   2686    -243   +480  
  15     7.13   20440.05   25   6e-02   1477    -389   +12     4e-01   2211    -410   +480    4e-01   2830    -333   +477  
  16     7.86   20430.81   16   2e-01   1878    -82    +483    4e-01   2418    -273   +480    5e-01   3096    -214   +480  
  17     8.64   20427.94   19   8e-02   1510    -385   +17     3e-01   2464    -434   +480    4e-01   3187    -389   +480  
  18     9.40   20423.23   22   9e-02   1439    -97    +26     4e-01   2629    -315   +480    4e-01   3364    -303   +480  
  19    10.20   20420.37   15   9e-02   1434    -51    +46     3e-01   2815    -294   +480    4e-01   3586    -258   +480  
  20    11.02   20418.61   18   6e-02   1369    -70    +5      2e-01   2816    -479   +480    3e-01   3603    -463   +480  
  21    11.81   20418.29   12   1e-01   1564    -14    +209    3e-01   2890    -406   +480    4e-01   3750    -333   +480  
  22    12.13   20417.44   15   1e-01   1564    -0     +0      3e-01   2890    -0     +0      4e-01   3750    -0     +0    
==========================================================================================================================
Prune!
==========================================================================================================================
Depth = 0, Bound = 20417.44, Best = 20417


Nodes = 1
Root node bound = 20417.437
Maximum value = 20417
Solution = ( 1 2 10 11 13 14 15 17 19 21 22 25 28 29 31 36 37 40 44 45 47 48 49 50 55 57 58 61 63 65 71 76 85 91 92 93 94 95 96 98 103 109 110 113 115 116 118 119 )
CPU time = 12.13 s

