Input file: ./Instances/biq2mc/be/be120.3.7.sparse.mc

Graph has 121 vertices and 2192 edges.

BiqBin parameters:
    init_bundle_iter = 5
     max_bundle_iter = 20
      min_outer_iter = 10
      max_outer_iter = 30
       violated_Ineq = 0.050000
             TriIneq = 500
         Pent_Trials = 160
        Hepta_Trials = 120
        include_Pent = 1
       include_Hepta = 1
                root = 0
            use_diff = 1
          time_limit = 0
   branchingStrategy = 1
      detailedOutput = 1

**************************************************************************************************************************
                                               Node 1
**************************************************************************************************************************
Problem size 121
Fixed variables:
Node 1 Feasible solution 14068
==========================================================================================================================
starting bound     cut  triangles added  violation
      14791.07   14068              500       0.50
==========================================================================================================================
iter     time      bound  bdl   viol3  triag  purged   added   viol5  penta  purged   added   viol7  hepta  purged   added
==========================================================================================================================
   1     0.10   14561.92    5   5e-01    829    -167   +496   
   2     0.22   14433.61    5   4e-01   1173    -151   +495   
   3     0.34   14344.52    7   3e-01   1363    -295   +485   
   4     0.49   14262.66    8   3e-01   1600    -255   +492   
   5     0.90   14217.57   10   3e-01   1792    -293   +485    8e-01    480    -0     +480    9e-01    480    -0     +480  
   6     1.33   14170.30   12   2e-01   1883    -382   +473    6e-01    831    -129   +480    8e-01    866    -94    +480  
   7     1.53   14134.41    9   3e-01   2016    -358   +491   
   8     2.03   14110.71   13   2e-01   1993    -490   +467    5e-01   1142    -169   +480    6e-01   1177    -169   +480  
   9     2.56   14094.01    9   2e-01   2159    -319   +485    6e-01   1397    -225   +480    8e-01   1491    -166   +480  
  10     3.15   14081.15   12   2e-01   2158    -481   +480    5e-01   1494    -383   +480    7e-01   1658    -313   +480  
  11     3.77   14076.32   17   1e-01   1866    -465   +173    4e-01   1614    -360   +480    5e-01   1797    -341   +480  
  12     4.42   14071.27    9   1e-01   2138    -215   +487    5e-01   1779    -315   +480    6e-01   2034    -243   +480  
  13     5.12   14069.54    7   1e-01   1928    -401   +191    3e-01   1866    -393   +480    4e-01   2130    -384   +480  
  14     5.19   14068.68    8   1e-01   1928    -0     +0      3e-01   1866    -0     +0      4e-01   2130    -0     +0    
==========================================================================================================================
Prune!
==========================================================================================================================
Depth = 0, Bound = 14068.68, Best = 14068


Nodes = 1
Root node bound = 14068.683
Maximum value = 14068
Solution = ( 1 5 6 9 10 13 15 19 21 23 34 35 37 38 39 40 44 47 48 49 53 54 56 57 58 59 62 63 69 70 72 73 74 77 82 83 87 90 91 95 97 98 102 103 108 113 118 )
CPU time = 5.19 s

