Input file: ./Instances/biq2mc/be/be120.3.10.sparse.mc

Graph has 121 vertices and 2248 edges.

BiqBin parameters:
    init_bundle_iter = 5
     max_bundle_iter = 20
      min_outer_iter = 10
      max_outer_iter = 30
       violated_Ineq = 0.050000
             TriIneq = 500
         Pent_Trials = 160
        Hepta_Trials = 120
        include_Pent = 1
       include_Hepta = 1
                root = 0
            use_diff = 1
          time_limit = 0
   branchingStrategy = 1
      detailedOutput = 1

**************************************************************************************************************************
                                               Node 1
**************************************************************************************************************************
Problem size 121
Fixed variables:
Node 1 Feasible solution 12191
==========================================================================================================================
starting bound     cut  triangles added  violation
      13227.33   12191              500       0.50
==========================================================================================================================
iter     time      bound  bdl   viol3  triag  purged   added   viol5  penta  purged   added   viol7  hepta  purged   added
==========================================================================================================================
Node 1 Feasible solution 12201
   1     0.14   12889.08    4   4e-01    843    -147   +490   
   2     0.25   12715.41    4   4e-01   1171    -165   +493   
   3     0.37   12599.74    6   3e-01   1358    -295   +482   
   4     0.71   12503.28    7   3e-01   1486    -362   +490    7e-01    480    -0     +480    9e-01    480    -0     +480  
   5     0.88   12417.88    8   3e-01   1631    -345   +490   
   6     1.28   12381.68   11   2e-01   1781    -334   +484    8e-01    869    -91    +480    7e-01    859    -101   +480  
   7     1.71   12328.90   14   2e-01   1850    -403   +472    6e-01   1126    -223   +480    7e-01   1111    -228   +480  
   8     2.18   12288.33   18   2e-01   1912    -398   +460    6e-01   1361    -245   +480    6e-01   1344    -247   +480  
   9     2.69   12259.51   13   2e-01   1981    -400   +469    7e-01   1543    -298   +480    7e-01   1517    -307   +480  
  10     3.25   12240.63   14   2e-01   1977    -465   +461    6e-01   1652    -371   +480    6e-01   1630    -367   +480  
  11     3.83   12225.02   15   1e-01   2025    -412   +460    5e-01   1777    -355   +480    6e-01   1814    -296   +480  
  12     4.44   12221.64   17   2e-01   2102    -396   +473    5e-01   1923    -334   +480    6e-01   2014    -280   +480  
  13     5.08   12213.95   15   1e-01   1947    -454   +299    4e-01   1938    -465   +480    5e-01   2110    -384   +480  
  14     5.77   12207.01   11   1e-01   1921    -314   +288    4e-01   2049    -369   +480    6e-01   2207    -383   +480  
  15     6.48   12206.39   14   1e-01   2014    -266   +359    4e-01   2111    -418   +480    6e-01   2306    -381   +480  
  16     7.27   12203.08   13   1e-01   1766    -398   +150    4e-01   2127    -464   +480    5e-01   2367    -419   +480  
  17     8.08   12202.07   12   7e-02   1670    -171   +75     3e-01   2153    -454   +480    4e-01   2449    -398   +480  
  18     8.36   12201.51   13   7e-02   1670    -0     +0      3e-01   2153    -0     +0      4e-01   2449    -0     +0    
==========================================================================================================================
Prune!
==========================================================================================================================
Depth = 0, Bound = 12201.51, Best = 12201


Nodes = 1
Root node bound = 12201.511
Maximum value = 12201
Solution = ( 1 5 10 13 18 21 23 28 29 30 32 33 35 37 45 46 47 49 51 52 54 57 58 62 63 64 68 73 78 79 83 87 88 92 95 99 101 105 107 108 109 113 118 119 120 )
CPU time = 8.36 s

