Input file: ./Instances/biq2mc/be/be120.3.1.sparse.mc

Graph has 121 vertices and 2242 edges.

BiqBin parameters:
    init_bundle_iter = 5
     max_bundle_iter = 20
      min_outer_iter = 10
      max_outer_iter = 30
       violated_Ineq = 0.050000
             TriIneq = 500
         Pent_Trials = 160
        Hepta_Trials = 120
        include_Pent = 1
       include_Hepta = 1
                root = 0
            use_diff = 1
          time_limit = 0
   branchingStrategy = 1
      detailedOutput = 1

**************************************************************************************************************************
                                               Node 1
**************************************************************************************************************************
Problem size 121
Fixed variables:
Node 1 Feasible solution 13067
==========================================================================================================================
starting bound     cut  triangles added  violation
      14145.05   13067              500       0.49
==========================================================================================================================
iter     time      bound  bdl   viol3  triag  purged   added   viol5  penta  purged   added   viol7  hepta  purged   added
==========================================================================================================================
   1     0.17   13813.60    5   4e-01    805    -186   +491   
   2     0.31   13633.00    8   4e-01   1110    -186   +491   
   3     0.48   13508.93    6   4e-01   1326    -278   +494   
   4     0.67   13426.48    9   3e-01   1473    -350   +497   
   5     0.88   13379.86   10   3e-01   1637    -319   +483   
   6     1.07   13317.24   11   3e-01   1847    -267   +477   
   7     1.53   13284.62   11   2e-01   1929    -401   +483    6e-01    480    -0     +480    7e-01    480    -0     +480  
   8     2.00   13242.07   12   2e-01   1982    -418   +471    6e-01    814    -146   +480    7e-01    837    -123   +480  
   9     2.50   13208.50   11   2e-01   2096    -348   +462    6e-01   1087    -207   +480    7e-01   1133    -184   +480  
  10     3.04   13183.59   18   2e-01   2064    -489   +457    4e-01   1171    -396   +480    6e-01   1258    -355   +480  
  11     3.59   13162.28   13   1e-01   2103    -363   +402    4e-01   1357    -294   +480    6e-01   1497    -241   +480  
  12     4.17   13139.69   18   1e-01   2226    -338   +461    5e-01   1596    -241   +480    6e-01   1731    -246   +480  
  13     4.79   13124.79   17   1e-01   2047    -402   +223    4e-01   1739    -337   +480    6e-01   1924    -287   +480  
  14     5.43   13114.14   24   9e-02   1881    -240   +74     5e-01   1887    -332   +480    5e-01   2135    -269   +480  
  15     6.10   13105.01   16   2e-01   2237    -118   +474    4e-01   2102    -265   +480    6e-01   2349    -266   +480  
  16     6.85   13101.18   17   8e-02   1857    -394   +14     3e-01   2166    -416   +480    5e-01   2467    -360   +478  
  17     7.55   13093.62   20   8e-02   1761    -111   +15     4e-01   2320    -326   +480    4e-01   2613    -334   +480  
  18     8.28   13088.69   24   8e-02   1711    -71    +21     4e-01   2481    -319   +480    6e-01   2810    -283   +480  
  19     8.70   13087.22   25   8e-02   1711    -0     +0      4e-01   2481    -0     +0      6e-01   2810    -0     +0    
==========================================================================================================================
BOUNDING STOPPED: Gap to big!
==========================================================================================================================
Depth = 0, Bound = 13087.22, Best = 13067

Branching on x[61] = 0.51
Fixing x[61] = 0

**************************************************************************************************************************
                                               Node 2
**************************************************************************************************************************
Problem size 120
Fixed variables: (x[61],0)
==========================================================================================================================
starting bound     cut  triangles added  violation
      14049.19   13067              500       0.50
==========================================================================================================================
iter     time      bound  bdl   viol3  triag  purged   added   viol5  penta  purged   added   viol7  hepta  purged   added
==========================================================================================================================
   1     8.79   13728.88    5   4e-01    848    -149   +497   
   2     8.91   13554.39    8   4e-01   1125    -221   +498   
   3     9.04   13439.70    5   4e-01   1430    -186   +491   
   4     9.40   13355.39    8   3e-01   1562    -355   +487    7e-01    480    -0     +480    9e-01    480    -0     +480  
   5     9.79   13280.43   10   3e-01   1724    -318   +480    7e-01    871    -89    +480    8e-01    891    -69    +480  
   6    10.22   13218.53    9   3e-01   1825    -376   +477    7e-01   1154    -197   +480    8e-01   1206    -165   +480  
   7    10.66   13197.26   15   2e-01   1861    -419   +455    7e-01   1350    -284   +480    7e-01   1421    -265   +480  
   8    11.14   13163.19   15   2e-01   1927    -395   +461    5e-01   1498    -332   +480    7e-01   1547    -354   +480  
   9    11.63   13142.81   12   2e-01   2059    -336   +468    5e-01   1697    -281   +480    7e-01   1773    -254   +480  
  10    12.16   13116.72   13   2e-01   2121    -431   +493    6e-01   1803    -374   +480    7e-01   1917    -336   +480  
  11    12.79   13107.81   19   1e-01   1832    -563   +274    5e-01   1862    -421   +480    6e-01   2019    -378   +480  
  12    13.40   13097.98   16   2e-01   2058    -260   +486    6e-01   1973    -369   +480    7e-01   2158    -341   +480  
  13    14.05   13090.50   15   2e-01   1824    -424   +190    4e-01   2051    -402   +480    6e-01   2246    -392   +480  
  14    14.71   13083.44   23   1e-01   1674    -223   +73     3e-01   2196    -334   +479    5e-01   2408    -318   +480  
  15    15.37   13079.16   14   2e-01   2075    -85    +486    6e-01   2386    -290   +480    7e-01   2647    -241   +480  
  16    16.15   13075.40   21   8e-02   1626    -471   +22     3e-01   2385    -481   +480    5e-01   2679    -447   +479  
  17    16.86   13073.06   15   2e-01   2064    -60    +498    5e-01   2605    -260   +480    6e-01   2879    -280   +480  
  18    17.67   13070.61   16   1e-01   2101    -450   +487    5e-01   2622    -463   +480    5e-01   2918    -441   +480  
  19    18.45   13069.11   11   1e-01   2160    -433   +492    4e-01   2695    -407   +480    5e-01   2983    -415   +480  
  20    19.24   13068.34   10   1e-01   1770    -466   +76     4e-01   2679    -496   +480    5e-01   2987    -476   +480  
  21    19.50   13067.91   11   1e-01   1770    -0     +0      4e-01   2679    -0     +0      5e-01   2987    -0     +0    
==========================================================================================================================
Prune!
==========================================================================================================================
Depth = 1, Bound = 13067.91, Best = 13067

Fixing x[61] = 1

**************************************************************************************************************************
                                               Node 3
**************************************************************************************************************************
Problem size 120
Fixed variables: (x[61],1)
==========================================================================================================================
BOUNDING STOPPED: Gap to big!
==========================================================================================================================
Depth = 1, Bound = 14133.75, Best = 13067

Branching on x[29] = 0.50
Fixing x[29] = 0

**************************************************************************************************************************
                                               Node 4
**************************************************************************************************************************
Problem size 119
Fixed variables: (x[29],0) (x[61],1)
==========================================================================================================================
starting bound     cut  triangles added  violation
      14053.75   13067              500       0.50
==========================================================================================================================
iter     time      bound  bdl   viol3  triag  purged   added   viol5  penta  purged   added   viol7  hepta  purged   added
==========================================================================================================================
   1    19.62   13695.17    5   5e-01    844    -152   +496   
   2    19.73   13505.80    8   4e-01   1203    -133   +492   
   3    19.88   13393.19    7   4e-01   1423    -277   +497   
   4    20.03   13294.33    9   3e-01   1561    -357   +495   
   5    20.43   13230.36   10   3e-01   1784    -266   +489    7e-01    480    -0     +480    8e-01    480    -0     +480  
   6    20.85   13175.47    9   3e-01   1894    -367   +477    6e-01    812    -148   +480    8e-01    838    -122   +480  
   7    21.29   13120.58   13   2e-01   1904    -454   +464    5e-01   1055    -237   +480    7e-01   1108    -210   +480  
   8    21.75   13089.12   13   3e-01   2036    -346   +478    6e-01   1315    -220   +480    7e-01   1392    -196   +480  
   9    22.26   13068.05   17   2e-01   2066    -430   +460    5e-01   1449    -346   +480    6e-01   1547    -325   +480  
  10    22.31   13060.61   19   2e-01   2066    -0     +0      5e-01   1449    -0     +0      6e-01   1547    -0     +0    
==========================================================================================================================
Prune!
==========================================================================================================================
Depth = 2, Bound = 13060.61, Best = 13067

Fixing x[29] = 1

**************************************************************************************************************************
                                               Node 5
**************************************************************************************************************************
Problem size 119
Fixed variables: (x[29],1) (x[61],1)
==========================================================================================================================
starting bound     cut  triangles added  violation
      14077.98   13067              500       0.50
==========================================================================================================================
iter     time      bound  bdl   viol3  triag  purged   added   viol5  penta  purged   added   viol7  hepta  purged   added
==========================================================================================================================
   1    22.41   13753.26    5   4e-01    845    -148   +493   
   2    22.52   13581.45    5   4e-01   1169    -175   +499   
   3    22.66   13473.87    7   4e-01   1397    -263   +491   
   4    22.82   13379.35    8   3e-01   1594    -294   +491   
   5    23.21   13319.28   10   3e-01   1798    -268   +472    7e-01    480    -0     +480    8e-01    480    -0     +480  
   6    23.41   13264.40   11   3e-01   1894    -386   +482   
   7    23.87   13229.95   12   2e-01   2041    -323   +470    6e-01    834    -126   +480    7e-01    830    -130   +480  
   8    24.36   13189.57   15   1e-01   2070    -440   +469    5e-01   1022    -292   +480    6e-01   1056    -254   +480  
   9    24.88   13161.97   12   2e-01   2208    -330   +468    5e-01   1289    -213   +480    7e-01   1362    -174   +480  
  10    25.43   13142.86   18   1e-01   2178    -368   +338    4e-01   1436    -333   +480    5e-01   1549    -293   +480  
  11    26.00   13120.06   18   1e-01   2302    -329   +453    4e-01   1655    -261   +480    6e-01   1788    -241   +480  
  12    26.62   13103.93   23   8e-02   1974    -415   +87     3e-01   1765    -370   +480    5e-01   1884    -384   +480  
  13    27.25   13095.42   19   1e-01   1797    -206   +29     3e-01   1957    -288   +480    4e-01   2118    -246   +480  
  14    27.88   13087.98   16   1e-01   2135    -112   +450    5e-01   2113    -324   +480    5e-01   2284    -314   +480  
  15    28.57   13079.77   17   1e-01   2209    -381   +455    4e-01   2195    -398   +480    6e-01   2393    -371   +480  
  16    29.31   13075.58   20   1e-01   2033    -422   +246    4e-01   2220    -455   +480    5e-01   2437    -436   +480  
  17    30.05   13071.87   27   8e-02   1838    -277   +82     3e-01   2313    -387   +480    4e-01   2568    -349   +480  
  18    30.42   13067.74   24   8e-02   1838    -0     +0      3e-01   2313    -0     +0      4e-01   2568    -0     +0    
==========================================================================================================================
Prune!
==========================================================================================================================
Depth = 2, Bound = 13067.74, Best = 13067


Nodes = 5
Root node bound = 13087.223
Maximum value = 13067
Solution = ( 1 3 7 8 17 19 20 25 27 28 30 33 37 40 43 44 47 48 51 54 56 58 63 66 68 70 74 80 81 84 86 89 90 93 95 102 104 105 110 111 113 114 116 )
CPU time = 30.42 s

