Input file: ./Instances/biq2mc/be/be120.8.2.sparse.mc

Graph has 121 vertices and 5747 edges.

BiqBin parameters:
    init_bundle_iter = 5
     max_bundle_iter = 20
      min_outer_iter = 10
      max_outer_iter = 30
       violated_Ineq = 0.050000
             TriIneq = 500
         Pent_Trials = 160
        Hepta_Trials = 120
        include_Pent = 1
       include_Hepta = 1
                root = 0
            use_diff = 1
          time_limit = 0
   branchingStrategy = 1
      detailedOutput = 1

**************************************************************************************************************************
                                               Node 1
**************************************************************************************************************************
Problem size 121
Fixed variables:
Node 1 Feasible solution 18827
==========================================================================================================================
starting bound     cut  triangles added  violation
      20535.07   18827              500       0.50
==========================================================================================================================
iter     time      bound  bdl   viol3  triag  purged   added   viol5  penta  purged   added   viol7  hepta  purged   added
==========================================================================================================================
   1     0.17   20068.91    5   4e-01    803    -189   +492   
   2     0.32   19779.83    4   4e-01   1174    -118   +489   
   3     0.48   19602.14    6   4e-01   1365    -294   +485   
   4     0.67   19470.57    9   3e-01   1605    -245   +485   
   5     1.04   19353.51    9   3e-01   1788    -306   +489    7e-01    480    -0     +480    8e-01    480    -0     +480  
   6     1.43   19288.06   12   2e-01   1836    -435   +483    7e-01    751    -209   +480    7e-01    787    -173   +480  
   7     1.86   19206.81   16   2e-01   1865    -437   +466    6e-01    996    -235   +480    8e-01   1023    -244   +480  
   8     2.30   19148.54   15   2e-01   1926    -406   +467    6e-01   1200    -276   +480    7e-01   1236    -267   +480  
   9     2.77   19111.86   14   1e-01   1918    -464   +456    5e-01   1375    -305   +480    6e-01   1424    -292   +480  
  10     3.29   19068.14   20   1e-01   1848    -382   +312    4e-01   1572    -283   +480    5e-01   1617    -285   +478  
  11     3.82   19032.74   17   9e-02   1672    -325   +149    5e-01   1754    -297   +479    5e-01   1795    -300   +478  
  12     4.39   19007.62   21   1e-01   1698    -214   +240    4e-01   1885    -349   +480    6e-01   1898    -376   +479  
  13     4.98   18988.30   20   1e-01   1913    -239   +454    4e-01   2002    -363   +480    5e-01   2093    -285   +480  
  14     5.63   18966.33   20   1e-01   1643    -399   +129    3e-01   2106    -374   +478    5e-01   2191    -382   +480  
  15     6.29   18949.74   23   1e-01   1536    -190   +83     3e-01   2213    -372   +479    5e-01   2323    -342   +474  
  16     6.99   18937.51   23   1e-01   1446    -122   +32     3e-01   2366    -325   +478    5e-01   2494    -308   +479  
  17     7.69   18923.96   27   8e-02   1394    -65    +13     3e-01   2523    -322   +479    4e-01   2687    -283   +476  
  18     8.40   18913.02   29   7e-02   1340    -59    +5      2e-01   2661    -332   +470    4e-01   2824    -327   +464  
  19     9.11   18905.12   29   1e-01   1299    -51    +10     3e-01   2793    -320   +452    4e-01   2986    -301   +463  
  20     9.54   18898.49   32   1e-01   1299    -0     +0      3e-01   2793    -0     +0      4e-01   2986    -0     +0    
==========================================================================================================================
BOUNDING STOPPED: Gap to big!
==========================================================================================================================
Depth = 0, Bound = 18898.49, Best = 18827

Branching on x[74] = 0.52
Fixing x[74] = 0

**************************************************************************************************************************
                                               Node 2
**************************************************************************************************************************
Problem size 120
Fixed variables: (x[74],0)
==========================================================================================================================
BOUNDING STOPPED: Gap to big!
==========================================================================================================================
Depth = 1, Bound = 20495.22, Best = 18827

Fixing x[74] = 1

**************************************************************************************************************************
                                               Node 3
**************************************************************************************************************************
Problem size 120
Fixed variables: (x[74],1)
==========================================================================================================================
BOUNDING STOPPED: Gap to big!
==========================================================================================================================
Depth = 1, Bound = 20465.68, Best = 18827

Branching on x[112] = 0.49
Fixing x[112] = 0

**************************************************************************************************************************
                                               Node 4
**************************************************************************************************************************
Problem size 119
Fixed variables: (x[74],0) (x[112],0)
==========================================================================================================================
starting bound     cut  triangles added  violation
      20365.95   18827              500       0.50
==========================================================================================================================
iter     time      bound  bdl   viol3  triag  purged   added   viol5  penta  purged   added   viol7  hepta  purged   added
==========================================================================================================================
   1     9.68   19864.66    4   5e-01    792    -197   +489   
   2     9.78   19544.58    6   4e-01   1082    -202   +492   
   3     9.91   19377.56    5   4e-01   1393    -178   +489   
   4    10.24   19231.01    8   3e-01   1495    -390   +492    7e-01    480    -0     +480    9e-01    480    -0     +480  
   5    10.58   19084.34   11   3e-01   1614    -356   +475    7e-01    848    -112   +480    8e-01    825    -135   +480  
   6    10.95   18980.86   10   2e-01   1691    -406   +483    7e-01   1071    -257   +480    8e-01   1043    -262   +480  
   7    11.36   18920.74   16   2e-01   1747    -389   +445    5e-01   1289    -262   +480    6e-01   1218    -305   +480  
   8    11.79   18852.26   21   2e-01   1784    -412   +449    5e-01   1492    -276   +479    6e-01   1406    -292   +480  
   9    11.93   18827.28   21   2e-01   1784    -0     +0      5e-01   1492    -0     +0      6e-01   1406    -0     +0    
==========================================================================================================================
Prune!
==========================================================================================================================
Depth = 2, Bound = 18827.28, Best = 18827

Fixing x[112] = 1

**************************************************************************************************************************
                                               Node 5
**************************************************************************************************************************
Problem size 119
Fixed variables: (x[74],0) (x[112],1)
==========================================================================================================================
starting bound     cut  triangles added  violation
      20410.26   18827              500       0.50
==========================================================================================================================
iter     time      bound  bdl   viol3  triag  purged   added   viol5  penta  purged   added   viol7  hepta  purged   added
==========================================================================================================================
   1    12.03   19984.52    4   5e-01    785    -212   +497   
   2    12.15   19708.64    5   4e-01   1062    -217   +494   
   3    12.28   19532.31    5   3e-01   1255    -305   +498   
   4    12.62   19387.59    7   3e-01   1466    -280   +491    7e-01    480    -0     +480    9e-01    480    -0     +480  
   5    12.80   19263.35   10   3e-01   1555    -404   +493   
   6    13.20   19213.73   10   3e-01   1714    -319   +478    6e-01    847    -113   +480    8e-01    859    -101   +480  
   7    13.63   19135.70   14   2e-01   1728    -448   +462    6e-01   1061    -265   +479    6e-01   1088    -251   +480  
   8    14.07   19075.14   15   2e-01   1819    -366   +457    6e-01   1293    -248   +480    6e-01   1313    -255   +480  
   9    14.55   19025.56   15   2e-01   1900    -379   +460    5e-01   1490    -283   +480    6e-01   1517    -276   +480  
  10    15.06   18979.35   17   2e-01   1939    -411   +450    5e-01   1626    -344   +480    6e-01   1681    -316   +480  
  11    15.61   18957.62   20   1e-01   1853    -439   +353    4e-01   1778    -328   +480    6e-01   1861    -299   +479  
  12    16.18   18931.33   22   9e-02   1637    -350   +134    4e-01   1855    -403   +480    5e-01   2033    -308   +480  
  13    16.77   18909.54   23   1e-01   1715    -169   +247    4e-01   2029    -306   +480    6e-01   2223    -288   +478  
  14    17.40   18889.98   24   7e-02   1546    -225   +56     4e-01   2146    -363   +480    5e-01   2359    -341   +477  
  15    18.05   18881.38   17   6e-02   1441    -115   +10     3e-01   2326    -300   +480    5e-01   2568    -264   +473  
  16    18.70   18866.58   23   1e-01   1422    -75    +56     3e-01   2490    -315   +479    5e-01   2759    -288   +479  
  17    19.40   18858.97   26   6e-02   1336    -93    +7      2e-01   2613    -356   +479    4e-01   2922    -313   +476  
  18    20.12   18850.26   29   6e-02   1287    -50    +1      2e-01   2637    -397   +421    4e-01   3010    -364   +452  
  19    20.84   18845.29   28   7e-02   1264    -24    +1      2e-01   2863    -213   +439    3e-01   3295    -163   +448  
  20    21.57   18839.72   23   1e-01   1426    -19    +181    4e-01   3030    -313   +480    5e-01   3469    -305   +479  
  21    22.35   18836.15   17   8e-02   1283    -166   +23     3e-01   3048    -459   +477    5e-01   3541    -405   +477  
  22    23.09   18829.87   24   6e-02   1239    -45    +1      2e-01   3137    -379   +468    3e-01   3649    -361   +469  
  23    23.29   18827.58   29   6e-02   1239    -0     +0      2e-01   3137    -0     +0      3e-01   3649    -0     +0    
==========================================================================================================================
Prune!
==========================================================================================================================
Depth = 2, Bound = 18827.58, Best = 18827

Branching on x[46] = 0.50
Fixing x[46] = 0

**************************************************************************************************************************
                                               Node 6
**************************************************************************************************************************
Problem size 119
Fixed variables: (x[46],0) (x[74],1)
==========================================================================================================================
starting bound     cut  triangles added  violation
      20341.57   18827              500       0.49
==========================================================================================================================
iter     time      bound  bdl   viol3  triag  purged   added   viol5  penta  purged   added   viol7  hepta  purged   added
==========================================================================================================================
   1    23.40   19781.22    5   4e-01    850    -147   +497   
   2    23.51   19491.48    6   4e-01   1131    -210   +491   
   3    23.64   19342.61    6   4e-01   1328    -294   +491   
   4    23.78   19224.95    9   3e-01   1529    -289   +490   
   5    24.14   19155.02   11   2e-01   1667    -340   +478    7e-01    480    -0     +480    8e-01    480    -0     +480  
   6    24.53   19031.54   11   3e-01   1779    -368   +480    7e-01    819    -141   +480    7e-01    830    -130   +480  
   7    24.93   18978.31   11   2e-01   1873    -385   +479    6e-01   1060    -239   +480    8e-01   1119    -191   +480  
   8    25.37   18907.89   19   1e-01   1813    -508   +448    5e-01   1219    -321   +480    5e-01   1275    -321   +477  
   9    25.83   18851.55   17   2e-01   1897    -368   +452    4e-01   1442    -257   +480    6e-01   1482    -271   +478  
  10    26.03   18827.36   20   2e-01   1897    -0     +0      4e-01   1442    -0     +0      6e-01   1482    -0     +0    
==========================================================================================================================
Prune!
==========================================================================================================================
Depth = 2, Bound = 18827.36, Best = 18827

Fixing x[46] = 1

**************************************************************************************************************************
                                               Node 7
**************************************************************************************************************************
Problem size 119
Fixed variables: (x[46],1) (x[74],1)
==========================================================================================================================
starting bound     cut  triangles added  violation
      20347.76   18827              500       0.50
==========================================================================================================================
iter     time      bound  bdl   viol3  triag  purged   added   viol5  penta  purged   added   viol7  hepta  purged   added
==========================================================================================================================
   1    26.14   19887.91    5   5e-01    805    -189   +494   
   2    26.26   19636.03    7   4e-01   1077    -227   +499   
   3    26.39   19449.37    7   3e-01   1311    -259   +493   
   4    26.73   19367.23    7   3e-01   1458    -334   +481    8e-01    480    -0     +480    9e-01    480    -0     +480  
   5    27.10   19242.76   11   3e-01   1583    -365   +490    7e-01    788    -172   +480    7e-01    781    -179   +480  
   6    27.50   19150.52   10   2e-01   1657    -410   +484    7e-01   1047    -221   +480    8e-01   1070    -191   +480  
   7    27.93   19100.80   10   3e-01   1684    -453   +480    7e-01   1211    -316   +480    7e-01   1285    -265   +480  
   8    28.40   19045.15   13   2e-01   1680    -474   +470    6e-01   1333    -358   +480    7e-01   1383    -382   +480  
   9    28.89   19006.69   16   2e-01   1742    -403   +465    5e-01   1476    -337   +480    6e-01   1588    -275   +480  
  10    29.42   18978.52   19   9e-02   1494    -412   +164    4e-01   1620    -335   +479    6e-01   1753    -310   +475  
  11    29.97   18955.27   14   2e-01   1838    -132   +476    6e-01   1856    -244   +480    6e-01   2011    -222   +480  
  12    30.57   18939.12   18   9e-02   1481    -450   +93     4e-01   1929    -406   +479    6e-01   2118    -372   +479  
  13    31.15   18918.51   20   1e-01   1731    -169   +419    4e-01   2068    -341   +480    5e-01   2285    -313   +480  
  14    31.81   18900.71   21   9e-02   1511    -342   +122    3e-01   2136    -412   +480    5e-01   2415    -350   +480  
  15    32.47   18883.73   17   1e-01   1452    -182   +123    5e-01   2298    -318   +480    5e-01   2586    -309   +480  
  16    33.17   18875.04   21   6e-02   1285    -171   +4      3e-01   2387    -383   +472    4e-01   2678    -378   +470  
  17    33.86   18864.60   20   7e-02   1263    -51    +29     3e-01   2582    -283   +478    4e-01   2921    -237   +480  
  18    34.55   18855.44   19   7e-02   1212    -54    +3      4e-01   2680    -371   +469    4e-01   3034    -356   +469  
  19    35.26   18849.81   26   7e-02   1208    -28    +24     2e-01   2863    -285   +468    4e-01   3236    -270   +472  
  20    35.98   18847.43   19   9e-02   1177    -49    +18     4e-01   2960    -382   +479    5e-01   3372    -343   +479  
  21    36.70   18843.79   20   6e-02   1160    -21    +4      2e-01   3032    -388   +460    3e-01   3498    -347   +473  
  22    37.42   18840.65   20   7e-02   1149    -14    +3      2e-01   3152    -359   +479    4e-01   3613    -363   +478  
  23    38.17   18837.99   25   6e-02   1140    -11    +2      2e-01   3300    -329   +477    3e-01   3775    -313   +475  
  24    38.94   18835.86   24   5e-02   1133    -8     +1      2e-01   3380    -386   +466    3e-01   3901    -335   +461  
  25    39.38   18834.58   21   5e-02   1133    -0     +0      2e-01   3380    -0     +0      3e-01   3901    -0     +0    
==========================================================================================================================
BOUNDING STOPPED: Gap to big!
==========================================================================================================================
Depth = 2, Bound = 18834.58, Best = 18827

Branching on x[47] = 0.57
Fixing x[47] = 0

**************************************************************************************************************************
                                               Node 8
**************************************************************************************************************************
Problem size 118
Fixed variables: (x[46],1) (x[47],0) (x[74],1)
==========================================================================================================================
starting bound     cut  triangles added  violation
      20258.52   18827              500       0.50
==========================================================================================================================
iter     time      bound  bdl   viol3  triag  purged   added   viol5  penta  purged   added   viol7  hepta  purged   added
==========================================================================================================================
   1    39.49   19867.86    5   5e-01    797    -198   +495   
   2    39.60   19583.66    5   4e-01   1100    -194   +497   
   3    39.72   19433.63    6   3e-01   1329    -258   +487   
   4    39.87   19283.31    6   3e-01   1537    -282   +490   
   5    40.04   19236.35   11   3e-01   1653    -371   +487   
   6    40.43   19171.33   11   2e-01   1794    -338   +479    6e-01    480    -0     +480    8e-01    480    -0     +480  
   7    40.84   19095.18   12   2e-01   1915    -347   +468    6e-01    868    -92    +480    7e-01    864    -96    +480  
   8    41.29   19037.85   13   2e-01   1848    -535   +468    5e-01   1064    -284   +480    6e-01   1095    -249   +480  
   9    41.78   18994.39   12   3e-01   1928    -393   +473    7e-01   1318    -226   +480    8e-01   1388    -187   +480  
  10    42.32   18957.77   18   1e-01   1886    -491   +449    4e-01   1448    -350   +480    6e-01   1562    -306   +480  
  11    42.87   18933.54   16   1e-01   1942    -398   +454    5e-01   1638    -290   +480    6e-01   1791    -251   +480  
  12    43.46   18904.75   21   7e-02   1531    -434   +23     2e-01   1753    -360   +475    4e-01   1928    -341   +478  
  13    44.05   18891.63   14   2e-01   1884    -121   +474    5e-01   2009    -224   +480    6e-01   2202    -206   +480  
  14    44.70   18873.75   22   1e-01   1716    -424   +256    4e-01   2124    -364   +479    5e-01   2364    -318   +480  
  15    45.37   18862.13   25   9e-02   1550    -247   +81     4e-01   2215    -388   +479    5e-01   2502    -341   +479  
  16    46.07   18852.02   22   1e-01   1492    -141   +83     4e-01   2334    -361   +480    5e-01   2692    -290   +480  
  17    46.80   18841.18   27   8e-02   1395    -138   +41     3e-01   2399    -415   +480    5e-01   2815    -357   +480  
  18    47.52   18836.67   24   7e-02   1338    -63    +6      2e-01   2543    -328   +472    4e-01   2983    -308   +476  
  19    48.25   18829.61   28   8e-02   1305    -41    +8      3e-01   2746    -276   +479    5e-01   3175    -287   +479  
  20    48.42   18825.87   27   8e-02   1305    -0     +0      3e-01   2746    -0     +0      5e-01   3175    -0     +0    
==========================================================================================================================
Prune!
==========================================================================================================================
Depth = 3, Bound = 18825.87, Best = 18827

Fixing x[47] = 1

**************************************************************************************************************************
                                               Node 9
**************************************************************************************************************************
Problem size 118
Fixed variables: (x[46],1) (x[47],1) (x[74],1)
==========================================================================================================================
starting bound     cut  triangles added  violation
      20165.95   18827              500       0.50
==========================================================================================================================
iter     time      bound  bdl   viol3  triag  purged   added   viol5  penta  purged   added   viol7  hepta  purged   added
==========================================================================================================================
   1    48.51   19718.22    3   5e-01    826    -168   +494   
   2    48.61   19463.69    5   4e-01   1130    -191   +495   
   3    48.73   19332.67    7   3e-01   1276    -339   +485   
   4    48.87   19201.02    8   3e-01   1418    -352   +494   
   5    49.03   19104.28    8   3e-01   1630    -281   +493   
   6    49.42   19043.80    9   2e-01   1807    -307   +484    7e-01    480    -0     +480    8e-01    480    -0     +480  
   7    49.83   18985.54   11   2e-01   1902    -368   +463    6e-01    846    -114   +480    8e-01    853    -107   +480  
   8    50.27   18941.38   13   2e-01   2060    -316   +474    6e-01   1111    -215   +480    7e-01   1127    -206   +480  
   9    50.76   18899.19   12   2e-01   2077    -432   +449    5e-01   1309    -282   +480    7e-01   1353    -254   +480  
  10    51.27   18876.05   14   1e-01   2150    -383   +456    5e-01   1472    -317   +480    6e-01   1579    -254   +480  
  11    51.83   18854.89   17   1e-01   1746    -470   +66     4e-01   1589    -363   +480    5e-01   1760    -298   +479  
  12    52.41   18842.69   11   1e-01   1976    -139   +369    4e-01   1795    -274   +480    5e-01   2027    -213   +480  
  13    53.02   18836.29   10   1e-01   1793    -326   +143    4e-01   1883    -392   +480    5e-01   2182    -325   +480  
  14    53.69   18830.95    8   2e-01   1951    -161   +319    5e-01   2001    -362   +480    6e-01   2364    -298   +480  
  15    54.43   18828.73    5   1e-01   2163    -279   +491    5e-01   2095    -386   +480    5e-01   2423    -421   +480  
  16    54.64   18827.51   10   1e-01   2163    -0     +0      5e-01   2095    -0     +0      5e-01   2423    -0     +0    
==========================================================================================================================
Prune!
==========================================================================================================================
Depth = 3, Bound = 18827.51, Best = 18827


Nodes = 9
Root node bound = 18898.489
Maximum value = 18827
Solution = ( 1 3 4 7 8 11 13 17 19 22 23 27 33 37 39 47 48 49 52 54 61 63 64 66 69 74 75 78 82 84 85 86 92 94 95 98 99 100 102 104 110 111 113 114 115 116 119 )
CPU time = 54.64 s

