Input file: ./Instances/biq2mc/be/be120.8.1.sparse.mc

Graph has 121 vertices and 5764 edges.

BiqBin parameters:
    init_bundle_iter = 5
     max_bundle_iter = 20
      min_outer_iter = 10
      max_outer_iter = 30
       violated_Ineq = 0.050000
             TriIneq = 500
         Pent_Trials = 160
        Hepta_Trials = 120
        include_Pent = 1
       include_Hepta = 1
                root = 0
            use_diff = 1
          time_limit = 0
   branchingStrategy = 1
      detailedOutput = 1

**************************************************************************************************************************
                                               Node 1
**************************************************************************************************************************
Problem size 121
Fixed variables:
Node 1 Feasible solution 18683
==========================================================================================================================
starting bound     cut  triangles added  violation
      20656.34   18683              500       0.50
==========================================================================================================================
iter     time      bound  bdl   viol3  triag  purged   added   viol5  penta  purged   added   viol7  hepta  purged   added
==========================================================================================================================
   1     0.10   20174.57    4   5e-01    793    -201   +494   
Node 1 Feasible solution 18691
   2     0.21   19837.16    5   4e-01   1139    -144   +490   
   3     0.34   19632.11    7   3e-01   1274    -356   +491   
   4     0.68   19462.63    8   3e-01   1516    -253   +495    8e-01    480    -0     +480    8e-01    480    -0     +480  
   5     1.05   19348.52    9   3e-01   1635    -357   +476    6e-01    834    -126   +480    8e-01    811    -149   +480  
   6     1.44   19253.35   14   2e-01   1757    -345   +467    6e-01   1081    -233   +480    7e-01   1062    -229   +480  
   7     1.88   19159.01   12   3e-01   1858    -388   +489    7e-01   1311    -250   +480    7e-01   1245    -297   +480  
   8     2.35   19114.36   19   1e-01   1804    -491   +437    5e-01   1401    -389   +479    6e-01   1322    -401   +478  
   9     2.86   19063.35   15   1e-01   1902    -320   +418    5e-01   1627    -254   +480    6e-01   1510    -290   +478  
  10     3.40   19007.06   24   1e-01   1775    -444   +317    4e-01   1718    -386   +477    5e-01   1609    -379   +478  
  11     3.96   18977.44   22   2e-01   1964    -260   +449    5e-01   1901    -296   +479    6e-01   1776    -313   +480  
  12     4.57   18950.90   20   1e-01   1752    -395   +183    4e-01   2000    -378   +477    5e-01   1918    -328   +470  
  13     5.18   18926.14   24   7e-02   1545    -252   +45     3e-01   2071    -400   +471    4e-01   1974    -408   +464  
  14     5.82   18906.92   31   1e-01   1622    -80    +157    4e-01   2268    -282   +479    5e-01   2160    -280   +466  
  15     6.49   18887.49   32   1e-01   1469    -173   +20     3e-01   2356    -381   +469    4e-01   2290    -339   +469  
  16     6.93   18874.78   27   1e-01   1469    -0     +0      3e-01   2356    -0     +0      4e-01   2290    -0     +0    
==========================================================================================================================
BOUNDING STOPPED: Gap to big!
==========================================================================================================================
Depth = 0, Bound = 18874.78, Best = 18691

Branching on x[12] = 0.49
Fixing x[12] = 0

**************************************************************************************************************************
                                               Node 2
**************************************************************************************************************************
Problem size 120
Fixed variables: (x[12],0)
==========================================================================================================================
BOUNDING STOPPED: Gap to big!
==========================================================================================================================
Depth = 1, Bound = 20613.05, Best = 18691

Fixing x[12] = 1

**************************************************************************************************************************
                                               Node 3
**************************************************************************************************************************
Problem size 120
Fixed variables: (x[12],1)
==========================================================================================================================
BOUNDING STOPPED: Gap to big!
==========================================================================================================================
Depth = 1, Bound = 20551.66, Best = 18691

Branching on x[77] = 0.50
Fixing x[77] = 0

**************************************************************************************************************************
                                               Node 4
**************************************************************************************************************************
Problem size 119
Fixed variables: (x[12],0) (x[77],0)
==========================================================================================================================
BOUNDING STOPPED: Gap to big!
==========================================================================================================================
Depth = 2, Bound = 20501.86, Best = 18691

Fixing x[77] = 1

**************************************************************************************************************************
                                               Node 5
**************************************************************************************************************************
Problem size 119
Fixed variables: (x[12],0) (x[77],1)
==========================================================================================================================
BOUNDING STOPPED: Gap to big!
==========================================================================================================================
Depth = 2, Bound = 20525.83, Best = 18691

Branching on x[6] = 0.49
Fixing x[6] = 0

**************************************************************************************************************************
                                               Node 6
**************************************************************************************************************************
Problem size 119
Fixed variables: (x[6],0) (x[12],1)
==========================================================================================================================
BOUNDING STOPPED: Gap to big!
==========================================================================================================================
Depth = 2, Bound = 20479.84, Best = 18691

Fixing x[6] = 1

**************************************************************************************************************************
                                               Node 7
**************************************************************************************************************************
Problem size 119
Fixed variables: (x[6],1) (x[12],1)
==========================================================================================================================
starting bound     cut  triangles added  violation
      20461.40   18691              500       0.50
==========================================================================================================================
iter     time      bound  bdl   viol3  triag  purged   added   viol5  penta  purged   added   viol7  hepta  purged   added
==========================================================================================================================
   1     7.11   19920.75    3   4e-01    856    -143   +499   
   2     7.21   19634.63    4   4e-01   1052    -298   +494   
   3     7.34   19428.40    6   4e-01   1385    -159   +492   
   4     7.48   19277.99    8   4e-01   1539    -336   +490   
   5     7.84   19177.53   12   3e-01   1647    -371   +479    7e-01    480    -0     +480    8e-01    480    -0     +480  
   6     8.23   19045.20   14   3e-01   1727    -396   +476    6e-01    811    -149   +480    7e-01    806    -153   +479  
   7     8.65   18974.07   15   2e-01   1798    -385   +456    5e-01   1110    -181   +480    7e-01   1116    -168   +478  
   8     9.10   18895.08   15   2e-01   1908    -362   +472    6e-01   1303    -287   +480    7e-01   1288    -308   +480  
   9     9.57   18848.70   18   1e-01   1910    -443   +445    5e-01   1432    -351   +480    6e-01   1436    -330   +478  
  10    10.08   18801.57   20   2e-01   1978    -368   +436    5e-01   1588    -324   +480    6e-01   1602    -312   +478  
  11    10.60   18771.01   19   1e-01   1987    -400   +409    4e-01   1717    -350   +479    5e-01   1793    -287   +478  
  12    11.18   18733.37   24   1e-01   1877    -392   +282    4e-01   1797    -396   +476    5e-01   1834    -431   +472  
  13    11.77   18711.12   29   1e-01   1679    -319   +121    4e-01   1892    -381   +476    5e-01   1989    -313   +468  
  14    12.41   18695.06   27   1e-01   1745    -180   +246    3e-01   2086    -285   +479    4e-01   2180    -283   +474  
  15    12.47   18689.87   28   1e-01   1745    -0     +0      3e-01   2086    -0     +0      4e-01   2180    -0     +0    
==========================================================================================================================
Prune!
==========================================================================================================================
Depth = 2, Bound = 18689.87, Best = 18691

Branching on x[29] = 0.51
Fixing x[29] = 0

**************************************************************************************************************************
                                               Node 8
**************************************************************************************************************************
Problem size 118
Fixed variables: (x[12],0) (x[29],0) (x[77],1)
==========================================================================================================================
starting bound     cut  triangles added  violation
      20382.21   18691              500       0.50
==========================================================================================================================
iter     time      bound  bdl   viol3  triag  purged   added   viol5  penta  purged   added   viol7  hepta  purged   added
==========================================================================================================================
   1    12.56   19755.91    5   4e-01    833    -156   +489   
   2    12.66   19459.61    4   4e-01   1171    -155   +493   
   3    12.78   19308.83    8   4e-01   1398    -259   +486   
   4    13.13   19173.67    7   3e-01   1546    -348   +496    7e-01    480    -0     +480    8e-01    480    -0     +480  
   5    13.49   19034.47   12   3e-01   1690    -322   +466    7e-01    873    -87    +480    8e-01    865    -95    +480  
   6    13.87   18921.78   13   3e-01   1813    -352   +475    7e-01   1157    -196   +480    7e-01   1120    -225   +480  
   7    14.29   18848.09   13   2e-01   1762    -508   +457    5e-01   1284    -353   +480    7e-01   1239    -361   +480  
   8    14.73   18794.72   16   2e-01   1808    -430   +476    6e-01   1468    -296   +480    6e-01   1479    -240   +480  
   9    15.20   18747.25   20   2e-01   1819    -432   +443    5e-01   1588    -360   +480    6e-01   1626    -331   +478  
  10    15.71   18703.16   23   1e-01   1875    -381   +437    4e-01   1744    -324   +480    6e-01   1778    -322   +474  
  11    15.77   18685.38   25   1e-01   1875    -0     +0      4e-01   1744    -0     +0      6e-01   1778    -0     +0    
==========================================================================================================================
Prune!
==========================================================================================================================
Depth = 3, Bound = 18685.38, Best = 18691

Fixing x[29] = 1

**************************************************************************************************************************
                                               Node 9
**************************************************************************************************************************
Problem size 118
Fixed variables: (x[12],0) (x[29],1) (x[77],1)
==========================================================================================================================
starting bound     cut  triangles added  violation
      20423.62   18691              500       0.50
==========================================================================================================================
iter     time      bound  bdl   viol3  triag  purged   added   viol5  penta  purged   added   viol7  hepta  purged   added
==========================================================================================================================
   1    15.86   19874.48    5   4e-01    851    -139   +490   
   2    15.97   19575.70    5   4e-01   1051    -296   +496   
   3    16.09   19430.20    7   4e-01   1297    -245   +491   
   4    16.22   19317.85    9   4e-01   1410    -383   +496   
   5    16.58   19227.93   10   3e-01   1592    -304   +486    7e-01    480    -0     +480    8e-01    480    -0     +480  
   6    16.96   19139.05   15   2e-01   1665    -407   +480    7e-01    811    -149   +480    7e-01    824    -136   +480  
   7    17.38   19058.34   12   3e-01   1719    -422   +476    7e-01   1047    -244   +480    7e-01   1079    -225   +480  
   8    17.82   18980.97   14   2e-01   1724    -472   +477    5e-01   1238    -289   +480    7e-01   1299    -260   +480  
   9    18.29   18928.53   18   1e-01   1802    -383   +461    4e-01   1427    -291   +480    5e-01   1443    -335   +479  
  10    18.79   18889.78   15   2e-01   1924    -357   +479    5e-01   1614    -293   +480    6e-01   1633    -290   +480  
  11    19.33   18860.68   18   2e-01   1782    -467   +325    5e-01   1721    -373   +480    5e-01   1768    -344   +479  
  12    19.90   18825.07   18   1e-01   1778    -313   +309    6e-01   1846    -355   +480    6e-01   1889    -359   +480  
  13    20.50   18811.64   22   1e-01   1743    -309   +274    4e-01   2014    -312   +480    5e-01   2114    -255   +480  
  14    21.13   18793.00   22   1e-01   1552    -276   +85     4e-01   2128    -366   +480    5e-01   2253    -340   +479  
  15    21.79   18779.28   25   1e-01   1498    -128   +74     3e-01   2297    -311   +480    4e-01   2482    -250   +479  
  16    22.48   18766.20   23   1e-01   1842    -124   +468    4e-01   2378    -399   +480    6e-01   2656    -306   +480  
  17    23.21   18752.85   27   7e-02   1463    -396   +17     3e-01   2381    -475   +478    4e-01   2685    -447   +476  
  18    23.92   18745.48   21   7e-02   1355    -110   +2      2e-01   2521    -330   +470    3e-01   2873    -284   +472  
  19    24.60   18740.31   19   1e-01   1573    -41    +259    4e-01   2695    -306   +480    5e-01   3092    -261   +480  
  20    25.03   18736.53   21   1e-01   1573    -0     +0      4e-01   2695    -0     +0      5e-01   3092    -0     +0    
==========================================================================================================================
BOUNDING STOPPED: Gap to big!
==========================================================================================================================
Depth = 3, Bound = 18736.53, Best = 18691

Branching on x[50] = 0.51
Fixing x[50] = 0

**************************************************************************************************************************
                                               Node 10
**************************************************************************************************************************
Problem size 118
Fixed variables: (x[12],0) (x[50],0) (x[77],0)
==========================================================================================================================
starting bound     cut  triangles added  violation
      20374.38   18691              500       0.50
==========================================================================================================================
iter     time      bound  bdl   viol3  triag  purged   added   viol5  penta  purged   added   viol7  hepta  purged   added
==========================================================================================================================
   1    25.12   19862.91    4   5e-01    801    -195   +496   
   2    25.23   19497.68    5   4e-01   1179    -111   +489   
   3    25.35   19307.22    7   3e-01   1251    -420   +492   
   4    25.48   19172.33    8   3e-01   1465    -265   +479   
   5    25.83   19067.29    9   3e-01   1680    -274   +489    7e-01    480    -0     +480    8e-01    480    -0     +480  
   6    26.21   18986.77   11   2e-01   1780    -362   +462    6e-01    823    -137   +480    7e-01    813    -147   +480  
   7    26.61   18890.24   16   2e-01   1857    -392   +469    6e-01   1095    -207   +479    6e-01   1065    -228   +480  
   8    27.05   18830.65   16   2e-01   1883    -424   +450    5e-01   1298    -277   +480    6e-01   1294    -250   +479  
   9    27.52   18786.68   19   1e-01   1950    -387   +454    5e-01   1469    -309   +480    6e-01   1486    -286   +478  
  10    28.03   18753.31   19   1e-01   1732    -408   +190    4e-01   1620    -328   +479    6e-01   1650    -314   +478  
  11    28.57   18718.25   22   2e-01   1696    -245   +209    5e-01   1756    -344   +480    6e-01   1790    -337   +477  
  12    28.88   18687.12   26   2e-01   1696    -0     +0      5e-01   1756    -0     +0      6e-01   1790    -0     +0    
==========================================================================================================================
Prune!
==========================================================================================================================
Depth = 3, Bound = 18687.12, Best = 18691

Fixing x[50] = 1

**************************************************************************************************************************
                                               Node 11
**************************************************************************************************************************
Problem size 118
Fixed variables: (x[12],0) (x[50],1) (x[77],0)
==========================================================================================================================
starting bound     cut  triangles added  violation
      20407.13   18691              500       0.50
==========================================================================================================================
iter     time      bound  bdl   viol3  triag  purged   added   viol5  penta  purged   added   viol7  hepta  purged   added
==========================================================================================================================
   1    28.98   19883.69    3   4e-01    819    -172   +491   
   2    29.08   19574.23    6   4e-01   1107    -206   +494   
   3    29.20   19391.73    6   3e-01   1297    -303   +493   
   4    29.33   19281.26    9   3e-01   1470    -307   +480   
   5    29.69   19169.85   10   3e-01   1659    -291   +480    8e-01    480    -0     +480    8e-01    480    -0     +480  
   6    30.06   19065.73   13   2e-01   1755    -374   +470    7e-01    791    -169   +480    8e-01    778    -181   +479  
   7    30.46   18981.03   16   2e-01   1799    -435   +479    5e-01   1059    -212   +480    6e-01   1056    -202   +480  
   8    30.89   18919.69   19   2e-01   1853    -395   +449    6e-01   1253    -286   +480    7e-01   1273    -263   +480  
   9    31.36   18868.02   18   2e-01   1906    -397   +450    5e-01   1456    -277   +480    6e-01   1472    -280   +479  
  10    31.86   18815.60   23   1e-01   1829    -408   +331    4e-01   1582    -353   +479    5e-01   1601    -348   +477  
  11    32.38   18788.42   20   2e-01   1979    -304   +454    5e-01   1786    -276   +480    6e-01   1810    -270   +479  
  12    32.94   18760.23   20   2e-01   1828    -396   +245    4e-01   1880    -385   +479    5e-01   1908    -380   +478  
  13    33.51   18730.07   28   9e-02   1559    -299   +30     3e-01   1957    -393   +470    4e-01   2006    -364   +462  
  14    34.10   18707.89   24   1e-01   1683    -130   +254    4e-01   2148    -287   +478    5e-01   2261    -225   +480  
  15    34.45   18691.46   27   1e-01   1683    -0     +0      4e-01   2148    -0     +0      5e-01   2261    -0     +0    
==========================================================================================================================
Prune!
==========================================================================================================================
Depth = 3, Bound = 18691.46, Best = 18691

Branching on x[102] = 0.50
Fixing x[102] = 0

**************************************************************************************************************************
                                               Node 12
**************************************************************************************************************************
Problem size 118
Fixed variables: (x[6],0) (x[12],1) (x[102],0)
==========================================================================================================================
starting bound     cut  triangles added  violation
      20399.20   18691              500       0.50
==========================================================================================================================
iter     time      bound  bdl   viol3  triag  purged   added   viol5  penta  purged   added   viol7  hepta  purged   added
==========================================================================================================================
   1    34.54   19902.47    5   4e-01    815    -177   +492   
   2    34.65   19632.98    6   4e-01   1093    -219   +497   
   3    34.77   19478.88    8   4e-01   1287    -304   +498   
   4    35.12   19349.22    9   3e-01   1454    -322   +489    7e-01    480    -0     +480    9e-01    480    -0     +480  
   5    35.48   19238.66   10   3e-01   1557    -383   +486    7e-01    822    -138   +480    8e-01    841    -119   +480  
   6    35.87   19118.26   14   2e-01   1604    -432   +479    6e-01   1032    -270   +480    7e-01   1068    -253   +480  
   7    36.29   19051.71   16   2e-01   1636    -421   +453    5e-01   1266    -246   +480    6e-01   1320    -228   +480  
   8    36.74   18995.93   14   2e-01   1710    -406   +480    5e-01   1428    -318   +480    6e-01   1494    -306   +480  
   9    37.21   18957.16   18   1e-01   1775    -375   +440    5e-01   1609    -299   +480    6e-01   1660    -313   +479  
  10    37.71   18904.45   20   2e-01   1878    -369   +472    4e-01   1776    -313   +480    6e-01   1832    -307   +479  
  11    38.26   18873.68   22   1e-01   1597    -419   +138    4e-01   1867    -389   +480    5e-01   1908    -398   +474  
  12    38.83   18847.66   23   7e-02   1419    -206   +28     3e-01   2034    -307   +474    5e-01   2062    -320   +474  
  13    39.40   18828.59   25   1e-01   1652    -120   +353    4e-01   2205    -308   +479    5e-01   2281    -261   +480  
  14    40.04   18813.37   27   1e-01   1456    -292   +96     3e-01   2281    -404   +480    5e-01   2401    -358   +478  
  15    40.70   18792.49   29   8e-02   1326    -155   +25     4e-01   2384    -375   +478    5e-01   2507    -364   +470  
  16    41.38   18779.91   26   7e-02   1259    -78    +11     3e-01   2525    -334   +475    3e-01   2653    -320   +466  
  17    42.06   18763.36   30   9e-02   1302    -43    +86     3e-01   2658    -346   +479    4e-01   2821    -309   +477  
  18    42.79   18754.73   30   5e-02   1218    -85    +1      2e-01   2744    -356   +442    4e-01   2914    -353   +446  
  19    43.25   18749.67   31   5e-02   1218    -0     +0      2e-01   2744    -0     +0      4e-01   2914    -0     +0    
==========================================================================================================================
BOUNDING STOPPED: Gap to big!
==========================================================================================================================
Depth = 3, Bound = 18749.67, Best = 18691

Fixing x[102] = 1

**************************************************************************************************************************
                                               Node 13
**************************************************************************************************************************
Problem size 118
Fixed variables: (x[6],0) (x[12],1) (x[102],1)
==========================================================================================================================
starting bound     cut  triangles added  violation
      20379.55   18691              500       0.49
==========================================================================================================================
iter     time      bound  bdl   viol3  triag  purged   added   viol5  penta  purged   added   viol7  hepta  purged   added
==========================================================================================================================
   1    43.35   19856.80    4   5e-01    892    -93    +485   
   2    43.46   19588.53    5   4e-01   1173    -216   +497   
   3    43.58   19384.61    7   3e-01   1291    -376   +494   
   4    43.91   19237.85    8   3e-01   1512    -268   +489    8e-01    480    -0     +480    9e-01    480    -0     +480  
   5    44.26   19134.49   11   3e-01   1689    -303   +480    7e-01    815    -145   +480    8e-01    795    -165   +480  
   6    44.64   19008.46   15   2e-01   1698    -467   +476    6e-01   1046    -249   +480    7e-01   1013    -262   +480  
   7    45.05   18936.75   16   2e-01   1770    -390   +462    6e-01   1274    -252   +480    6e-01   1231    -261   +479  
   8    45.50   18891.23   18   2e-01   1833    -371   +434    5e-01   1518    -236   +480    6e-01   1489    -221   +479  
   9    45.97   18834.11   18   2e-01   1925    -376   +468    5e-01   1657    -340   +479    6e-01   1614    -355   +480  
  10    46.49   18792.27   21   2e-01   1963    -415   +453    5e-01   1784    -353   +480    5e-01   1748    -345   +479  
  11    47.05   18756.33   24   1e-01   1809    -440   +286    4e-01   1878    -386   +480    5e-01   1859    -367   +478  
  12    47.61   18731.95   27   1e-01   1541    -323   +55     4e-01   1990    -365   +477    5e-01   1961    -366   +468  
  13    48.18   18710.32   24   1e-01   1843    -120   +422    3e-01   2140    -330   +480    5e-01   2159    -282   +480  
  14    48.55   18691.94   30   1e-01   1843    -0     +0      3e-01   2140    -0     +0      5e-01   2159    -0     +0    
==========================================================================================================================
Prune!
==========================================================================================================================
Depth = 3, Bound = 18691.94, Best = 18691

Branching on x[78] = 0.50
Fixing x[78] = 0

**************************************************************************************************************************
                                               Node 14
**************************************************************************************************************************
Problem size 117
Fixed variables: (x[6],0) (x[12],1) (x[78],0) (x[102],0)
==========================================================================================================================
starting bound     cut  triangles added  violation
      20375.29   18691              500       0.50
==========================================================================================================================
iter     time      bound  bdl   viol3  triag  purged   added   viol5  penta  purged   added   viol7  hepta  purged   added
==========================================================================================================================
   1    48.65   19865.98    5   4e-01    819    -174   +493   
   2    48.75   19596.09    5   4e-01   1112    -200   +493   
   3    48.87   19445.74    6   4e-01   1308    -300   +496   
   4    49.02   19323.22   10   3e-01   1492    -303   +487   
   5    49.37   19214.32    8   3e-01   1685    -292   +485    8e-01    480    -0     +480    8e-01    480    -0     +480  
   6    49.75   19121.30   12   2e-01   1780    -375   +470    7e-01    805    -155   +480    8e-01    813    -147   +480  
   7    50.15   19016.21   16   2e-01   1783    -477   +480    6e-01   1037    -248   +480    7e-01   1071    -222   +480  
   8    50.59   18954.58   16   2e-01   1843    -408   +468    5e-01   1262    -255   +480    6e-01   1270    -280   +479  
   9    51.06   18918.69   16   2e-01   1912    -398   +467    5e-01   1473    -269   +480    6e-01   1514    -235   +479  
  10    51.56   18873.05   17   1e-01   1733    -437   +258    4e-01   1612    -339   +478    5e-01   1655    -335   +476  
  11    52.09   18819.79   20   2e-01   1955    -249   +471    5e-01   1808    -284   +480    6e-01   1830    -305   +480  
  12    52.66   18795.23   19   2e-01   1996    -417   +458    6e-01   1893    -395   +480    6e-01   2007    -303   +480  
  13    53.26   18778.81   29   8e-02   1544    -485   +33     4e-01   1940    -427   +474    5e-01   2086    -393   +472  
  14    53.89   18758.62   26   1e-01   1562    -159   +177    5e-01   2150    -269   +479    5e-01   2270    -291   +475  
  15    54.56   18741.92   28   1e-01   1612    -169   +219    3e-01   2295    -335   +480    4e-01   2411    -339   +480  
  16    55.25   18724.17   26   7e-02   1447    -224   +59     3e-01   2420    -354   +479    4e-01   2550    -341   +480  
  17    55.96   18715.66   29   9e-02   1401    -79    +33     3e-01   2574    -322   +476    4e-01   2728    -295   +473  
  18    56.67   18705.13   33   6e-02   1331    -78    +8      3e-01   2650    -390   +466    4e-01   2876    -310   +458  
  19    57.40   18697.10   34   6e-02   1275    -60    +4      3e-01   2785    -324   +459    4e-01   3025    -301   +450  
  20    58.13   18692.25   19   6e-02   1250    -26    +1      2e-01   2961    -254   +430    3e-01   3230    -228   +433  
  21    58.17   18691.03   20   6e-02   1250    -0     +0      2e-01   2961    -0     +0      3e-01   3230    -0     +0    
==========================================================================================================================
Prune!
==========================================================================================================================
Depth = 4, Bound = 18691.03, Best = 18691

Fixing x[78] = 1

**************************************************************************************************************************
                                               Node 15
**************************************************************************************************************************
Problem size 117
Fixed variables: (x[6],0) (x[12],1) (x[78],1) (x[102],0)
==========================================================================================================================
starting bound     cut  triangles added  violation
      20255.01   18691              500       0.50
==========================================================================================================================
iter     time      bound  bdl   viol3  triag  purged   added   viol5  penta  purged   added   viol7  hepta  purged   added
==========================================================================================================================
   1    58.26   19776.41    3   4e-01    788    -203   +491   
   2    58.37   19535.17    5   4e-01   1042    -244   +498   
   3    58.49   19360.18    7   4e-01   1304    -230   +492   
   4    58.62   19243.09    9   3e-01   1514    -276   +486   
   5    58.98   19149.02   11   3e-01   1635    -369   +490    7e-01    480    -0     +480    8e-01    480    -0     +480  
   6    59.36   19037.96   12   2e-01   1735    -385   +485    7e-01    796    -164   +480    8e-01    790    -170   +480  
   7    59.78   18975.55   13   2e-01   1745    -470   +480    6e-01   1017    -259   +480    7e-01   1060    -210   +480  
   8    60.22   18916.98   13   2e-01   1754    -456   +465    6e-01   1225    -272   +480    6e-01   1303    -237   +480  
   9    60.69   18875.38   14   2e-01   1828    -397   +471    6e-01   1416    -289   +480    7e-01   1525    -258   +480  
  10    61.20   18842.54   20   2e-01   1861    -409   +442    5e-01   1546    -350   +480    6e-01   1698    -307   +480  
  11    61.75   18808.98   19   1e-01   1863    -439   +441    4e-01   1703    -323   +480    5e-01   1836    -341   +479  
  12    62.31   18785.92   18   1e-01   1924    -371   +432    4e-01   1880    -303   +480    5e-01   2013    -302   +479  
  13    62.89   18765.64   21   1e-01   1809    -389   +274    4e-01   2003    -357   +480    6e-01   2117    -376   +480  
  14    63.50   18747.51   20   1e-01   1667    -283   +141    3e-01   2120    -363   +480    6e-01   2271    -325   +479  
  15    64.15   18732.76   24   9e-02   1481    -208   +22     4e-01   2256    -343   +479    4e-01   2429    -322   +480  
  16    64.80   18720.51   21   7e-02   1430    -98    +47     3e-01   2406    -329   +479    4e-01   2591    -313   +475  
  17    65.48   18710.66   26   9e-02   1373    -79    +22     3e-01   2545    -338   +477    4e-01   2746    -325   +480  
  18    66.18   18703.91   19   1e-01   1440    -58    +125    4e-01   2639    -386   +480    6e-01   2896    -330   +480  
  19    66.90   18698.58   26   8e-02   1319    -126   +5      2e-01   2731    -379   +471    3e-01   3021    -348   +473  
  20    67.59   18693.86   17   1e-01   1444    -32    +157    4e-01   2869    -341   +479    6e-01   3228    -273   +480  
  21    67.83   18689.87   21   1e-01   1444    -0     +0      4e-01   2869    -0     +0      6e-01   3228    -0     +0    
==========================================================================================================================
Prune!
==========================================================================================================================
Depth = 4, Bound = 18689.87, Best = 18691

Branching on x[32] = 0.51
Fixing x[32] = 0

**************************************************************************************************************************
                                               Node 16
**************************************************************************************************************************
Problem size 117
Fixed variables: (x[12],0) (x[29],1) (x[32],0) (x[77],1)
==========================================================================================================================
starting bound     cut  triangles added  violation
      20228.87   18691              500       0.50
==========================================================================================================================
iter     time      bound  bdl   viol3  triag  purged   added   viol5  penta  purged   added   viol7  hepta  purged   added
==========================================================================================================================
   1    67.92   19720.75    5   4e-01    847    -146   +493   
   2    68.02   19486.61    5   4e-01   1129    -206   +488   
   3    68.14   19337.75    8   4e-01   1384    -229   +484   
   4    68.28   19231.34    9   3e-01   1522    -354   +492   
   5    68.65   19148.14   11   3e-01   1663    -351   +492    8e-01    480    -0     +480    8e-01    480    -0     +480  
   6    69.04   19025.86   13   2e-01   1667    -474   +478    6e-01    827    -133   +480    7e-01    849    -111   +480  
   7    69.45   18960.52   14   2e-01   1766    -368   +467    6e-01   1138    -169   +480    7e-01   1181    -148   +480  
   8    69.90   18917.20   15   2e-01   1862    -385   +481    5e-01   1327    -291   +480    6e-01   1426    -235   +480  
   9    70.39   18861.07   20   2e-01   1897    -438   +473    5e-01   1473    -334   +480    6e-01   1569    -337   +480  
  10    70.94   18833.04   16   1e-01   1877    -474   +454    4e-01   1556    -397   +480    5e-01   1696    -353   +480  
  11    71.49   18796.08   14   2e-01   1967    -388   +478    6e-01   1712    -324   +480    6e-01   1892    -284   +480  
  12    72.08   18779.49   17   1e-01   1771    -446   +250    4e-01   1814    -378   +480    6e-01   2028    -344   +480  
  13    72.68   18760.28   21   1e-01   1575    -300   +104    4e-01   1955    -339   +480    5e-01   2211    -297   +480  
  14    73.29   18745.32   20   1e-01   1519    -148   +92     3e-01   2102    -333   +480    5e-01   2380    -311   +480  
  15    73.93   18732.06   25   1e-01   1581    -108   +170    3e-01   2250    -332   +480    5e-01   2532    -328   +480  
  16    74.61   18723.72   19   8e-02   1471    -176   +66     3e-01   2332    -398   +480    6e-01   2657    -355   +480  
  17    75.29   18716.05   15   2e-01   1793    -91    +413    5e-01   2450    -362   +480    6e-01   2807    -330   +480  
  18    76.00   18712.81   24   1e-01   1468    -338   +13     4e-01   2516    -414   +480    4e-01   2904    -382   +479  
  19    76.72   18708.22   14   1e-01   1685    -92    +309    5e-01   2574    -422   +480    5e-01   2998    -386   +480  
  20    77.46   18705.44   16   1e-01   1678    -272   +265    4e-01   2640    -414   +480    5e-01   3102    -376   +480  
  21    78.22   18702.94   20   7e-02   1407    -271   +0      3e-01   2654    -462   +476    4e-01   3195    -385   +478  
  22    78.96   18700.10   17   5e-02   1359    -48    +0      2e-01   2798    -317   +461    4e-01   3371    -300   +476  
  23    79.70   18698.25   16   7e-02   1368    -16    +25     3e-01   2984    -294   +480    5e-01   3555    -296   +480  
  24    80.12   18697.36   22   7e-02   1368    -0     +0      3e-01   2984    -0     +0      5e-01   3555    -0     +0    
==========================================================================================================================
BOUNDING STOPPED: Gap to big!
==========================================================================================================================
Depth = 4, Bound = 18697.36, Best = 18691

Fixing x[32] = 1

**************************************************************************************************************************
                                               Node 17
**************************************************************************************************************************
Problem size 117
Fixed variables: (x[12],0) (x[29],1) (x[32],1) (x[77],1)
==========================================================================================================================
starting bound     cut  triangles added  violation
      20356.59   18691              500       0.50
==========================================================================================================================
iter     time      bound  bdl   viol3  triag  purged   added   viol5  penta  purged   added   viol7  hepta  purged   added
==========================================================================================================================
   1    80.22   19784.61    5   4e-01    856    -140   +496   
   2    80.33   19453.56    5   4e-01   1070    -283   +497   
   3    80.45   19320.81    8   4e-01   1269    -291   +490   
   4    80.58   19215.02    8   3e-01   1466    -296   +493   
   5    80.94   19138.03   11   2e-01   1595    -358   +487    7e-01    480    -0     +480    7e-01    480    -0     +480  
   6    81.33   19038.25   11   3e-01   1738    -340   +483    7e-01    831    -129   +480    8e-01    826    -134   +480  
   7    81.54   18980.06   11   3e-01   1826    -392   +480   
   8    81.98   18922.79   17   2e-01   1891    -406   +471    6e-01   1083    -228   +480    7e-01   1080    -226   +480  
   9    82.47   18866.50   16   2e-01   1961    -405   +475    5e-01   1340    -223   +480    6e-01   1338    -222   +480  
  10    82.99   18829.53   19   1e-01   1907    -495   +441    4e-01   1442    -378   +480    5e-01   1514    -304   +480  
  11    83.53   18804.83   19   2e-01   1969    -387   +449    5e-01   1664    -258   +480    6e-01   1721    -273   +480  
  12    84.13   18778.52   15   1e-01   2052    -377   +460    5e-01   1794    -350   +480    6e-01   1854    -346   +479  
  13    84.76   18766.52   24   1e-01   1744    -414   +106    4e-01   1890    -383   +479    5e-01   1950    -384   +480  
  14    85.40   18750.83   13   8e-02   1621    -194   +71     3e-01   2038    -330   +478    4e-01   2159    -269   +478  
  15    86.05   18735.99   14   2e-01   2008    -94    +481    5e-01   2257    -261   +480    6e-01   2372    -267   +480  
  16    86.79   18726.91   19   7e-02   1566    -468   +26     3e-01   2253    -484   +480    5e-01   2433    -416   +477  
  17    87.50   18721.09   21   9e-02   1492    -92    +18     3e-01   2376    -353   +476    4e-01   2622    -282   +471  
  18    88.21   18714.64   20   9e-02   1623    -52    +183    4e-01   2498    -357   +479    5e-01   2811    -291   +480  
  19    88.96   18711.38   21   2e-01   1794    -161   +332    4e-01   2552    -426   +480    6e-01   2915    -376   +480  
  20    89.84   18705.94   17   1e-01   1772    -304   +282    4e-01   2627    -405   +480    5e-01   3006    -389   +480  
  21    90.57   18702.86   13   1e-01   1910    -264   +402    5e-01   2656    -451   +480    6e-01   3079    -407   +480  
  22    91.38   18701.58   15   1e-01   1863    -325   +278    4e-01   2675    -461   +480    5e-01   3106    -453   +480  
  23    92.18   18699.30   18   6e-02   1584    -280   +1      2e-01   2737    -418   +480    3e-01   3223    -363   +480  
  24    92.97   18698.14   14   5e-02   1512    -72    +0      3e-01   2883    -327   +473    4e-01   3444    -256   +477  
  25    93.74   18696.88   18   8e-02   1497    -33    +18     2e-01   2945    -418   +480    4e-01   3580    -344   +480  
  26    94.19   18696.03   23   8e-02   1497    -0     +0      2e-01   2945    -0     +0      4e-01   3580    -0     +0    
==========================================================================================================================
BOUNDING STOPPED: Gap to big!
==========================================================================================================================
Depth = 4, Bound = 18696.03, Best = 18691

Branching on x[2] = 0.41
Fixing x[2] = 0

**************************************************************************************************************************
                                               Node 18
**************************************************************************************************************************
Problem size 116
Fixed variables: (x[2],0) (x[12],0) (x[29],1) (x[32],0) (x[77],1)
==========================================================================================================================
starting bound     cut  triangles added  violation
      20109.91   18691              500       0.49
==========================================================================================================================
iter     time      bound  bdl   viol3  triag  purged   added   viol5  penta  purged   added   viol7  hepta  purged   added
==========================================================================================================================
   1    94.28   19612.57    5   4e-01    858    -132   +490   
   2    94.38   19356.87    6   4e-01   1121    -235   +498   
   3    94.50   19232.85    8   3e-01   1376    -234   +489   
   4    94.85   19099.06    7   3e-01   1511    -350   +485    8e-01    480    -0     +480    8e-01    480    -0     +480  
   5    95.21   19007.64    9   2e-01   1638    -348   +475    7e-01    889    -71    +480    7e-01    894    -66    +480  
   6    95.61   18915.41   14   2e-01   1681    -440   +483    6e-01   1123    -246   +480    7e-01   1148    -226   +480  
   7    96.03   18865.40   14   2e-01   1751    -400   +470    6e-01   1383    -220   +480    7e-01   1417    -211   +480  
   8    96.50   18819.51   13   2e-01   1773    -452   +474    6e-01   1530    -333   +480    7e-01   1584    -313   +480  
   9    96.99   18771.01   15   2e-01   1797    -443   +467    5e-01   1648    -362   +480    7e-01   1761    -303   +480  
  10    97.51   18754.75   20   2e-01   1890    -367   +460    4e-01   1800    -328   +480    6e-01   1973    -268   +480  
  11    98.07   18730.75   21   8e-02   1471    -491   +72     3e-01   1865    -415   +480    5e-01   2077    -376   +480  
  12    98.65   18718.67   19   2e-01   1612    -161   +302    4e-01   2057    -288   +480    5e-01   2277    -280   +480  
  13    99.26   18711.49   11   2e-01   1808    -279   +475    5e-01   2114    -423   +480    6e-01   2396    -361   +480  
  14    99.91   18701.59   14   2e-01   1608    -450   +250    6e-01   2134    -460   +480    7e-01   2458    -418   +480  
  15   100.64   18697.64   10   6e-02   1371    -246   +9      3e-01   2147    -467   +480    5e-01   2544    -394   +480  
  16   101.33   18694.37    8   1e-01   1562    -54    +245    5e-01   2370    -257   +480    6e-01   2772    -252   +480  
  17   102.07   18692.56    9   8e-02   1365    -218   +21     2e-01   2407    -443   +480    4e-01   2836    -416   +480  
  18   102.32   18691.77    8   8e-02   1365    -0     +0      2e-01   2407    -0     +0      4e-01   2836    -0     +0    
==========================================================================================================================
Prune!
==========================================================================================================================
Depth = 5, Bound = 18691.77, Best = 18691

Fixing x[2] = 1

**************************************************************************************************************************
                                               Node 19
**************************************************************************************************************************
Problem size 116
Fixed variables: (x[2],1) (x[12],0) (x[29],1) (x[32],0) (x[77],1)
==========================================================================================================================
starting bound     cut  triangles added  violation
      20155.88   18691              500       0.49
==========================================================================================================================
iter     time      bound  bdl   viol3  triag  purged   added   viol5  penta  purged   added   viol7  hepta  purged   added
==========================================================================================================================
   1   102.41   19663.56    5   4e-01    849    -144   +493   
   2   102.51   19410.05    6   4e-01   1205    -138   +494   
   3   102.63   19262.10    7   4e-01   1386    -307   +488   
   4   102.76   19155.24    8   3e-01   1556    -322   +492   
   5   103.13   19076.55   10   2e-01   1707    -331   +482    7e-01    480    -0     +480    8e-01    480    -0     +480  
   6   103.51   18979.85   13   2e-01   1772    -411   +476    6e-01    823    -137   +480    7e-01    853    -107   +480  
   7   103.94   18922.02   18   2e-01   1890    -349   +467    6e-01   1106    -197   +480    7e-01   1177    -156   +480  
   8   104.40   18861.03   14   2e-01   1958    -400   +468    6e-01   1350    -236   +480    7e-01   1455    -202   +480  
   9   104.89   18820.17   15   2e-01   1933    -502   +477    5e-01   1495    -335   +480    6e-01   1631    -304   +480  
  10   105.42   18783.00   18   2e-01   1956    -438   +461    5e-01   1602    -373   +480    6e-01   1838    -273   +480  
  11   105.97   18766.89   24   1e-01   1636    -443   +123    4e-01   1753    -329   +480    4e-01   2027    -291   +480  
  12   106.54   18741.25   20   2e-01   1893    -211   +468    4e-01   1983    -250   +480    6e-01   2261    -246   +480  
  13   107.15   18732.47   19   1e-01   1732    -400   +239    5e-01   2036    -427   +480    5e-01   2362    -379   +480  
  14   107.81   18716.36   20   1e-01   1654    -254   +176    4e-01   2139    -377   +480    6e-01   2513    -329   +480  
  15   108.48   18706.26   20   1e-01   1541    -203   +90     4e-01   2273    -346   +480    5e-01   2665    -328   +480  
  16   109.16   18699.70   22   1e-01   1471    -116   +46     3e-01   2428    -325   +480    4e-01   2815    -330   +480  
  17   109.87   18693.53   21   8e-02   1429    -80    +38     3e-01   2512    -396   +480    5e-01   2956    -339   +480  
  18   109.99   18691.35   22   8e-02   1429    -0     +0      3e-01   2512    -0     +0      5e-01   2956    -0     +0    
==========================================================================================================================
Prune!
==========================================================================================================================
Depth = 5, Bound = 18691.35, Best = 18691

Branching on x[109] = 0.71
Fixing x[109] = 0

**************************************************************************************************************************
                                               Node 20
**************************************************************************************************************************
Problem size 116
Fixed variables: (x[12],0) (x[29],1) (x[32],1) (x[77],1) (x[109],0)
==========================================================================================================================
starting bound     cut  triangles added  violation
      20249.63   18691              500       0.50
==========================================================================================================================
iter     time      bound  bdl   viol3  triag  purged   added   viol5  penta  purged   added   viol7  hepta  purged   added
==========================================================================================================================
   1   110.08   19671.73    3   5e-01    853    -144   +497   
   2   110.18   19409.94    4   4e-01   1025    -328   +500   
   3   110.30   19255.46    6   4e-01   1241    -276   +492   
   4   110.44   19094.20    8   4e-01   1520    -205   +484   
   5   110.81   19007.43   10   2e-01   1631    -375   +486    7e-01    480    -0     +480    8e-01    480    -0     +480  
   6   111.20   18922.67   12   2e-01   1750    -363   +482    7e-01    838    -122   +480    7e-01    845    -115   +480  
   7   111.62   18852.60   12   2e-01   1812    -406   +468    6e-01   1074    -244   +480    7e-01   1107    -217   +479  
   8   112.06   18806.04   12   2e-01   1929    -364   +481    6e-01   1285    -269   +480    7e-01   1347    -240   +480  
   9   112.55   18770.18   15   2e-01   1941    -467   +479    5e-01   1435    -330   +480    7e-01   1505    -322   +480  
  10   113.07   18735.82   11   3e-01   2003    -414   +476    6e-01   1575    -340   +480    6e-01   1696    -289   +480  
  11   113.64   18713.15   16   2e-01   1989    -485   +471    5e-01   1641    -414   +480    6e-01   1773    -403   +480  
  12   114.25   18703.14   13   1e-01   1967    -465   +443    4e-01   1733    -388   +480    5e-01   1950    -303   +480  
  13   114.86   18693.53   14   1e-01   2027    -407   +467    4e-01   1821    -392   +480    5e-01   2099    -331   +480  
  14   114.92   18688.95   17   1e-01   2027    -0     +0      4e-01   1821    -0     +0      5e-01   2099    -0     +0    
==========================================================================================================================
Prune!
==========================================================================================================================
Depth = 5, Bound = 18688.95, Best = 18691

Fixing x[109] = 1

**************************************************************************************************************************
                                               Node 21
**************************************************************************************************************************
Problem size 116
Fixed variables: (x[12],0) (x[29],1) (x[32],1) (x[77],1) (x[109],1)
==========================================================================================================================
starting bound     cut  triangles added  violation
      20331.22   18691              500       0.50
==========================================================================================================================
iter     time      bound  bdl   viol3  triag  purged   added   viol5  penta  purged   added   viol7  hepta  purged   added
==========================================================================================================================
   1   115.01   19774.59    5   4e-01    853    -139   +492   
   2   115.11   19482.24    5   4e-01   1166    -182   +495   
   3   115.24   19315.42    6   4e-01   1370    -286   +490   
   4   115.57   19177.72    9   3e-01   1531    -330   +491    8e-01    480    -0     +480    8e-01    480    -0     +480  
   5   115.93   19069.90    8   2e-01   1604    -406   +479    7e-01    805    -155   +480    7e-01    845    -115   +480  
   6   116.31   18973.62   11   2e-01   1699    -380   +475    7e-01   1055    -230   +480    7e-01   1074    -251   +480  
   7   116.73   18893.49   13   2e-01   1763    -418   +482    6e-01   1287    -248   +480    8e-01   1305    -249   +480  
   8   117.17   18839.81   18   1e-01   1737    -463   +437    4e-01   1459    -308   +480    6e-01   1513    -271   +479  
   9   117.65   18798.11   13   2e-01   1936    -277   +476    5e-01   1662    -277   +480    6e-01   1704    -289   +480  
  10   118.16   18777.11   16   2e-01   1950    -457   +471    5e-01   1766    -376   +480    6e-01   1866    -318   +480  
  11   118.71   18754.86   17   2e-01   1924    -476   +450    4e-01   1851    -394   +479    5e-01   1964    -382   +480  
  12   119.26   18740.52   10   7e-02   1532    -409   +17     3e-01   1993    -337   +479    5e-01   2108    -330   +474  
  13   119.84   18722.20   15   1e-01   1773    -154   +395    5e-01   2132    -341   +480    6e-01   2226    -362   +480  
  14   120.49   18716.49   13   8e-02   1507    -349   +83     4e-01   2242    -370   +480    5e-01   2380    -326   +480  
  15   121.14   18708.52   15   1e-01   1519    -131   +143    5e-01   2308    -414   +480    6e-01   2468    -392   +480  
  16   121.84   18700.76   13   1e-01   1712    -144   +337    4e-01   2402    -386   +480    6e-01   2558    -390   +480  
  17   122.58   18697.05   17   1e-01   1533    -292   +113    4e-01   2358    -524   +480    5e-01   2586    -452   +480  
  18   123.31   18695.39   16   1e-01   1663    -143   +273    4e-01   2404    -434   +480    5e-01   2657    -409   +480  
  19   124.07   18693.01   11   8e-02   1418    -259   +14     3e-01   2393    -491   +480    5e-01   2741    -396   +480  
  20   124.19   18691.96   12   8e-02   1418    -0     +0      3e-01   2393    -0     +0      5e-01   2741    -0     +0    
==========================================================================================================================
Prune!
==========================================================================================================================
Depth = 5, Bound = 18691.96, Best = 18691


Nodes = 21
Root node bound = 18874.778
Maximum value = 18691
Solution = ( 2 5 6 8 9 11 16 17 23 24 25 26 27 29 30 31 32 34 35 36 38 40 41 43 45 47 49 50 52 55 56 58 60 62 63 65 66 67 68 69 71 73 74 75 77 78 81 82 83 84 85 87 89 90 92 93 95 98 99 100 101 102 104 106 109 110 111 112 113 115 117 119 )
CPU time = 124.19 s

