Input file: ./Instances/biq2mc/be/be120.8.4.sparse.mc

Graph has 121 vertices and 5764 edges.

BiqBin parameters:
    init_bundle_iter = 5
     max_bundle_iter = 20
      min_outer_iter = 10
      max_outer_iter = 30
       violated_Ineq = 0.050000
             TriIneq = 500
         Pent_Trials = 160
        Hepta_Trials = 120
        include_Pent = 1
       include_Hepta = 1
                root = 0
            use_diff = 1
          time_limit = 0
   branchingStrategy = 1
      detailedOutput = 1

**************************************************************************************************************************
                                               Node 1
**************************************************************************************************************************
Problem size 121
Fixed variables:
Node 1 Feasible solution 20765
==========================================================================================================================
starting bound     cut  triangles added  violation
      22207.17   20765              500       0.50
==========================================================================================================================
iter     time      bound  bdl   viol3  triag  purged   added   viol5  penta  purged   added   viol7  hepta  purged   added
==========================================================================================================================
   1     0.18   21773.05    4   5e-01    823    -175   +498   
   2     0.34   21529.92    7   4e-01   1015    -302   +494   
   3     0.52   21380.25    6   4e-01   1313    -195   +493   
   4     0.73   21260.74    7   3e-01   1500    -306   +493   
   5     0.92   21159.01    6   3e-01   1730    -263   +493   
   6     1.34   21098.73   11   2e-01   1846    -360   +476    7e-01    480    -0     +480    8e-01    480    -0     +480  
   7     1.79   21004.15   12   2e-01   1881    -446   +481    6e-01    846    -114   +480    7e-01    870    -90    +480  
   8     2.04   20943.25    9   3e-01   1962    -391   +472   
   9     2.56   20910.37   19   2e-01   2038    -393   +469    5e-01   1153    -173   +480    7e-01   1209    -141   +480  
  10     3.11   20870.06   19   1e-01   2064    -433   +459    5e-01   1374    -259   +480    8e-01   1491    -198   +480  
  11     3.69   20837.08   12   2e-01   2214    -334   +484    7e-01   1609    -245   +480    7e-01   1743    -228   +480  
  12     4.33   20819.72   18   8e-02   1800    -532   +118    3e-01   1693    -396   +480    5e-01   1858    -365   +480  
  13     4.98   20805.10   16   2e-01   2114    -171   +485    5e-01   1920    -253   +480    6e-01   2120    -218   +480  
  14     5.75   20791.94   18   8e-02   1704    -493   +83     4e-01   1951    -449   +480    4e-01   2191    -409   +480  
  15     6.49   20785.08   16   1e-01   1668    -152   +116    4e-01   2054    -377   +480    5e-01   2348    -323   +480  
  16     7.29   20779.17   12   1e-01   1883    -150   +365    5e-01   2042    -492   +480    5e-01   2400    -428   +480  
  17     8.12   20776.21   12   2e-01   2058    -323   +498    7e-01   2090    -432   +480    7e-01   2458    -422   +480  
  18     8.97   20774.20    9   2e-01   2095    -462   +499    6e-01   2176    -394   +480    8e-01   2548    -390   +480  
  19     9.81   20770.38    6   1e-01   2184    -409   +498    4e-01   2240    -416   +480    5e-01   2651    -377   +480  
  20    10.66   20769.18   12   8e-02   1856    -411   +83     3e-01   2244    -476   +480    4e-01   2674    -457   +480  
  21    11.50   20768.26   11   7e-02   1756    -128   +28     3e-01   2424    -300   +480    4e-01   2881    -273   +480  
  22    12.37   20767.63   10   6e-02   1713    -51    +8      2e-01   2480    -424   +480    3e-01   3093    -268   +480  
  23    13.23   20767.13   12   4e-02   1679    -34    +0      2e-01   2594    -366   +480    3e-01   3219    -354   +480  
  24    14.09   20766.56   13   7e-02   1680    -14    +15     2e-01   2808    -266   +480    3e-01   3477    -222   +480  
  25    14.99   20766.31   10   4e-02   1658    -22    +0      2e-01   2779    -507   +478    2e-01   3552    -405   +480  
  26    15.87   20766.06   14   3e-02   1650    -8     +0      1e-01   2772    -399   +392    2e-01   3614    -379   +441  
  27    16.09   20765.97   17   3e-02   1650    -0     +0      1e-01   2772    -0     +0      2e-01   3614    -0     +0    
==========================================================================================================================
Prune!
==========================================================================================================================
Depth = 0, Bound = 20765.97, Best = 20765


Nodes = 1
Root node bound = 20765.970
Maximum value = 20765
Solution = ( 1 7 8 9 12 25 26 28 29 32 34 37 39 40 41 42 49 50 51 54 56 59 62 65 69 72 73 77 81 83 84 88 90 91 93 94 95 96 99 100 102 104 105 107 109 113 114 )
CPU time = 16.09 s

