Input file: ./Instances/biq2mc/be/be120.8.3.sparse.mc

Graph has 121 vertices and 5791 edges.

BiqBin parameters:
    init_bundle_iter = 5
     max_bundle_iter = 20
      min_outer_iter = 10
      max_outer_iter = 30
       violated_Ineq = 0.050000
             TriIneq = 500
         Pent_Trials = 160
        Hepta_Trials = 120
        include_Pent = 1
       include_Hepta = 1
                root = 0
            use_diff = 1
          time_limit = 0
   branchingStrategy = 1
      detailedOutput = 1

**************************************************************************************************************************
                                               Node 1
**************************************************************************************************************************
Problem size 121
Fixed variables:
Node 1 Feasible solution 19302
==========================================================================================================================
starting bound     cut  triangles added  violation
      20934.24   19302              500       0.49
==========================================================================================================================
iter     time      bound  bdl   viol3  triag  purged   added   viol5  penta  purged   added   viol7  hepta  purged   added
==========================================================================================================================
   1     0.11   20393.02    5   4e-01    868    -126   +494   
   2     0.22   20179.47    8   3e-01   1132    -223   +487   
   3     0.35   19977.80    6   3e-01   1427    -199   +494   
   4     0.70   19870.00    9   3e-01   1646    -263   +482    8e-01    480    -0     +480    9e-01    480    -0     +480  
   5     1.08   19768.20    9   3e-01   1757    -371   +482    7e-01    825    -135   +480    8e-01    806    -154   +480  
   6     1.49   19696.13   15   2e-01   1810    -433   +486    6e-01   1043    -262   +480    7e-01   1032    -254   +480  
   7     1.92   19621.81   12   2e-01   1838    -446   +474    6e-01   1283    -240   +480    7e-01   1264    -248   +480  
   8     2.37   19572.87   12   2e-01   1864    -447   +473    6e-01   1442    -321   +480    7e-01   1492    -252   +480  
   9     2.86   19530.82   21   1e-01   1737    -488   +361    4e-01   1547    -375   +480    6e-01   1610    -362   +480  
  10     3.38   19497.51   15   1e-01   1707    -287   +257    4e-01   1774    -252   +479    5e-01   1809    -280   +479  
  11     3.91   19456.70   16   2e-01   2000    -193   +486    5e-01   2009    -245   +480    6e-01   2064    -225   +480  
  12     4.50   19436.69   17   1e-01   1595    -472   +67     3e-01   2060    -428   +479    5e-01   2148    -396   +480  
  13     5.11   19409.68   24   1e-01   1664    -190   +259    4e-01   2177    -362   +479    5e-01   2268    -360   +480  
  14     5.76   19393.56   19   1e-01   1635    -226   +197    4e-01   2262    -395   +480    5e-01   2394    -354   +480  
  15     6.44   19382.07   23   1e-01   1529    -225   +119    4e-01   2371    -371   +480    5e-01   2558    -315   +479  
  16     7.14   19371.09   21   1e-01   1498    -151   +120    3e-01   2475    -376   +480    5e-01   2688    -350   +480  
  17     7.84   19358.52   26   9e-02   1383    -123   +8      3e-01   2557    -393   +475    5e-01   2791    -374   +477  
  18     8.56   19351.28   24   7e-02   1329    -61    +7      3e-01   2738    -293   +474    4e-01   2989    -276   +474  
  19     9.28   19343.74   30   8e-02   1288    -42    +1      2e-01   2860    -343   +465    3e-01   3164    -292   +467  
  20    10.03   19337.93   31   7e-02   1266    -30    +8      2e-01   3048    -290   +478    3e-01   3384    -258   +478  
  21    10.78   19333.85   28   8e-02   1250    -24    +8      3e-01   3152    -375   +479    4e-01   3537    -326   +479  
  22    11.53   19328.72   28   7e-02   1235    -18    +3      2e-01   3272    -351   +471    4e-01   3717    -294   +474  
  23    11.97   19326.06   23   7e-02   1235    -0     +0      2e-01   3272    -0     +0      4e-01   3717    -0     +0    
==========================================================================================================================
BOUNDING STOPPED: Gap to big!
==========================================================================================================================
Depth = 0, Bound = 19326.06, Best = 19302

Branching on x[103] = 0.43
Fixing x[103] = 0

**************************************************************************************************************************
                                               Node 2
**************************************************************************************************************************
Problem size 120
Fixed variables: (x[103],0)
==========================================================================================================================
starting bound     cut  triangles added  violation
      20875.71   19302              500       0.49
==========================================================================================================================
iter     time      bound  bdl   viol3  triag  purged   added   viol5  penta  purged   added   viol7  hepta  purged   added
==========================================================================================================================
   1    12.07   20368.82    4   4e-01    877    -121   +498   
   2    12.18   20149.01    4   4e-01   1017    -347   +487   
   3    12.30   19992.21    6   4e-01   1337    -170   +490   
   4    12.65   19873.25    9   3e-01   1483    -342   +488    8e-01    480    -0     +480    8e-01    480    -0     +480  
   5    13.01   19750.15    9   2e-01   1595    -371   +483    7e-01    852    -108   +480    8e-01    844    -116   +480  
   6    13.40   19663.15    9   3e-01   1700    -370   +475    6e-01   1067    -265   +480    7e-01   1038    -286   +480  
   7    13.81   19585.89   14   2e-01   1806    -370   +476    6e-01   1288    -259   +480    7e-01   1271    -247   +480  
   8    14.26   19521.81   17   2e-01   1811    -452   +457    4e-01   1457    -311   +480    6e-01   1458    -293   +480  
   9    14.74   19479.48   14   2e-01   1941    -350   +480    6e-01   1654    -283   +480    7e-01   1669    -269   +480  
  10    15.25   19446.13   16   1e-01   1978    -413   +450    4e-01   1767    -366   +479    5e-01   1774    -375   +480  
  11    15.79   19412.80   23   1e-01   1646    -455   +123    3e-01   1861    -386   +480    5e-01   1870    -384   +480  
  12    16.36   19394.64   24   1e-01   1883    -207   +444    5e-01   2100    -241   +480    5e-01   2112    -238   +480  
  13    16.99   19375.12   24   2e-01   1929    -428   +474    5e-01   2178    -402   +480    6e-01   2217    -375   +480  
  14    17.65   19356.91   16   8e-02   1581    -440   +92     4e-01   2186    -472   +480    6e-01   2279    -415   +477  
  15    18.29   19349.23   20   9e-02   1506    -143   +68     4e-01   2304    -362   +480    5e-01   2471    -288   +480  
  16    18.97   19339.57   20   1e-01   1530    -108   +132    3e-01   2380    -404   +480    4e-01   2592    -358   +479  
  17    19.65   19330.70   24   7e-02   1371    -165   +6      2e-01   2448    -411   +479    5e-01   2679    -392   +479  
  18    20.33   19324.10   25   1e-01   1555    -48    +232    4e-01   2554    -374   +480    5e-01   2836    -323   +480  
  19    21.05   19319.28   18   8e-02   1373    -221   +39     3e-01   2559    -475   +480    4e-01   2948    -368   +480  
  20    21.75   19315.90   15   1e-01   1332    -68    +27     3e-01   2639    -400   +480    4e-01   3055    -373   +480  
  21    22.47   19312.19   14   6e-02   1294    -39    +1      2e-01   2725    -377   +463    4e-01   3201    -324   +470  
  22    23.18   19310.78   15   2e-01   1504    -26    +236    4e-01   2825    -380   +480    6e-01   3335    -346   +480  
  23    23.95   19307.60   17   1e-01   1613    -193   +302    4e-01   2832    -473   +480    5e-01   3350    -465   +480  
  24    24.80   19305.64   18   1e-01   1320    -298   +5      3e-01   2904    -408   +480    3e-01   3441    -389   +480  
  25    25.55   19304.43    8   2e-01   1800    -19    +499    5e-01   3062    -322   +480    6e-01   3624    -297   +480  
  26    26.38   19303.57    6   9e-02   1466    -465   +131    3e-01   3002    -540   +480    4e-01   3619    -485   +480  
  27    26.63   19302.83   11   9e-02   1466    -0     +0      3e-01   3002    -0     +0      4e-01   3619    -0     +0    
==========================================================================================================================
Prune!
==========================================================================================================================
Depth = 1, Bound = 19302.83, Best = 19302

Fixing x[103] = 1

**************************************************************************************************************************
                                               Node 3
**************************************************************************************************************************
Problem size 120
Fixed variables: (x[103],1)
==========================================================================================================================
starting bound     cut  triangles added  violation
      20882.79   19302              500       0.50
==========================================================================================================================
iter     time      bound  bdl   viol3  triag  purged   added   viol5  penta  purged   added   viol7  hepta  purged   added
==========================================================================================================================
   1    26.73   20392.63    5   5e-01    828    -164   +492   
   2    26.83   20174.50    8   4e-01   1070    -252   +494   
   3    26.95   19965.24    5   3e-01   1292    -273   +495   
   4    27.10   19854.65    9   3e-01   1479    -296   +483   
   5    27.47   19767.82   10   3e-01   1698    -269   +488    7e-01    480    -0     +480    8e-01    480    -0     +480  
   6    27.86   19672.04   13   2e-01   1672    -506   +480    6e-01    762    -198   +480    7e-01    784    -176   +480  
   7    28.28   19597.47   13   2e-01   1742    -400   +470    6e-01   1045    -197   +480    7e-01   1076    -188   +480  
   8    28.50   19553.36   11   3e-01   1880    -350   +488   
   9    28.98   19507.48   17   1e-01   1924    -421   +465    5e-01   1292    -233   +480    6e-01   1301    -255   +480  
  10    29.49   19474.03   19   1e-01   1843    -399   +318    4e-01   1487    -285   +480    5e-01   1544    -237   +480  
  11    30.02   19439.83   16   1e-01   1783    -290   +230    4e-01   1709    -258   +480    5e-01   1816    -208   +480  
  12    30.57   19400.99   18   1e-01   1998    -250   +465    5e-01   1963    -226   +480    5e-01   2053    -243   +480  
  13    31.17   19382.30   21   9e-02   1753    -399   +154    5e-01   2076    -367   +480    4e-01   2244    -289   +480  
  14    31.79   19360.33   26   9e-02   1579    -229   +55     5e-01   2178    -377   +479    5e-01   2378    -345   +479  
  15    32.43   19346.98   22   2e-01   1950    -108   +479    4e-01   2327    -331   +480    6e-01   2575    -283   +480  
  16    33.15   19332.28   21   1e-01   1634    -431   +115    3e-01   2316    -491   +480    5e-01   2633    -422   +480  
  17    33.83   19322.38   19   1e-01   1474    -183   +23     3e-01   2423    -372   +479    4e-01   2777    -335   +479  
  18    34.52   19315.99   21   1e-01   1570    -71    +167    4e-01   2544    -358   +479    5e-01   2937    -320   +480  
  19    35.25   19306.19   27   7e-02   1418    -160   +8      2e-01   2626    -398   +480    4e-01   3065    -349   +477  
  20    35.49   19302.09   28   7e-02   1418    -0     +0      2e-01   2626    -0     +0      4e-01   3065    -0     +0    
==========================================================================================================================
Prune!
==========================================================================================================================
Depth = 1, Bound = 19302.09, Best = 19302


Nodes = 3
Root node bound = 19326.059
Maximum value = 19302
Solution = ( 1 3 7 9 14 15 16 18 21 22 24 26 28 29 31 33 35 36 38 42 43 44 46 52 53 56 59 63 69 70 73 74 78 82 86 88 90 91 92 95 98 100 101 103 105 109 117 )
CPU time = 35.49 s

