Input file: ./Instances/biq2mc/be/be150.8.8.sparse.mc

Graph has 151 vertices and 8967 edges.

BiqBin parameters:
    init_bundle_iter = 5
     max_bundle_iter = 20
      min_outer_iter = 10
      max_outer_iter = 30
       violated_Ineq = 0.050000
             TriIneq = 500
         Pent_Trials = 160
        Hepta_Trials = 120
        include_Pent = 1
       include_Hepta = 1
                root = 0
            use_diff = 1
          time_limit = 0
   branchingStrategy = 1
      detailedOutput = 1

**************************************************************************************************************************
                                               Node 1
**************************************************************************************************************************
Problem size 151
Fixed variables:
Node 1 Feasible solution 29730
==========================================================================================================================
starting bound     cut  triangles added  violation
      32157.19   29730              500       0.50
==========================================================================================================================
iter     time      bound  bdl   viol3  triag  purged   added   viol5  penta  purged   added   viol7  hepta  purged   added
==========================================================================================================================
   1     0.28   31570.12    3   4e-01    788    -210   +498   
   2     0.55   31233.53    4   4e-01   1114    -167   +493   
   3     0.82   31014.06    6   3e-01   1238    -373   +497   
   4     1.08   30841.87    7   3e-01   1463    -270   +495   
   5     1.65   30705.85    9   3e-01   1664    -294   +495    7e-01    480    -0     +480    8e-01    480    -0     +480  
   6     2.25   30563.93   11   3e-01   1737    -424   +497    7e-01    809    -151   +480    8e-01    812    -148   +480  
   7     2.88   30453.48   13   2e-01   1755    -474   +492    6e-01   1084    -205   +480    7e-01   1024    -268   +480  
   8     3.55   30361.32   15   3e-01   1834    -416   +495    7e-01   1263    -301   +480    7e-01   1257    -247   +480  
   9     4.28   30287.25   16   2e-01   1895    -413   +474    5e-01   1441    -302   +480    5e-01   1446    -290   +479  
  10     5.05   30216.74   17   2e-01   1975    -403   +483    5e-01   1567    -354   +480    5e-01   1652    -273   +479  
  11     5.92   30172.44   22   2e-01   2093    -360   +478    4e-01   1747    -300   +480    5e-01   1821    -311   +480  
  12     6.87   30130.36   25   2e-01   2148    -406   +461    5e-01   1880    -347   +480    5e-01   2017    -284   +480  
  13     7.91   30093.45   25   1e-01   2146    -461   +459    4e-01   1998    -362   +480    5e-01   2117    -380   +480  
  14     8.94   30060.75   25   1e-01   2167    -389   +410    4e-01   2097    -381   +480    5e-01   2263    -334   +480  
  15     9.99   30035.55   30   1e-01   1981    -363   +177    3e-01   2205    -371   +479    4e-01   2400    -342   +479  
  16    11.08   30004.04   28   1e-01   1834    -238   +91     3e-01   2349    -334   +478    5e-01   2537    -339   +476  
  17    11.84   29989.73   25   1e-01   1834    -0     +0      3e-01   2349    -0     +0      5e-01   2537    -0     +0    
==========================================================================================================================
BOUNDING STOPPED: Gap to big!
==========================================================================================================================
Depth = 0, Bound = 29989.73, Best = 29730

Branching on x[54] = 0.50
Fixing x[54] = 0

**************************************************************************************************************************
                                               Node 2
**************************************************************************************************************************
Problem size 150
Fixed variables: (x[54],0)
==========================================================================================================================
BOUNDING STOPPED: Gap to big!
==========================================================================================================================
Depth = 1, Bound = 32079.70, Best = 29730

Fixing x[54] = 1

**************************************************************************************************************************
                                               Node 3
**************************************************************************************************************************
Problem size 150
Fixed variables: (x[54],1)
==========================================================================================================================
BOUNDING STOPPED: Gap to big!
==========================================================================================================================
Depth = 1, Bound = 32084.59, Best = 29730

Branching on x[86] = 0.50
Fixing x[86] = 0

**************************************************************************************************************************
                                               Node 4
**************************************************************************************************************************
Problem size 149
Fixed variables: (x[54],1) (x[86],0)
==========================================================================================================================
BOUNDING STOPPED: Gap to big!
==========================================================================================================================
Depth = 2, Bound = 31945.40, Best = 29730

Fixing x[86] = 1

**************************************************************************************************************************
                                               Node 5
**************************************************************************************************************************
Problem size 149
Fixed variables: (x[54],1) (x[86],1)
==========================================================================================================================
BOUNDING STOPPED: Gap to big!
==========================================================================================================================
Depth = 2, Bound = 31974.81, Best = 29730

Branching on x[60] = 0.49
Fixing x[60] = 0

**************************************************************************************************************************
                                               Node 6
**************************************************************************************************************************
Problem size 149
Fixed variables: (x[54],0) (x[60],0)
==========================================================================================================================
BOUNDING STOPPED: Gap to big!
==========================================================================================================================
Depth = 2, Bound = 31979.11, Best = 29730

Fixing x[60] = 1

**************************************************************************************************************************
                                               Node 7
**************************************************************************************************************************
Problem size 149
Fixed variables: (x[54],0) (x[60],1)
==========================================================================================================================
BOUNDING STOPPED: Gap to big!
==========================================================================================================================
Depth = 2, Bound = 31961.97, Best = 29730

Branching on x[45] = 0.51
Fixing x[45] = 0

**************************************************************************************************************************
                                               Node 8
**************************************************************************************************************************
Problem size 148
Fixed variables: (x[45],0) (x[54],0) (x[60],0)
==========================================================================================================================
starting bound     cut  triangles added  violation
      31842.03   29730              500       0.50
==========================================================================================================================
iter     time      bound  bdl   viol3  triag  purged   added   viol5  penta  purged   added   viol7  hepta  purged   added
==========================================================================================================================
   1    12.22   31425.14    4   4e-01    787    -203   +490   
   2    12.40   30978.56    4   4e-01   1121    -161   +495   
   3    12.63   30812.54    7   3e-01   1308    -313   +500   
   4    12.86   30637.50    8   3e-01   1518    -288   +498   
   5    13.42   30529.98    8   3e-01   1644    -367   +493    8e-01    480    -0     +480    9e-01    480    -0     +480  
   6    14.01   30403.75   11   3e-01   1767    -370   +493    7e-01    830    -130   +480    8e-01    841    -119   +480  
   7    14.64   30296.88   13   3e-01   1825    -427   +485    7e-01   1061    -249   +480    7e-01   1078    -243   +480  
   8    15.29   30220.64   15   2e-01   1821    -499   +495    6e-01   1231    -310   +480    7e-01   1252    -306   +480  
   9    15.99   30148.04   18   2e-01   1888    -419   +486    6e-01   1410    -301   +480    6e-01   1472    -260   +480  
  10    16.73   30097.61   17   2e-01   1950    -413   +475    5e-01   1577    -313   +480    6e-01   1653    -299   +480  
  11    17.51   30050.50   19   2e-01   1966    -453   +469    5e-01   1736    -321   +480    6e-01   1811    -321   +479  
  12    18.34   30012.78   18   2e-01   2071    -376   +481    5e-01   1906    -310   +480    6e-01   1997    -294   +480  
  13    19.24   29974.35   21   2e-01   2071    -479   +479    5e-01   1999    -387   +480    6e-01   2128    -349   +480  
  14    20.23   29945.94   23   9e-02   1703    -473   +105    3e-01   2077    -402   +480    4e-01   2279    -328   +479  
  15    21.21   29915.27   26   1e-01   1662    -166   +125    3e-01   2241    -316   +480    4e-01   2485    -274   +480  
  16    22.23   29897.68   32   9e-02   1591    -159   +88     3e-01   2409    -312   +480    4e-01   2666    -296   +477  
  17    23.28   29880.28   24   1e-01   1660    -136   +205    3e-01   2575    -314   +480    4e-01   2910    -236   +480  
  18    23.98   29869.95   32   1e-01   1660    -0     +0      3e-01   2575    -0     +0      4e-01   2910    -0     +0    
==========================================================================================================================
BOUNDING STOPPED: Gap to big!
==========================================================================================================================
Depth = 3, Bound = 29869.95, Best = 29730

Fixing x[45] = 1

**************************************************************************************************************************
                                               Node 9
**************************************************************************************************************************
Problem size 148
Fixed variables: (x[45],1) (x[54],0) (x[60],0)
==========================================================================================================================
starting bound     cut  triangles added  violation
      31810.97   29730              500       0.50
==========================================================================================================================
iter     time      bound  bdl   viol3  triag  purged   added   viol5  penta  purged   added   viol7  hepta  purged   added
==========================================================================================================================
   1    24.18   31212.31    4   5e-01    870    -128   +498   
   2    24.37   30917.65    4   4e-01   1115    -254   +499   
   3    24.59   30679.28    6   4e-01   1329    -281   +495   
   4    24.85   30520.12    8   4e-01   1473    -352   +496   
   5    25.14   30392.10    9   3e-01   1705    -262   +494   
   6    25.72   30262.36    9   2e-01   1801    -404   +500    7e-01    480    -0     +480    7e-01    480    -0     +480  
   7    26.36   30148.31   12   2e-01   1902    -387   +488    6e-01    850    -110   +480    7e-01    864    -96    +480  
   8    27.08   30062.78   15   2e-01   1934    -452   +484    5e-01   1136    -194   +480    6e-01   1133    -211   +480  
   9    27.84   29976.08   14   2e-01   2040    -385   +491    5e-01   1387    -229   +480    7e-01   1384    -229   +480  
  10    28.65   29923.34   16   2e-01   2063    -447   +470    5e-01   1552    -315   +480    6e-01   1587    -277   +480  
  11    29.50   29875.48   23   1e-01   1990    -430   +357    4e-01   1731    -301   +480    5e-01   1755    -310   +478  
  12    30.40   29825.36   18   2e-01   2164    -295   +469    5e-01   1952    -259   +480    6e-01   2015    -220   +480  
  13    31.35   29790.69   24   1e-01   1998    -449   +283    4e-01   2031    -401   +480    5e-01   2133    -362   +480  
  14    32.34   29759.98   28   7e-02   1717    -306   +25     3e-01   2130    -375   +474    4e-01   2320    -288   +475  
  15    33.33   29736.87   22   2e-01   2086    -97    +466    4e-01   2344    -266   +480    5e-01   2568    -232   +480  
  16    33.64   29724.57   24   2e-01   2086    -0     +0      4e-01   2344    -0     +0      5e-01   2568    -0     +0    
==========================================================================================================================
Prune!
==========================================================================================================================
Depth = 3, Bound = 29724.57, Best = 29730

Branching on x[126] = 0.51
Fixing x[126] = 0

**************************************************************************************************************************
                                               Node 10
**************************************************************************************************************************
Problem size 148
Fixed variables: (x[54],1) (x[86],1) (x[126],0)
==========================================================================================================================
BOUNDING STOPPED: Gap to big!
==========================================================================================================================
Depth = 3, Bound = 31927.55, Best = 29730

Fixing x[126] = 1

**************************************************************************************************************************
                                               Node 11
**************************************************************************************************************************
Problem size 148
Fixed variables: (x[54],1) (x[86],1) (x[126],1)
==========================================================================================================================
starting bound     cut  triangles added  violation
      31892.86   29730              500       0.50
==========================================================================================================================
iter     time      bound  bdl   viol3  triag  purged   added   viol5  penta  purged   added   viol7  hepta  purged   added
==========================================================================================================================
   1    33.85   31322.82    5   4e-01    841    -152   +493   
   2    34.04   30996.92    4   4e-01   1174    -165   +498   
   3    34.26   30856.63    8   4e-01   1384    -282   +492   
   4    34.51   30624.42    8   3e-01   1603    -281   +500   
   5    35.07   30504.19   11   3e-01   1710    -379   +486    7e-01    480    -0     +480    8e-01    480    -0     +480  
   6    35.67   30350.48   11   3e-01   1722    -485   +497    7e-01    808    -152   +480    7e-01    840    -120   +480  
   7    36.30   30251.58   12   2e-01   1755    -461   +494    6e-01   1056    -232   +480    7e-01   1119    -201   +480  
   8    36.96   30184.42   15   2e-01   1863    -379   +487    5e-01   1299    -237   +480    6e-01   1383    -215   +479  
   9    37.67   30116.50   13   2e-01   1920    -414   +471    5e-01   1460    -319   +480    6e-01   1540    -323   +480  
  10    38.46   30054.02   17   2e-01   2005    -397   +482    5e-01   1655    -285   +480    6e-01   1773    -247   +480  
  11    39.26   29992.31   15   2e-01   2040    -444   +479    5e-01   1785    -350   +480    6e-01   1953    -300   +480  
  12    40.11   29970.58   19   1e-01   2056    -455   +471    4e-01   1884    -381   +480    5e-01   2082    -351   +480  
  13    41.00   29939.88   23   1e-01   1888    -402   +234    4e-01   2004    -360   +480    4e-01   2261    -300   +479  
  14    41.94   29913.31   21   1e-01   1840    -254   +206    4e-01   2174    -310   +480    5e-01   2485    -256   +480  
  15    42.93   29890.34   24   1e-01   2008    -222   +390    4e-01   2338    -316   +480    5e-01   2681    -284   +480  
  16    43.96   29866.93   24   1e-01   1723    -354   +69     3e-01   2430    -388   +480    5e-01   2820    -339   +478  
  17    44.99   29853.45   30   6e-02   1570    -156   +3      2e-01   2554    -339   +463    4e-01   2993    -293   +466  
  18    46.02   29839.35   29   8e-02   1574    -64    +68     3e-01   2776    -258   +480    4e-01   3192    -279   +478  
  19    47.08   29829.79   34   7e-02   1512    -83    +21     3e-01   2910    -342   +476    4e-01   3374    -296   +478  
  20    48.13   29818.23   29   8e-02   1478    -48    +14     3e-01   3055    -330   +475    3e-01   3565    -285   +476  
  21    49.20   29809.49   30   7e-02   1446    -35    +3      3e-01   3227    -303   +475    3e-01   3763    -278   +476  
  22    49.92   29802.70   28   7e-02   1446    -0     +0      3e-01   3227    -0     +0      3e-01   3763    -0     +0    
==========================================================================================================================
BOUNDING STOPPED: Gap to big!
==========================================================================================================================
Depth = 3, Bound = 29802.70, Best = 29730

Branching on x[62] = 0.49
Fixing x[62] = 0

**************************************************************************************************************************
                                               Node 12
**************************************************************************************************************************
Problem size 148
Fixed variables: (x[54],0) (x[60],1) (x[62],0)
==========================================================================================================================
starting bound     cut  triangles added  violation
      31850.62   29730              500       0.50
==========================================================================================================================
iter     time      bound  bdl   viol3  triag  purged   added   viol5  penta  purged   added   viol7  hepta  purged   added
==========================================================================================================================
   1    50.09   31247.23    5   4e-01    829    -169   +498   
   2    50.28   30862.88    6   4e-01   1115    -208   +494   
   3    50.51   30647.05    8   4e-01   1268    -341   +494   
   4    50.77   30477.76    6   3e-01   1484    -283   +499   
   5    51.31   30339.12    8   3e-01   1723    -252   +491    8e-01    480    -0     +480    9e-01    480    -0     +480  
   6    51.89   30168.57   12   3e-01   1841    -376   +494    7e-01    826    -134   +480    9e-01    826    -134   +480  
   7    52.52   30067.56   13   2e-01   1892    -445   +496    6e-01   1103    -203   +480    7e-01   1102    -204   +480  
   8    53.23   29978.51   16   2e-01   1915    -462   +485    6e-01   1294    -289   +480    6e-01   1297    -285   +480  
   9    54.01   29916.48   19   2e-01   1965    -428   +478    5e-01   1487    -287   +480    6e-01   1516    -261   +480  
  10    54.82   29835.68   19   2e-01   1980    -460   +475    5e-01   1658    -309   +480    6e-01   1651    -344   +479  
  11    55.67   29788.83   18   1e-01   2121    -331   +472    4e-01   1834    -304   +480    5e-01   1829    -302   +480  
  12    56.55   29746.06   24   2e-01   2100    -437   +416    4e-01   1985    -329   +480    5e-01   1990    -316   +477  
  13    56.85   29719.84   26   2e-01   2100    -0     +0      4e-01   1985    -0     +0      5e-01   1990    -0     +0    
==========================================================================================================================
Prune!
==========================================================================================================================
Depth = 3, Bound = 29719.84, Best = 29730

Fixing x[62] = 1

**************************************************************************************************************************
                                               Node 13
**************************************************************************************************************************
Problem size 148
Fixed variables: (x[54],0) (x[60],1) (x[62],1)
==========================================================================================================================
starting bound     cut  triangles added  violation
      31856.28   29730              500       0.50
==========================================================================================================================
iter     time      bound  bdl   viol3  triag  purged   added   viol5  penta  purged   added   viol7  hepta  purged   added
==========================================================================================================================
   1    57.03   31239.06    3   5e-01    876    -122   +498   
   2    57.21   30914.22    5   4e-01   1082    -285   +491   
   3    57.43   30668.14    7   4e-01   1414    -162   +494   
   4    57.70   30489.49    6   3e-01   1591    -323   +500   
   5    58.24   30376.03    9   3e-01   1800    -282   +491    7e-01    480    -0     +480    8e-01    480    -0     +480  
   6    58.86   30225.17   12   2e-01   1888    -406   +494    7e-01    815    -145   +480    8e-01    820    -140   +480  
   7    59.54   30127.06   14   2e-01   1934    -449   +495    6e-01   1087    -208   +480    7e-01   1120    -180   +480  
   8    60.26   30043.63   18   2e-01   1966    -448   +480    6e-01   1284    -283   +480    6e-01   1326    -274   +480  
   9    61.05   29978.81   15   2e-01   1989    -461   +484    6e-01   1481    -283   +480    7e-01   1506    -300   +480  
  10    61.88   29920.64   19   1e-01   2022    -441   +474    5e-01   1598    -363   +480    6e-01   1648    -338   +480  
  11    62.73   29879.47   20   2e-01   2131    -354   +463    4e-01   1776    -302   +480    6e-01   1882    -246   +480  
  12    63.66   29831.89   23   1e-01   2156    -433   +458    4e-01   1868    -388   +480    5e-01   1987    -375   +480  
  13    64.63   29797.65   24   1e-01   2220    -406   +470    4e-01   2004    -344   +480    5e-01   2172    -295   +480  
  14    65.67   29770.10   27   9e-02   1828    -478   +86     3e-01   2154    -328   +478    4e-01   2350    -299   +477  
  15    66.72   29745.55   28   1e-01   1840    -175   +187    4e-01   2314    -320   +480    5e-01   2527    -302   +479  
  16    67.31   29726.72   25   1e-01   1840    -0     +0      4e-01   2314    -0     +0      5e-01   2527    -0     +0    
==========================================================================================================================
Prune!
==========================================================================================================================
Depth = 3, Bound = 29726.72, Best = 29730

Branching on x[119] = 0.50
Fixing x[119] = 0

**************************************************************************************************************************
                                               Node 14
**************************************************************************************************************************
Problem size 148
Fixed variables: (x[54],1) (x[86],0) (x[119],0)
==========================================================================================================================
starting bound     cut  triangles added  violation
      31753.55   29730              500       0.50
==========================================================================================================================
iter     time      bound  bdl   viol3  triag  purged   added   viol5  penta  purged   added   viol7  hepta  purged   added
==========================================================================================================================
   1    67.48   31168.13    4   5e-01    834    -160   +494   
   2    67.67   30791.64    4   4e-01   1025    -307   +498   
   3    67.90   30598.81    5   4e-01   1249    -275   +499   
   4    68.41   30440.50    8   3e-01   1354    -393   +498    9e-01    480    -0     +480    9e-01    480    -0     +480  
   5    68.95   30234.68    9   3e-01   1537    -306   +489    7e-01    851    -109   +480    8e-01    825    -135   +480  
   6    69.58   30084.76   12   2e-01   1616    -414   +493    7e-01   1131    -200   +480    7e-01   1062    -243   +480  
   7    70.27   29990.00   13   3e-01   1706    -400   +490    7e-01   1370    -241   +480    8e-01   1320    -222   +480  
   8    71.01   29922.24   16   2e-01   1717    -481   +492    6e-01   1508    -342   +480    7e-01   1481    -319   +480  
   9    71.79   29856.18   18   2e-01   1793    -401   +477    5e-01   1689    -299   +480    6e-01   1637    -324   +480  
  10    72.63   29807.46   18   2e-01   1911    -361   +479    5e-01   1824    -345   +480    6e-01   1827    -290   +480  
  11    73.52   29769.58   20   1e-01   1948    -406   +443    4e-01   1979    -324   +479    5e-01   2006    -298   +477  
  12    73.98   29726.51   16   1e-01   1948    -0     +0      4e-01   1979    -0     +0      5e-01   2006    -0     +0    
==========================================================================================================================
Prune!
==========================================================================================================================
Depth = 3, Bound = 29726.51, Best = 29730

Fixing x[119] = 1

**************************************************************************************************************************
                                               Node 15
**************************************************************************************************************************
Problem size 148
Fixed variables: (x[54],1) (x[86],0) (x[119],1)
==========================================================================================================================
starting bound     cut  triangles added  violation
      31787.35   29730              500       0.50
==========================================================================================================================
iter     time      bound  bdl   viol3  triag  purged   added   viol5  penta  purged   added   viol7  hepta  purged   added
==========================================================================================================================
   1    74.17   31258.11    4   5e-01    843    -155   +498   
   2    74.36   30882.39    4   4e-01   1112    -229   +498   
   3    74.57   30643.00    5   4e-01   1379    -229   +496   
   4    75.08   30451.16    7   3e-01   1490    -381   +492    8e-01    480    -0     +480    8e-01    480    -0     +480  
   5    75.37   30224.88    8   3e-01   1757    -229   +496   
   6    75.94   30121.30   11   2e-01   1884    -363   +490    6e-01    877    -83    +480    8e-01    837    -123   +480  
   7    76.56   29994.87   14   3e-01   1974    -403   +493    6e-01   1158    -199   +480    7e-01   1110    -207   +480  
   8    77.26   29896.86   15   2e-01   2009    -455   +490    5e-01   1362    -276   +480    6e-01   1294    -296   +480  
   9    78.02   29811.04   16   2e-01   2052    -437   +480    5e-01   1552    -290   +480    6e-01   1512    -262   +480  
  10    78.84   29767.08   20   2e-01   2126    -399   +473    5e-01   1703    -329   +480    5e-01   1707    -285   +480  
  11    79.13   29724.94   20   2e-01   2126    -0     +0      5e-01   1703    -0     +0      5e-01   1707    -0     +0    
==========================================================================================================================
Prune!
==========================================================================================================================
Depth = 3, Bound = 29724.94, Best = 29730

Branching on x[72] = 0.51
Fixing x[72] = 0

**************************************************************************************************************************
                                               Node 16
**************************************************************************************************************************
Problem size 147
Fixed variables: (x[54],1) (x[72],0) (x[86],1) (x[126],0)
==========================================================================================================================
starting bound     cut  triangles added  violation
      31759.05   29730              500       0.49
==========================================================================================================================
iter     time      bound  bdl   viol3  triag  purged   added   viol5  penta  purged   added   viol7  hepta  purged   added
==========================================================================================================================
   1    79.31   31302.00    4   5e-01    832    -167   +499   
   2    79.51   30926.73    4   4e-01   1046    -284   +498   
   3    79.72   30752.76    8   3e-01   1261    -279   +494   
   4    80.23   30557.80    8   3e-01   1419    -337   +495    8e-01    480    -0     +480    9e-01    480    -0     +480  
   5    80.52   30392.39    8   3e-01   1584    -328   +493   
   6    81.12   30294.88   10   2e-01   1758    -322   +496    7e-01    847    -113   +480    8e-01    832    -128   +480  
   7    81.76   30185.03   14   2e-01   1831    -416   +489    6e-01   1121    -206   +480    7e-01   1129    -183   +480  
   8    82.43   30103.12   14   2e-01   1902    -419   +490    6e-01   1356    -245   +480    6e-01   1357    -252   +480  
   9    83.15   30042.68   20   2e-01   1935    -450   +483    5e-01   1519    -317   +480    6e-01   1554    -283   +480  
  10    83.91   30001.71   18   2e-01   2049    -373   +487    6e-01   1729    -270   +480    7e-01   1816    -218   +480  
  11    84.70   29954.12   23   2e-01   2014    -510   +475    4e-01   1858    -351   +480    6e-01   1925    -371   +480  
  12    85.54   29915.67   17   9e-02   1760    -468   +214    3e-01   2022    -314   +478    4e-01   2088    -317   +480  
  13    86.42   29875.33   19   1e-01   2024    -212   +476    4e-01   2241    -261   +480    6e-01   2307    -261   +480  
  14    87.38   29848.02   26   1e-01   1795    -439   +210    4e-01   2365    -356   +480    5e-01   2495    -291   +479  
  15    88.42   29818.94   27   7e-02   1510    -300   +15     3e-01   2436    -408   +479    5e-01   2613    -360   +478  
  16    89.42   29798.51   26   1e-01   1896    -101   +487    4e-01   2642    -274   +480    5e-01   2807    -285   +479  
  17    90.47   29787.51   23   1e-01   1732    -385   +221    4e-01   2692    -430   +480    5e-01   2933    -354   +480  
  18    91.52   29771.23   23   9e-02   1514    -254   +36     3e-01   2800    -372   +480    4e-01   3097    -313   +477  
  19    92.58   29761.37   31   6e-02   1435    -86    +7      3e-01   2951    -319   +470    4e-01   3277    -292   +472  
  20    93.65   29754.35   23   8e-02   1403    -46    +14     3e-01   3141    -286   +476    4e-01   3543    -212   +478  
  21    94.71   29745.30   28   5e-02   1350    -55    +2      2e-01   3187    -414   +460    3e-01   3663    -350   +470  
  22    95.78   29734.21   35   8e-02   1328    -36    +14     2e-01   3346    -320   +479    4e-01   3860    -283   +480  
  23    96.86   29731.23   23   9e-02   1643    -30    +345    4e-01   3413    -413   +480    6e-01   4016    -324   +480  
  24    97.07   29729.35   25   9e-02   1643    -0     +0      4e-01   3413    -0     +0      6e-01   4016    -0     +0    
==========================================================================================================================
Prune!
==========================================================================================================================
Depth = 4, Bound = 29729.35, Best = 29730

Fixing x[72] = 1

**************************************************************************************************************************
                                               Node 17
**************************************************************************************************************************
Problem size 147
Fixed variables: (x[54],1) (x[72],1) (x[86],1) (x[126],0)
==========================================================================================================================
starting bound     cut  triangles added  violation
      31748.12   29730              500       0.50
==========================================================================================================================
iter     time      bound  bdl   viol3  triag  purged   added   viol5  penta  purged   added   viol7  hepta  purged   added
==========================================================================================================================
   1    97.25   31199.15    4   5e-01    851    -147   +498   
   2    97.45   30832.00    4   4e-01   1146    -201   +496   
   3    97.66   30594.81    7   4e-01   1418    -223   +495   
   4    97.92   30414.40    6   3e-01   1616    -299   +497   
   5    98.48   30276.91    9   3e-01   1775    -337   +496    7e-01    480    -0     +480    8e-01    480    -0     +480  
   6    99.07   30142.81   12   2e-01   1886    -386   +497    7e-01    826    -134   +480    7e-01    840    -120   +480  
   7    99.73   30030.13   10   2e-01   1960    -414   +488    7e-01   1129    -177   +480    7e-01   1171    -149   +480  
   8   100.43   29942.37   15   2e-01   2030    -416   +486    5e-01   1378    -231   +480    6e-01   1399    -252   +480  
   9   101.16   29871.07   17   1e-01   2063    -459   +492    5e-01   1571    -287   +480    6e-01   1576    -303   +480  
  10   101.90   29809.96   18   1e-01   2109    -431   +477    4e-01   1750    -301   +480    6e-01   1785    -271   +480  
  11   102.69   29757.61   19   2e-01   2196    -393   +480    5e-01   1934    -296   +480    6e-01   1977    -288   +480  
  12   102.99   29729.94   24   2e-01   2196    -0     +0      5e-01   1934    -0     +0      6e-01   1977    -0     +0    
==========================================================================================================================
Prune!
==========================================================================================================================
Depth = 4, Bound = 29729.94, Best = 29730

Branching on x[21] = 0.50
Fixing x[21] = 0

**************************************************************************************************************************
                                               Node 18
**************************************************************************************************************************
Problem size 147
Fixed variables: (x[21],0) (x[45],0) (x[54],0) (x[60],0)
==========================================================================================================================
starting bound     cut  triangles added  violation
      31771.57   29730              500       0.50
==========================================================================================================================
iter     time      bound  bdl   viol3  triag  purged   added   viol5  penta  purged   added   viol7  hepta  purged   added
==========================================================================================================================
   1   103.17   31348.16    4   5e-01    800    -198   +498   
   2   103.36   31004.74    5   4e-01   1095    -197   +492   
   3   103.57   30743.46    5   4e-01   1260    -330   +495   
   4   103.82   30570.76    9   3e-01   1453    -302   +495   
   5   104.37   30462.09    9   3e-01   1643    -308   +498    8e-01    480    -0     +480    8e-01    480    -0     +480  
   6   104.96   30321.96   10   3e-01   1698    -439   +494    7e-01    790    -170   +480    8e-01    804    -156   +480  
   7   105.59   30237.71   13   2e-01   1728    -455   +485    6e-01   1033    -237   +480    7e-01   1086    -198   +480  
   8   105.95   30138.56   12   3e-01   1841    -379   +492   
   9   106.64   30103.24   15   2e-01   1917    -409   +485    5e-01   1316    -197   +480    6e-01   1346    -220   +480  
  10   107.37   30038.41   18   1e-01   2030    -357   +470    5e-01   1549    -247   +480    6e-01   1584    -242   +480  
  11   108.15   29988.03   17   1e-01   2085    -412   +467    4e-01   1783    -246   +480    5e-01   1808    -256   +480  
  12   108.97   29943.44   18   1e-01   2134    -427   +476    5e-01   1934    -329   +480    5e-01   2013    -275   +480  
  13   109.87   29898.40   23   1e-01   2140    -435   +441    4e-01   2042    -372   +480    5e-01   2167    -325   +479  
  14   110.81   29875.84   29   1e-01   1860    -394   +114    3e-01   2205    -316   +479    5e-01   2372    -274   +479  
  15   111.76   29846.92   24   1e-01   1918    -182   +240    3e-01   2401    -284   +480    5e-01   2593    -259   +480  
  16   112.77   29825.72   24   1e-01   1722    -258   +62     3e-01   2522    -357   +478    4e-01   2786    -285   +478  
  17   113.78   29807.07   25   1e-01   1800    -129   +207    4e-01   2700    -302   +480    5e-01   3000    -265   +479  
  18   114.84   29794.62   30   5e-02   1572    -229   +1      4e-01   2744    -426   +470    4e-01   3142    -334   +476  
  19   115.89   29781.50   29   8e-02   1530    -59    +17     3e-01   2965    -258   +479    5e-01   3370    -249   +477  
  20   116.97   29775.64   34   6e-02   1478    -56    +4      2e-01   3161    -266   +462    3e-01   3588    -250   +468  
  21   118.07   29765.81   34   6e-02   1448    -42    +12     4e-01   3321    -309   +469    4e-01   3798    -267   +477  
  22   119.14   29759.93   34   8e-02   1427    -26    +5      3e-01   3482    -312   +473    4e-01   3998    -273   +473  
  23   120.26   29751.98   31   9e-02   1403    -31    +7      2e-01   3567    -386   +471    4e-01   4135    -339   +476  
  24   121.35   29747.41   30   7e-02   1387    -26    +10     3e-01   3708    -335   +476    4e-01   4333    -279   +477  
  25   122.48   29741.25   31   8e-02   1368    -29    +10     3e-01   3794    -394   +480    4e-01   4491    -319   +477  
  26   123.61   29736.61   38   6e-02   1349    -21    +2      3e-01   3853    -366   +425    3e-01   4610    -330   +449  
  27   124.75   29731.46   40   8e-02   1328    -29    +8      3e-01   3979    -331   +457    3e-01   4737    -333   +460  
  28   125.04   29730.10   33   8e-02   1328    -0     +0      3e-01   3979    -0     +0      3e-01   4737    -0     +0    
==========================================================================================================================
Prune!
==========================================================================================================================
Depth = 4, Bound = 29730.10, Best = 29730

Fixing x[21] = 1

**************************************************************************************************************************
                                               Node 19
**************************************************************************************************************************
Problem size 147
Fixed variables: (x[21],1) (x[45],0) (x[54],0) (x[60],0)
==========================================================================================================================
starting bound     cut  triangles added  violation
      31633.41   29730              500       0.50
==========================================================================================================================
iter     time      bound  bdl   viol3  triag  purged   added   viol5  penta  purged   added   viol7  hepta  purged   added
==========================================================================================================================
   1   125.21   31202.72    3   4e-01    818    -177   +495   
   2   125.41   30811.92    7   4e-01   1111    -206   +499   
   3   125.63   30609.18    5   3e-01   1410    -198   +497   
   4   126.15   30498.29    6   3e-01   1593    -309   +492    8e-01    480    -0     +480    9e-01    480    -0     +480  
   5   126.71   30314.50    8   3e-01   1664    -423   +494    7e-01    858    -102   +480    8e-01    882    -78    +480  
   6   127.31   30205.82   10   3e-01   1721    -441   +498    7e-01   1120    -218   +480    8e-01   1153    -209   +480  
   7   127.96   30131.91   14   2e-01   1795    -409   +483    6e-01   1355    -245   +480    7e-01   1398    -235   +480  
   8   128.64   30056.43   11   2e-01   1894    -393   +492    6e-01   1560    -275   +480    7e-01   1641    -237   +480  
   9   129.37   30004.73   17   1e-01   1933    -441   +480    4e-01   1691    -349   +480    7e-01   1796    -325   +480  
  10   130.15   29960.49   18   1e-01   1939    -469   +475    4e-01   1853    -318   +480    5e-01   1989    -287   +480  
  11   130.96   29923.44   18   1e-01   1983    -429   +473    4e-01   1995    -338   +480    5e-01   2194    -274   +479  
  12   131.83   29892.93   21   1e-01   1907    -363   +287    4e-01   2150    -325   +480    6e-01   2374    -300   +480  
  13   132.74   29869.37   19   1e-01   2090    -296   +479    5e-01   2311    -319   +480    6e-01   2586    -268   +480  
  14   133.73   29849.96   25   8e-02   1686    -470   +66     3e-01   2350    -441   +480    5e-01   2669    -397   +480  
  15   134.73   29825.74   20   1e-01   1671    -150   +135    4e-01   2542    -288   +480    5e-01   2874    -275   +480  
  16   135.80   29815.81   18   9e-02   1572    -155   +56     5e-01   2634    -387   +479    5e-01   3035    -319   +480  
  17   136.87   29803.70   24   1e-01   1612    -105   +145    3e-01   2739    -375   +480    5e-01   3184    -330   +479  
  18   137.96   29795.03   24   1e-01   1566    -140   +94     4e-01   2846    -373   +480    5e-01   3330    -334   +480  
  19   139.03   29786.21   27   1e-01   1530    -110   +74     4e-01   2951    -375   +480    5e-01   3477    -333   +480  
  20   140.13   29778.30   27   7e-02   1467    -100   +37     4e-01   3027    -402   +478    4e-01   3633    -322   +478  
  21   140.84   29773.78   29   7e-02   1467    -0     +0      4e-01   3027    -0     +0      4e-01   3633    -0     +0    
==========================================================================================================================
BOUNDING STOPPED: Gap to big!
==========================================================================================================================
Depth = 4, Bound = 29773.78, Best = 29730

Branching on x[57] = 0.50
Fixing x[57] = 0

**************************************************************************************************************************
                                               Node 20
**************************************************************************************************************************
Problem size 147
Fixed variables: (x[54],1) (x[57],0) (x[86],1) (x[126],1)
==========================================================================================================================
starting bound     cut  triangles added  violation
      31781.62   29730              500       0.50
==========================================================================================================================
iter     time      bound  bdl   viol3  triag  purged   added   viol5  penta  purged   added   viol7  hepta  purged   added
==========================================================================================================================
   1   141.03   31305.28    3   4e-01    822    -163   +485   
   2   141.23   30888.80    5   4e-01   1079    -238   +495   
   3   141.45   30719.92    6   4e-01   1347    -227   +495   
   4   141.70   30577.04    9   3e-01   1507    -334   +494   
   5   142.25   30463.20   10   3e-01   1680    -321   +494    7e-01    480    -0     +480    8e-01    480    -0     +480  
   6   142.84   30313.26   12   2e-01   1765    -411   +496    7e-01    827    -133   +480    8e-01    843    -117   +480  
   7   143.48   30215.09   12   2e-01   1801    -454   +490    6e-01   1108    -199   +480    7e-01   1163    -160   +480  
   8   144.14   30120.40   12   2e-01   1878    -399   +476    6e-01   1317    -271   +480    7e-01   1400    -243   +480  
   9   144.84   30058.13   19   1e-01   1865    -486   +473    5e-01   1460    -337   +480    6e-01   1552    -328   +480  
  10   145.60   29997.65   15   2e-01   1940    -408   +483    6e-01   1683    -257   +480    6e-01   1743    -289   +480  
  11   146.42   29958.39   17   1e-01   1970    -447   +477    5e-01   1811    -352   +480    6e-01   1902    -321   +480  
  12   147.26   29919.34   22   9e-02   1669    -474   +173    4e-01   1884    -407   +480    5e-01   2028    -354   +480  
  13   148.14   29887.42   22   1e-01   1924    -210   +465    4e-01   2097    -267   +480    6e-01   2272    -236   +480  
  14   149.08   29858.67   24   2e-01   2032    -367   +475    4e-01   2249    -328   +480    6e-01   2437    -315   +480  
  15   150.09   29833.32   28   1e-01   1747    -446   +161    3e-01   2330    -399   +480    5e-01   2535    -382   +480  
  16   151.11   29819.47   25   9e-02   1592    -209   +54     3e-01   2485    -324   +479    4e-01   2773    -240   +478  
  17   152.16   29801.74   29   7e-02   1464    -132   +4      2e-01   2624    -325   +464    3e-01   2951    -293   +471  
  18   153.21   29788.34   26   9e-02   1514    -59    +109    4e-01   2832    -272   +480    5e-01   3186    -245   +480  
  19   154.29   29778.62   32   7e-02   1414    -109   +9      3e-01   2894    -416   +478    4e-01   3307    -354   +475  
  20   155.35   29768.14   26   7e-02   1383    -55    +24     3e-01   3050    -324   +480    4e-01   3500    -286   +479  
  21   156.42   29760.88   30   7e-02   1350    -51    +18     3e-01   3169    -359   +478    4e-01   3701    -277   +478  
  22   157.52   29751.25   33   7e-02   1311    -46    +7      3e-01   3246    -387   +464    3e-01   3810    -363   +472  
  23   158.63   29746.79   25   7e-02   1293    -23    +5      2e-01   3417    -298   +469    4e-01   4017    -267   +474  
  24   159.73   29740.37   32   7e-02   1272    -23    +2      2e-01   3574    -306   +463    4e-01   4158    -329   +470  
  25   160.84   29735.11   34   7e-02   1258    -17    +3      3e-01   3699    -322   +447    3e-01   4364    -261   +467  
  26   161.98   29731.59   29   6e-02   1248    -11    +1      3e-01   3792    -287   +380    4e-01   4549    -238   +423  
  27   162.26   29730.01   23   6e-02   1248    -0     +0      3e-01   3792    -0     +0      4e-01   4549    -0     +0    
==========================================================================================================================
Prune!
==========================================================================================================================
Depth = 4, Bound = 29730.01, Best = 29730

Fixing x[57] = 1

**************************************************************************************************************************
                                               Node 21
**************************************************************************************************************************
Problem size 147
Fixed variables: (x[54],1) (x[57],1) (x[86],1) (x[126],1)
==========================================================================================================================
starting bound     cut  triangles added  violation
      31823.98   29730              500       0.50
==========================================================================================================================
iter     time      bound  bdl   viol3  triag  purged   added   viol5  penta  purged   added   viol7  hepta  purged   added
==========================================================================================================================
   1   162.44   31241.33    5   4e-01    817    -179   +496   
   2   162.63   30932.74    5   4e-01   1121    -193   +497   
   3   162.85   30700.21    7   4e-01   1435    -176   +490   
   4   163.09   30541.94    8   3e-01   1566    -366   +497   
   5   163.39   30425.17   11   3e-01   1761    -295   +490   
   6   163.99   30317.58   12   3e-01   1945    -309   +493    7e-01    480    -0     +480    8e-01    480    -0     +480  
   7   164.62   30215.60   14   2e-01   1956    -469   +480    6e-01    799    -161   +480    7e-01    818    -142   +480  
   8   165.28   30113.53   13   3e-01   2060    -382   +486    7e-01   1102    -177   +480    8e-01   1126    -172   +480  
   9   165.98   30061.26   14   2e-01   2079    -468   +487    5e-01   1324    -258   +480    6e-01   1349    -257   +480  
  10   166.72   29996.72   17   2e-01   2061    -490   +472    5e-01   1439    -365   +480    6e-01   1536    -293   +480  
  11   167.53   29952.15   20   1e-01   2082    -459   +480    4e-01   1567    -352   +480    5e-01   1706    -310   +480  
  12   168.37   29909.62   20   1e-01   2218    -335   +471    4e-01   1786    -261   +480    6e-01   1969    -217   +480  
  13   169.27   29879.94   23   9e-02   1853    -487   +122    4e-01   1919    -346   +479    4e-01   2131    -316   +478  
  14   170.19   29850.96   20   1e-01   2133    -185   +465    5e-01   2119    -280   +480    6e-01   2358    -253   +480  
  15   171.17   29826.06   24   1e-01   1849    -436   +152    4e-01   2229    -370   +480    5e-01   2487    -350   +479  
  16   172.19   29809.56   23   1e-01   1964    -225   +340    4e-01   2366    -343   +480    5e-01   2690    -277   +480  
  17   173.24   29788.99   26   8e-02   1716    -298   +50     3e-01   2445    -399   +478    5e-01   2810    -360   +480  
  18   174.28   29779.07   28   1e-01   1622    -121   +27     3e-01   2655    -270   +480    4e-01   3024    -265   +479  
  19   175.36   29765.84   31   9e-02   1541    -91    +10     2e-01   2772    -363   +480    4e-01   3196    -308   +480  
  20   176.41   29760.46   24   9e-02   1600    -39    +98     4e-01   2894    -358   +480    5e-01   3408    -268   +480  
  21   177.51   29750.38   33   6e-02   1495    -108   +3      2e-01   2950    -408   +464    3e-01   3497    -381   +470  
  22   178.60   29744.77   36   6e-02   1454    -44    +3      2e-01   3152    -265   +467    4e-01   3713    -252   +468  
  23   179.72   29738.49   34   7e-02   1437    -19    +2      2e-01   3344    -278   +470    3e-01   3912    -272   +471  
  24   180.83   29735.58   25   6e-02   1418    -23    +4      3e-01   3529    -291   +476    5e-01   4147    -240   +475  
  25   181.47   29729.32   31   6e-02   1418    -0     +0      3e-01   3529    -0     +0      5e-01   4147    -0     +0    
==========================================================================================================================
Prune!
==========================================================================================================================
Depth = 4, Bound = 29729.32, Best = 29730

Branching on x[25] = 0.50
Fixing x[25] = 0

**************************************************************************************************************************
                                               Node 22
**************************************************************************************************************************
Problem size 146
Fixed variables: (x[21],1) (x[25],0) (x[45],0) (x[54],0) (x[60],0)
==========================================================================================================================
starting bound     cut  triangles added  violation
      31600.23   29730              500       0.50
==========================================================================================================================
iter     time      bound  bdl   viol3  triag  purged   added   viol5  penta  purged   added   viol7  hepta  purged   added
==========================================================================================================================
   1   181.66   31161.02    3   4e-01    843    -151   +494   
   2   181.84   30818.28    5   4e-01   1108    -233   +498   
   3   182.05   30631.51    8   3e-01   1284    -322   +498   
   4   182.29   30456.02    8   3e-01   1531    -248   +495   
   5   182.83   30331.42    9   3e-01   1719    -309   +497    7e-01    480    -0     +480    9e-01    480    -0     +480  
   6   183.42   30188.14   10   3e-01   1773    -440   +494    7e-01    829    -131   +480    8e-01    844    -116   +480  
   7   184.06   30096.12   11   2e-01   1793    -466   +486    6e-01   1073    -236   +480    7e-01   1141    -183   +480  
   8   184.74   30026.76   14   2e-01   1839    -437   +483    5e-01   1280    -273   +480    6e-01   1394    -227   +480  
   9   185.46   29965.73   16   2e-01   1839    -483   +483    5e-01   1489    -271   +480    6e-01   1610    -264   +480  
  10   186.24   29921.90   15   1e-01   1885    -428   +474    4e-01   1685    -284   +480    6e-01   1816    -274   +480  
  11   187.04   29883.04   19   1e-01   1717    -470   +302    5e-01   1764    -401   +480    6e-01   1961    -335   +480  
  12   187.88   29859.62   15   2e-01   1968    -232   +483    5e-01   2005    -239   +480    6e-01   2226    -215   +480  
  13   188.76   29833.81   19   1e-01   2054    -405   +491    5e-01   2112    -373   +480    6e-01   2415    -291   +480  
  14   189.76   29812.96   25   7e-02   1555    -537   +38     3e-01   2180    -409   +477    4e-01   2510    -385   +480  
  15   190.74   29799.38   19   1e-01   1857    -93    +395    4e-01   2422    -238   +480    6e-01   2757    -233   +480  
  16   191.79   29782.06   21   7e-02   1508    -360   +11     4e-01   2464    -437   +479    5e-01   2823    -414   +480  
  17   192.82   29774.21   18   1e-01   1570    -80    +142    4e-01   2631    -313   +480    5e-01   3032    -271   +480  
  18   193.90   29767.19   22   8e-02   1514    -133   +77     3e-01   2724    -387   +480    4e-01   3189    -323   +480  
  19   194.98   29759.16   24   8e-02   1464    -95    +45     3e-01   2785    -419   +480    3e-01   3348    -321   +480  
  20   196.07   29752.38   16   1e-01   1829    -65    +430    4e-01   2919    -346   +480    5e-01   3552    -276   +480  
  21   197.19   29748.33   18   1e-01   1934    -388   +493    4e-01   2920    -479   +480    6e-01   3614    -418   +480  
  22   198.38   29745.10   24   5e-02   1483    -451   +0      3e-01   2927    -462   +469    4e-01   3651    -441   +478  
  23   199.49   29742.85   10   9e-02   1432    -62    +11     3e-01   3094    -312   +479    5e-01   3886    -245   +480  
  24   200.60   29739.68   15   1e-01   1417    -32    +17     3e-01   3123    -446   +475    4e-01   3979    -386   +479  
  25   201.73   29737.91   20   6e-02   1385    -34    +2      2e-01   3200    -399   +476    4e-01   4081    -376   +478  
  26   202.85   29736.50   14   7e-02   1419    -7     +41     2e-01   3313    -367   +480    4e-01   4221    -340   +480  
  27   203.54   29735.31   16   7e-02   1419    -0     +0      2e-01   3313    -0     +0      4e-01   4221    -0     +0    
==========================================================================================================================
BOUNDING STOPPED: Gap to big!
==========================================================================================================================
Depth = 5, Bound = 29735.31, Best = 29730

Fixing x[25] = 1

**************************************************************************************************************************
                                               Node 23
**************************************************************************************************************************
Problem size 146
Fixed variables: (x[21],1) (x[25],1) (x[45],0) (x[54],0) (x[60],0)
==========================================================================================================================
starting bound     cut  triangles added  violation
      31520.81   29730              500       0.50
==========================================================================================================================
iter     time      bound  bdl   viol3  triag  purged   added   viol5  penta  purged   added   viol7  hepta  purged   added
==========================================================================================================================
   1   203.72   31012.21    4   5e-01    860    -137   +497   
   2   203.90   30693.85    5   4e-01   1074    -286   +500   
   3   204.12   30530.51    8   4e-01   1285    -289   +500   
   4   204.36   30399.76    8   3e-01   1453    -329   +497   
   5   204.63   30292.37    9   3e-01   1585    -363   +495   
   6   205.21   30202.31   10   3e-01   1800    -280   +495    7e-01    480    -0     +480    8e-01    480    -0     +480  
   7   205.83   30115.04   12   2e-01   1901    -392   +493    7e-01    801    -159   +480    8e-01    844    -116   +480  
   8   206.50   30042.76   11   3e-01   1902    -490   +491    7e-01   1047    -234   +480    8e-01   1092    -232   +480  
   9   207.22   29980.30   14   2e-01   1900    -491   +489    6e-01   1250    -277   +480    6e-01   1333    -239   +480  
  10   207.98   29933.26   14   2e-01   1982    -407   +489    5e-01   1486    -244   +480    7e-01   1583    -230   +480  
  11   208.79   29886.56   17   2e-01   1946    -518   +482    6e-01   1568    -398   +480    6e-01   1697    -366   +480  
  12   209.64   29860.46   20   1e-01   1957    -467   +478    4e-01   1679    -369   +480    5e-01   1884    -293   +480  
  13   210.54   29831.38   21   2e-01   1828    -374   +245    4e-01   1880    -279   +480    6e-01   2110    -254   +480  
  14   211.48   29811.61   20   1e-01   1753    -230   +155    4e-01   2057    -303   +480    6e-01   2359    -231   +480  
  15   212.45   29792.58   19   1e-01   1738    -232   +217    4e-01   2210    -327   +480    5e-01   2576    -263   +480  
  16   213.47   29774.73   22   1e-01   1998    -225   +485    5e-01   2335    -355   +480    6e-01   2738    -318   +480  
  17   214.56   29762.41   22   1e-01   1716    -405   +123    4e-01   2407    -408   +480    5e-01   2845    -373   +480  
  18   215.63   29751.28   22   7e-02   1533    -192   +9      3e-01   2512    -375   +480    5e-01   3023    -301   +479  
  19   216.68   29745.24   26   6e-02   1458    -76    +1      3e-01   2690    -296   +474    5e-01   3231    -272   +480  
  20   217.75   29738.77   14   6e-02   1423    -36    +1      2e-01   2892    -272   +474    4e-01   3482    -223   +474  
  21   218.80   29732.49   19   7e-02   1404    -34    +15     3e-01   3088    -284   +480    5e-01   3682    -279   +479  
  22   218.99   29730.43   24   7e-02   1404    -0     +0      3e-01   3088    -0     +0      5e-01   3682    -0     +0    
==========================================================================================================================
Prune!
==========================================================================================================================
Depth = 5, Bound = 29730.43, Best = 29730

Branching on x[90] = 0.66
Fixing x[90] = 0

**************************************************************************************************************************
                                               Node 24
**************************************************************************************************************************
Problem size 145
Fixed variables: (x[21],1) (x[25],0) (x[45],0) (x[54],0) (x[60],0) (x[90],0)
==========================================================================================================================
starting bound     cut  triangles added  violation
      31505.76   29730              500       0.50
==========================================================================================================================
iter     time      bound  bdl   viol3  triag  purged   added   viol5  penta  purged   added   viol7  hepta  purged   added
==========================================================================================================================
   1   219.17   31072.06    3   4e-01    834    -161   +495   
   2   219.36   30757.51    5   4e-01   1180    -152   +498   
   3   219.58   30557.22    6   4e-01   1336    -337   +493   
   4   219.82   30418.65    8   3e-01   1450    -384   +498   
   5   220.37   30294.71    9   3e-01   1684    -264   +498    8e-01    480    -0     +480    8e-01    480    -0     +480  
   6   220.96   30149.33    9   2e-01   1774    -400   +490    7e-01    818    -142   +480    8e-01    848    -112   +480  
   7   221.59   30053.22   13   2e-01   1807    -455   +488    6e-01   1076    -222   +480    7e-01   1129    -199   +480  
   8   222.26   29988.84   14   2e-01   1909    -378   +480    6e-01   1328    -228   +480    6e-01   1397    -212   +480  
   9   222.96   29931.29   13   2e-01   1993    -407   +491    6e-01   1495    -313   +480    6e-01   1620    -257   +480  
  10   223.72   29883.81   13   2e-01   2088    -375   +470    6e-01   1699    -276   +480    6e-01   1840    -260   +480  
  11   224.52   29846.12   22   1e-01   1924    -494   +330    4e-01   1775    -404   +480    5e-01   1960    -360   +480  
  12   225.35   29821.65   19   2e-01   2173    -235   +484    5e-01   2008    -247   +480    7e-01   2259    -181   +480  
  13   226.25   29796.00   20   1e-01   1773    -512   +112    5e-01   2101    -387   +480    6e-01   2376    -363   +480  
  14   227.18   29776.28   19   1e-01   2068    -185   +480    4e-01   2287    -294   +480    5e-01   2572    -284   +480  
  15   228.20   29762.18   19   9e-02   1722    -460   +114    3e-01   2389    -378   +480    4e-01   2749    -303   +480  
  16   229.22   29751.26   22   1e-01   1740    -162   +180    4e-01   2539    -330   +480    5e-01   2888    -341   +480  
  17   230.25   29744.06   18   1e-01   1764    -193   +217    4e-01   2630    -389   +480    5e-01   3028    -340   +480  
  18   231.35   29737.65   20   6e-02   1556    -211   +3      3e-01   2698    -407   +475    4e-01   3141    -365   +478  
  19   232.43   29732.06   19   7e-02   1506    -60    +10     2e-01   2869    -309   +480    4e-01   3353    -268   +480  
  20   232.59   29730.64   21   7e-02   1506    -0     +0      2e-01   2869    -0     +0      4e-01   3353    -0     +0    
==========================================================================================================================
Prune!
==========================================================================================================================
Depth = 6, Bound = 29730.64, Best = 29730

Fixing x[90] = 1

**************************************************************************************************************************
                                               Node 25
**************************************************************************************************************************
Problem size 145
Fixed variables: (x[21],1) (x[25],0) (x[45],0) (x[54],0) (x[60],0) (x[90],1)
==========================================================================================================================
starting bound     cut  triangles added  violation
      31464.38   29730              500       0.50
==========================================================================================================================
iter     time      bound  bdl   viol3  triag  purged   added   viol5  penta  purged   added   viol7  hepta  purged   added
==========================================================================================================================
   1   232.76   30971.02    3   4e-01    835    -159   +494   
   2   232.93   30636.34    5   4e-01   1151    -177   +493   
   3   233.14   30480.69    5   4e-01   1324    -321   +494   
   4   233.64   30339.94    8   3e-01   1503    -317   +496    8e-01    480    -0     +480    8e-01    480    -0     +480  
   5   234.19   30163.15    7   3e-01   1692    -307   +496    7e-01    836    -124   +480    8e-01    864    -96    +480  
   6   234.79   30060.17   11   3e-01   1722    -463   +493    7e-01   1061    -255   +480    8e-01   1107    -237   +480  
   7   235.43   29982.25   12   2e-01   1768    -443   +489    6e-01   1291    -250   +480    7e-01   1367    -220   +480  
   8   236.10   29922.60   11   2e-01   1796    -459   +487    6e-01   1469    -302   +480    7e-01   1585    -262   +480  
   9   236.82   29874.57   13   2e-01   1928    -351   +483    6e-01   1670    -279   +480    7e-01   1810    -255   +480  
  10   237.61   29840.18   15   2e-01   1910    -491   +473    6e-01   1788    -362   +480    6e-01   1932    -358   +480  
  11   238.44   29807.43   18   1e-01   1692    -507   +289    4e-01   1836    -432   +480    6e-01   2045    -367   +480  
  12   239.29   29783.88   14   2e-01   1923    -252   +483    5e-01   2073    -243   +480    6e-01   2322    -203   +480  
  13   240.23   29771.41   19   2e-01   1943    -461   +481    5e-01   2149    -404   +480    6e-01   2486    -316   +480  
  14   241.22   29757.67   17   1e-01   1681    -464   +202    5e-01   2220    -409   +480    6e-01   2639    -327   +480  
  15   242.25   29749.77   19   9e-02   1657    -244   +220    3e-01   2352    -348   +480    4e-01   2818    -301   +480  
  16   243.29   29743.62   14   1e-01   1487    -245   +75     4e-01   2439    -393   +480    5e-01   2961    -337   +480  
  17   244.37   29737.69   13   7e-02   1396    -100   +9      3e-01   2532    -387   +480    4e-01   3128    -313   +480  
  18   245.45   29734.85   12   9e-02   1349    -61    +14     2e-01   2631    -381   +480    4e-01   3254    -354   +480  
  19   246.56   29732.67    7   5e-02   1324    -25    +0      2e-01   2726    -379   +474    3e-01   3407    -327   +480  
  20   247.21   29730.85    6   5e-02   1324    -0     +0      2e-01   2726    -0     +0      3e-01   3407    -0     +0    
==========================================================================================================================
Prune!
==========================================================================================================================
Depth = 6, Bound = 29730.85, Best = 29730


Nodes = 25
Root node bound = 29989.725
Maximum value = 29730
Solution = ( 1 6 13 15 18 22 29 30 32 34 37 42 45 49 50 54 57 58 62 63 64 66 68 70 72 74 75 76 81 84 86 87 91 95 98 100 103 105 109 111 112 114 115 117 121 127 130 135 139 144 145 148 149 )
CPU time = 247.21 s

