Input file: ./Instances/biq2mc/be/be150.8.5.sparse.mc

Graph has 151 vertices and 8939 edges.

BiqBin parameters:
    init_bundle_iter = 5
     max_bundle_iter = 20
      min_outer_iter = 10
      max_outer_iter = 30
       violated_Ineq = 0.050000
             TriIneq = 500
         Pent_Trials = 160
        Hepta_Trials = 120
        include_Pent = 1
       include_Hepta = 1
                root = 0
            use_diff = 1
          time_limit = 0
   branchingStrategy = 1
      detailedOutput = 1

**************************************************************************************************************************
                                               Node 1
**************************************************************************************************************************
Problem size 151
Fixed variables:
Node 1 Feasible solution 28017
==========================================================================================================================
starting bound     cut  triangles added  violation
      30157.62   28017              500       0.49
==========================================================================================================================
iter     time      bound  bdl   viol3  triag  purged   added   viol5  penta  purged   added   viol7  hepta  purged   added
==========================================================================================================================
   1     0.25   29633.83    4   4e-01    841    -154   +495   
   2     0.50   29286.74    5   4e-01   1123    -215   +497   
   3     0.78   29101.26    7   3e-01   1365    -255   +497   
   4     1.10   28934.12    8   3e-01   1490    -372   +497   
   5     1.75   28821.53    8   3e-01   1734    -246   +490    7e-01    480    -0     +480    8e-01    480    -0     +480  
   6     2.45   28700.56   12   3e-01   1799    -433   +498    7e-01    820    -140   +480    8e-01    848    -112   +480  
   7     2.89   28591.23    8   3e-01   1842    -453   +496   
   8     3.68   28548.98   15   2e-01   1898    -434   +490    5e-01   1097    -203   +480    7e-01   1162    -166   +480  
   9     4.53   28465.22   15   2e-01   1997    -386   +485    6e-01   1374    -202   +479    6e-01   1475    -167   +480  
  10     5.44   28414.95   16   2e-01   2038    -440   +481    6e-01   1600    -254   +480    6e-01   1752    -203   +480  
  11     6.41   28365.78   18   2e-01   2092    -432   +486    5e-01   1781    -299   +480    6e-01   1967    -265   +480  
  12     7.42   28317.10   18   2e-01   2141    -441   +490    4e-01   1952    -309   +480    6e-01   2162    -285   +480  
  13     8.45   28292.20   21   1e-01   1951    -417   +227    3e-01   2105    -327   +480    5e-01   2413    -229   +480  
  14     9.44   28253.25   24   9e-02   1871    -256   +176    3e-01   2303    -282   +480    5e-01   2620    -273   +480  
  15    10.49   28232.76   22   1e-01   2034    -210   +373    4e-01   2483    -300   +480    5e-01   2868    -232   +480  
  16    11.60   28213.93   29   9e-02   1712    -351   +29     3e-01   2625    -338   +480    4e-01   3079    -269   +480  
  17    12.70   28194.53   27   1e-01   1855    -119   +262    4e-01   2827    -278   +480    5e-01   3288    -271   +480  
  18    13.45   28187.62   27   1e-01   1855    -0     +0      4e-01   2827    -0     +0      5e-01   3288    -0     +0    
==========================================================================================================================
BOUNDING STOPPED: Gap to big!
==========================================================================================================================
Depth = 0, Bound = 28187.62, Best = 28017

Branching on x[42] = 0.50
Fixing x[42] = 0

**************************************************************************************************************************
                                               Node 2
**************************************************************************************************************************
Problem size 150
Fixed variables: (x[42],0)
==========================================================================================================================
BOUNDING STOPPED: Gap to big!
==========================================================================================================================
Depth = 1, Bound = 30153.62, Best = 28017

Fixing x[42] = 1

**************************************************************************************************************************
                                               Node 3
**************************************************************************************************************************
Problem size 150
Fixed variables: (x[42],1)
==========================================================================================================================
BOUNDING STOPPED: Gap to big!
==========================================================================================================================
Depth = 1, Bound = 30095.89, Best = 28017

Branching on x[87] = 0.50
Fixing x[87] = 0

**************************************************************************************************************************
                                               Node 4
**************************************************************************************************************************
Problem size 149
Fixed variables: (x[42],0) (x[87],0)
==========================================================================================================================
BOUNDING STOPPED: Gap to big!
==========================================================================================================================
Depth = 2, Bound = 30032.67, Best = 28017

Fixing x[87] = 1

**************************************************************************************************************************
                                               Node 5
**************************************************************************************************************************
Problem size 149
Fixed variables: (x[42],0) (x[87],1)
==========================================================================================================================
BOUNDING STOPPED: Gap to big!
==========================================================================================================================
Depth = 2, Bound = 29997.74, Best = 28017

Branching on x[79] = 0.50
Fixing x[79] = 0

**************************************************************************************************************************
                                               Node 6
**************************************************************************************************************************
Problem size 149
Fixed variables: (x[42],1) (x[79],0)
==========================================================================================================================
starting bound     cut  triangles added  violation
      29949.07   28017              500       0.50
==========================================================================================================================
iter     time      bound  bdl   viol3  triag  purged   added   viol5  penta  purged   added   viol7  hepta  purged   added
==========================================================================================================================
   1    13.82   29456.98    5   4e-01    853    -146   +499   
   2    14.07   29134.95    5   4e-01   1156    -191   +494   
   3    14.34   28957.49    7   4e-01   1439    -211   +494   
   4    14.67   28784.51    6   3e-01   1608    -329   +498   
   5    15.31   28704.47    9   3e-01   1768    -329   +489    8e-01    480    -0     +480    8e-01    480    -0     +480  
   6    16.00   28540.68   10   2e-01   1858    -406   +496    7e-01    815    -145   +480    8e-01    866    -94    +480  
   7    16.77   28459.47   12   2e-01   1865    -487   +494    7e-01   1107    -188   +480    7e-01   1188    -158   +480  
   8    17.59   28368.23   12   2e-01   1836    -524   +495    6e-01   1249    -338   +480    7e-01   1407    -261   +480  
   9    18.43   28317.58   13   2e-01   1921    -404   +489    5e-01   1468    -261   +480    7e-01   1668    -219   +480  
  10    19.35   28261.49   14   2e-01   1925    -482   +486    6e-01   1649    -299   +480    7e-01   1852    -296   +480  
  11    20.29   28224.86   17   2e-01   1941    -470   +486    4e-01   1749    -380   +480    6e-01   2001    -331   +480  
  12    21.28   28193.48   22   9e-02   1727    -477   +263    3e-01   1841    -388   +480    5e-01   2164    -317   +480  
  13    22.23   28168.97   15   2e-01   2003    -209   +485    4e-01   2075    -246   +480    6e-01   2415    -229   +480  
  14    23.23   28153.20   20   2e-01   1999    -493   +489    6e-01   2190    -365   +480    6e-01   2588    -307   +480  
  15    24.29   28134.07   23   1e-01   1634    -471   +106    3e-01   2257    -413   +480    4e-01   2743    -325   +480  
  16    25.38   28120.07   23   1e-01   1501    -178   +45     3e-01   2415    -322   +480    5e-01   2925    -298   +480  
  17    26.50   28105.72   22   7e-02   1395    -127   +21     3e-01   2577    -318   +480    4e-01   3161    -244   +480  
  18    27.62   28094.71   27   1e-01   1489    -56    +150    4e-01   2754    -303   +480    6e-01   3356    -285   +480  
  19    28.81   28087.79   21   6e-02   1328    -169   +8      2e-01   2845    -389   +480    4e-01   3510    -326   +480  
  20    29.93   28080.52   27   7e-02   1309    -34    +15     3e-01   3069    -256   +480    4e-01   3783    -207   +480  
  21    30.65   28075.14   18   7e-02   1309    -0     +0      3e-01   3069    -0     +0      4e-01   3783    -0     +0    
==========================================================================================================================
BOUNDING STOPPED: Gap to big!
==========================================================================================================================
Depth = 2, Bound = 28075.14, Best = 28017

Fixing x[79] = 1

**************************************************************************************************************************
                                               Node 7
**************************************************************************************************************************
Problem size 149
Fixed variables: (x[42],1) (x[79],1)
==========================================================================================================================
starting bound     cut  triangles added  violation
      29927.55   28017              500       0.50
==========================================================================================================================
iter     time      bound  bdl   viol3  triag  purged   added   viol5  penta  purged   added   viol7  hepta  purged   added
==========================================================================================================================
   1    30.88   29401.45    5   4e-01    841    -154   +495   
   2    31.13   29046.28    5   4e-01   1161    -178   +498   
   3    31.39   28857.21    7   3e-01   1331    -325   +495   
   4    31.68   28729.90    6   4e-01   1536    -292   +497   
   5    32.00   28651.62   11   3e-01   1707    -326   +497   
   6    32.66   28543.01    8   2e-01   1848    -357   +498    7e-01    480    -0     +480    9e-01    480    -0     +480  
   7    33.36   28456.63   11   2e-01   1859    -482   +493    6e-01    802    -158   +480    8e-01    853    -107   +480  
   8    34.07   28366.93   11   2e-01   1926    -423   +490    6e-01   1042    -240   +480    7e-01   1146    -187   +480  
   9    34.85   28292.17   13   2e-01   2000    -420   +494    6e-01   1264    -258   +480    7e-01   1408    -218   +480  
  10    35.67   28240.26   13   2e-01   2012    -476   +488    5e-01   1468    -276   +480    6e-01   1640    -248   +480  
  11    36.55   28194.21   17   2e-01   2101    -397   +486    6e-01   1692    -256   +480    7e-01   1897    -223   +480  
  12    37.49   28154.55   12   2e-01   2112    -477   +488    6e-01   1832    -340   +480    7e-01   2137    -240   +480  
  13    38.57   28131.75   21   1e-01   1943    -508   +339    4e-01   1923    -389   +480    6e-01   2298    -319   +480  
  14    39.77   28106.77   25   1e-01   1691    -357   +105    3e-01   2066    -337   +480    5e-01   2485    -293   +480  
  15    40.93   28092.23   27   1e-01   1695    -163   +167    3e-01   2279    -267   +480    5e-01   2729    -236   +480  
  16    42.14   28075.96   17   1e-01   1712    -175   +192    3e-01   2470    -289   +480    5e-01   2933    -276   +480  
  17    43.25   28058.43   23   1e-01   1578    -197   +63     3e-01   2596    -354   +480    5e-01   3140    -273   +480  
  18    44.37   28046.88   26   1e-01   1605    -127   +154    3e-01   2713    -363   +480    4e-01   3304    -316   +480  
  19    45.54   28037.68   29   9e-02   1462    -164   +21     3e-01   2828    -364   +479    4e-01   3502    -282   +480  
  20    46.67   28030.61   23   8e-02   1422    -76    +36     3e-01   3015    -293   +480    4e-01   3707    -275   +480  
  21    47.82   28025.90   26   9e-02   1381    -51    +10     3e-01   3165    -330   +480    4e-01   3915    -272   +480  
  22    48.95   28019.79   27   8e-02   1365    -31    +15     3e-01   3272    -373   +480    4e-01   4064    -331   +480  
  23    49.32   28017.42   29   8e-02   1365    -0     +0      3e-01   3272    -0     +0      4e-01   4064    -0     +0    
==========================================================================================================================
Prune!
==========================================================================================================================
Depth = 2, Bound = 28017.42, Best = 28017

Branching on x[60] = 0.52
Fixing x[60] = 0

**************************************************************************************************************************
                                               Node 8
**************************************************************************************************************************
Problem size 148
Fixed variables: (x[42],0) (x[60],0) (x[87],0)
==========================================================================================================================
starting bound     cut  triangles added  violation
      29907.82   28017              500       0.50
==========================================================================================================================
iter     time      bound  bdl   viol3  triag  purged   added   viol5  penta  purged   added   viol7  hepta  purged   added
==========================================================================================================================
   1    49.51   29444.97    5   4e-01    821    -175   +496   
   2    49.71   29103.18    5   4e-01   1192    -125   +496   
   3    49.94   28950.06    6   4e-01   1364    -319   +491   
   4    50.20   28812.71    6   3e-01   1529    -332   +497   
   5    50.78   28698.73   10   3e-01   1711    -314   +496    8e-01    480    -0     +480    9e-01    480    -0     +480  
   6    51.39   28580.34    9   3e-01   1783    -425   +497    7e-01    814    -146   +480    8e-01    849    -111   +480  
   7    52.05   28484.59   11   2e-01   1767    -514   +498    7e-01   1046    -248   +480    8e-01   1158    -171   +480  
   8    52.77   28414.53   10   2e-01   1838    -424   +495    6e-01   1315    -211   +480    7e-01   1457    -181   +480  
   9    53.55   28350.61   16   2e-01   1832    -498   +492    5e-01   1457    -338   +480    7e-01   1653    -284   +480  
  10    54.38   28299.79   16   2e-01   1857    -453   +478    5e-01   1659    -278   +480    6e-01   1908    -225   +480  
  11    55.22   28257.79   14   2e-01   1931    -413   +487    5e-01   1825    -314   +480    6e-01   2103    -285   +480  
  12    56.11   28228.09   18   2e-01   1927    -492   +488    5e-01   1985    -320   +480    6e-01   2298    -285   +480  
  13    57.07   28199.49   24   7e-02   1534    -477   +84     3e-01   2086    -379   +480    5e-01   2415    -363   +480  
  14    58.02   28172.75   19   2e-01   1868    -146   +480    5e-01   2330    -236   +480    6e-01   2686    -209   +480  
  15    59.08   28152.17   23   1e-01   1477    -448   +57     4e-01   2399    -411   +480    5e-01   2780    -386   +480  
  16    60.15   28138.63   22   1e-01   1539    -122   +184    3e-01   2622    -257   +480    5e-01   2997    -263   +480  
  17    61.26   28121.16   25   1e-01   1431    -196   +88     3e-01   2750    -352   +480    4e-01   3198    -279   +480  
  18    61.99   28114.11   30   1e-01   1431    -0     +0      3e-01   2750    -0     +0      4e-01   3198    -0     +0    
==========================================================================================================================
BOUNDING STOPPED: Gap to big!
==========================================================================================================================
Depth = 3, Bound = 28114.11, Best = 28017

Fixing x[60] = 1

**************************************************************************************************************************
                                               Node 9
**************************************************************************************************************************
Problem size 148
Fixed variables: (x[42],0) (x[60],1) (x[87],0)
==========================================================================================================================
starting bound     cut  triangles added  violation
      29838.07   28017              500       0.49
==========================================================================================================================
iter     time      bound  bdl   viol3  triag  purged   added   viol5  penta  purged   added   viol7  hepta  purged   added
==========================================================================================================================
   1    62.20   29277.99    4   4e-01    862    -136   +498   
   2    62.44   28990.67    6   4e-01   1094    -262   +494   
   3    62.72   28772.92    6   4e-01   1249    -344   +499   
   4    63.04   28600.92    6   3e-01   1441    -306   +498   
   5    63.69   28507.19   10   3e-01   1653    -281   +493    7e-01    480    -0     +480    8e-01    480    -0     +480  
   6    64.38   28351.60    9   3e-01   1712    -438   +497    7e-01    829    -131   +480    8e-01    849    -111   +480  
   7    65.12   28269.90   12   2e-01   1715    -489   +492    6e-01   1044    -265   +480    7e-01   1112    -217   +480  
   8    65.90   28176.32   15   2e-01   1762    -432   +479    6e-01   1285    -239   +480    8e-01   1363    -229   +480  
   9    66.71   28108.75   14   2e-01   1805    -440   +483    5e-01   1451    -314   +480    6e-01   1582    -261   +480  
  10    67.57   28052.03   15   2e-01   1865    -427   +487    5e-01   1626    -305   +480    7e-01   1838    -224   +480  
  11    68.04   28009.76   22   2e-01   1865    -0     +0      5e-01   1626    -0     +0      7e-01   1838    -0     +0    
==========================================================================================================================
Prune!
==========================================================================================================================
Depth = 3, Bound = 28009.76, Best = 28017

Branching on x[107] = 0.50
Fixing x[107] = 0

**************************************************************************************************************************
                                               Node 10
**************************************************************************************************************************
Problem size 148
Fixed variables: (x[42],0) (x[87],1) (x[107],0)
==========================================================================================================================
starting bound     cut  triangles added  violation
      29872.84   28017              500       0.50
==========================================================================================================================
iter     time      bound  bdl   viol3  triag  purged   added   viol5  penta  purged   added   viol7  hepta  purged   added
==========================================================================================================================
   1    68.26   29275.45    5   5e-01    868    -127   +495   
   2    68.49   28941.55    6   4e-01   1214    -152   +498   
   3    68.77   28774.59    6   4e-01   1398    -312   +496   
   4    69.10   28644.61    6   3e-01   1536    -359   +497   
   5    69.75   28528.31   10   3e-01   1716    -314   +494    8e-01    480    -0     +480    8e-01    480    -0     +480  
   6    70.45   28393.56   12   3e-01   1777    -437   +498    7e-01    804    -156   +480    8e-01    854    -106   +480  
   7    71.20   28304.54    9   3e-01   1781    -491   +495    7e-01   1048    -236   +480    7e-01   1115    -219   +480  
   8    71.97   28233.88   13   2e-01   1853    -419   +491    5e-01   1254    -274   +480    6e-01   1321    -274   +480  
   9    72.80   28172.96   12   2e-01   1823    -523   +493    6e-01   1432    -302   +480    7e-01   1550    -251   +480  
  10    73.71   28142.46   17   2e-01   1962    -350   +489    5e-01   1598    -314   +480    7e-01   1789    -241   +480  
  11    74.65   28088.77   16   2e-01   1987    -463   +488    5e-01   1760    -318   +480    6e-01   1981    -288   +480  
  12    75.63   28051.24   18   2e-01   2064    -401   +478    5e-01   1950    -290   +480    6e-01   2192    -269   +480  
  13    76.68   28023.35   19   1e-01   1679    -500   +115    4e-01   1988    -442   +480    5e-01   2295    -377   +480  
  14    76.87   28016.93   23   1e-01   1679    -0     +0      4e-01   1988    -0     +0      5e-01   2295    -0     +0    
==========================================================================================================================
Prune!
==========================================================================================================================
Depth = 3, Bound = 28016.93, Best = 28017

Fixing x[107] = 1

**************************************************************************************************************************
                                               Node 11
**************************************************************************************************************************
Problem size 148
Fixed variables: (x[42],0) (x[87],1) (x[107],1)
==========================================================================================================================
starting bound     cut  triangles added  violation
      29824.85   28017              500       0.50
==========================================================================================================================
iter     time      bound  bdl   viol3  triag  purged   added   viol5  penta  purged   added   viol7  hepta  purged   added
==========================================================================================================================
   1    77.07   29262.60    5   4e-01    830    -152   +482   
   2    77.30   28910.35    5   4e-01   1127    -198   +495   
   3    77.56   28655.67    8   3e-01   1306    -319   +498   
   4    78.13   28497.32    7   3e-01   1539    -265   +498    8e-01    480    -0     +480    9e-01    480    -0     +480  
   5    78.73   28373.54    9   3e-01   1628    -401   +490    7e-01    843    -117   +480    8e-01    878    -82    +480  
   6    79.37   28237.79    9   3e-01   1708    -417   +497    7e-01   1114    -209   +480    8e-01   1163    -195   +480  
   7    80.05   28149.79   13   2e-01   1708    -492   +492    6e-01   1263    -331   +480    7e-01   1300    -343   +480  
   8    80.77   28085.89   16   2e-01   1821    -375   +488    5e-01   1478    -265   +480    7e-01   1554    -226   +480  
   9    81.53   28026.79   13   2e-01   1893    -423   +495    5e-01   1632    -326   +480    6e-01   1771    -263   +480  
  10    81.72   27995.80   18   2e-01   1893    -0     +0      5e-01   1632    -0     +0      6e-01   1771    -0     +0    
==========================================================================================================================
Prune!
==========================================================================================================================
Depth = 3, Bound = 27995.80, Best = 28017

Branching on x[20] = 0.50
Fixing x[20] = 0

**************************************************************************************************************************
                                               Node 12
**************************************************************************************************************************
Problem size 147
Fixed variables: (x[20],0) (x[42],0) (x[60],0) (x[87],0)
==========================================================================================================================
starting bound     cut  triangles added  violation
      29862.54   28017              500       0.49
==========================================================================================================================
iter     time      bound  bdl   viol3  triag  purged   added   viol5  penta  purged   added   viol7  hepta  purged   added
==========================================================================================================================
   1    81.90   29362.77    5   5e-01    810    -183   +493   
   2    82.09   29091.37    6   4e-01   1046    -263   +499   
   3    82.32   28902.82    5   3e-01   1242    -302   +498   
   4    82.58   28746.50    8   3e-01   1458    -280   +496   
   5    83.16   28651.22    9   3e-01   1644    -311   +497    7e-01    480    -0     +480    8e-01    480    -0     +480  
   6    83.77   28530.74   11   3e-01   1726    -413   +495    7e-01    804    -156   +480    8e-01    863    -97    +480  
   7    84.43   28443.59   10   2e-01   1805    -414   +493    6e-01   1123    -161   +480    7e-01   1207    -136   +480  
   8    85.16   28354.77   12   3e-01   1915    -385   +495    7e-01   1389    -214   +480    8e-01   1523    -164   +480  
   9    85.94   28298.66   15   2e-01   1858    -548   +491    6e-01   1457    -412   +480    7e-01   1653    -350   +480  
  10    86.76   28257.17   16   2e-01   1948    -400   +490    6e-01   1669    -268   +480    7e-01   1900    -233   +480  
  11    87.62   28206.92   14   2e-01   1936    -498   +486    6e-01   1817    -332   +480    7e-01   2063    -317   +480  
  12    88.50   28185.06   21   1e-01   1960    -457   +481    5e-01   1924    -373   +480    6e-01   2237    -306   +480  
  13    89.45   28156.07   20   1e-01   1868    -429   +337    4e-01   2088    -316   +480    6e-01   2421    -296   +480  
  14    90.42   28132.85   26   1e-01   1616    -300   +48     4e-01   2313    -255   +480    5e-01   2617    -284   +480  
  15    91.45   28107.36   31   9e-02   1465    -173   +22     3e-01   2475    -318   +480    4e-01   2823    -274   +480  
  16    92.49   28092.44   19   2e-01   1884    -72    +491    5e-01   2720    -235   +480    6e-01   3099    -204   +480  
  17    93.63   28079.81   23   1e-01   1533    -414   +63     3e-01   2751    -449   +480    5e-01   3203    -376   +480  
  18    94.73   28067.32   27   1e-01   1543    -136   +146    4e-01   2912    -319   +480    5e-01   3405    -278   +480  
  19    95.88   28056.28   30   9e-02   1406    -170   +33     3e-01   3000    -392   +480    5e-01   3541    -343   +479  
  20    97.03   28048.60   33   8e-02   1332    -84    +10     3e-01   3115    -365   +480    4e-01   3747    -274   +480  
  21    98.18   28042.12   28   7e-02   1300    -38    +6      2e-01   3247    -347   +479    4e-01   3947    -279   +479  
  22    99.35   28037.59   32   6e-02   1275    -28    +3      2e-01   3417    -309   +479    3e-01   4154    -270   +477  
  23   100.51   28032.03   28   7e-02   1294    -27    +46     4e-01   3587    -309   +479    4e-01   4358    -276   +480  
  24   101.75   28026.64   38   5e-02   1219    -76    +1      1e-01   3630    -399   +442    3e-01   4496    -325   +463  
  25   103.05   28022.39   28   7e-02   1225    -29    +35     4e-01   3847    -263   +480    4e-01   4730    -246   +480  
  26   104.40   28018.91   27   5e-02   1188    -37    +0      2e-01   3932    -390   +475    4e-01   4818    -389   +477  
  27   105.12   28017.30   21   5e-02   1188    -0     +0      2e-01   3932    -0     +0      4e-01   4818    -0     +0    
==========================================================================================================================
Prune!
==========================================================================================================================
Depth = 4, Bound = 28017.30, Best = 28017

Fixing x[20] = 1

**************************************************************************************************************************
                                               Node 13
**************************************************************************************************************************
Problem size 147
Fixed variables: (x[20],1) (x[42],0) (x[60],0) (x[87],0)
==========================================================================================================================
starting bound     cut  triangles added  violation
      29761.09   28017              500       0.50
==========================================================================================================================
iter     time      bound  bdl   viol3  triag  purged   added   viol5  penta  purged   added   viol7  hepta  purged   added
==========================================================================================================================
   1   105.34   29313.61    5   4e-01    841    -156   +497   
   2   105.57   29001.51    5   4e-01   1087    -253   +499   
   3   105.83   28816.32    6   3e-01   1325    -260   +498   
   4   106.12   28692.64    8   3e-01   1534    -290   +499   
   5   106.77   28610.56    8   3e-01   1677    -353   +496    8e-01    480    -0     +480    9e-01    480    -0     +480  
   6   107.40   28505.78    9   3e-01   1753    -420   +496    7e-01    810    -150   +480    8e-01    855    -105   +480  
   7   108.12   28401.94   10   2e-01   1811    -430   +488    6e-01   1078    -212   +480    8e-01   1175    -160   +480  
   8   108.91   28320.83   13   2e-01   1793    -510   +492    6e-01   1294    -264   +480    7e-01   1434    -221   +480  
   9   109.70   28256.35   12   2e-01   1891    -399   +497    6e-01   1495    -279   +480    7e-01   1702    -212   +480  
  10   110.54   28219.45   18   2e-01   1858    -522   +489    5e-01   1609    -366   +480    6e-01   1886    -296   +480  
  11   111.43   28183.22   19   1e-01   1940    -399   +481    6e-01   1781    -308   +480    6e-01   2111    -255   +480  
  12   112.38   28159.00   16   1e-01   1814    -430   +304    3e-01   1928    -333   +480    5e-01   2336    -255   +480  
  13   113.31   28127.49   17   2e-01   2026    -277   +489    5e-01   2165    -243   +480    6e-01   2602    -214   +480  
  14   114.32   28111.80   21   1e-01   2027    -411   +412    4e-01   2298    -347   +480    5e-01   2746    -336   +480  
  15   115.37   28094.39   25   8e-02   1692    -405   +70     3e-01   2362    -416   +480    4e-01   2909    -317   +480  
  16   116.45   28080.86   26   1e-01   1672    -166   +146    3e-01   2538    -304   +480    5e-01   3118    -271   +480  
  17   117.57   28070.18   23   1e-01   1650    -185   +163    4e-01   2597    -421   +480    6e-01   3300    -298   +480  
  18   118.75   28060.79   26   8e-02   1480    -195   +25     3e-01   2713    -364   +480    4e-01   3445    -335   +480  
  19   119.91   28052.88   29   9e-02   1416    -70    +6      3e-01   2845    -347   +479    4e-01   3646    -279   +480  
  20   121.06   28047.52   31   7e-02   1384    -35    +3      2e-01   3066    -257   +478    4e-01   3905    -221   +480  
  21   122.24   28040.57   34   4e-02   1338    -46    +0      2e-01   3238    -280   +452    4e-01   4110    -270   +475  
  22   123.38   28035.76   25   1e-01   1351    -30    +43     3e-01   3444    -274   +480    4e-01   4371    -219   +480  
  23   124.57   28032.02   23   9e-02   1355    -46    +50     4e-01   3563    -361   +480    5e-01   4551    -300   +480  
  24   125.82   28026.85   32   5e-02   1271    -85    +1      2e-01   3494    -494   +425    3e-01   4587    -442   +478  
  25   127.00   28023.70   36   8e-02   1259    -18    +6      2e-01   3751    -216   +473    3e-01   4834    -233   +480  
  26   128.24   28019.14   34   7e-02   1235    -25    +1      3e-01   3917    -304   +470    4e-01   5037    -276   +479  
  27   128.79   28017.59   29   7e-02   1235    -0     +0      3e-01   3917    -0     +0      4e-01   5037    -0     +0    
==========================================================================================================================
Prune!
==========================================================================================================================
Depth = 4, Bound = 28017.59, Best = 28017

Branching on x[111] = 0.52
Fixing x[111] = 0

**************************************************************************************************************************
                                               Node 14
**************************************************************************************************************************
Problem size 148
Fixed variables: (x[42],1) (x[79],0) (x[111],0)
==========================================================================================================================
starting bound     cut  triangles added  violation
      29831.08   28017              500       0.50
==========================================================================================================================
iter     time      bound  bdl   viol3  triag  purged   added   viol5  penta  purged   added   viol7  hepta  purged   added
==========================================================================================================================
   1   129.01   29270.89    5   4e-01    871    -122   +493   
   2   129.24   29002.91    6   4e-01   1142    -225   +496   
   3   129.53   28790.16    7   4e-01   1334    -306   +498   
   4   129.85   28676.28   10   3e-01   1543    -284   +493   
   5   130.22   28579.90   11   3e-01   1638    -402   +497   
   6   130.94   28497.13    9   3e-01   1733    -403   +498    7e-01    480    -0     +480    8e-01    480    -0     +480  
   7   131.68   28418.31   13   2e-01   1800    -427   +494    7e-01    811    -149   +480    7e-01    832    -128   +480  
   8   132.49   28330.02   11   2e-01   1852    -445   +497    6e-01   1068    -223   +480    8e-01   1166    -146   +480  
   9   133.32   28275.68   15   2e-01   1876    -464   +488    5e-01   1296    -252   +480    6e-01   1417    -229   +480  
  10   134.21   28217.55   14   2e-01   1951    -411   +486    6e-01   1536    -240   +480    7e-01   1699    -198   +480  
  11   135.11   28177.02   14   2e-01   1996    -434   +479    5e-01   1696    -320   +480    6e-01   1910    -269   +480  
  12   136.03   28144.55   20   1e-01   1945    -503   +452    4e-01   1815    -361   +480    6e-01   2114    -276   +480  
  13   136.98   28115.48   16   1e-01   2038    -381   +474    5e-01   2029    -266   +480    6e-01   2352    -242   +480  
  14   137.99   28097.47   16   1e-01   2098    -429   +489    5e-01   2145    -364   +480    6e-01   2502    -330   +480  
  15   139.07   28086.88   17   9e-02   1743    -522   +167    3e-01   2261    -364   +480    5e-01   2673    -309   +480  
  16   140.18   28075.78   24   6e-02   1499    -253   +9      3e-01   2355    -386   +480    5e-01   2829    -324   +480  
  17   141.28   28062.73   16   1e-01   1803    -87    +391    4e-01   2591    -244   +480    6e-01   3104    -205   +480  
  18   142.47   28056.69   23   9e-02   1476    -369   +42     3e-01   2618    -453   +480    5e-01   3207    -377   +480  
  19   143.62   28050.80   17   1e-01   1736    -77    +337    4e-01   2793    -305   +480    5e-01   3418    -269   +480  
  20   144.84   28043.95   22   9e-02   1404    -335   +3      3e-01   2838    -435   +480    4e-01   3455    -443   +480  
  21   145.57   28041.46   25   9e-02   1404    -0     +0      3e-01   2838    -0     +0      4e-01   3455    -0     +0    
==========================================================================================================================
BOUNDING STOPPED: Gap to big!
==========================================================================================================================
Depth = 3, Bound = 28041.46, Best = 28017

Fixing x[111] = 1

**************************************************************************************************************************
                                               Node 15
**************************************************************************************************************************
Problem size 148
Fixed variables: (x[42],1) (x[79],0) (x[111],1)
==========================================================================================================================
starting bound     cut  triangles added  violation
      29887.26   28017              500       0.49
==========================================================================================================================
iter     time      bound  bdl   viol3  triag  purged   added   viol5  penta  purged   added   viol7  hepta  purged   added
==========================================================================================================================
   1   145.75   29349.69    5   4e-01    875    -122   +497   
   2   145.95   29067.56    8   4e-01   1161    -208   +494   
   3   146.17   28823.96    7   3e-01   1386    -268   +493   
   4   146.43   28685.53    8   4e-01   1563    -321   +498   
   5   147.02   28613.26    9   3e-01   1739    -322   +498    7e-01    480    -0     +480    8e-01    480    -0     +480  
   6   147.70   28483.28   11   3e-01   1761    -474   +496    7e-01    858    -102   +480    8e-01    877    -83    +480  
   7   148.44   28397.36   12   2e-01   1739    -515   +493    6e-01   1110    -228   +480    7e-01   1162    -195   +480  
   8   149.21   28335.78   13   2e-01   1814    -414   +489    6e-01   1340    -250   +480    7e-01   1459    -183   +480  
   9   150.03   28275.42   14   2e-01   1919    -383   +488    5e-01   1511    -309   +480    6e-01   1725    -214   +480  
  10   150.86   28233.96   16   1e-01   1892    -512   +485    4e-01   1669    -322   +480    5e-01   1911    -294   +480  
  11   151.69   28195.59   14   1e-01   1891    -359   +358    4e-01   1905    -244   +480    6e-01   2133    -258   +480  
  12   152.58   28155.19   18   1e-01   2087    -295   +491    5e-01   2103    -282   +480    6e-01   2380    -233   +480  
  13   153.55   28132.33   20   1e-01   2145    -423   +481    4e-01   2237    -346   +480    5e-01   2547    -313   +480  
  14   154.56   28110.42   15   2e-01   2151    -479   +485    6e-01   2329    -388   +480    6e-01   2715    -312   +480  
  15   155.62   28095.68   19   2e-01   2206    -435   +490    4e-01   2422    -387   +480    5e-01   2852    -343   +480  
  16   156.76   28084.19   25   8e-02   1781    -474   +49     3e-01   2478    -424   +480    4e-01   2970    -362   +480  
  17   157.87   28075.68   21   1e-01   1967    -160   +346    4e-01   2602    -356   +480    5e-01   3170    -280   +480  
  18   159.03   28063.94   26   1e-01   1819    -331   +183    4e-01   2710    -372   +480    5e-01   3273    -377   +480  
  19   160.23   28058.97   20   1e-01   1603    -233   +17     3e-01   2739    -451   +480    4e-01   3378    -375   +480  
  20   161.34   28053.60   20   1e-01   1717    -60    +174    3e-01   2893    -326   +480    5e-01   3596    -262   +480  
  21   162.55   28048.12   24   8e-02   1576    -173   +32     3e-01   2933    -440   +480    5e-01   3698    -378   +480  
  22   163.73   28044.65   24   7e-02   1538    -63    +25     4e-01   3014    -399   +480    5e-01   3840    -338   +480  
  23   164.96   28040.53   31   5e-02   1490    -48    +0      2e-01   3040    -448   +474    4e-01   3929    -391   +480  
  24   166.15   28037.12   28   4e-02   1459    -31    +0      2e-01   3229    -288   +477    3e-01   4178    -230   +479  
  25   166.89   28035.21   22   4e-02   1459    -0     +0      2e-01   3229    -0     +0      3e-01   4178    -0     +0    
==========================================================================================================================
BOUNDING STOPPED: Gap to big!
==========================================================================================================================
Depth = 3, Bound = 28035.21, Best = 28017

Branching on x[44] = 0.52
Fixing x[44] = 0

**************************************************************************************************************************
                                               Node 16
**************************************************************************************************************************
Problem size 147
Fixed variables: (x[42],1) (x[44],0) (x[79],0) (x[111],0)
==========================================================================================================================
starting bound     cut  triangles added  violation
      29747.34   28017              500       0.50
==========================================================================================================================
iter     time      bound  bdl   viol3  triag  purged   added   viol5  penta  purged   added   viol7  hepta  purged   added
==========================================================================================================================
   1   167.11   29223.75    5   4e-01    854    -139   +493   
   2   167.36   28952.34    5   4e-01   1194    -156   +496   
   3   167.64   28796.17    8   4e-01   1407    -286   +499   
   4   168.25   28635.72    8   3e-01   1567    -334   +494    8e-01    480    -0     +480    9e-01    480    -0     +480  
   5   168.60   28488.16    8   3e-01   1684    -377   +494   
   6   169.29   28401.91    9   2e-01   1808    -372   +496    6e-01    851    -109   +480    8e-01    895    -65    +480  
   7   170.04   28297.02   10   3e-01   1873    -425   +490    7e-01   1153    -178   +480    8e-01   1235    -140   +480  
   8   170.84   28239.25   12   2e-01   1822    -544   +493    6e-01   1331    -302   +480    6e-01   1505    -210   +480  
   9   171.69   28180.05   14   2e-01   1871    -438   +487    6e-01   1480    -331   +480    6e-01   1749    -236   +480  
  10   172.53   28149.16   14   2e-01   1893    -463   +485    5e-01   1686    -274   +480    6e-01   1983    -246   +480  
  11   173.41   28113.20   15   2e-01   1952    -423   +482    5e-01   1823    -343   +480    6e-01   2171    -292   +480  
  12   174.33   28088.18   16   2e-01   1967    -476   +491    5e-01   1895    -408   +480    6e-01   2329    -322   +480  
  13   175.33   28066.01   19   1e-01   1693    -539   +265    3e-01   1965    -410   +480    5e-01   2463    -346   +480  
  14   176.33   28050.88   13   2e-01   1897    -290   +494    6e-01   2109    -336   +480    7e-01   2714    -229   +480  
  15   177.45   28042.10   15   2e-01   1655    -495   +253    5e-01   2162    -427   +480    7e-01   2805    -389   +480  
  16   178.63   28036.50   18   1e-01   1742    -260   +347    5e-01   2245    -397   +480    6e-01   2916    -369   +480  
  17   179.85   28030.56   22   7e-02   1393    -375   +26     3e-01   2261    -464   +480    4e-01   3013    -383   +480  
  18   181.00   28026.26   17   7e-02   1325    -75    +7      2e-01   2416    -325   +480    4e-01   3194    -299   +480  
  19   182.18   28022.68   14   5e-02   1296    -31    +2      2e-01   2535    -361   +480    3e-01   3341    -332   +479  
  20   183.35   28019.98   14   8e-02   1363    -21    +88     3e-01   2671    -344   +480    4e-01   3557    -264   +480  
  21   184.10   28017.98   16   8e-02   1363    -0     +0      3e-01   2671    -0     +0      4e-01   3557    -0     +0    
==========================================================================================================================
Prune!
==========================================================================================================================
Depth = 4, Bound = 28017.98, Best = 28017

Fixing x[44] = 1

**************************************************************************************************************************
                                               Node 17
**************************************************************************************************************************
Problem size 147
Fixed variables: (x[42],1) (x[44],1) (x[79],0) (x[111],0)
==========================================================================================================================
starting bound     cut  triangles added  violation
      29735.59   28017              500       0.49
==========================================================================================================================
iter     time      bound  bdl   viol3  triag  purged   added   viol5  penta  purged   added   viol7  hepta  purged   added
==========================================================================================================================
   1   184.30   29228.13    5   4e-01    849    -145   +494   
   2   184.52   28940.47    5   4e-01   1198    -148   +497   
   3   184.77   28802.04    8   3e-01   1361    -333   +496   
   4   185.06   28623.55    6   3e-01   1515    -346   +500   
   5   185.39   28541.69    9   3e-01   1717    -286   +488   
   6   186.06   28439.17   11   2e-01   1922    -288   +493    7e-01    480    -0     +480    8e-01    480    -0     +480  
   7   186.80   28360.20    9   3e-01   1956    -461   +495    7e-01    785    -175   +480    7e-01    829    -131   +480  
   8   187.59   28288.12   13   2e-01   1931    -522   +497    7e-01   1044    -221   +480    7e-01   1150    -159   +480  
   9   188.45   28215.11   12   2e-01   1945    -478   +492    7e-01   1278    -246   +480    8e-01   1440    -190   +480  
  10   189.35   28174.18   16   2e-01   1912    -517   +484    6e-01   1387    -371   +480    7e-01   1636    -284   +480  
  11   190.30   28134.45   18   2e-01   1933    -461   +482    5e-01   1521    -346   +480    6e-01   1775    -341   +480  
  12   191.23   28111.09   19   1e-01   1954    -457   +478    5e-01   1678    -323   +480    5e-01   2012    -243   +480  
  13   192.19   28086.35   16   1e-01   1975    -400   +421    5e-01   1826    -332   +480    6e-01   2227    -265   +480  
  14   193.20   28069.42   21   1e-01   2097    -360   +482    4e-01   2021    -285   +480    5e-01   2445    -262   +480  
  15   194.29   28056.56   21   9e-02   1798    -453   +154    4e-01   2159    -342   +480    5e-01   2680    -245   +480  
  16   195.42   28043.04   23   7e-02   1577    -241   +20     3e-01   2301    -338   +480    4e-01   2870    -290   +480  
  17   196.53   28033.91   16   1e-01   1652    -117   +192    5e-01   2508    -273   +480    6e-01   3114    -236   +480  
  18   197.67   28027.76   17   7e-02   1487    -179   +14     3e-01   2535    -453   +480    4e-01   3212    -382   +480  
  19   198.84   28025.46   21   8e-02   1452    -55    +20     3e-01   2665    -350   +480    5e-01   3409    -283   +480  
  20   199.99   28021.96   16   2e-01   1427    -45    +20     5e-01   2755    -389   +479    5e-01   3565    -324   +480  
  21   201.16   28019.02   16   6e-02   1394    -39    +6      2e-01   2805    -430   +480    4e-01   3695    -350   +480  
  22   201.79   28017.42   11   6e-02   1394    -0     +0      2e-01   2805    -0     +0      4e-01   3695    -0     +0    
==========================================================================================================================
Prune!
==========================================================================================================================
Depth = 4, Bound = 28017.42, Best = 28017

Branching on x[122] = 0.43
Fixing x[122] = 0

**************************************************************************************************************************
                                               Node 18
**************************************************************************************************************************
Problem size 147
Fixed variables: (x[42],1) (x[79],0) (x[111],1) (x[122],0)
==========================================================================================================================
starting bound     cut  triangles added  violation
      29780.26   28017              500       0.49
==========================================================================================================================
iter     time      bound  bdl   viol3  triag  purged   added   viol5  penta  purged   added   viol7  hepta  purged   added
==========================================================================================================================
   1   201.96   29293.71    4   4e-01    899    -92    +491   
   2   202.16   28980.57    4   4e-01   1239    -158   +498   
   3   202.38   28797.01    7   3e-01   1347    -387   +495   
   4   202.64   28631.38    7   3e-01   1655    -187   +495   
   5   203.26   28544.82    9   3e-01   1797    -357   +499    8e-01    480    -0     +480    8e-01    480    -0     +480  
   6   203.96   28440.83   11   2e-01   1787    -500   +490    6e-01    795    -165   +480    8e-01    818    -142   +480  
   7   204.69   28347.84    9   2e-01   1868    -410   +491    6e-01   1102    -173   +480    7e-01   1154    -144   +480  
   8   205.47   28285.71   12   2e-01   1902    -459   +493    5e-01   1302    -280   +480    8e-01   1434    -200   +480  
   9   206.26   28222.95   15   2e-01   1947    -443   +488    5e-01   1454    -328   +480    6e-01   1639    -275   +480  
  10   207.09   28179.81   15   2e-01   2006    -426   +485    5e-01   1690    -244   +480    7e-01   1906    -213   +480  
  11   208.01   28149.46   19   2e-01   1949    -517   +460    4e-01   1794    -376   +480    5e-01   2064    -322   +480  
  12   208.91   28119.11   17   2e-01   2012    -421   +484    5e-01   1932    -342   +480    6e-01   2241    -303   +480  
  13   209.85   28092.67   14   2e-01   2060    -441   +489    5e-01   2060    -352   +480    6e-01   2439    -282   +480  
  14   210.89   28075.39   17   2e-01   2081    -471   +492    6e-01   2136    -404   +480    7e-01   2530    -389   +480  
  15   212.03   28064.08   19   1e-01   1980    -509   +408    3e-01   2218    -398   +480    5e-01   2739    -271   +480  
  16   213.15   28051.36   15   1e-01   1780    -354   +154    3e-01   2355    -343   +480    5e-01   2897    -322   +480  
  17   214.28   28044.47   20   7e-02   1607    -194   +21     3e-01   2515    -320   +480    5e-01   3041    -336   +480  
  18   215.41   28036.22   25   9e-02   1676    -80    +149    3e-01   2659    -336   +480    6e-01   3252    -269   +480  
  19   216.60   28031.30   19   7e-02   1573    -152   +49     3e-01   2716    -423   +480    4e-01   3417    -315   +480  
  20   217.77   28027.07   22   5e-02   1502    -72    +1      2e-01   2841    -355   +480    4e-01   3602    -295   +480  
  21   218.94   28023.75   28   5e-02   1476    -27    +1      3e-01   3078    -241   +478    4e-01   3877    -202   +477  
  22   220.13   28020.65   29   4e-02   1457    -19    +0      3e-01   3245    -312   +479    4e-01   4121    -235   +479  
  23   221.32   28018.59   22   6e-02   1447    -18    +8      3e-01   3468    -257   +480    4e-01   4377    -224   +480  
  24   221.43   28017.71   25   6e-02   1447    -0     +0      3e-01   3468    -0     +0      4e-01   4377    -0     +0    
==========================================================================================================================
Prune!
==========================================================================================================================
Depth = 4, Bound = 28017.71, Best = 28017

Fixing x[122] = 1

**************************************************************************************************************************
                                               Node 19
**************************************************************************************************************************
Problem size 147
Fixed variables: (x[42],1) (x[79],0) (x[111],1) (x[122],1)
==========================================================================================================================
starting bound     cut  triangles added  violation
      29811.94   28017              500       0.49
==========================================================================================================================
iter     time      bound  bdl   viol3  triag  purged   added   viol5  penta  purged   added   viol7  hepta  purged   added
==========================================================================================================================
   1   221.64   29229.85    5   4e-01    865    -131   +496   
   2   221.89   28928.90    6   4e-01   1134    -222   +491   
   3   222.17   28748.46    5   4e-01   1373    -259   +498   
   4   222.77   28621.99    7   3e-01   1468    -405   +500    8e-01    480    -0     +480    9e-01    480    -0     +480  
   5   223.42   28489.66    8   3e-01   1528    -437   +497    7e-01    813    -147   +480    8e-01    855    -105   +480  
   6   224.12   28360.32   10   3e-01   1616    -404   +492    7e-01   1051    -242   +480    8e-01   1113    -222   +480  
   7   224.86   28292.13    8   2e-01   1681    -432   +497    6e-01   1281    -250   +480    8e-01   1365    -228   +480  
   8   225.67   28234.31   13   2e-01   1693    -482   +494    6e-01   1456    -305   +480    7e-01   1605    -240   +480  
   9   226.51   28186.97   14   2e-01   1755    -428   +490    5e-01   1622    -314   +480    7e-01   1843    -242   +480  
  10   227.39   28144.25   15   2e-01   1886    -359   +490    6e-01   1855    -247   +480    7e-01   2063    -260   +480  
  11   228.30   28112.12   17   1e-01   1904    -457   +475    5e-01   1976    -359   +480    7e-01   2234    -309   +480  
  12   229.27   28083.71   20   1e-01   1617    -536   +249    4e-01   2075    -381   +480    5e-01   2337    -377   +480  
  13   230.20   28061.29   15   2e-01   1899    -208   +490    6e-01   2274    -281   +480    6e-01   2586    -231   +480  
  14   231.27   28047.70   14   1e-01   1992    -396   +489    5e-01   2419    -335   +480    6e-01   2807    -259   +480  
  15   232.39   28037.95   20   9e-02   1682    -506   +196    4e-01   2496    -403   +480    5e-01   2884    -403   +480  
  16   233.53   28029.13   17   7e-02   1503    -246   +67     5e-01   2659    -317   +480    6e-01   3104    -260   +480  
  17   234.66   28025.25   15   8e-02   1454    -117   +68     3e-01   2760    -379   +480    5e-01   3267    -317   +480  
  18   235.87   28021.80   17   8e-02   1437    -100   +83     3e-01   2825    -415   +480    5e-01   3367    -380   +480  
  19   237.09   28020.49   14   5e-02   1340    -99    +2      2e-01   2835    -470   +480    3e-01   3508    -339   +480  
  20   238.27   28018.92   12   8e-02   1314    -31    +5      2e-01   2939    -375   +479    3e-01   3664    -324   +480  
  21   238.93   28017.91    9   8e-02   1314    -0     +0      2e-01   2939    -0     +0      3e-01   3664    -0     +0    
==========================================================================================================================
Prune!
==========================================================================================================================
Depth = 4, Bound = 28017.91, Best = 28017


Nodes = 19
Root node bound = 28187.617
Maximum value = 28017
Solution = ( 1 4 5 8 9 10 14 15 17 21 22 24 30 35 36 39 43 44 47 51 53 55 57 58 59 61 62 63 67 70 71 75 87 88 89 91 93 95 104 105 107 112 114 117 119 120 121 122 123 125 130 135 136 137 138 142 148 )
CPU time = 238.93 s

