Input file: ./Instances/biq2mc/be/be150.3.5.sparse.mc

Graph has 151 vertices and 3490 edges.

BiqBin parameters:
    init_bundle_iter = 5
     max_bundle_iter = 20
      min_outer_iter = 10
      max_outer_iter = 30
       violated_Ineq = 0.050000
             TriIneq = 500
         Pent_Trials = 160
        Hepta_Trials = 120
        include_Pent = 1
       include_Hepta = 1
                root = 0
            use_diff = 1
          time_limit = 0
   branchingStrategy = 1
      detailedOutput = 1

**************************************************************************************************************************
                                               Node 1
**************************************************************************************************************************
Problem size 151
Fixed variables:
Node 1 Feasible solution 16814
==========================================================================================================================
starting bound     cut  triangles added  violation
      18210.60   16814              500       0.50
==========================================================================================================================
iter     time      bound  bdl   viol3  triag  purged   added   viol5  penta  purged   added   viol7  hepta  purged   added
==========================================================================================================================
   1     0.18   17889.26    4   4e-01    801    -198   +499   
Node 1 Feasible solution 16817
   2     0.38   17679.96    5   4e-01   1079    -215   +493   
   3     0.61   17518.32    5   4e-01   1379    -200   +500   
   4     0.86   17413.61    7   3e-01   1477    -402   +500   
   5     1.17   17319.63   10   4e-01   1700    -273   +496   
   6     1.76   17251.99   11   2e-01   1875    -321   +496    7e-01    480    -0     +480    8e-01    480    -0     +480  
   7     2.39   17179.24   13   2e-01   1939    -427   +491    6e-01    805    -155   +480    7e-01    818    -142   +480  
   8     3.07   17101.19   13   2e-01   2059    -360   +480    6e-01   1092    -193   +480    6e-01   1077    -221   +480  
   9     3.79   17058.75   16   2e-01   2101    -442   +484    5e-01   1303    -269   +480    6e-01   1297    -260   +480  
  10     4.55   17024.40   18   1e-01   2168    -412   +479    5e-01   1483    -300   +480    6e-01   1463    -313   +479  
  11     5.35   16988.26   22   2e-01   2258    -371   +461    6e-01   1650    -313   +480    6e-01   1650    -293   +480  
  12     6.21   16962.48   21   2e-01   2275    -462   +479    4e-01   1756    -374   +480    5e-01   1751    -379   +480  
  13     7.12   16933.51   23   2e-01   2303    -450   +478    5e-01   1878    -358   +480    5e-01   1898    -333   +480  
  14     8.09   16920.06   25   1e-01   2085    -393   +175    4e-01   2028    -330   +480    5e-01   2041    -337   +480  
  15     9.11   16905.94   25   1e-01   2099    -220   +234    5e-01   2219    -289   +480    5e-01   2210    -311   +480  
  16    10.23   16891.82   28   1e-01   1968    -221   +90     3e-01   2295    -404   +480    5e-01   2349    -341   +480  
  17    11.36   16881.81   29   7e-02   1844    -132   +8      2e-01   2416    -340   +461    3e-01   2522    -294   +467  
  18    12.47   16872.36   28   1e-01   1883    -79    +118    3e-01   2633    -263   +480    4e-01   2748    -252   +478  
  19    13.66   16866.75   31   9e-02   1764    -136   +17     3e-01   2793    -319   +479    4e-01   2915    -310   +477  
  20    14.75   16861.09   28   7e-02   1728    -54    +18     6e-01   2880    -382   +469    4e-01   3070    -319   +474  
  21    15.45   16857.78   25   7e-02   1728    -0     +0      6e-01   2880    -0     +0      4e-01   3070    -0     +0    
==========================================================================================================================
BOUNDING STOPPED: Gap to big!
==========================================================================================================================
Depth = 0, Bound = 16857.78, Best = 16817

Branching on x[141] = 0.50
Fixing x[141] = 0

**************************************************************************************************************************
                                               Node 2
**************************************************************************************************************************
Problem size 150
Fixed variables: (x[141],0)
==========================================================================================================================
starting bound     cut  triangles added  violation
      18100.99   16817              500       0.49
==========================================================================================================================
iter     time      bound  bdl   viol3  triag  purged   added   viol5  penta  purged   added   viol7  hepta  purged   added
==========================================================================================================================
   1    15.63   17766.54    4   5e-01    800    -198   +498   
   2    15.81   17585.91    7   4e-01   1024    -273   +497   
   3    16.03   17408.06    4   4e-01   1233    -285   +494   
   4    16.28   17328.10    8   3e-01   1371    -355   +493   
   5    16.58   17248.94    9   3e-01   1634    -233   +496   
   6    17.16   17180.62   10   3e-01   1821    -310   +497    7e-01    480    -0     +480    8e-01    480    -0     +480  
   7    17.77   17118.07   12   3e-01   1915    -400   +494    7e-01    797    -163   +480    8e-01    819    -141   +480  
   8    18.44   17060.30   11   2e-01   1917    -481   +483    6e-01   1028    -249   +480    8e-01   1039    -260   +480  
   9    19.14   17016.31   17   2e-01   1937    -464   +484    6e-01   1202    -306   +480    7e-01   1209    -310   +480  
  10    19.88   16967.91   14   2e-01   2147    -274   +484    6e-01   1483    -199   +480    6e-01   1493    -196   +480  
  11    20.66   16938.03   18   1e-01   2166    -433   +452    5e-01   1628    -335   +480    5e-01   1668    -305   +480  
  12    21.50   16910.92   18   2e-01   2234    -407   +475    6e-01   1792    -316   +480    7e-01   1830    -318   +480  
  13    22.41   16892.78   18   2e-01   2222    -484   +472    5e-01   1878    -394   +480    7e-01   1963    -347   +480  
  14    23.38   16874.50   19   1e-01   2270    -425   +473    5e-01   1952    -406   +480    6e-01   2052    -391   +480  
  15    24.40   16864.48   18   9e-02   2022    -405   +157    4e-01   2046    -386   +480    5e-01   2164    -368   +480  
  16    25.48   16853.08   25   9e-02   1800    -233   +11     4e-01   2126    -399   +479    4e-01   2250    -394   +480  
  17    26.59   16846.37   18   9e-02   1795    -77    +72     3e-01   2308    -298   +480    5e-01   2445    -285   +480  
  18    27.73   16841.37   16   1e-01   1854    -100   +159    5e-01   2466    -322   +480    5e-01   2634    -291   +480  
  19    28.90   16837.48   20   6e-02   1695    -164   +5      5e-01   2511    -431   +476    5e-01   2696    -416   +478  
  20    30.06   16834.21   15   1e-01   1893    -36    +234    4e-01   2712    -279   +480    5e-01   2865    -311   +480  
  21    31.25   16830.95   21   7e-02   1703    -204   +14     3e-01   2740    -450   +478    5e-01   2926    -419   +480  
  22    32.44   16828.40   17   7e-02   1670    -56    +23     3e-01   2879    -340   +479    4e-01   3040    -366   +480  
  23    33.64   16826.93   22   7e-02   1644    -35    +9      3e-01   2991    -368   +480    5e-01   3211    -309   +480  
  24    34.85   16825.41   19   1e-01   1642    -29    +27     5e-01   3047    -424   +480    6e-01   3303    -388   +480  
  25    36.09   16823.65   24   6e-02   1610    -32    +0      2e-01   3101    -419   +473    4e-01   3354    -425   +476  
  26    37.32   16822.39   15   7e-02   1646    -12    +48     4e-01   3190    -391   +480    4e-01   3501    -333   +480  
  27    38.06   16821.49   21   7e-02   1646    -0     +0      4e-01   3190    -0     +0      4e-01   3501    -0     +0    
==========================================================================================================================
BOUNDING STOPPED: Gap to big!
==========================================================================================================================
Depth = 1, Bound = 16821.49, Best = 16817

Fixing x[141] = 1

**************************************************************************************************************************
                                               Node 3
**************************************************************************************************************************
Problem size 150
Fixed variables: (x[141],1)
==========================================================================================================================
BOUNDING STOPPED: Gap to big!
==========================================================================================================================
Depth = 1, Bound = 18201.44, Best = 16817

Branching on x[85] = 0.49
Fixing x[85] = 0

**************************************************************************************************************************
                                               Node 4
**************************************************************************************************************************
Problem size 149
Fixed variables: (x[85],0) (x[141],1)
==========================================================================================================================
starting bound     cut  triangles added  violation
      18131.60   16817              500       0.49
==========================================================================================================================
iter     time      bound  bdl   viol3  triag  purged   added   viol5  penta  purged   added   viol7  hepta  purged   added
==========================================================================================================================
   1    38.28   17792.19    4   5e-01    815    -185   +500   
   2    38.46   17591.04    3   4e-01   1106    -207   +498   
   3    38.67   17465.96    6   4e-01   1243    -362   +499   
   4    39.17   17374.34    8   3e-01   1379    -355   +491    8e-01    480    -0     +480    9e-01    480    -0     +480  
   5    39.43   17254.39    9   3e-01   1563    -312   +496   
   6    39.99   17183.43   10   2e-01   1739    -320   +496    7e-01    857    -103   +480    7e-01    829    -131   +480  
   7    40.61   17115.53   14   2e-01   1780    -448   +489    6e-01   1119    -218   +480    7e-01   1075    -234   +480  
   8    41.27   17047.06   11   2e-01   1871    -402   +493    7e-01   1354    -245   +480    7e-01   1283    -272   +480  
   9    41.98   16999.85   14   2e-01   1889    -463   +481    5e-01   1513    -321   +480    6e-01   1453    -310   +480  
  10    42.74   16967.42   18   1e-01   1907    -461   +479    4e-01   1635    -358   +480    6e-01   1647    -286   +480  
  11    43.51   16935.00   20   2e-01   1978    -414   +485    5e-01   1781    -334   +480    5e-01   1737    -389   +479  
  12    44.33   16916.24   23   2e-01   2055    -387   +464    5e-01   1926    -335   +480    6e-01   1930    -287   +480  
  13    45.21   16896.14   21   1e-01   2150    -383   +478    4e-01   2077    -329   +480    6e-01   2103    -307   +480  
  14    46.13   16874.77   23   9e-02   1789    -455   +94     3e-01   2129    -428   +480    5e-01   2159    -424   +480  
  15    47.12   16861.30   25   8e-02   1727    -157   +95     4e-01   2313    -295   +479    5e-01   2343    -293   +477  
  16    48.22   16850.19   21   1e-01   1755    -115   +143    3e-01   2451    -342   +480    5e-01   2500    -323   +480  
  17    49.33   16840.42   21   8e-02   1717    -142   +104    3e-01   2583    -348   +480    5e-01   2637    -342   +479  
  18    50.43   16833.45   20   2e-01   2102    -104   +489    4e-01   2728    -335   +480    6e-01   2847    -270   +480  
  19    51.58   16827.61   28   1e-01   1707    -423   +28     4e-01   2764    -443   +479    5e-01   2882    -445   +480  
  20    52.68   16821.34   30   1e-01   1684    -99    +76     3e-01   2905    -339   +480    4e-01   3021    -341   +480  
  21    53.02   16817.98   29   1e-01   1684    -0     +0      3e-01   2905    -0     +0      4e-01   3021    -0     +0    
==========================================================================================================================
Prune!
==========================================================================================================================
Depth = 2, Bound = 16817.98, Best = 16817

Fixing x[85] = 1

**************************************************************************************************************************
                                               Node 5
**************************************************************************************************************************
Problem size 149
Fixed variables: (x[85],1) (x[141],1)
==========================================================================================================================
starting bound     cut  triangles added  violation
      18117.19   16817              500       0.50
==========================================================================================================================
iter     time      bound  bdl   viol3  triag  purged   added   viol5  penta  purged   added   viol7  hepta  purged   added
==========================================================================================================================
   1    53.20   17768.43    5   4e-01    819    -180   +499   
   2    53.38   17546.28    4   4e-01   1136    -179   +496   
   3    53.60   17410.69    8   3e-01   1301    -330   +495   
   4    53.84   17292.04    8   3e-01   1503    -296   +498   
   5    54.38   17205.92   11   3e-01   1723    -272   +492    8e-01    480    -0     +480    8e-01    480    -0     +480  
   6    54.98   17127.19    9   3e-01   1812    -404   +493    7e-01    814    -146   +480    8e-01    828    -132   +480  
   7    55.58   17060.72   12   2e-01   1858    -442   +488    6e-01   1017    -277   +480    7e-01   1021    -287   +480  
   8    56.24   17008.06   11   2e-01   1960    -385   +487    6e-01   1200    -297   +480    8e-01   1219    -282   +480  
   9    56.93   16965.03   18   2e-01   1972    -461   +473    5e-01   1379    -301   +480    6e-01   1368    -331   +480  
  10    57.66   16919.43   13   2e-01   2112    -341   +481    5e-01   1608    -251   +480    6e-01   1593    -255   +480  
  11    58.44   16900.53   17   2e-01   2089    -463   +440    5e-01   1727    -361   +480    6e-01   1732    -341   +480  
  12    59.26   16873.93   22   1e-01   2201    -348   +460    5e-01   1844    -363   +480    6e-01   1898    -314   +480  
  13    60.14   16854.61   19   1e-01   1807    -452   +58     4e-01   1982    -341   +479    5e-01   2031    -346   +479  
  14    61.06   16840.73   14   2e-01   2149    -132   +474    4e-01   2232    -230   +480    6e-01   2220    -291   +480  
  15    62.04   16830.30   21   1e-01   1992    -382   +225    4e-01   2308    -404   +480    5e-01   2334    -366   +480  
  16    63.07   16822.19   12   2e-01   2288    -200   +496    5e-01   2440    -348   +480    6e-01   2486    -328   +480  
  17    64.11   16820.32   13   1e-01   2093    -469   +274    4e-01   2424    -496   +480    5e-01   2534    -432   +480  
  18    64.59   16816.88   12   1e-01   2093    -0     +0      4e-01   2424    -0     +0      5e-01   2534    -0     +0    
==========================================================================================================================
Prune!
==========================================================================================================================
Depth = 2, Bound = 16816.88, Best = 16817

Branching on x[118] = 0.33
Fixing x[118] = 0

**************************************************************************************************************************
                                               Node 6
**************************************************************************************************************************
Problem size 149
Fixed variables: (x[118],0) (x[141],0)
==========================================================================================================================
starting bound     cut  triangles added  violation
      18067.57   16817              500       0.50
==========================================================================================================================
iter     time      bound  bdl   viol3  triag  purged   added   viol5  penta  purged   added   viol7  hepta  purged   added
==========================================================================================================================
   1    64.76   17733.27    3   5e-01    801    -198   +499   
   2    64.94   17561.75    4   4e-01   1054    -244   +497   
   3    65.16   17462.12    4   4e-01   1286    -261   +493   
   4    65.41   17328.81    8   3e-01   1501    -283   +498   
   5    65.94   17244.74    9   3e-01   1708    -282   +489    8e-01    480    -0     +480    8e-01    480    -0     +480  
   6    66.52   17130.72    8   3e-01   1865    -336   +493    8e-01    855    -105   +480    8e-01    868    -92    +480  
   7    67.16   17077.43   11   2e-01   1868    -484   +487    6e-01   1075    -260   +480    7e-01   1076    -272   +480  
   8    67.83   17012.93   13   2e-01   1924    -425   +481    6e-01   1306    -249   +480    7e-01   1281    -275   +480  
   9    68.55   16971.72   17   1e-01   1944    -452   +472    5e-01   1508    -278   +480    6e-01   1491    -270   +480  
  10    69.32   16931.82   15   1e-01   2064    -367   +487    5e-01   1672    -316   +480    6e-01   1657    -314   +480  
  11    70.13   16908.92   13   1e-01   2149    -382   +467    5e-01   1806    -346   +480    5e-01   1803    -334   +480  
  12    70.96   16881.53   17   2e-01   2248    -374   +473    5e-01   1964    -322   +480    7e-01   1983    -300   +480  
  13    71.87   16865.48   16   1e-01   2264    -464   +480    5e-01   2070    -374   +480    6e-01   2152    -311   +480  
  14    72.82   16854.79   14   2e-01   2341    -416   +493    6e-01   2137    -413   +480    7e-01   2289    -343   +480  
  15    73.85   16846.25   21   8e-02   1862    -516   +37     4e-01   2172    -445   +480    4e-01   2362    -407   +480  
  16    74.91   16838.41   16   2e-01   2221    -132   +491    5e-01   2268    -384   +480    6e-01   2481    -361   +480  
  17    76.15   16833.35   20   9e-02   1855    -426   +60     4e-01   2352    -396   +480    5e-01   2573    -388   +480  
  18    77.32   16828.94   14   2e-01   2229    -110   +484    5e-01   2460    -372   +480    6e-01   2726    -327   +480  
  19    78.56   16825.64   11   2e-01   2245    -474   +490    5e-01   2524    -416   +480    7e-01   2791    -415   +480  
  20    79.79   16823.82   15   1e-01   2017    -411   +183    4e-01   2563    -441   +480    6e-01   2847    -424   +480  
  21    81.02   16822.13   11   6e-02   1820    -198   +1      2e-01   2696    -344   +477    5e-01   2959    -368   +480  
  22    82.22   16819.88   17   7e-02   1769    -55    +4      3e-01   2833    -343   +480    4e-01   3145    -292   +478  
  23    83.47   16818.96   14   7e-02   1735    -36    +2      2e-01   2910    -402   +479    4e-01   3255    -370   +480  
  24    84.72   16818.43   15   6e-02   1720    -16    +1      3e-01   3020    -369   +479    3e-01   3391    -344   +480  
  25    85.45   16817.88   12   6e-02   1720    -0     +0      3e-01   3020    -0     +0      3e-01   3391    -0     +0    
==========================================================================================================================
Prune!
==========================================================================================================================
Depth = 2, Bound = 16817.88, Best = 16817

Fixing x[118] = 1

**************************************************************************************************************************
                                               Node 7
**************************************************************************************************************************
Problem size 149
Fixed variables: (x[118],1) (x[141],0)
==========================================================================================================================
starting bound     cut  triangles added  violation
      18067.74   16817              500       0.49
==========================================================================================================================
iter     time      bound  bdl   viol3  triag  purged   added   viol5  penta  purged   added   viol7  hepta  purged   added
==========================================================================================================================
   1    85.62   17746.31    4   4e-01    787    -208   +495   
   2    85.82   17522.08    4   4e-01   1069    -216   +498   
   3    86.05   17404.19    5   4e-01   1362    -206   +499   
   4    86.31   17297.50    7   3e-01   1439    -420   +497   
   5    86.85   17205.41    8   3e-01   1683    -251   +495    8e-01    480    -0     +480    8e-01    480    -0     +480  
   6    87.44   17119.96   10   2e-01   1783    -393   +493    7e-01    812    -148   +480    8e-01    808    -152   +480  
   7    88.07   17038.76   11   3e-01   1866    -403   +486    7e-01   1056    -236   +480    8e-01   1038    -250   +480  
   8    88.75   16986.62   15   2e-01   1896    -446   +476    5e-01   1247    -289   +480    7e-01   1238    -280   +480  
   9    89.46   16944.76   12   2e-01   1940    -446   +490    6e-01   1395    -332   +480    7e-01   1383    -335   +480  
  10    90.21   16908.22   13   2e-01   1986    -438   +484    6e-01   1545    -330   +480    7e-01   1557    -306   +480  
  11    91.02   16886.13   17   1e-01   2036    -414   +464    4e-01   1663    -362   +480    5e-01   1670    -367   +480  
  12    91.89   16866.10   21   2e-01   2131    -378   +473    4e-01   1824    -319   +480    6e-01   1832    -318   +480  
  13    92.81   16849.63   17   1e-01   2155    -439   +463    5e-01   1945    -359   +480    6e-01   1988    -324   +480  
  14    93.78   16838.45   21   1e-01   2172    -450   +467    4e-01   2012    -413   +480    5e-01   2115    -353   +480  
  15    94.80   16829.26   22   9e-02   1803    -441   +72     3e-01   2076    -416   +480    5e-01   2210    -385   +480  
  16    95.83   16825.47   17   2e-01   2193    -101   +491    5e-01   2238    -318   +480    6e-01   2347    -343   +480  
  17    96.98   16819.11   16   2e-01   2180    -504   +491    5e-01   2222    -496   +480    5e-01   2387    -440   +480  
  18    97.18   16817.17   18   2e-01   2180    -0     +0      5e-01   2222    -0     +0      5e-01   2387    -0     +0    
==========================================================================================================================
Prune!
==========================================================================================================================
Depth = 2, Bound = 16817.17, Best = 16817


Nodes = 7
Root node bound = 16857.776
Maximum value = 16817
Solution = ( 2 3 4 6 7 8 9 10 11 14 15 16 18 19 20 22 24 25 28 30 31 33 37 38 43 46 50 52 53 54 56 57 58 59 61 63 64 65 71 74 75 76 78 79 81 83 84 85 87 89 90 92 93 94 95 96 97 98 100 101 103 104 105 106 109 110 111 112 113 114 116 121 122 123 125 126 127 128 130 131 132 137 138 140 141 143 145 147 148 150 )
CPU time = 97.18 s

