Input file: ./Instances/biq2mc/be/be150.8.10.sparse.mc

Graph has 151 vertices and 8992 edges.

BiqBin parameters:
    init_bundle_iter = 5
     max_bundle_iter = 20
      min_outer_iter = 10
      max_outer_iter = 30
       violated_Ineq = 0.050000
             TriIneq = 500
         Pent_Trials = 160
        Hepta_Trials = 120
        include_Pent = 1
       include_Hepta = 1
                root = 0
            use_diff = 1
          time_limit = 0
   branchingStrategy = 1
      detailedOutput = 1

**************************************************************************************************************************
                                               Node 1
**************************************************************************************************************************
Problem size 151
Fixed variables:
Node 1 Feasible solution 28374
==========================================================================================================================
starting bound     cut  triangles added  violation
      30686.28   28374              500       0.50
==========================================================================================================================
iter     time      bound  bdl   viol3  triag  purged   added   viol5  penta  purged   added   viol7  hepta  purged   added
==========================================================================================================================
   1     0.30   30130.21    4   4e-01    839    -155   +494   
   2     0.58   29801.13    4   4e-01   1184    -147   +492   
   3     0.86   29586.73    7   4e-01   1442    -238   +496   
   4     1.15   29404.79    8   3e-01   1617    -324   +499   
   5     1.75   29276.41    9   3e-01   1887    -224   +494    8e-01    480    -0     +480    9e-01    480    -0     +480  
   6     2.39   29149.64   13   3e-01   1944    -436   +493    8e-01    800    -160   +480    8e-01    817    -143   +480  
   7     3.07   29030.88   12   2e-01   1874    -565   +495    6e-01    987    -293   +480    7e-01   1041    -256   +480  
   8     3.76   28943.77   14   2e-01   1921    -434   +481    5e-01   1240    -227   +480    6e-01   1311    -210   +480  
   9     4.51   28863.28   15   2e-01   1992    -410   +481    6e-01   1473    -247   +480    6e-01   1515    -276   +480  
  10     5.32   28819.61   20   1e-01   2000    -473   +481    4e-01   1603    -350   +480    5e-01   1667    -328   +480  
  11     6.16   28765.38   18   2e-01   2086    -385   +471    4e-01   1771    -312   +480    6e-01   1852    -295   +480  
  12     7.04   28727.19   26   1e-01   2096    -457   +467    4e-01   1910    -341   +480    5e-01   2029    -303   +480  
  13     7.99   28692.32   26   1e-01   2137    -422   +463    4e-01   2042    -348   +480    5e-01   2217    -292   +480  
  14     8.99   28663.44   27   9e-02   1718    -475   +56     3e-01   2185    -337   +480    4e-01   2374    -323   +480  
  15    10.00   28639.82   29   1e-01   2050    -142   +474    3e-01   2391    -274   +480    5e-01   2561    -293   +480  
  16    11.09   28612.75   31   8e-02   1703    -423   +76     3e-01   2472    -399   +480    5e-01   2691    -350   +480  
  17    12.18   28593.42   31   1e-01   1660    -145   +102    3e-01   2658    -294   +480    4e-01   2904    -266   +479  
  18    12.90   28578.40   32   1e-01   1660    -0     +0      3e-01   2658    -0     +0      4e-01   2904    -0     +0    
==========================================================================================================================
BOUNDING STOPPED: Gap to big!
==========================================================================================================================
Depth = 0, Bound = 28578.40, Best = 28374

Branching on x[93] = 0.49
Fixing x[93] = 0

**************************************************************************************************************************
                                               Node 2
**************************************************************************************************************************
Problem size 150
Fixed variables: (x[93],0)
==========================================================================================================================
BOUNDING STOPPED: Gap to big!
==========================================================================================================================
Depth = 1, Bound = 30617.30, Best = 28374

Fixing x[93] = 1

**************************************************************************************************************************
                                               Node 3
**************************************************************************************************************************
Problem size 150
Fixed variables: (x[93],1)
==========================================================================================================================
BOUNDING STOPPED: Gap to big!
==========================================================================================================================
Depth = 1, Bound = 30588.98, Best = 28374

Branching on x[48] = 0.49
Fixing x[48] = 0

**************************************************************************************************************************
                                               Node 4
**************************************************************************************************************************
Problem size 149
Fixed variables: (x[48],0) (x[93],0)
==========================================================================================================================
BOUNDING STOPPED: Gap to big!
==========================================================================================================================
Depth = 2, Bound = 30563.80, Best = 28374

Fixing x[48] = 1

**************************************************************************************************************************
                                               Node 5
**************************************************************************************************************************
Problem size 149
Fixed variables: (x[48],1) (x[93],0)
==========================================================================================================================
BOUNDING STOPPED: Gap to big!
==========================================================================================================================
Depth = 2, Bound = 30579.34, Best = 28374

Branching on x[96] = 0.49
Fixing x[96] = 0

**************************************************************************************************************************
                                               Node 6
**************************************************************************************************************************
Problem size 149
Fixed variables: (x[93],1) (x[96],0)
==========================================================================================================================
BOUNDING STOPPED: Gap to big!
==========================================================================================================================
Depth = 2, Bound = 30516.01, Best = 28374

Fixing x[96] = 1

**************************************************************************************************************************
                                               Node 7
**************************************************************************************************************************
Problem size 149
Fixed variables: (x[93],1) (x[96],1)
==========================================================================================================================
starting bound     cut  triangles added  violation
      30480.88   28374              500       0.49
==========================================================================================================================
iter     time      bound  bdl   viol3  triag  purged   added   viol5  penta  purged   added   viol7  hepta  purged   added
==========================================================================================================================
   1    13.28   29908.34    4   5e-01    836    -161   +497   
   2    13.50   29618.02    7   4e-01   1080    -252   +496   
   3    13.74   29370.01    7   4e-01   1326    -251   +497   
   4    14.02   29201.51    8   3e-01   1472    -352   +498   
   5    14.59   29084.19    9   3e-01   1675    -286   +489    7e-01    480    -0     +480    8e-01    480    -0     +480  
   6    15.19   28939.70   10   2e-01   1842    -324   +491    7e-01    864    -96    +480    7e-01    864    -96    +480  
   7    15.84   28826.57   13   3e-01   1900    -434   +492    6e-01   1102    -242   +480    7e-01   1141    -203   +480  
   8    16.51   28740.25   11   3e-01   1911    -479   +490    7e-01   1289    -293   +480    8e-01   1342    -279   +480  
   9    17.25   28671.99   21   2e-01   1902    -494   +485    5e-01   1435    -334   +480    6e-01   1462    -360   +480  
  10    18.01   28608.19   18   2e-01   2012    -355   +465    5e-01   1627    -288   +480    7e-01   1686    -256   +480  
  11    18.82   28568.11   20   1e-01   2067    -422   +477    5e-01   1768    -339   +480    6e-01   1830    -336   +480  
  12    19.68   28530.06   25   2e-01   2106    -427   +466    4e-01   1885    -363   +480    5e-01   1932    -378   +480  
  13    20.60   28490.18   26   1e-01   1749    -484   +127    3e-01   2008    -357   +480    4e-01   2079    -333   +480  
  14    21.54   28464.19   21   1e-01   2028    -183   +462    4e-01   2218    -270   +480    5e-01   2326    -233   +480  
  15    22.55   28443.03   24   1e-01   1959    -389   +320    4e-01   2390    -308   +480    5e-01   2543    -263   +480  
  16    23.60   28420.45   31   6e-02   1639    -327   +7      3e-01   2465    -402   +477    4e-01   2693    -326   +476  
  17    24.66   28405.93   26   9e-02   1609    -94    +64     3e-01   2676    -268   +479    4e-01   2952    -221   +480  
  18    25.74   28389.61   31   9e-02   1582    -114   +87     3e-01   2811    -344   +479    4e-01   3081    -349   +478  
  19    26.83   28378.03   29   9e-02   1482    -124   +24     3e-01   2957    -332   +478    4e-01   3246    -311   +476  
  20    27.08   28373.00   30   9e-02   1482    -0     +0      3e-01   2957    -0     +0      4e-01   3246    -0     +0    
==========================================================================================================================
Prune!
==========================================================================================================================
Depth = 2, Bound = 28373.00, Best = 28374

Branching on x[13] = 0.51
Fixing x[13] = 0

**************************************************************************************************************************
                                               Node 8
**************************************************************************************************************************
Problem size 148
Fixed variables: (x[13],0) (x[48],1) (x[93],0)
==========================================================================================================================
BOUNDING STOPPED: Gap to big!
==========================================================================================================================
Depth = 3, Bound = 30518.08, Best = 28374

Fixing x[13] = 1

**************************************************************************************************************************
                                               Node 9
**************************************************************************************************************************
Problem size 148
Fixed variables: (x[13],1) (x[48],1) (x[93],0)
==========================================================================================================================
BOUNDING STOPPED: Gap to big!
==========================================================================================================================
Depth = 3, Bound = 30498.71, Best = 28374

Branching on x[8] = 0.51
Fixing x[8] = 0

**************************************************************************************************************************
                                               Node 10
**************************************************************************************************************************
Problem size 148
Fixed variables: (x[8],0) (x[48],0) (x[93],0)
==========================================================================================================================
starting bound     cut  triangles added  violation
      30375.44   28374              500       0.49
==========================================================================================================================
iter     time      bound  bdl   viol3  triag  purged   added   viol5  penta  purged   added   viol7  hepta  purged   added
==========================================================================================================================
   1    27.35   29756.51    4   4e-01    839    -155   +494   
   2    27.55   29431.22    6   4e-01   1130    -205   +496   
   3    27.79   29196.51    8   3e-01   1362    -264   +496   
   4    28.33   29022.59    9   3e-01   1602    -259   +499    8e-01    480    -0     +480    9e-01    480    -0     +480  
   5    28.89   28875.05   10   3e-01   1668    -430   +496    7e-01    840    -120   +480    8e-01    852    -108   +480  
   6    29.50   28751.56   10   3e-01   1818    -343   +493    7e-01   1098    -222   +480    8e-01   1123    -209   +480  
   7    30.15   28651.51   12   2e-01   1779    -526   +487    6e-01   1251    -327   +480    7e-01   1254    -349   +480  
   8    30.83   28559.02   16   1e-01   1823    -432   +476    5e-01   1396    -335   +480    6e-01   1423    -311   +480  
   9    31.55   28490.30   16   2e-01   1959    -354   +490    5e-01   1659    -217   +480    6e-01   1690    -213   +480  
  10    32.34   28437.44   18   2e-01   2008    -436   +485    5e-01   1828    -311   +480    6e-01   1902    -268   +480  
  11    33.15   28409.76   22   1e-01   2074    -412   +478    5e-01   2029    -279   +480    6e-01   2134    -248   +480  
  12    33.65   28363.10   24   1e-01   2074    -0     +0      5e-01   2029    -0     +0      6e-01   2134    -0     +0    
==========================================================================================================================
Prune!
==========================================================================================================================
Depth = 3, Bound = 28363.10, Best = 28374

Fixing x[8] = 1

**************************************************************************************************************************
                                               Node 11
**************************************************************************************************************************
Problem size 148
Fixed variables: (x[8],1) (x[48],0) (x[93],0)
==========================================================================================================================
starting bound     cut  triangles added  violation
      30409.25   28374              500       0.49
==========================================================================================================================
iter     time      bound  bdl   viol3  triag  purged   added   viol5  penta  purged   added   viol7  hepta  purged   added
==========================================================================================================================
   1    33.86   29878.35    4   4e-01    804    -190   +494   
   2    34.08   29613.70    7   4e-01   1106    -190   +492   
   3    34.34   29382.10    6   3e-01   1369    -230   +493   
   4    34.88   29206.85    9   3e-01   1582    -283   +496    8e-01    480    -0     +480    9e-01    480    -0     +480  
   5    35.46   29053.36   10   3e-01   1679    -397   +494    7e-01    820    -140   +480    8e-01    822    -138   +480  
   6    36.09   28925.08   11   2e-01   1766    -406   +493    6e-01   1129    -171   +480    7e-01   1116    -186   +480  
   7    36.75   28834.30   12   2e-01   1841    -419   +494    6e-01   1394    -215   +480    7e-01   1402    -194   +480  
   8    37.46   28757.80   15   2e-01   1825    -505   +489    5e-01   1506    -368   +480    6e-01   1523    -359   +480  
   9    38.21   28695.66   16   2e-01   1904    -414   +493    5e-01   1674    -312   +480    7e-01   1715    -288   +480  
  10    39.00   28650.87   17   2e-01   1912    -481   +489    6e-01   1832    -322   +480    6e-01   1900    -295   +480  
  11    39.86   28617.56   20   1e-01   1799    -486   +373    4e-01   1912    -399   +479    5e-01   2048    -332   +480  
  12    40.72   28576.03   20   2e-01   2037    -242   +480    5e-01   2128    -264   +480    6e-01   2274    -254   +480  
  13    41.66   28542.98   21   1e-01   1934    -455   +352    4e-01   2226    -382   +480    5e-01   2437    -317   +480  
  14    42.63   28517.51   24   9e-02   1702    -321   +89     3e-01   2401    -304   +479    5e-01   2630    -287   +480  
  15    43.64   28498.95   30   9e-02   1569    -174   +41     3e-01   2589    -290   +478    4e-01   2830    -279   +479  
  16    44.70   28478.99   24   1e-01   1575    -103   +109    3e-01   2791    -278   +480    4e-01   3080    -230   +480  
  17    45.78   28459.77   24   1e-01   1486    -94    +5      3e-01   2885    -382   +476    4e-01   3247    -312   +479  
  18    46.86   28450.60   30   1e-01   1452    -45    +11     3e-01   3094    -266   +475    4e-01   3477    -250   +480  
  19    47.95   28436.93   31   5e-02   1402    -51    +1      2e-01   3182    -377   +465    4e-01   3600    -343   +466  
  20    49.05   28428.26   33   8e-02   1377    -30    +5      3e-01   3427    -226   +471    3e-01   3881    -190   +471  
  21    50.17   28417.32   32   8e-02   1356    -39    +18     3e-01   3610    -294   +477    4e-01   4065    -290   +474  
  22    51.29   28410.49   34   7e-02   1343    -28    +15     3e-01   3789    -300   +479    3e-01   4299    -242   +476  
  23    52.45   28402.46   34   5e-02   1303    -40    +0      2e-01   3879    -376   +466    4e-01   4425    -344   +470  
  24    53.59   28394.96   35   6e-02   1284    -22    +3      2e-01   4037    -314   +472    5e-01   4590    -305   +470  
  25    54.74   28390.75   33   9e-02   1265    -23    +4      3e-01   4185    -311   +459    3e-01   4781    -275   +466  
  26    55.91   28386.32   37   5e-02   1236    -29    +0      2e-01   4276    -324   +415    3e-01   4954    -264   +437  
  27    57.07   28382.45   29   8e-02   1230    -11    +5      3e-01   4458    -296   +478    4e-01   5171    -262   +479  
  28    58.30   28379.00   34   5e-02   1217    -13    +0      2e-01   4575    -330   +447    3e-01   5356    -272   +457  
  29    59.49   28375.14   35   4e-02   1212    -5     +0      2e-01   4653    -324   +402    3e-01   5525    -281   +450  
  30    59.57   28374.54   36   4e-02   1212    -0     +0      2e-01   4653    -0     +0      3e-01   5525    -0     +0    
==========================================================================================================================
Prune!
==========================================================================================================================
Depth = 3, Bound = 28374.54, Best = 28374

Branching on x[146] = 0.51
Fixing x[146] = 0

**************************************************************************************************************************
                                               Node 12
**************************************************************************************************************************
Problem size 147
Fixed variables: (x[13],0) (x[48],1) (x[93],0) (x[146],0)
==========================================================================================================================
starting bound     cut  triangles added  violation
      30444.53   28374              500       0.50
==========================================================================================================================
iter     time      bound  bdl   viol3  triag  purged   added   viol5  penta  purged   added   viol7  hepta  purged   added
==========================================================================================================================
   1    59.76   29865.62    4   5e-01    853    -144   +497   
   2    59.98   29510.57    4   4e-01   1146    -202   +495   
   3    60.22   29265.13    6   3e-01   1286    -355   +495   
   4    60.48   29104.80    7   3e-01   1513    -263   +490   
   5    61.06   28984.07    9   3e-01   1755    -250   +492    8e-01    480    -0     +480    9e-01    480    -0     +480  
   6    61.66   28833.17    8   3e-01   1797    -453   +495    7e-01    805    -155   +480    8e-01    790    -170   +480  
   7    62.30   28736.43   13   2e-01   1860    -436   +499    6e-01   1011    -274   +480    7e-01   1028    -242   +480  
   8    62.97   28651.31   14   2e-01   1914    -432   +486    5e-01   1277    -214   +480    6e-01   1304    -204   +480  
   9    63.70   28572.67   15   2e-01   1967    -432   +485    5e-01   1486    -271   +480    6e-01   1558    -226   +480  
  10    64.47   28499.05   17   2e-01   2011    -445   +489    6e-01   1629    -337   +480    7e-01   1767    -271   +480  
  11    65.26   28464.80   18   2e-01   2059    -433   +481    5e-01   1750    -359   +480    6e-01   1935    -312   +480  
  12    66.11   28419.91   25   1e-01   1982    -495   +418    4e-01   1879    -351   +480    5e-01   2080    -335   +480  
  13    67.00   28381.24   21   2e-01   2139    -324   +481    5e-01   2102    -257   +480    5e-01   2311    -249   +480  
  14    67.22   28374.13   25   2e-01   2139    -0     +0      5e-01   2102    -0     +0      5e-01   2311    -0     +0    
==========================================================================================================================
Prune!
==========================================================================================================================
Depth = 4, Bound = 28374.13, Best = 28374

Fixing x[146] = 1

**************************************************************************************************************************
                                               Node 13
**************************************************************************************************************************
Problem size 147
Fixed variables: (x[13],0) (x[48],1) (x[93],0) (x[146],1)
==========================================================================================================================
starting bound     cut  triangles added  violation
      30450.66   28374              500       0.50
==========================================================================================================================
iter     time      bound  bdl   viol3  triag  purged   added   viol5  penta  purged   added   viol7  hepta  purged   added
==========================================================================================================================
   1    67.42   29895.34    3   4e-01    886    -106   +492   
   2    67.63   29528.40    5   4e-01   1181    -203   +498   
   3    67.86   29326.90    8   4e-01   1435    -233   +487   
   4    68.12   29159.81    8   4e-01   1531    -402   +498   
   5    68.68   29039.28    9   3e-01   1731    -295   +495    7e-01    480    -0     +480    9e-01    480    -0     +480  
   6    69.01   28876.53   13   3e-01   1767    -459   +495   
   7    69.65   28820.71   12   3e-01   1950    -303   +486    7e-01    887    -73    +480    8e-01    888    -72    +480  
   8    70.33   28716.69   13   2e-01   1967    -473   +490    5e-01   1128    -239   +480    7e-01   1146    -222   +480  
   9    71.05   28641.67   17   2e-01   2061    -393   +487    5e-01   1350    -258   +480    6e-01   1375    -251   +480  
  10    71.81   28580.53   15   2e-01   2111    -429   +479    5e-01   1563    -267   +480    6e-01   1618    -237   +480  
  11    72.63   28534.21   21   1e-01   2141    -450   +480    5e-01   1742    -301   +480    6e-01   1837    -261   +480  
  12    73.48   28488.84   24   1e-01   2150    -452   +461    4e-01   1872    -350   +480    5e-01   1997    -320   +480  
  13    74.38   28463.15   17   1e-01   2173    -449   +472    4e-01   2010    -342   +480    5e-01   2213    -264   +480  
  14    75.31   28432.77   22   1e-01   2056    -408   +291    4e-01   2116    -374   +480    5e-01   2387    -306   +480  
  15    76.30   28406.88   26   1e-01   2220    -301   +465    4e-01   2272    -324   +480    5e-01   2561    -306   +480  
  16    77.40   28387.43   23   1e-01   2052    -451   +283    3e-01   2388    -364   +480    5e-01   2711    -330   +480  
  17    78.50   28377.89   23   8e-02   1767    -303   +18     3e-01   2483    -383   +478    3e-01   2859    -331   +479  
  18    78.73   28371.01   27   8e-02   1767    -0     +0      3e-01   2483    -0     +0      3e-01   2859    -0     +0    
==========================================================================================================================
Prune!
==========================================================================================================================
Depth = 4, Bound = 28371.01, Best = 28374

Branching on x[29] = 0.50
Fixing x[29] = 0

**************************************************************************************************************************
                                               Node 14
**************************************************************************************************************************
Problem size 148
Fixed variables: (x[29],0) (x[93],1) (x[96],0)
==========================================================================================================================
starting bound     cut  triangles added  violation
      30385.90   28374              500       0.50
==========================================================================================================================
iter     time      bound  bdl   viol3  triag  purged   added   viol5  penta  purged   added   viol7  hepta  purged   added
==========================================================================================================================
   1    78.92   29897.22    4   4e-01    811    -182   +493   
   2    79.14   29574.76    7   4e-01   1050    -261   +500   
   3    79.38   29402.80    6   3e-01   1292    -254   +496   
   4    79.64   29258.79    8   4e-01   1546    -244   +498   
   5    79.94   29148.24   11   3e-01   1676    -369   +499   
   6    80.54   29070.20   10   2e-01   1882    -291   +497    7e-01    480    -0     +480    8e-01    480    -0     +480  
   7    81.19   28957.45   14   3e-01   1900    -471   +489    7e-01    797    -163   +480    8e-01    834    -126   +480  
   8    81.88   28853.08   12   2e-01   1909    -485   +494    6e-01   1064    -213   +480    7e-01   1114    -200   +480  
   9    82.61   28783.05   15   2e-01   1875    -525   +491    5e-01   1227    -317   +480    7e-01   1319    -275   +480  
  10    83.39   28723.83   15   2e-01   1954    -399   +478    5e-01   1415    -292   +480    7e-01   1549    -250   +480  
  11    84.21   28675.62   19   1e-01   1938    -481   +465    4e-01   1606    -289   +480    6e-01   1742    -287   +480  
  12    85.07   28644.01   19   1e-01   2033    -385   +480    5e-01   1812    -274   +480    5e-01   1961    -261   +480  
  13    86.00   28599.91   22   1e-01   2046    -465   +478    4e-01   1937    -355   +480    6e-01   2121    -320   +480  
  14    86.96   28573.63   26   1e-01   1743    -457   +154    3e-01   2053    -364   +480    4e-01   2299    -302   +480  
  15    87.95   28548.86   28   1e-01   1979    -235   +471    3e-01   2251    -282   +480    5e-01   2484    -295   +480  
  16    89.01   28532.16   22   1e-01   1986    -371   +378    4e-01   2355    -375   +479    5e-01   2669    -295   +480  
  17    90.08   28508.94   23   1e-01   1793    -366   +173    4e-01   2459    -376   +480    5e-01   2835    -314   +480  
  18    91.18   28492.12   27   8e-02   1610    -224   +41     4e-01   2610    -329   +480    4e-01   3055    -260   +480  
  19    91.92   28483.84   31   8e-02   1610    -0     +0      4e-01   2610    -0     +0      4e-01   3055    -0     +0    
==========================================================================================================================
BOUNDING STOPPED: Gap to big!
==========================================================================================================================
Depth = 3, Bound = 28483.84, Best = 28374

Fixing x[29] = 1

**************************************************************************************************************************
                                               Node 15
**************************************************************************************************************************
Problem size 148
Fixed variables: (x[29],1) (x[93],1) (x[96],0)
==========================================================================================================================
starting bound     cut  triangles added  violation
      30304.98   28374              500       0.49
==========================================================================================================================
iter     time      bound  bdl   viol3  triag  purged   added   viol5  penta  purged   added   viol7  hepta  purged   added
==========================================================================================================================
   1    92.10   29625.18    4   4e-01    850    -150   +500   
   2    92.30   29374.87    6   4e-01   1149    -198   +497   
   3    92.54   29191.89    6   3e-01   1384    -263   +498   
   4    92.79   28989.91    6   3e-01   1595    -286   +497   
   5    93.07   28853.22   10   3e-01   1820    -267   +492   
   6    93.66   28744.45    9   3e-01   1964    -351   +495    7e-01    480    -0     +480    8e-01    480    -0     +480  
   7    94.27   28644.04   13   2e-01   2027    -434   +497    6e-01    850    -110   +480    7e-01    846    -114   +480  
   8    94.92   28539.80   13   2e-01   2011    -501   +485    5e-01   1124    -206   +480    6e-01   1147    -179   +480  
   9    95.61   28467.59   13   2e-01   2084    -415   +488    5e-01   1348    -256   +480    7e-01   1392    -235   +480  
  10    96.35   28392.26   16   2e-01   2118    -443   +477    5e-01   1512    -316   +480    6e-01   1593    -279   +480  
  11    96.49   28374.58   20   2e-01   2118    -0     +0      5e-01   1512    -0     +0      6e-01   1593    -0     +0    
==========================================================================================================================
Prune!
==========================================================================================================================
Depth = 3, Bound = 28374.58, Best = 28374

Branching on x[142] = 0.50
Fixing x[142] = 0

**************************************************************************************************************************
                                               Node 16
**************************************************************************************************************************
Problem size 147
Fixed variables: (x[13],1) (x[48],1) (x[93],0) (x[142],0)
==========================================================================================================================
starting bound     cut  triangles added  violation
      30307.43   28374              500       0.50
==========================================================================================================================
iter     time      bound  bdl   viol3  triag  purged   added   viol5  penta  purged   added   viol7  hepta  purged   added
==========================================================================================================================
   1    96.68   29780.78    4   5e-01    855    -142   +497   
   2    96.89   29504.83    5   4e-01   1039    -315   +499   
   3    97.13   29285.61    7   4e-01   1287    -246   +494   
   4    97.39   29127.01    7   3e-01   1435    -349   +497   
   5    97.96   28995.16    7   3e-01   1682    -247   +494    8e-01    480    -0     +480    8e-01    480    -0     +480  
   6    98.57   28833.74   11   3e-01   1698    -481   +497    7e-01    818    -142   +480    8e-01    839    -121   +480  
   7    99.22   28737.46   11   2e-01   1724    -466   +492    6e-01   1066    -232   +480    7e-01   1131    -188   +480  
   8    99.92   28663.37   10   3e-01   1814    -399   +489    6e-01   1259    -287   +480    7e-01   1363    -248   +480  
   9   100.65   28596.93   15   1e-01   1825    -479   +490    5e-01   1388    -351   +480    6e-01   1525    -318   +480  
  10   101.42   28545.53   16   1e-01   1924    -388   +487    4e-01   1576    -292   +480    6e-01   1742    -263   +480  
  11   102.22   28482.15   19   2e-01   1993    -413   +482    4e-01   1728    -327   +479    5e-01   1885    -337   +480  
  12   103.09   28450.08   21   2e-01   2097    -382   +486    5e-01   1918    -290   +480    5e-01   2129    -236   +480  
  13   104.01   28418.71   21   1e-01   2105    -474   +482    4e-01   2025    -373   +480    5e-01   2320    -289   +480  
  14   104.99   28395.60   22   1e-01   1906    -454   +255    4e-01   2117    -388   +480    5e-01   2501    -299   +480  
  15   106.01   28376.38   28   1e-01   1657    -278   +29     3e-01   2242    -355   +480    4e-01   2686    -294   +479  
  16   106.11   28370.54   30   1e-01   1657    -0     +0      3e-01   2242    -0     +0      4e-01   2686    -0     +0    
==========================================================================================================================
Prune!
==========================================================================================================================
Depth = 4, Bound = 28370.54, Best = 28374

Fixing x[142] = 1

**************************************************************************************************************************
                                               Node 17
**************************************************************************************************************************
Problem size 147
Fixed variables: (x[13],1) (x[48],1) (x[93],0) (x[142],1)
==========================================================================================================================
starting bound     cut  triangles added  violation
      30319.19   28374              500       0.50
==========================================================================================================================
iter     time      bound  bdl   viol3  triag  purged   added   viol5  penta  purged   added   viol7  hepta  purged   added
==========================================================================================================================
   1   106.32   29750.73    3   5e-01    822    -170   +492   
   2   106.54   29461.47    5   4e-01   1140    -180   +498   
   3   106.77   29281.80    6   3e-01   1320    -317   +497   
   4   107.05   29095.46    6   3e-01   1479    -338   +497   
   5   107.36   28979.25   10   3e-01   1629    -342   +492   
   6   107.96   28849.48   10   2e-01   1802    -323   +496    7e-01    480    -0     +480    8e-01    480    -0     +480  
   7   108.59   28745.10   11   2e-01   1861    -436   +495    7e-01    820    -140   +480    8e-01    832    -128   +480  
   8   109.27   28627.88   11   2e-01   1900    -457   +496    6e-01   1045    -255   +480    7e-01   1099    -213   +480  
   9   109.98   28559.69   14   2e-01   1956    -418   +474    5e-01   1269    -256   +480    6e-01   1328    -251   +480  
  10   110.73   28494.81   17   2e-01   2062    -380   +486    5e-01   1512    -237   +480    6e-01   1572    -236   +480  
  11   111.54   28452.95   18   2e-01   2077    -460   +475    5e-01   1649    -343   +480    6e-01   1770    -282   +480  
  12   112.40   28412.95   21   1e-01   1982    -445   +350    4e-01   1811    -317   +479    5e-01   1931    -319   +480  
  13   112.96   28373.01   19   1e-01   1982    -0     +0      4e-01   1811    -0     +0      5e-01   1931    -0     +0    
==========================================================================================================================
Prune!
==========================================================================================================================
Depth = 4, Bound = 28373.01, Best = 28374

Branching on x[30] = 0.50
Fixing x[30] = 0

**************************************************************************************************************************
                                               Node 18
**************************************************************************************************************************
Problem size 147
Fixed variables: (x[29],0) (x[30],0) (x[93],1) (x[96],0)
==========================================================================================================================
starting bound     cut  triangles added  violation
      30234.17   28374              500       0.49
==========================================================================================================================
iter     time      bound  bdl   viol3  triag  purged   added   viol5  penta  purged   added   viol7  hepta  purged   added
==========================================================================================================================
   1   113.16   29768.65    4   4e-01    836    -158   +494   
   2   113.37   29479.74    4   4e-01   1153    -182   +499   
   3   113.62   29323.12    7   3e-01   1335    -307   +489   
   4   113.88   29146.45    6   3e-01   1549    -283   +497   
   5   114.18   29025.40    9   3e-01   1779    -265   +495   
   6   114.81   28929.63   10   3e-01   1867    -410   +498    7e-01    480    -0     +480    8e-01    480    -0     +480  
   7   115.46   28831.14   11   3e-01   1948    -401   +482    7e-01    774    -186   +480    7e-01    822    -138   +480  
   8   116.14   28752.06   14   2e-01   1971    -471   +494    6e-01    997    -257   +480    7e-01   1101    -201   +480  
   9   116.88   28683.58   14   2e-01   1992    -466   +487    5e-01   1233    -244   +480    7e-01   1384    -197   +480  
  10   117.66   28633.24   17   1e-01   2045    -430   +483    5e-01   1462    -251   +480    6e-01   1655    -209   +480  
  11   118.49   28587.30   17   2e-01   2107    -430   +492    6e-01   1645    -297   +480    6e-01   1858    -277   +480  
  12   119.38   28548.05   21   1e-01   2095    -488   +476    4e-01   1762    -363   +480    5e-01   2026    -312   +480  
  13   120.32   28520.98   22   1e-01   2117    -451   +473    5e-01   1908    -334   +480    5e-01   2197    -309   +480  
  14   121.31   28493.32   21   2e-01   2221    -386   +490    5e-01   2054    -334   +480    6e-01   2389    -288   +480  
  15   122.37   28477.77   24   1e-01   1986    -532   +297    4e-01   2118    -416   +480    5e-01   2500    -369   +480  
  16   123.48   28460.17   30   1e-01   1693    -331   +38     3e-01   2245    -353   +480    4e-01   2689    -291   +480  
  17   124.59   28445.20   20   1e-01   1846    -125   +278    4e-01   2429    -296   +480    6e-01   2917    -252   +480  
  18   125.74   28434.19   25   7e-02   1587    -275   +16     3e-01   2545    -364   +480    5e-01   3129    -268   +480  
  19   126.85   28428.94   23   1e-01   1693    -69    +175    4e-01   2715    -310   +480    5e-01   3335    -274   +480  
  20   128.04   28419.36   33   5e-02   1492    -201   +0      2e-01   2696    -493   +474    4e-01   3396    -416   +477  
  21   129.22   28412.98   27   1e-01   1559    -40    +107    3e-01   2943    -233   +480    5e-01   3627    -249   +480  
  22   130.44   28408.61   28   1e-01   1711    -100   +252    3e-01   3027    -396   +480    5e-01   3731    -376   +480  
  23   131.69   28402.83   23   1e-01   1605    -257   +151    4e-01   3026    -481   +480    5e-01   3804    -407   +480  
  24   132.56   28399.30   29   1e-01   1605    -0     +0      4e-01   3026    -0     +0      5e-01   3804    -0     +0    
==========================================================================================================================
BOUNDING STOPPED: Gap to big!
==========================================================================================================================
Depth = 4, Bound = 28399.30, Best = 28374

Fixing x[30] = 1

**************************************************************************************************************************
                                               Node 19
**************************************************************************************************************************
Problem size 147
Fixed variables: (x[29],0) (x[30],1) (x[93],1) (x[96],0)
==========================================================================================================================
starting bound     cut  triangles added  violation
      30284.33   28374              500       0.49
==========================================================================================================================
iter     time      bound  bdl   viol3  triag  purged   added   viol5  penta  purged   added   viol7  hepta  purged   added
==========================================================================================================================
   1   132.75   29829.63    5   4e-01    807    -186   +493   
   2   132.95   29538.00    5   4e-01   1133    -172   +498   
   3   133.19   29357.80    6   3e-01   1242    -390   +499   
   4   133.47   29158.19    7   3e-01   1484    -254   +496   
   5   134.05   29071.52    9   3e-01   1687    -292   +495    7e-01    480    -0     +480    8e-01    480    -0     +480  
   6   134.67   28928.25   12   3e-01   1727    -453   +493    7e-01    831    -129   +480    8e-01    866    -94    +480  
   7   135.33   28823.10   11   3e-01   1824    -393   +490    7e-01   1109    -202   +480    7e-01   1183    -163   +480  
   8   136.03   28720.71   16   2e-01   1820    -493   +489    5e-01   1282    -307   +480    6e-01   1430    -233   +480  
   9   136.79   28662.13   14   2e-01   1833    -474   +487    5e-01   1471    -291   +480    6e-01   1666    -244   +480  
  10   137.57   28622.67   16   2e-01   1939    -368   +474    5e-01   1661    -290   +480    6e-01   1905    -241   +480  
  11   138.40   28568.97   20   1e-01   1945    -480   +486    4e-01   1767    -374   +480    5e-01   2034    -351   +480  
  12   139.26   28538.33   21   2e-01   1983    -444   +482    4e-01   1907    -340   +480    6e-01   2224    -290   +480  
  13   140.20   28515.00   27   1e-01   1724    -467   +208    4e-01   2033    -354   +480    4e-01   2394    -310   +480  
  14   141.18   28492.33   26   9e-02   1498    -293   +67     3e-01   2168    -345   +480    5e-01   2531    -343   +480  
  15   142.18   28464.06   17   2e-01   1886    -104   +492    4e-01   2407    -241   +480    6e-01   2757    -254   +480  
  16   143.26   28452.24   23   9e-02   1548    -414   +76     4e-01   2494    -393   +480    5e-01   2874    -363   +480  
  17   144.34   28435.48   31   9e-02   1483    -118   +53     3e-01   2625    -349   +480    5e-01   3049    -305   +480  
  18   145.45   28423.41   25   8e-02   1411    -98    +26     3e-01   2805    -300   +480    5e-01   3268    -261   +480  
  19   146.55   28411.49   29   7e-02   1362    -64    +15     3e-01   2926    -358   +479    4e-01   3448    -299   +479  
  20   147.68   28403.44   28   7e-02   1326    -40    +4      3e-01   3109    -289   +472    4e-01   3717    -206   +475  
  21   148.82   28393.48   29   7e-02   1302    -38    +14     2e-01   3285    -304   +480    3e-01   3926    -271   +480  
  22   149.98   28387.64   33   8e-02   1270    -37    +5      2e-01   3404    -361   +480    3e-01   4055    -351   +480  
  23   151.14   28381.91   34   6e-02   1250    -32    +12     2e-01   3572    -311   +479    4e-01   4264    -270   +479  
  24   152.32   28376.85   32   6e-02   1232    -21    +3      2e-01   3715    -332   +475    4e-01   4465    -277   +478  
  25   152.43   28374.60   31   6e-02   1232    -0     +0      2e-01   3715    -0     +0      4e-01   4465    -0     +0    
==========================================================================================================================
Prune!
==========================================================================================================================
Depth = 4, Bound = 28374.60, Best = 28374

Branching on x[48] = 0.49
Fixing x[48] = 0

**************************************************************************************************************************
                                               Node 20
**************************************************************************************************************************
Problem size 146
Fixed variables: (x[29],0) (x[30],0) (x[48],0) (x[93],1) (x[96],0)
==========================================================================================================================
starting bound     cut  triangles added  violation
      30182.34   28374              500       0.50
==========================================================================================================================
iter     time      bound  bdl   viol3  triag  purged   added   viol5  penta  purged   added   viol7  hepta  purged   added
==========================================================================================================================
   1   152.62   29664.60    4   5e-01    838    -161   +499   
   2   152.82   29460.71    4   4e-01   1117    -209   +488   
   3   153.06   29285.02    6   4e-01   1243    -369   +495   
   4   153.32   29120.53    8   3e-01   1412    -326   +495   
   5   153.90   28981.59    9   3e-01   1661    -247   +496    7e-01    480    -0     +480    8e-01    480    -0     +480  
   6   154.50   28831.80   10   3e-01   1733    -423   +495    7e-01    824    -136   +480    8e-01    831    -129   +480  
   7   155.14   28747.18   11   2e-01   1797    -430   +494    6e-01   1087    -217   +480    7e-01   1140    -171   +480  
   8   155.82   28665.27   14   2e-01   1876    -413   +492    6e-01   1311    -256   +480    7e-01   1414    -206   +480  
   9   156.55   28612.77   14   2e-01   1906    -463   +493    5e-01   1469    -322   +480    6e-01   1609    -285   +480  
  10   157.34   28565.38   18   2e-01   1969    -413   +476    5e-01   1623    -326   +480    6e-01   1799    -290   +480  
  11   158.17   28536.42   20   2e-01   2029    -416   +476    4e-01   1778    -325   +480    6e-01   2049    -230   +480  
  12   159.06   28498.74   20   2e-01   2090    -413   +474    6e-01   1941    -317   +480    6e-01   2220    -309   +480  
  13   160.03   28478.88   19   1e-01   2090    -484   +484    5e-01   2050    -371   +480    6e-01   2355    -345   +480  
  14   161.03   28459.79   26   1e-01   2017    -456   +383    4e-01   2151    -379   +480    5e-01   2502    -333   +480  
  15   162.07   28437.04   22   1e-01   1795    -365   +143    3e-01   2235    -396   +480    5e-01   2674    -308   +480  
  16   163.14   28424.59   25   9e-02   1636    -189   +30     3e-01   2431    -284   +480    5e-01   2917    -237   +480  
  17   164.23   28413.56   26   6e-02   1535    -113   +12     3e-01   2633    -278   +480    4e-01   3169    -228   +480  
  18   165.33   28401.20   19   1e-01   1908    -62    +435    5e-01   2816    -297   +480    5e-01   3370    -279   +480  
  19   166.48   28394.76   24   8e-02   1548    -370   +10     2e-01   2864    -431   +479    4e-01   3434    -416   +480  
  20   167.63   28387.09   25   2e-01   1491    -71    +14     3e-01   3036    -308   +480    4e-01   3695    -219   +480  
  21   168.77   28382.14   27   5e-02   1445    -48    +2      2e-01   3218    -293   +475    3e-01   3904    -271   +480  
  22   169.92   28376.31   30   8e-02   1412    -40    +7      3e-01   3352    -345   +479    4e-01   4088    -296   +480  
  23   170.31   28374.11   32   8e-02   1412    -0     +0      3e-01   3352    -0     +0      4e-01   4088    -0     +0    
==========================================================================================================================
Prune!
==========================================================================================================================
Depth = 5, Bound = 28374.11, Best = 28374

Fixing x[48] = 1

**************************************************************************************************************************
                                               Node 21
**************************************************************************************************************************
Problem size 146
Fixed variables: (x[29],0) (x[30],0) (x[48],1) (x[93],1) (x[96],0)
==========================================================================================================================
starting bound     cut  triangles added  violation
      30154.08   28374              500       0.49
==========================================================================================================================
iter     time      bound  bdl   viol3  triag  purged   added   viol5  penta  purged   added   viol7  hepta  purged   added
==========================================================================================================================
   1   170.51   29638.51    3   5e-01    844    -150   +494   
   2   170.71   29352.72    7   4e-01   1018    -324   +498   
   3   170.94   29160.91    7   3e-01   1203    -315   +500   
   4   171.20   28990.86    8   3e-01   1464    -234   +495   
   5   171.78   28899.66    8   3e-01   1739    -222   +497    7e-01    480    -0     +480    8e-01    480    -0     +480  
   6   172.38   28786.10   11   3e-01   1923    -309   +493    8e-01    847    -113   +480    8e-01    865    -95    +480  
   7   173.05   28700.03   12   2e-01   1827    -585   +489    6e-01   1037    -290   +480    7e-01   1102    -243   +480  
   8   173.75   28614.02   13   2e-01   1874    -449   +496    5e-01   1253    -264   +480    7e-01   1356    -226   +480  
   9   174.49   28567.20   14   2e-01   1869    -494   +489    5e-01   1434    -299   +480    7e-01   1576    -260   +480  
  10   175.30   28529.77   17   2e-01   1874    -472   +477    5e-01   1613    -301   +480    6e-01   1764    -292   +480  
  11   176.15   28489.99   18   2e-01   1917    -442   +485    5e-01   1729    -364   +480    6e-01   1942    -302   +480  
  12   177.06   28468.30   25   1e-01   1642    -485   +210    4e-01   1822    -387   +480    6e-01   2087    -335   +480  
  13   177.98   28446.87   17   2e-01   1903    -231   +492    5e-01   2025    -277   +480    7e-01   2352    -215   +480  
  14   178.99   28427.29   19   1e-01   1540    -487   +124    3e-01   2089    -416   +480    5e-01   2461    -371   +480  
  15   180.02   28415.76   20   2e-01   1857    -168   +485    5e-01   2235    -334   +480    6e-01   2666    -275   +480  
  16   181.17   28402.28   20   1e-01   1564    -474   +181    3e-01   2268    -447   +480    4e-01   2816    -330   +480  
  17   182.28   28396.27   19   1e-01   1525    -189   +150    4e-01   2385    -363   +480    5e-01   2982    -314   +480  
  18   183.43   28387.82   24   1e-01   1353    -183   +11     2e-01   2440    -425   +480    4e-01   3109    -353   +480  
  19   184.57   28383.49   17   1e-01   1400    -55    +102    4e-01   2596    -324   +480    5e-01   3342    -247   +480  
  20   185.78   28381.44   15   1e-01   1548    -115   +263    4e-01   2664    -412   +480    4e-01   3433    -389   +480  
  21   187.01   28378.32   19   5e-02   1315    -238   +5      2e-01   2614    -528   +478    4e-01   3470    -443   +480  
  22   188.17   28377.13   13   1e-01   1772    -43    +500    4e-01   2701    -393   +480    5e-01   3635    -315   +480  
  23   189.47   28375.88   11   7e-02   1330    -490   +48     3e-01   2681    -500   +480    3e-01   3616    -499   +480  
  24   190.03   28374.98    9   7e-02   1330    -0     +0      3e-01   2681    -0     +0      3e-01   3616    -0     +0    
==========================================================================================================================
Prune!
==========================================================================================================================
Depth = 5, Bound = 28374.98, Best = 28374


Nodes = 21
Root node bound = 28578.404
Maximum value = 28374
Solution = ( 1 7 9 10 13 18 20 21 28 29 33 36 39 43 45 49 51 52 53 55 57 58 60 61 63 67 72 75 82 88 90 91 92 94 98 101 102 103 104 107 108 109 116 117 118 119 120 124 128 129 130 136 140 147 149 )
CPU time = 190.03 s

