Input file: ./Instances/biq2mc/be/be150.3.6.sparse.mc

Graph has 151 vertices and 3516 edges.

BiqBin parameters:
    init_bundle_iter = 5
     max_bundle_iter = 20
      min_outer_iter = 10
      max_outer_iter = 30
       violated_Ineq = 0.050000
             TriIneq = 500
         Pent_Trials = 160
        Hepta_Trials = 120
        include_Pent = 1
       include_Hepta = 1
                root = 0
            use_diff = 1
          time_limit = 0
   branchingStrategy = 1
      detailedOutput = 1

**************************************************************************************************************************
                                               Node 1
**************************************************************************************************************************
Problem size 151
Fixed variables:
Node 1 Feasible solution 16763
==========================================================================================================================
starting bound     cut  triangles added  violation
      18350.19   16763              500       0.50
==========================================================================================================================
iter     time      bound  bdl   viol3  triag  purged   added   viol5  penta  purged   added   viol7  hepta  purged   added
==========================================================================================================================
   1     0.28   17981.36    4   4e-01    804    -196   +500   
   2     0.53   17745.21    7   4e-01   1029    -270   +495   
Node 1 Feasible solution 16780
   3     0.79   17567.53    6   4e-01   1311    -214   +496   
   4     1.05   17454.36    9   3e-01   1556    -252   +497   
   5     1.60   17371.55    9   3e-01   1730    -320   +494    7e-01    480    -0     +480    8e-01    480    -0     +480  
   6     2.19   17278.51   10   2e-01   1843    -379   +492    7e-01    795    -164   +479    7e-01    800    -160   +480  
   7     2.80   17220.34   16   2e-01   1924    -404   +485    6e-01   1036    -239   +480    6e-01   1030    -250   +480  
   8     3.46   17158.15   17   2e-01   1997    -397   +470    5e-01   1258    -258   +480    6e-01   1242    -268   +480  
   9     4.17   17108.85   15   2e-01   2116    -350   +469    5e-01   1450    -288   +480    6e-01   1437    -285   +480  
  10     4.93   17073.58   16   2e-01   2199    -395   +478    5e-01   1629    -301   +480    6e-01   1638    -279   +480  
  11     5.74   17039.37   22   1e-01   1880    -482   +163    3e-01   1726    -382   +479    5e-01   1714    -402   +478  
  12     6.57   17020.95   16   1e-01   2159    -178   +457    4e-01   1971    -235   +480    5e-01   1946    -248   +480  
  13     7.44   16989.50   22   9e-02   1977    -353   +171    3e-01   2096    -353   +478    5e-01   2096    -328   +478  
  14     8.38   16972.28   24   9e-02   1854    -218   +95     3e-01   2303    -268   +475    4e-01   2273    -296   +473  
  15     9.36   16954.74   24   8e-02   1736    -147   +29     3e-01   2412    -359   +468    4e-01   2434    -309   +470  
  16    10.39   16939.27   25   9e-02   1784    -80    +128    3e-01   2616    -276   +480    5e-01   2642    -271   +479  
  17    11.15   16929.18   28   9e-02   1784    -0     +0      3e-01   2616    -0     +0      5e-01   2642    -0     +0    
==========================================================================================================================
BOUNDING STOPPED: Gap to big!
==========================================================================================================================
Depth = 0, Bound = 16929.18, Best = 16780

Branching on x[4] = 0.49
Fixing x[4] = 0

**************************************************************************************************************************
                                               Node 2
**************************************************************************************************************************
Problem size 150
Fixed variables: (x[4],0)
==========================================================================================================================
BOUNDING STOPPED: Gap to big!
==========================================================================================================================
Depth = 1, Bound = 18321.71, Best = 16780

Fixing x[4] = 1

**************************************************************************************************************************
                                               Node 3
**************************************************************************************************************************
Problem size 150
Fixed variables: (x[4],1)
==========================================================================================================================
BOUNDING STOPPED: Gap to big!
==========================================================================================================================
Depth = 1, Bound = 18225.39, Best = 16780

Branching on x[140] = 0.49
Fixing x[140] = 0

**************************************************************************************************************************
                                               Node 4
**************************************************************************************************************************
Problem size 149
Fixed variables: (x[4],0) (x[140],0)
==========================================================================================================================
BOUNDING STOPPED: Gap to big!
==========================================================================================================================
Depth = 2, Bound = 18206.21, Best = 16780

Fixing x[140] = 1

**************************************************************************************************************************
                                               Node 5
**************************************************************************************************************************
Problem size 149
Fixed variables: (x[4],0) (x[140],1)
==========================================================================================================================
BOUNDING STOPPED: Gap to big!
==========================================================================================================================
Depth = 2, Bound = 18220.39, Best = 16780

Branching on x[73] = 0.50
Fixing x[73] = 0

**************************************************************************************************************************
                                               Node 6
**************************************************************************************************************************
Problem size 149
Fixed variables: (x[4],1) (x[73],0)
==========================================================================================================================
starting bound     cut  triangles added  violation
      18182.72   16780              500       0.50
==========================================================================================================================
iter     time      bound  bdl   viol3  triag  purged   added   viol5  penta  purged   added   viol7  hepta  purged   added
==========================================================================================================================
   1    11.46   17841.47    3   4e-01    832    -166   +498   
   2    11.65   17615.89    7   4e-01   1093    -234   +495   
   3    11.87   17474.61    7   3e-01   1292    -290   +489   
   4    12.12   17355.14    9   3e-01   1563    -228   +499   
   5    12.65   17277.40   10   3e-01   1737    -317   +491    7e-01    480    -0     +480    8e-01    480    -0     +480  
   6    13.22   17187.72   13   3e-01   1824    -398   +485    7e-01    782    -178   +480    7e-01    796    -164   +480  
   7    13.82   17111.41   11   2e-01   1899    -422   +497    7e-01   1067    -195   +480    7e-01   1104    -172   +480  
   8    14.48   17063.00   17   1e-01   1869    -511   +481    4e-01   1276    -271   +480    6e-01   1337    -247   +480  
   9    15.17   17004.24   11   2e-01   2043    -305   +479    5e-01   1529    -227   +480    7e-01   1534    -283   +480  
  10    15.90   16984.52   18   1e-01   2062    -447   +466    5e-01   1631    -378   +480    6e-01   1633    -381   +480  
  11    16.68   16951.06   17   1e-01   1958    -423   +319    3e-01   1766    -345   +480    4e-01   1797    -314   +478  
  12    17.50   16919.28   21   2e-01   2166    -262   +470    5e-01   1980    -266   +480    6e-01   2023    -253   +479  
  13    18.40   16903.06   20   1e-01   2177    -454   +465    4e-01   2100    -360   +480    6e-01   2179    -324   +480  
  14    19.35   16881.76   27   1e-01   2056    -408   +287    4e-01   2192    -388   +480    5e-01   2289    -370   +480  
  15    20.33   16867.98   24   1e-01   2042    -278   +264    4e-01   2321    -351   +480    5e-01   2455    -314   +480  
  16    21.42   16855.36   27   6e-02   1797    -254   +9      3e-01   2442    -354   +475    4e-01   2581    -349   +475  
  17    22.55   16845.34   32   1e-01   1804    -88    +95     3e-01   2668    -254   +480    4e-01   2828    -231   +478  
  18    23.72   16836.43   33   8e-02   1696    -125   +17     3e-01   2840    -304   +476    5e-01   2986    -317   +475  
  19    24.88   16828.77   31   1e-01   1668    -64    +36     3e-01   2996    -323   +479    4e-01   3146    -314   +474  
  20    26.06   16822.73   29   6e-02   1613    -62    +7      3e-01   3106    -350   +460    4e-01   3273    -341   +468  
  21    27.25   16817.11   34   6e-02   1582    -42    +11     3e-01   3286    -290   +470    3e-01   3415    -324   +466  
  22    28.41   16810.83   36   7e-02   1561    -41    +20     3e-01   3445    -305   +464    4e-01   3577    -306   +468  
  23    29.58   16806.53   32   4e-02   1536    -25    +0      2e-01   3537    -345   +437    3e-01   3680    -333   +436  
  24    30.34   16802.91   37   4e-02   1536    -0     +0      2e-01   3537    -0     +0      3e-01   3680    -0     +0    
==========================================================================================================================
BOUNDING STOPPED: Gap to big!
==========================================================================================================================
Depth = 2, Bound = 16802.91, Best = 16780

Fixing x[73] = 1

**************************************************************************************************************************
                                               Node 7
**************************************************************************************************************************
Problem size 149
Fixed variables: (x[4],1) (x[73],1)
==========================================================================================================================
starting bound     cut  triangles added  violation
      18190.69   16780              500       0.50
==========================================================================================================================
iter     time      bound  bdl   viol3  triag  purged   added   viol5  penta  purged   added   viol7  hepta  purged   added
==========================================================================================================================
   1    30.53   17868.28    3   4e-01    762    -237   +499   
   2    30.73   17630.90    6   4e-01   1051    -210   +499   
   3    30.94   17477.05    6   4e-01   1290    -259   +498   
   4    31.17   17385.64    9   3e-01   1546    -229   +485   
   5    31.71   17291.43    9   3e-01   1664    -376   +494    7e-01    480    -0     +480    8e-01    480    -0     +480  
   6    32.28   17202.13   12   2e-01   1741    -412   +489    7e-01    804    -156   +480    7e-01    829    -131   +480  
   7    32.89   17138.27   10   3e-01   1789    -441   +489    6e-01   1057    -227   +480    7e-01   1109    -200   +480  
   8    33.55   17091.50   16   2e-01   1859    -401   +471    5e-01   1290    -247   +480    6e-01   1334    -255   +480  
   9    34.27   17042.23   14   2e-01   1930    -414   +485    5e-01   1438    -332   +480    6e-01   1485    -329   +480  
  10    35.02   17012.17   19   1e-01   1967    -426   +463    4e-01   1614    -304   +480    5e-01   1658    -307   +480  
  11    35.81   16973.79   16   2e-01   2073    -373   +479    5e-01   1826    -268   +480    6e-01   1879    -259   +480  
  12    36.65   16947.73   21   1e-01   2128    -425   +480    4e-01   1934    -372   +480    6e-01   1989    -370   +480  
  13    37.54   16925.54   21   1e-01   2074    -412   +358    4e-01   2069    -345   +480    5e-01   2167    -302   +480  
  14    38.46   16914.20   22   1e-01   1860    -320   +106    3e-01   2244    -305   +480    5e-01   2346    -301   +480  
  15    39.44   16897.50   26   9e-02   1733    -183   +56     3e-01   2400    -324   +480    5e-01   2539    -285   +478  
  16    40.52   16884.35   33   6e-02   1615    -120   +2      3e-01   2515    -340   +455    4e-01   2659    -332   +452  
  17    41.58   16876.93   27   9e-02   1582    -61    +28     3e-01   2733    -256   +474    5e-01   2868    -265   +474  
  18    42.62   16867.21   23   7e-02   1565    -47    +30     5e-01   2943    -264   +474    4e-01   3077    -268   +477  
  19    43.67   16857.73   28   7e-02   1510    -60    +5      2e-01   2976    -433   +466    4e-01   3187    -353   +463  
  20    44.45   16851.54   22   7e-02   1510    -0     +0      2e-01   2976    -0     +0      4e-01   3187    -0     +0    
==========================================================================================================================
BOUNDING STOPPED: Gap to big!
==========================================================================================================================
Depth = 2, Bound = 16851.54, Best = 16780

Branching on x[147] = 0.50
Fixing x[147] = 0

**************************************************************************************************************************
                                               Node 8
**************************************************************************************************************************
Problem size 148
Fixed variables: (x[4],0) (x[140],1) (x[147],0)
==========================================================================================================================
starting bound     cut  triangles added  violation
      18133.76   16780              500       0.49
==========================================================================================================================
iter     time      bound  bdl   viol3  triag  purged   added   viol5  penta  purged   added   viol7  hepta  purged   added
==========================================================================================================================
   1    44.62   17806.72    3   4e-01    802    -198   +500   
   2    44.81   17600.37    7   4e-01   1055    -241   +494   
   3    45.01   17427.01    5   4e-01   1257    -295   +497   
   4    45.25   17320.04    7   3e-01   1480    -275   +498   
   5    45.79   17235.61   10   3e-01   1632    -344   +496    7e-01    480    -0     +480    8e-01    480    -0     +480  
   6    46.34   17138.78   10   3e-01   1726    -395   +489    7e-01    839    -121   +480    7e-01    861    -99    +480  
   7    46.95   17083.84   12   2e-01   1766    -445   +485    6e-01   1064    -255   +480    7e-01   1111    -230   +480  
   8    47.60   17033.31   12   2e-01   1872    -384   +490    6e-01   1287    -257   +480    6e-01   1333    -258   +480  
   9    48.31   16978.31   15   2e-01   1940    -409   +477    5e-01   1478    -289   +480    6e-01   1513    -300   +480  
  10    49.06   16945.20   17   1e-01   2007    -391   +458    4e-01   1630    -328   +480    5e-01   1683    -309   +479  
  11    49.84   16913.08   16   2e-01   2120    -361   +474    4e-01   1818    -292   +480    5e-01   1870    -293   +480  
  12    50.67   16887.59   21   1e-01   2168    -409   +457    4e-01   1926    -372   +480    5e-01   2008    -342   +480  
  13    51.56   16863.29   20   1e-01   2190    -426   +448    4e-01   2058    -348   +480    6e-01   2129    -359   +480  
  14    52.48   16851.45   23   1e-01   2147    -398   +355    4e-01   2173    -365   +480    5e-01   2257    -351   +479  
  15    53.44   16835.05   27   1e-01   2003    -328   +184    3e-01   2243    -409   +479    6e-01   2335    -401   +479  
  16    54.43   16822.57   24   1e-01   2201    -232   +430    5e-01   2373    -350   +480    5e-01   2477    -338   +480  
  17    55.47   16813.76   26   1e-01   2106    -389   +294    4e-01   2472    -381   +480    5e-01   2580    -377   +480  
  18    56.52   16808.19   23   8e-02   1820    -295   +9      4e-01   2545    -402   +475    5e-01   2707    -344   +471  
  19    57.60   16797.78   30   6e-02   1727    -96    +3      2e-01   2724    -298   +477    4e-01   2875    -299   +467  
  20    58.70   16791.78   26   7e-02   1697    -41    +11     3e-01   2890    -311   +477    5e-01   3059    -286   +470  
  21    59.79   16787.71   29   5e-02   1658    -40    +1      2e-01   3049    -295   +454    4e-01   3277    -241   +459  
  22    60.93   16782.21   28   1e-01   1635    -40    +17     3e-01   3220    -304   +475    5e-01   3448    -307   +478  
  23    61.20   16780.45   32   1e-01   1635    -0     +0      3e-01   3220    -0     +0      5e-01   3448    -0     +0    
==========================================================================================================================
Prune!
==========================================================================================================================
Depth = 3, Bound = 16780.45, Best = 16780

Fixing x[147] = 1

**************************************************************************************************************************
                                               Node 9
**************************************************************************************************************************
Problem size 148
Fixed variables: (x[4],0) (x[140],1) (x[147],1)
==========================================================================================================================
starting bound     cut  triangles added  violation
      18112.99   16780              500       0.50
==========================================================================================================================
iter     time      bound  bdl   viol3  triag  purged   added   viol5  penta  purged   added   viol7  hepta  purged   added
==========================================================================================================================
   1    61.37   17698.89    5   5e-01    830    -167   +497   
   2    61.55   17491.05    7   4e-01   1083    -242   +495   
   3    61.76   17305.74    6   4e-01   1298    -283   +498   
   4    62.25   17205.68    9   3e-01   1470    -317   +489    7e-01    480    -0     +480    8e-01    480    -0     +480  
   5    62.52   17069.14    9   4e-01   1643    -318   +491   
   6    63.06   17010.90   10   2e-01   1813    -311   +481    6e-01    869    -91    +480    7e-01    851    -109   +480  
   7    63.67   16937.67   13   2e-01   1939    -351   +477    7e-01   1131    -218   +480    7e-01   1091    -240   +480  
   8    64.32   16878.64   14   2e-01   1961    -460   +482    6e-01   1305    -306   +480    7e-01   1275    -296   +480  
   9    65.01   16849.08   16   1e-01   2027    -405   +471    5e-01   1465    -320   +480    6e-01   1431    -324   +480  
  10    65.76   16807.72   20   1e-01   2061    -416   +450    4e-01   1567    -378   +480    6e-01   1555    -355   +479  
  11    66.11   16778.57   18   1e-01   2061    -0     +0      4e-01   1567    -0     +0      6e-01   1555    -0     +0    
==========================================================================================================================
Prune!
==========================================================================================================================
Depth = 3, Bound = 16778.57, Best = 16780

Branching on x[76] = 0.49
Fixing x[76] = 0

**************************************************************************************************************************
                                               Node 10
**************************************************************************************************************************
Problem size 148
Fixed variables: (x[4],0) (x[76],0) (x[140],0)
==========================================================================================================================
starting bound     cut  triangles added  violation
      18143.80   16780              500       0.49
==========================================================================================================================
iter     time      bound  bdl   viol3  triag  purged   added   viol5  penta  purged   added   viol7  hepta  purged   added
==========================================================================================================================
   1    66.30   17808.67    4   5e-01    788    -210   +498   
   2    66.48   17576.41    7   4e-01   1064    -223   +499   
   3    66.68   17417.79    5   4e-01   1385    -177   +498   
   4    66.91   17313.61    9   3e-01   1497    -385   +497   
   5    67.17   17237.38    9   3e-01   1708    -286   +497   
   6    67.72   17158.71   12   3e-01   1864    -342   +498    8e-01    480    -0     +480    8e-01    480    -0     +480  
   7    68.31   17092.54   12   2e-01   1954    -402   +492    6e-01    816    -144   +480    7e-01    824    -136   +480  
   8    68.93   17044.76   15   2e-01   2037    -398   +481    5e-01   1098    -198   +480    6e-01   1139    -165   +480  
   9    69.61   16993.97   17   2e-01   2111    -397   +471    6e-01   1310    -268   +480    6e-01   1351    -268   +480  
  10    70.35   16960.79   13   2e-01   2199    -394   +482    6e-01   1451    -339   +480    6e-01   1550    -281   +480  
  11    71.15   16928.73   16   1e-01   2262    -409   +472    5e-01   1629    -302   +480    6e-01   1785    -245   +480  
  12    72.04   16903.52   20   1e-01   2266    -439   +443    4e-01   1775    -334   +480    5e-01   1974    -291   +480  
  13    72.92   16885.75   25   1e-01   2232    -355   +321    5e-01   1930    -325   +480    4e-01   2149    -305   +480  
  14    73.85   16871.82   20   1e-01   2215    -332   +315    4e-01   2084    -326   +480    5e-01   2356    -273   +480  
  15    74.88   16858.22   20   1e-01   2259    -291   +335    5e-01   2245    -319   +480    5e-01   2510    -326   +480  
  16    76.01   16844.57   24   9e-02   1959    -366   +66     3e-01   2345    -380   +480    5e-01   2643    -346   +479  
  17    77.15   16836.01   24   1e-01   1879    -140   +60     4e-01   2490    -334   +479    5e-01   2827    -296   +480  
  18    78.21   16829.49   30   6e-02   1803    -87    +11     4e-01   2636    -330   +476    4e-01   2988    -318   +479  
  19    79.30   16822.79   28   6e-02   1766    -47    +10     3e-01   2849    -258   +471    4e-01   3164    -296   +472  
  20    80.36   16816.39   31   9e-02   1737    -38    +9      2e-01   3028    -295   +474    4e-01   3368    -273   +477  
  21    81.07   16813.07   21   9e-02   1737    -0     +0      2e-01   3028    -0     +0      4e-01   3368    -0     +0    
==========================================================================================================================
BOUNDING STOPPED: Gap to big!
==========================================================================================================================
Depth = 3, Bound = 16813.07, Best = 16780

Fixing x[76] = 1

**************************************************************************************************************************
                                               Node 11
**************************************************************************************************************************
Problem size 148
Fixed variables: (x[4],0) (x[76],1) (x[140],0)
==========================================================================================================================
starting bound     cut  triangles added  violation
      18136.13   16780              500       0.49
==========================================================================================================================
iter     time      bound  bdl   viol3  triag  purged   added   viol5  penta  purged   added   viol7  hepta  purged   added
==========================================================================================================================
   1    81.25   17815.04    4   5e-01    770    -230   +500   
   2    81.43   17583.57    8   4e-01    990    -277   +497   
   3    81.64   17405.76    5   4e-01   1334    -152   +496   
   4    81.88   17309.59    6   3e-01   1457    -373   +496   
   5    82.41   17222.27    9   3e-01   1744    -204   +491    7e-01    480    -0     +480    8e-01    480    -0     +480  
   6    82.96   17127.12   13   2e-01   1821    -410   +487    7e-01    841    -119   +480    7e-01    825    -135   +480  
   7    83.55   17042.59   10   2e-01   1962    -348   +489    6e-01   1164    -157   +480    8e-01   1137    -168   +480  
   8    84.19   16999.90   16   2e-01   1946    -496   +480    5e-01   1309    -335   +480    6e-01   1302    -315   +480  
   9    84.88   16963.34   14   2e-01   2060    -363   +477    5e-01   1531    -258   +480    7e-01   1525    -257   +480  
  10    85.62   16930.25   18   1e-01   2124    -405   +469    4e-01   1648    -363   +480    6e-01   1607    -398   +480  
  11    86.42   16898.60   18   2e-01   2177    -409   +462    4e-01   1807    -321   +480    5e-01   1801    -286   +480  
  12    87.27   16876.09   20   1e-01   2176    -437   +436    4e-01   1933    -354   +480    6e-01   1998    -283   +480  
  13    88.16   16859.29   24   1e-01   2174    -373   +371    4e-01   2045    -368   +480    5e-01   2164    -314   +480  
  14    89.10   16839.52   22   1e-01   2022    -324   +172    4e-01   2203    -322   +480    4e-01   2297    -347   +480  
  15    90.06   16828.16   20   8e-02   1857    -189   +24     3e-01   2393    -290   +480    4e-01   2570    -204   +477  
  16    91.09   16816.66   26   8e-02   1811    -117   +71     3e-01   2533    -340   +480    5e-01   2745    -304   +479  
  17    92.21   16804.96   29   9e-02   1690    -138   +17     3e-01   2660    -350   +477    4e-01   2922    -302   +479  
  18    93.28   16797.87   26   8e-02   1681    -51    +42     3e-01   2848    -292   +480    5e-01   3115    -287   +480  
  19    94.36   16794.28   26   5e-02   1637    -45    +1      3e-01   2944    -345   +441    4e-01   3265    -306   +456  
  20    95.47   16787.13   29   8e-02   1604    -45    +12     3e-01   3125    -283   +464    4e-01   3433    -298   +466  
  21    96.60   16783.17   28   6e-02   1568    -37    +1      2e-01   3220    -317   +412    3e-01   3578    -302   +447  
  22    96.89   16780.91   28   6e-02   1568    -0     +0      2e-01   3220    -0     +0      3e-01   3578    -0     +0    
==========================================================================================================================
Prune!
==========================================================================================================================
Depth = 3, Bound = 16780.91, Best = 16780

Branching on x[118] = 0.50
Fixing x[118] = 0

**************************************************************************************************************************
                                               Node 12
**************************************************************************************************************************
Problem size 148
Fixed variables: (x[4],1) (x[73],1) (x[118],0)
==========================================================================================================================
starting bound     cut  triangles added  violation
      18151.40   16780              500       0.50
==========================================================================================================================
iter     time      bound  bdl   viol3  triag  purged   added   viol5  penta  purged   added   viol7  hepta  purged   added
==========================================================================================================================
   1    97.07   17838.43    4   4e-01    815    -184   +499   
   2    97.27   17633.45    4   4e-01   1033    -278   +496   
   3    97.47   17455.59    7   4e-01   1260    -267   +494   
   4    97.71   17358.40    8   4e-01   1446    -310   +496   
   5    98.25   17261.57    9   2e-01   1665    -279   +498    7e-01    480    -0     +480    8e-01    480    -0     +480  
   6    98.80   17170.62   12   2e-01   1739    -422   +496    7e-01    833    -127   +480    8e-01    837    -123   +480  
   7    99.41   17108.72   11   2e-01   1830    -401   +492    6e-01   1120    -193   +480    7e-01   1130    -187   +480  
   8   100.05   17067.00   12   2e-01   1930    -388   +488    6e-01   1321    -279   +480    7e-01   1328    -282   +480  
   9   100.74   17013.42   16   2e-01   1967    -450   +487    5e-01   1449    -352   +480    6e-01   1451    -357   +480  
  10   101.49   16971.96   17   2e-01   1993    -444   +470    5e-01   1608    -321   +480    5e-01   1650    -281   +480  
  11   102.28   16946.76   21   2e-01   2026    -436   +469    4e-01   1716    -372   +480    6e-01   1823    -307   +480  
  12   103.11   16920.19   26   1e-01   1951    -389   +314    4e-01   1869    -327   +480    5e-01   1950    -353   +480  
  13   103.97   16902.16   20   1e-01   2143    -277   +469    5e-01   2045    -304   +480    5e-01   2182    -248   +480  
  14   104.89   16884.14   24   1e-01   2223    -386   +466    4e-01   2203    -321   +479    5e-01   2343    -319   +480  
  15   105.87   16867.27   25   9e-02   1874    -419   +70     3e-01   2319    -364   +480    5e-01   2495    -327   +479  
  16   106.86   16854.44   29   8e-02   1715    -173   +14     4e-01   2488    -301   +470    5e-01   2634    -327   +466  
  17   107.84   16843.48   19   1e-01   2026    -85    +396    4e-01   2718    -250   +480    5e-01   2900    -213   +479  
  18   108.90   16835.71   28   7e-02   1731    -324   +29     2e-01   2770    -427   +479    3e-01   2968    -410   +478  
  19   109.93   16830.59   25   9e-02   1683    -90    +42     3e-01   2976    -274   +480    4e-01   3149    -297   +478  
  20   110.98   16822.20   27   7e-02   1613    -75    +5      3e-01   3049    -399   +472    4e-01   3275    -345   +471  
  21   112.07   16814.60   31   7e-02   1600    -40    +27     3e-01   3220    -304   +475    4e-01   3450    -298   +473  
  22   112.85   16811.77   30   7e-02   1600    -0     +0      3e-01   3220    -0     +0      4e-01   3450    -0     +0    
==========================================================================================================================
BOUNDING STOPPED: Gap to big!
==========================================================================================================================
Depth = 3, Bound = 16811.77, Best = 16780

Fixing x[118] = 1

**************************************************************************************************************************
                                               Node 13
**************************************************************************************************************************
Problem size 148
Fixed variables: (x[4],1) (x[73],1) (x[118],1)
==========================================================================================================================
starting bound     cut  triangles added  violation
      18152.18   16780              500       0.49
==========================================================================================================================
iter     time      bound  bdl   viol3  triag  purged   added   viol5  penta  purged   added   viol7  hepta  purged   added
==========================================================================================================================
   1   113.04   17823.79    3   4e-01    765    -234   +499   
   2   113.24   17615.79    6   4e-01   1012    -250   +497   
   3   113.45   17463.50    6   3e-01   1275    -230   +493   
   4   113.70   17317.72    8   3e-01   1539    -231   +495   
   5   113.98   17250.14    9   3e-01   1720    -313   +494   
   6   114.55   17196.71   11   2e-01   1867    -339   +486    6e-01    480    -0     +480    8e-01    480    -0     +480  
   7   115.14   17124.72   11   2e-01   1968    -384   +485    6e-01    846    -114   +480    7e-01    861    -99    +480  
   8   115.78   17058.49   13   2e-01   1990    -463   +485    6e-01   1077    -249   +480    7e-01   1132    -209   +480  
   9   116.47   17015.63   20   2e-01   1965    -509   +484    5e-01   1262    -295   +480    5e-01   1355    -257   +480  
  10   117.22   16971.08   13   2e-01   2174    -270   +479    6e-01   1522    -220   +480    6e-01   1638    -197   +480  
  11   117.99   16949.78   18   1e-01   2148    -476   +450    4e-01   1644    -358   +480    5e-01   1826    -292   +480  
  12   118.81   16925.36   21   1e-01   2151    -357   +360    4e-01   1826    -298   +480    5e-01   2016    -290   +480  
  13   119.69   16903.71   24   9e-02   1921    -333   +103    3e-01   1996    -310   +480    5e-01   2158    -336   +478  
  14   120.60   16883.31   20   1e-01   1947    -147   +173    3e-01   2152    -324   +480    5e-01   2364    -273   +479  
  15   121.56   16866.47   24   9e-02   1855    -227   +135    3e-01   2316    -316   +480    5e-01   2515    -329   +480  
  16   122.56   16853.33   24   1e-01   1858    -158   +161    3e-01   2483    -313   +480    5e-01   2697    -298   +480  
  17   123.58   16841.40   25   9e-02   1738    -192   +72     4e-01   2596    -367   +480    4e-01   2811    -366   +480  
  18   124.61   16831.69   25   1e-01   1769    -90    +121    3e-01   2652    -424   +480    6e-01   2909    -382   +480  
  19   125.63   16823.88   30   6e-02   1640    -132   +3      2e-01   2769    -349   +466    4e-01   3017    -356   +464  
  20   126.68   16817.00   31   5e-02   1592    -50    +2      3e-01   2905    -302   +438    5e-01   3220    -256   +459  
  21   127.72   16812.13   32   7e-02   1569    -32    +9      3e-01   3142    -240   +477    3e-01   3460    -232   +472  
  22   128.43   16809.86   23   7e-02   1569    -0     +0      3e-01   3142    -0     +0      3e-01   3460    -0     +0    
==========================================================================================================================
BOUNDING STOPPED: Gap to big!
==========================================================================================================================
Depth = 3, Bound = 16809.86, Best = 16780

Branching on x[48] = 0.52
Fixing x[48] = 0

**************************************************************************************************************************
                                               Node 14
**************************************************************************************************************************
Problem size 147
Fixed variables: (x[4],0) (x[48],0) (x[76],0) (x[140],0)
==========================================================================================================================
starting bound     cut  triangles added  violation
      18052.00   16780              500       0.49
==========================================================================================================================
iter     time      bound  bdl   viol3  triag  purged   added   viol5  penta  purged   added   viol7  hepta  purged   added
==========================================================================================================================
   1   128.61   17746.92    3   5e-01    768    -231   +499   
   2   128.80   17555.32    4   4e-01   1019    -242   +493   
   3   129.01   17425.60    5   4e-01   1261    -256   +498   
   4   129.26   17292.65    6   4e-01   1511    -243   +493   
   5   129.81   17228.49   10   3e-01   1687    -318   +494    7e-01    480    -0     +480    8e-01    480    -0     +480  
   6   130.37   17127.74   10   3e-01   1714    -461   +488    7e-01    797    -163   +480    8e-01    816    -144   +480  
   7   130.98   17055.14   12   2e-01   1770    -427   +483    6e-01   1007    -270   +480    7e-01   1071    -225   +480  
   8   131.62   17007.67   12   2e-01   1920    -336   +486    7e-01   1277    -210   +480    7e-01   1341    -210   +480  
   9   132.31   16955.46   15   2e-01   1943    -456   +479    5e-01   1426    -331   +480    6e-01   1498    -323   +480  
  10   133.07   16923.83   15   2e-01   1987    -430   +474    5e-01   1594    -312   +480    6e-01   1660    -318   +480  
  11   133.86   16893.82   17   2e-01   2109    -361   +483    6e-01   1784    -290   +480    6e-01   1887    -253   +480  
  12   134.72   16873.72   21   1e-01   2115    -462   +468    4e-01   1856    -408   +480    6e-01   1971    -396   +480  
  13   135.60   16855.43   20   1e-01   2173    -401   +459    4e-01   2013    -323   +480    6e-01   2113    -338   +480  
  14   136.53   16839.44   22   1e-01   1881    -419   +127    3e-01   2098    -395   +480    5e-01   2261    -332   +480  
  15   137.48   16826.95   21   1e-01   1933    -180   +232    5e-01   2292    -286   +480    6e-01   2462    -279   +480  
  16   138.50   16816.57   29   5e-02   1709    -225   +1      2e-01   2389    -375   +472    5e-01   2563    -371   +472  
  17   139.54   16810.26   17   9e-02   1648    -85    +24     4e-01   2622    -240   +473    4e-01   2829    -212   +478  
  18   140.59   16801.63   24   1e-01   1611    -82    +45     3e-01   2842    -260   +480    5e-01   2997    -312   +480  
  19   141.72   16796.69   24   8e-02   1575    -68    +32     3e-01   2909    -409   +476    5e-01   3145    -330   +478  
  20   142.87   16791.22   21   1e-01   1637    -43    +105    4e-01   3015    -374   +480    5e-01   3308    -317   +480  
  21   144.04   16787.46   26   4e-02   1531    -106   +0      3e-01   3059    -405   +449    4e-01   3412    -362   +466  
  22   145.15   16784.91   25   9e-02   1606    -29    +104    3e-01   3294    -245   +480    4e-01   3622    -270   +480  
  23   146.28   16782.62   25   6e-02   1508    -100   +2      2e-01   3313    -449   +468    3e-01   3738    -362   +478  
  24   147.40   16781.13   22   1e-01   1593    -25    +110    4e-01   3433    -360   +480    5e-01   3886    -332   +480  
  25   147.66   16780.01   24   1e-01   1593    -0     +0      4e-01   3433    -0     +0      5e-01   3886    -0     +0    
==========================================================================================================================
Prune!
==========================================================================================================================
Depth = 4, Bound = 16780.01, Best = 16780

Fixing x[48] = 1

**************************************************************************************************************************
                                               Node 15
**************************************************************************************************************************
Problem size 147
Fixed variables: (x[4],0) (x[48],1) (x[76],0) (x[140],0)
==========================================================================================================================
starting bound     cut  triangles added  violation
      18105.56   16780              500       0.49
==========================================================================================================================
iter     time      bound  bdl   viol3  triag  purged   added   viol5  penta  purged   added   viol7  hepta  purged   added
==========================================================================================================================
   1   147.83   17774.35    5   5e-01    820    -178   +498   
   2   148.02   17527.09    5   4e-01   1106    -211   +497   
   3   148.23   17359.32    7   4e-01   1322    -283   +499   
   4   148.47   17248.96    6   3e-01   1579    -242   +499   
   5   149.01   17185.19   10   3e-01   1780    -285   +486    7e-01    480    -0     +480    8e-01    480    -0     +480  
   6   149.58   17096.67   11   3e-01   1861    -412   +493    7e-01    823    -137   +480    8e-01    859    -101   +480  
   7   150.18   17027.25   13   2e-01   1910    -435   +484    7e-01   1092    -211   +480    7e-01   1104    -235   +480  
   8   150.84   16983.79   16   2e-01   1995    -395   +480    5e-01   1304    -268   +480    6e-01   1320    -264   +480  
   9   151.56   16942.71   15   1e-01   2101    -369   +475    5e-01   1512    -272   +480    6e-01   1513    -287   +480  
  10   152.31   16906.72   15   2e-01   2153    -417   +469    5e-01   1651    -341   +480    6e-01   1658    -335   +480  
  11   153.11   16885.93   13   2e-01   2182    -439   +468    5e-01   1777    -354   +480    6e-01   1812    -326   +480  
  12   153.95   16863.59   21   1e-01   1880    -456   +154    4e-01   1892    -364   +479    5e-01   1874    -418   +480  
  13   154.82   16844.74   21   1e-01   2181    -167   +468    5e-01   2127    -245   +480    6e-01   2125    -229   +480  
  14   155.77   16832.62   15   1e-01   1940    -440   +199    4e-01   2193    -414   +480    6e-01   2217    -388   +480  
  15   156.72   16819.62   21   1e-01   1862    -223   +145    3e-01   2301    -372   +480    5e-01   2333    -364   +480  
  16   157.76   16814.13   19   1e-01   1762    -159   +59     4e-01   2454    -327   +480    5e-01   2537    -276   +480  
  17   158.81   16805.95   24   8e-02   1691    -92    +21     3e-01   2587    -344   +477    3e-01   2675    -342   +480  
  18   159.87   16800.35   16   8e-02   1692    -52    +53     3e-01   2705    -361   +479    5e-01   2881    -274   +480  
  19   160.94   16793.62   19   1e-01   1625    -81    +14     3e-01   2825    -359   +479    4e-01   3034    -327   +480  
  20   162.11   16791.59   19   6e-02   1601    -28    +4      2e-01   2953    -345   +473    4e-01   3197    -311   +474  
  21   163.28   16789.42   15   6e-02   1584    -26    +9      2e-01   3055    -373   +475    4e-01   3322    -354   +479  
  22   164.40   16785.74   19   1e-01   1733    -31    +180    4e-01   3211    -324   +480    4e-01   3456    -346   +480  
  23   165.55   16784.82   12   6e-02   1569    -166   +2      2e-01   3168    -520   +477    4e-01   3488    -444   +476  
  24   166.64   16783.09   14   1e-01   1797    -26    +254    5e-01   3298    -350   +480    6e-01   3638    -330   +480  
  25   167.87   16781.98   20   5e-02   1558    -239   +0      2e-01   3262    -504   +468    3e-01   3616    -494   +472  
  26   169.01   16781.45   13   9e-02   1628    -22    +92     3e-01   3335    -407   +480    4e-01   3719    -377   +480  
  27   169.53   16780.86   13   9e-02   1628    -0     +0      3e-01   3335    -0     +0      4e-01   3719    -0     +0    
==========================================================================================================================
Prune!
==========================================================================================================================
Depth = 4, Bound = 16780.86, Best = 16780

Branching on x[92] = 0.50
Fixing x[92] = 0

**************************************************************************************************************************
                                               Node 16
**************************************************************************************************************************
Problem size 147
Fixed variables: (x[4],1) (x[73],1) (x[92],0) (x[118],0)
==========================================================================================================================
starting bound     cut  triangles added  violation
      18070.89   16780              500       0.50
==========================================================================================================================
iter     time      bound  bdl   viol3  triag  purged   added   viol5  penta  purged   added   viol7  hepta  purged   added
==========================================================================================================================
   1   169.72   17705.12    4   5e-01    856    -142   +498   
   2   169.92   17491.23    4   4e-01   1156    -195   +495   
   3   170.13   17361.99    6   3e-01   1288    -363   +495   
   4   170.37   17254.23    7   4e-01   1581    -202   +495   
   5   170.91   17170.22    8   3e-01   1621    -455   +495    7e-01    480    -0     +480    8e-01    480    -0     +480  
   6   171.21   17089.19    8   3e-01   1768    -348   +495   
   7   171.82   17045.37   12   2e-01   1876    -382   +490    6e-01    837    -123   +480    7e-01    848    -112   +480  
   8   172.48   16984.36   13   2e-01   1905    -449   +478    6e-01   1105    -212   +480    7e-01   1132    -196   +480  
   9   173.17   16939.22   15   2e-01   1970    -415   +480    5e-01   1295    -290   +480    7e-01   1345    -267   +480  
  10   173.93   16908.75   14   2e-01   2073    -379   +482    6e-01   1519    -256   +480    7e-01   1595    -230   +480  
  11   174.74   16873.28   20   2e-01   2046    -507   +480    5e-01   1604    -395   +480    6e-01   1698    -377   +480  
  12   175.61   16855.00   17   1e-01   2090    -428   +472    5e-01   1761    -323   +480    6e-01   1891    -287   +480  
  13   176.51   16840.78   25   7e-02   1739    -425   +74     3e-01   1902    -339   +480    4e-01   2064    -307   +480  
  14   177.43   16825.41   19   9e-02   1843    -129   +233    3e-01   2164    -218   +480    4e-01   2338    -206   +480  
  15   178.39   16813.78   22   8e-02   1725    -229   +111    3e-01   2338    -306   +480    4e-01   2509    -309   +480  
  16   179.41   16804.02   23   1e-01   1762    -152   +189    4e-01   2498    -320   +480    5e-01   2669    -320   +480  
  17   180.45   16795.14   21   9e-02   1639    -183   +60     4e-01   2588    -390   +480    4e-01   2835    -314   +480  
  18   181.50   16791.98   20   1e-01   1878    -93    +332    3e-01   2665    -403   +480    5e-01   2984    -331   +480  
  19   182.67   16786.81   29   7e-02   1617    -269   +8      2e-01   2735    -406   +476    3e-01   3062    -401   +479  
  20   183.85   16782.53   23   1e-01   1694    -63    +140    3e-01   2905    -310   +480    4e-01   3259    -283   +480  
  21   184.08   16780.83   25   1e-01   1694    -0     +0      3e-01   2905    -0     +0      4e-01   3259    -0     +0    
==========================================================================================================================
Prune!
==========================================================================================================================
Depth = 4, Bound = 16780.83, Best = 16780

Fixing x[92] = 1

**************************************************************************************************************************
                                               Node 17
**************************************************************************************************************************
Problem size 147
Fixed variables: (x[4],1) (x[73],1) (x[92],1) (x[118],0)
==========================================================================================================================
starting bound     cut  triangles added  violation
      18134.06   16780              500       0.50
==========================================================================================================================
iter     time      bound  bdl   viol3  triag  purged   added   viol5  penta  purged   added   viol7  hepta  purged   added
==========================================================================================================================
   1   184.27   17781.16    3   5e-01    830    -167   +497   
   2   184.45   17618.10    6   4e-01    969    -358   +497   
   3   184.66   17466.90    5   4e-01   1283    -180   +494   
   4   185.15   17331.91    8   3e-01   1428    -351   +496    8e-01    480    -0     +480    8e-01    480    -0     +480  
   5   185.43   17225.68    8   3e-01   1614    -307   +493   
   6   186.00   17146.78   10   2e-01   1829    -277   +492    7e-01    827    -133   +480    8e-01    822    -138   +480  
   7   186.59   17069.64   12   2e-01   1928    -384   +483    6e-01   1092    -215   +480    7e-01   1090    -212   +480  
   8   187.26   17005.89   13   2e-01   1975    -447   +494    5e-01   1284    -288   +480    6e-01   1311    -259   +480  
   9   187.98   16964.98   20   1e-01   2030    -411   +466    5e-01   1476    -288   +480    6e-01   1491    -300   +480  
  10   188.76   16931.50   17   2e-01   2182    -328   +480    5e-01   1735    -221   +480    7e-01   1782    -189   +480  
  11   189.55   16903.48   20   1e-01   2144    -505   +467    4e-01   1772    -443   +480    5e-01   1840    -422   +480  
  12   190.37   16877.07   21   1e-01   2269    -342   +467    4e-01   1963    -289   +480    6e-01   2052    -268   +480  
  13   191.24   16854.49   19   1e-01   2340    -402   +473    4e-01   2103    -340   +480    5e-01   2222    -310   +480  
  14   192.17   16835.04   24   1e-01   2208    -417   +285    3e-01   2222    -361   +480    5e-01   2361    -341   +480  
  15   193.13   16819.57   26   7e-02   1922    -318   +32     3e-01   2341    -358   +477    4e-01   2512    -329   +480  
  16   194.11   16807.61   31   7e-02   1885    -96    +59     3e-01   2594    -226   +479    4e-01   2757    -231   +476  
  17   195.11   16798.81   32   7e-02   1809    -98    +22     3e-01   2796    -275   +477    4e-01   2983    -251   +477  
  18   196.13   16788.54   29   8e-02   1768    -72    +31     3e-01   2990    -285   +479    4e-01   3174    -288   +479  
  19   197.19   16782.56   32   7e-02   1703    -68    +3      3e-01   3122    -327   +459    4e-01   3366    -268   +460  
  20   197.45   16777.69   34   7e-02   1703    -0     +0      3e-01   3122    -0     +0      4e-01   3366    -0     +0    
==========================================================================================================================
Prune!
==========================================================================================================================
Depth = 4, Bound = 16777.69, Best = 16780

Branching on x[40] = 0.50
Fixing x[40] = 0

**************************************************************************************************************************
                                               Node 18
**************************************************************************************************************************
Problem size 147
Fixed variables: (x[4],1) (x[40],0) (x[73],1) (x[118],1)
==========================================================================================================================
starting bound     cut  triangles added  violation
      18082.65   16780              500       0.50
==========================================================================================================================
iter     time      bound  bdl   viol3  triag  purged   added   viol5  penta  purged   added   viol7  hepta  purged   added
==========================================================================================================================
   1   197.65   17783.78    3   4e-01    836    -152   +488   
   2   197.85   17528.02    5   4e-01   1150    -184   +498   
   3   198.07   17405.10    7   3e-01   1316    -331   +497   
   4   198.31   17289.75    6   4e-01   1540    -274   +498   
   5   198.84   17207.32    9   3e-01   1718    -314   +492    7e-01    480    -0     +480    8e-01    480    -0     +480  
   6   199.41   17132.65   11   2e-01   1808    -404   +494    6e-01    811    -149   +480    8e-01    841    -119   +480  
   7   200.03   17068.14   11   2e-01   1850    -442   +484    7e-01   1037    -254   +480    7e-01   1067    -254   +480  
   8   200.67   17009.58   13   2e-01   1890    -440   +480    5e-01   1244    -273   +480    7e-01   1264    -283   +480  
   9   201.37   16970.60   16   2e-01   1967    -399   +476    5e-01   1398    -326   +480    6e-01   1460    -284   +480  
  10   202.15   16934.53   16   2e-01   2007    -432   +472    6e-01   1611    -267   +480    6e-01   1700    -240   +480  
  11   202.95   16909.48   16   2e-01   2064    -408   +465    5e-01   1770    -321   +480    5e-01   1856    -324   +480  
  12   203.78   16885.58   22   1e-01   2154    -384   +474    4e-01   1907    -343   +480    5e-01   2003    -333   +480  
  13   204.67   16868.12   17   1e-01   2259    -355   +460    4e-01   2072    -315   +480    5e-01   2193    -290   +480  
  14   205.59   16854.79   27   7e-02   1871    -433   +45     3e-01   2202    -350   +480    5e-01   2382    -290   +479  
  15   206.55   16841.05   25   7e-02   1754    -155   +38     3e-01   2458    -223   +479    4e-01   2613    -248   +479  
  16   207.56   16828.96   29   8e-02   1670    -96    +12     3e-01   2597    -339   +478    4e-01   2762    -328   +477  
  17   208.56   16819.76   26   1e-01   1744    -56    +130    3e-01   2801    -276   +480    4e-01   2951    -291   +480  
  18   209.59   16811.59   28   8e-02   1685    -118   +59     4e-01   2948    -332   +479    4e-01   3066    -364   +479  
  19   210.62   16803.13   29   1e-01   1611    -90    +16     2e-01   3085    -342   +479    3e-01   3191    -353   +478  
  20   211.68   16797.83   27   1e-01   1672    -50    +111    3e-01   3255    -310   +480    5e-01   3378    -293   +480  
  21   212.77   16793.45   32   7e-02   1575    -102   +5      2e-01   3308    -417   +470    5e-01   3471    -382   +475  
  22   213.87   16789.44   29   6e-02   1541    -38    +4      3e-01   3465    -301   +458    3e-01   3671    -273   +473  
  23   214.95   16784.98   31   5e-02   1516    -25    +0      2e-01   3600    -310   +445    4e-01   3826    -308   +463  
  24   215.57   16780.51   35   5e-02   1516    -0     +0      2e-01   3600    -0     +0      4e-01   3826    -0     +0    
==========================================================================================================================
Prune!
==========================================================================================================================
Depth = 4, Bound = 16780.51, Best = 16780

Fixing x[40] = 1

**************************************************************************************************************************
                                               Node 19
**************************************************************************************************************************
Problem size 147
Fixed variables: (x[4],1) (x[40],1) (x[73],1) (x[118],1)
==========================================================================================================================
starting bound     cut  triangles added  violation
      18126.01   16780              500       0.49
==========================================================================================================================
iter     time      bound  bdl   viol3  triag  purged   added   viol5  penta  purged   added   viol7  hepta  purged   added
==========================================================================================================================
   1   215.76   17776.90    5   4e-01    819    -177   +496   
   2   215.95   17539.22    5   4e-01   1110    -198   +489   
   3   216.17   17345.56    7   3e-01   1321    -286   +497   
   4   216.42   17253.32    7   3e-01   1622    -195   +496   
   5   216.96   17177.10   10   3e-01   1821    -294   +493    7e-01    480    -0     +480    8e-01    480    -0     +480  
   6   217.55   17089.05   13   2e-01   1813    -498   +490    6e-01    779    -181   +480    8e-01    806    -154   +480  
   7   218.16   17025.26   14   2e-01   1907    -383   +477    6e-01   1068    -191   +480    6e-01   1111    -175   +480  
   8   218.83   16980.49   14   2e-01   1960    -425   +478    5e-01   1280    -268   +480    6e-01   1321    -270   +480  
   9   219.55   16944.76   15   2e-01   2003    -426   +469    6e-01   1435    -325   +480    6e-01   1436    -364   +479  
  10   220.32   16908.10   16   2e-01   2088    -388   +473    5e-01   1608    -307   +480    6e-01   1633    -283   +480  
  11   221.13   16886.65   17   1e-01   1873    -462   +247    4e-01   1731    -356   +479    5e-01   1770    -342   +479  
  12   221.95   16864.53   17   1e-01   2151    -201   +479    5e-01   1974    -237   +480    6e-01   2034    -216   +480  
  13   222.85   16841.66   25   1e-01   1930    -427   +206    3e-01   2055    -399   +480    4e-01   2126    -388   +480  
  14   223.78   16831.55   19   1e-01   1835    -210   +115    4e-01   2235    -299   +479    5e-01   2389    -217   +480  
  15   224.74   16821.58   25   8e-02   1724    -135   +24     4e-01   2411    -303   +479    5e-01   2578    -290   +479  
  16   225.75   16810.04   27   8e-02   1681    -95    +52     4e-01   2548    -342   +479    4e-01   2730    -328   +480  
  17   226.77   16801.59   25   1e-01   1693    -78    +90     3e-01   2724    -303   +479    5e-01   2918    -292   +480  
  18   227.80   16796.60   25   7e-02   1605    -95    +7      3e-01   2785    -417   +478    4e-01   3033    -362   +477  
  19   228.83   16790.86   24   7e-02   1566    -60    +21     4e-01   2949    -315   +479    4e-01   3177    -335   +479  
  20   229.89   16787.08   26   7e-02   1545    -45    +24     3e-01   3072    -356   +479    5e-01   3310    -344   +477  
  21   231.02   16784.14   20   1e-01   1779    -38    +272    5e-01   3194    -358   +480    5e-01   3455    -335   +480  
  22   231.77   16780.25   20   1e-01   1779    -0     +0      5e-01   3194    -0     +0      5e-01   3455    -0     +0    
==========================================================================================================================
Prune!
==========================================================================================================================
Depth = 4, Bound = 16780.25, Best = 16780

Branching on x[62] = 0.50
Fixing x[62] = 0

**************************************************************************************************************************
                                               Node 20
**************************************************************************************************************************
Problem size 148
Fixed variables: (x[4],1) (x[62],0) (x[73],0)
==========================================================================================================================
starting bound     cut  triangles added  violation
      18160.73   16780              500       0.49
==========================================================================================================================
iter     time      bound  bdl   viol3  triag  purged   added   viol5  penta  purged   added   viol7  hepta  purged   added
==========================================================================================================================
   1   231.95   17842.58    3   4e-01    825    -172   +497   
   2   232.14   17606.96    5   4e-01   1061    -261   +497   
   3   232.35   17460.85    7   3e-01   1293    -262   +494   
   4   232.60   17326.95    6   3e-01   1514    -275   +496   
   5   233.12   17264.14   10   3e-01   1707    -300   +493    8e-01    480    -0     +480    8e-01    480    -0     +480  
   6   233.68   17161.95   11   3e-01   1841    -356   +490    7e-01    864    -96    +480    8e-01    867    -93    +480  
   7   234.28   17101.84   11   2e-01   1863    -467   +489    6e-01   1062    -282   +480    7e-01   1093    -254   +480  
   8   234.92   17045.51   12   2e-01   1986    -360   +483    6e-01   1301    -241   +480    7e-01   1329    -244   +480  
   9   235.61   16992.42   18   2e-01   2021    -421   +456    5e-01   1461    -320   +480    6e-01   1478    -331   +480  
  10   236.35   16954.59   13   2e-01   2124    -378   +481    5e-01   1651    -290   +480    6e-01   1684    -274   +480  
  11   237.13   16929.45   22   2e-01   2115    -472   +463    4e-01   1773    -358   +480    5e-01   1790    -374   +480  
  12   237.96   16898.09   20   1e-01   2165    -420   +470    5e-01   1921    -332   +480    5e-01   1943    -326   +479  
  13   238.83   16870.94   21   9e-02   1978    -405   +218    4e-01   2013    -388   +480    6e-01   2047    -375   +479  
  14   239.75   16857.92   27   1e-01   2050    -246   +318    4e-01   2217    -276   +480    5e-01   2245    -282   +480  
  15   240.72   16841.51   26   1e-01   1977    -303   +230    3e-01   2345    -352   +480    5e-01   2402    -320   +477  
  16   241.72   16825.47   29   1e-01   1858    -253   +134    3e-01   2460    -365   +480    5e-01   2541    -341   +480  
  17   242.74   16816.33   27   7e-02   1725    -159   +26     3e-01   2544    -393   +477    4e-01   2655    -358   +472  
  18   243.86   16808.05   32   8e-02   1709    -72    +56     4e-01   2731    -292   +479    4e-01   2866    -269   +480  
  19   245.00   16800.55   34   9e-02   1635    -85    +11     5e-01   2826    -375   +470    4e-01   2975    -366   +475  
  20   246.17   16793.05   34   8e-02   1598    -52    +15     4e-01   2999    -300   +473    5e-01   3136    -309   +470  
  21   247.35   16786.39   26   1e-01   1738    -46    +186    3e-01   3163    -316   +480    5e-01   3323    -293   +480  
  22   248.53   16783.56   31   8e-02   1606    -162   +30     4e-01   3211    -428   +476    4e-01   3458    -343   +478  
  23   248.92   16779.80   31   8e-02   1606    -0     +0      4e-01   3211    -0     +0      4e-01   3458    -0     +0    
==========================================================================================================================
Prune!
==========================================================================================================================
Depth = 3, Bound = 16779.80, Best = 16780

Fixing x[62] = 1

**************************************************************************************************************************
                                               Node 21
**************************************************************************************************************************
Problem size 148
Fixed variables: (x[4],1) (x[62],1) (x[73],0)
==========================================================================================================================
starting bound     cut  triangles added  violation
      18090.83   16780              500       0.49
==========================================================================================================================
iter     time      bound  bdl   viol3  triag  purged   added   viol5  penta  purged   added   viol7  hepta  purged   added
==========================================================================================================================
   1   249.10   17816.04    3   5e-01    833    -167   +500   
   2   249.28   17578.06    6   4e-01   1023    -308   +498   
   3   249.50   17415.19    5   3e-01   1222    -297   +496   
   4   249.74   17306.24    9   3e-01   1432    -287   +497   
   5   250.27   17227.05    8   3e-01   1699    -223   +490    8e-01    480    -0     +480    8e-01    480    -0     +480  
   6   250.84   17135.10   11   2e-01   1793    -390   +484    7e-01    830    -130   +480    8e-01    833    -127   +480  
   7   251.44   17066.88   11   2e-01   1823    -460   +490    6e-01   1058    -252   +480    7e-01   1082    -231   +480  
   8   252.09   17008.49   16   2e-01   1849    -447   +473    5e-01   1253    -285   +480    7e-01   1269    -293   +480  
   9   252.79   16964.43   15   2e-01   1869    -462   +482    6e-01   1457    -276   +480    6e-01   1451    -298   +480  
  10   253.54   16926.53   16   2e-01   1948    -386   +465    5e-01   1666    -271   +480    6e-01   1645    -286   +480  
  11   254.34   16894.59   17   1e-01   2006    -416   +474    4e-01   1787    -359   +480    5e-01   1825    -300   +480  
  12   255.18   16878.97   19   9e-02   1710    -432   +136    3e-01   1938    -329   +480    6e-01   1975    -330   +480  
  13   256.03   16858.64   19   1e-01   2000    -179   +469    4e-01   2174    -244   +480    5e-01   2188    -267   +480  
  14   256.95   16843.56   22   1e-01   2073    -347   +420    4e-01   2325    -329   +480    5e-01   2361    -307   +480  
  15   257.93   16828.26   26   6e-02   1656    -424   +7      3e-01   2413    -383   +471    4e-01   2458    -376   +473  
  16   258.94   16819.00   17   1e-01   2061    -81    +486    5e-01   2655    -238   +480    7e-01   2711    -227   +480  
  17   259.97   16809.94   27   8e-02   1663    -431   +33     3e-01   2704    -429   +478    4e-01   2757    -432   +478  
  18   261.00   16799.74   28   8e-02   1567    -107   +11     4e-01   2839    -339   +474    4e-01   2889    -343   +475  
  19   262.04   16794.28   27   1e-01   1504    -77    +14     3e-01   2978    -333   +472    4e-01   3116    -245   +472  
  20   263.09   16787.70   27   5e-02   1457    -49    +2      3e-01   3119    -323   +464    4e-01   3291    -286   +461  
  21   264.16   16784.28   28   7e-02   1435    -27    +5      2e-01   3320    -267   +468    4e-01   3548    -207   +464  
  22   264.41   16780.97   30   7e-02   1435    -0     +0      2e-01   3320    -0     +0      4e-01   3548    -0     +0    
==========================================================================================================================
Prune!
==========================================================================================================================
Depth = 3, Bound = 16780.97, Best = 16780


Nodes = 21
Root node bound = 16929.179
Maximum value = 16780
Solution = ( 1 3 10 12 13 14 17 19 21 26 29 32 33 39 41 43 44 45 46 49 53 54 59 62 65 66 70 71 72 74 76 78 79 82 83 86 90 92 95 104 106 112 114 117 118 119 120 121 122 124 134 135 136 138 139 147 148 150 )
CPU time = 264.41 s

