Input file: ./Instances/biq2mc/be/be150.8.6.sparse.mc

Graph has 151 vertices and 8937 edges.

BiqBin parameters:
    init_bundle_iter = 5
     max_bundle_iter = 20
      min_outer_iter = 10
      max_outer_iter = 30
       violated_Ineq = 0.050000
             TriIneq = 500
         Pent_Trials = 160
        Hepta_Trials = 120
        include_Pent = 1
       include_Hepta = 1
                root = 0
            use_diff = 1
          time_limit = 0
   branchingStrategy = 1
      detailedOutput = 1

**************************************************************************************************************************
                                               Node 1
**************************************************************************************************************************
Problem size 151
Fixed variables:
Node 1 Feasible solution 29221
==========================================================================================================================
starting bound     cut  triangles added  violation
      32120.17   29221              500       0.50
==========================================================================================================================
iter     time      bound  bdl   viol3  triag  purged   added   viol5  penta  purged   added   viol7  hepta  purged   added
==========================================================================================================================
   1     0.29   31226.50    5   4e-01    849    -148   +497   
   2     0.57   30815.48    8   4e-01   1135    -210   +496   
   3     0.85   30521.34    4   4e-01   1389    -243   +497   
   4     1.39   30391.19    9   3e-01   1483    -399   +493    8e-01    480    -0     +480    8e-01    480    -0     +480  
   5     1.96   30215.71   10   2e-01   1663    -312   +492    6e-01    851    -109   +480    7e-01    849    -111   +480  
   6     2.55   30050.15   12   2e-01   1766    -391   +494    7e-01   1113    -218   +480    7e-01   1085    -244   +480  
   7     3.17   29947.59   16   2e-01   1823    -421   +478    6e-01   1295    -298   +480    6e-01   1232    -333   +480  
   8     3.85   29855.38   16   2e-01   1888    -415   +480    5e-01   1509    -266   +480    6e-01   1415    -297   +480  
   9     4.57   29776.17   19   2e-01   1922    -445   +479    5e-01   1652    -337   +480    6e-01   1570    -324   +479  
  10     5.33   29728.37   18   2e-01   1968    -430   +476    5e-01   1805    -327   +480    6e-01   1740    -310   +480  
  11     6.13   29672.65   26   9e-02   1780    -389   +201    4e-01   1953    -331   +479    4e-01   1894    -324   +478  
  12     6.97   29637.08   19   9e-02   1838    -201   +259    4e-01   2155    -277   +479    5e-01   2111    -260   +477  
  13     7.86   29599.71   23   1e-01   2084    -221   +467    5e-01   2310    -325   +480    5e-01   2285    -306   +480  
  14     8.83   29562.77   28   1e-01   2015    -440   +371    3e-01   2396    -394   +480    4e-01   2349    -414   +478  
  15     9.51   29541.49   29   1e-01   2015    -0     +0      3e-01   2396    -0     +0      4e-01   2349    -0     +0    
==========================================================================================================================
BOUNDING STOPPED: Gap to big!
==========================================================================================================================
Depth = 0, Bound = 29541.49, Best = 29221

Branching on x[56] = 0.49
Fixing x[56] = 0

**************************************************************************************************************************
                                               Node 2
**************************************************************************************************************************
Problem size 150
Fixed variables: (x[56],0)
==========================================================================================================================
BOUNDING STOPPED: Gap to big!
==========================================================================================================================
Depth = 1, Bound = 31989.06, Best = 29221

Fixing x[56] = 1

**************************************************************************************************************************
                                               Node 3
**************************************************************************************************************************
Problem size 150
Fixed variables: (x[56],1)
==========================================================================================================================
BOUNDING STOPPED: Gap to big!
==========================================================================================================================
Depth = 1, Bound = 31992.07, Best = 29221

Branching on x[3] = 0.50
Fixing x[3] = 0

**************************************************************************************************************************
                                               Node 4
**************************************************************************************************************************
Problem size 149
Fixed variables: (x[3],0) (x[56],1)
==========================================================================================================================
BOUNDING STOPPED: Gap to big!
==========================================================================================================================
Depth = 2, Bound = 31864.38, Best = 29221

Fixing x[3] = 1

**************************************************************************************************************************
                                               Node 5
**************************************************************************************************************************
Problem size 149
Fixed variables: (x[3],1) (x[56],1)
==========================================================================================================================
BOUNDING STOPPED: Gap to big!
==========================================================================================================================
Depth = 2, Bound = 31835.18, Best = 29221

Branching on x[109] = 0.51
Fixing x[109] = 0

**************************************************************************************************************************
                                               Node 6
**************************************************************************************************************************
Problem size 149
Fixed variables: (x[56],0) (x[109],0)
==========================================================================================================================
BOUNDING STOPPED: Gap to big!
==========================================================================================================================
Depth = 2, Bound = 31859.94, Best = 29221

Fixing x[109] = 1

**************************************************************************************************************************
                                               Node 7
**************************************************************************************************************************
Problem size 149
Fixed variables: (x[56],0) (x[109],1)
==========================================================================================================================
BOUNDING STOPPED: Gap to big!
==========================================================================================================================
Depth = 2, Bound = 31853.41, Best = 29221

Branching on x[35] = 0.49
Fixing x[35] = 0

**************************************************************************************************************************
                                               Node 8
**************************************************************************************************************************
Problem size 148
Fixed variables: (x[3],0) (x[35],0) (x[56],1)
==========================================================================================================================
starting bound     cut  triangles added  violation
      31735.77   29221              500       0.50
==========================================================================================================================
iter     time      bound  bdl   viol3  triag  purged   added   viol5  penta  purged   added   viol7  hepta  purged   added
==========================================================================================================================
   1     9.93   30994.25    5   4e-01    836    -161   +497   
   2    10.15   30551.84    6   4e-01   1155    -175   +494   
   3    10.40   30311.86    6   4e-01   1377    -276   +498   
   4    10.66   30098.46    8   4e-01   1553    -318   +494   
   5    11.24   30008.37    9   3e-01   1723    -326   +496    7e-01    480    -0     +480    8e-01    480    -0     +480  
   6    11.85   29884.55   12   3e-01   1807    -410   +494    7e-01    816    -144   +480    7e-01    843    -117   +480  
   7    12.48   29754.67   12   2e-01   1807    -494   +494    6e-01   1048    -248   +480    7e-01   1091    -232   +480  
   8    13.17   29674.78   13   2e-01   1858    -436   +487    5e-01   1257    -271   +480    6e-01   1339    -232   +480  
   9    13.88   29610.35   20   2e-01   1875    -452   +469    5e-01   1440    -297   +480    7e-01   1501    -318   +480  
  10    14.65   29555.69   17   2e-01   1958    -395   +478    5e-01   1651    -269   +480    6e-01   1731    -250   +480  
  11    15.44   29513.17   19   1e-01   1981    -448   +471    4e-01   1788    -343   +480    6e-01   1904    -307   +480  
  12    16.29   29466.23   25   1e-01   1947    -446   +412    5e-01   1897    -371   +480    5e-01   2044    -340   +480  
  13    17.19   29432.18   18   2e-01   2097    -327   +477    5e-01   2075    -302   +480    6e-01   2267    -257   +480  
  14    18.12   29413.53   21   9e-02   1717    -462   +82     4e-01   2207    -347   +479    4e-01   2402    -345   +480  
  15    19.08   29388.78   24   9e-02   1710    -176   +169    3e-01   2351    -336   +480    5e-01   2608    -274   +480  
  16    20.10   29365.95   17   1e-01   2049    -151   +490    5e-01   2517    -314   +480    5e-01   2807    -281   +480  
  17    21.19   29352.52   25   7e-02   1626    -442   +19     3e-01   2561    -436   +480    5e-01   2904    -382   +479  
  18    22.25   29337.11   31   9e-02   1554    -110   +38     3e-01   2695    -346   +480    5e-01   3096    -287   +479  
  19    23.34   29326.76   32   8e-02   1508    -78    +32     2e-01   2873    -300   +478    4e-01   3300    -275   +479  
  20    24.07   29317.51   25   8e-02   1508    -0     +0      2e-01   2873    -0     +0      4e-01   3300    -0     +0    
==========================================================================================================================
BOUNDING STOPPED: Gap to big!
==========================================================================================================================
Depth = 3, Bound = 29317.51, Best = 29221

Fixing x[35] = 1

**************************************************************************************************************************
                                               Node 9
**************************************************************************************************************************
Problem size 148
Fixed variables: (x[3],0) (x[35],1) (x[56],1)
==========================================================================================================================
starting bound     cut  triangles added  violation
      31692.96   29221              500       0.50
==========================================================================================================================
iter     time      bound  bdl   viol3  triag  purged   added   viol5  penta  purged   added   viol7  hepta  purged   added
==========================================================================================================================
   1    24.26   30964.49    4   4e-01    844    -155   +499   
   2    24.46   30601.71    7   4e-01   1142    -198   +496   
   3    24.70   30267.54    6   4e-01   1387    -255   +500   
   4    24.97   30120.39    6   4e-01   1677    -204   +494   
   5    25.54   29968.63    8   3e-01   1798    -378   +499    7e-01    480    -0     +480    8e-01    480    -0     +480  
   6    26.13   29827.16   13   2e-01   1847    -442   +491    6e-01    827    -133   +480    7e-01    836    -124   +480  
   7    26.76   29708.67   12   2e-01   1948    -388   +489    6e-01   1144    -163   +480    7e-01   1142    -174   +480  
   8    27.42   29630.52   13   2e-01   1990    -447   +489    6e-01   1326    -298   +480    7e-01   1350    -272   +480  
   9    28.12   29546.10   16   2e-01   1983    -479   +472    5e-01   1494    -312   +480    6e-01   1507    -323   +480  
  10    28.88   29509.42   20   2e-01   2064    -409   +490    5e-01   1668    -306   +480    6e-01   1715    -272   +480  
  11    29.67   29455.96   23   1e-01   2108    -418   +462    5e-01   1809    -339   +480    6e-01   1843    -352   +480  
  12    30.52   29421.90   20   2e-01   2193    -391   +476    6e-01   2003    -286   +480    6e-01   2052    -271   +480  
  13    31.42   29389.67   23   1e-01   2207    -445   +459    4e-01   2067    -415   +479    5e-01   2097    -435   +480  
  14    32.35   29355.28   26   1e-01   1952    -406   +151    4e-01   2231    -315   +479    4e-01   2284    -293   +480  
  15    33.32   29325.13   23   1e-01   2224    -203   +475    4e-01   2427    -284   +480    5e-01   2523    -241   +480  
  16    34.36   29306.18   22   1e-01   2294    -406   +476    4e-01   2523    -384   +480    5e-01   2663    -340   +480  
  17    35.40   29291.13   30   6e-02   1839    -465   +10     2e-01   2567    -426   +470    4e-01   2754    -379   +470  
  18    36.44   29279.15   30   8e-02   1739    -111   +11     3e-01   2810    -231   +474    4e-01   3032    -196   +474  
  19    37.47   29262.42   21   1e-01   2135    -82    +478    4e-01   3001    -289   +480    5e-01   3255    -257   +480  
  20    38.58   29255.92   24   6e-02   1728    -410   +3      3e-01   3065    -409   +473    4e-01   3375    -356   +476  
  21    39.64   29241.69   25   6e-02   1643    -96    +11     3e-01   3207    -336   +478    5e-01   3525    -324   +474  
  22    40.71   29237.04   23   6e-02   1598    -47    +2      2e-01   3390    -284   +467    4e-01   3736    -253   +464  
  23    41.79   29227.44   28   9e-02   1557    -47    +6      2e-01   3535    -321   +466    4e-01   3884    -320   +468  
  24    42.50   29220.82   34   9e-02   1557    -0     +0      2e-01   3535    -0     +0      4e-01   3884    -0     +0    
==========================================================================================================================
Prune!
==========================================================================================================================
Depth = 3, Bound = 29220.82, Best = 29221

Branching on x[72] = 0.49
Fixing x[72] = 0

**************************************************************************************************************************
                                               Node 10
**************************************************************************************************************************
Problem size 148
Fixed variables: (x[56],0) (x[72],0) (x[109],0)
==========================================================================================================================
starting bound     cut  triangles added  violation
      31739.64   29221              500       0.49
==========================================================================================================================
iter     time      bound  bdl   viol3  triag  purged   added   viol5  penta  purged   added   viol7  hepta  purged   added
==========================================================================================================================
   1    42.71   30977.08    5   4e-01    880    -116   +496   
   2    42.93   30525.93    4   4e-01   1196    -183   +499   
   3    43.18   30366.92    7   3e-01   1412    -277   +493   
   4    43.45   30130.47    8   3e-01   1631    -276   +495   
   5    43.74   30016.73    9   3e-01   1808    -317   +494   
   6    44.34   29899.91    8   2e-01   1893    -408   +493    8e-01    480    -0     +480    7e-01    480    -0     +480  
   7    44.96   29775.57   12   2e-01   1994    -390   +491    6e-01    821    -139   +480    7e-01    840    -120   +480  
   8    45.61   29669.75   15   2e-01   2050    -432   +488    5e-01   1120    -181   +480    6e-01   1151    -169   +480  
   9    46.32   29595.76   15   2e-01   2081    -453   +484    5e-01   1354    -246   +480    6e-01   1401    -230   +480  
  10    47.05   29537.30   17   2e-01   2191    -361   +471    5e-01   1558    -276   +480    6e-01   1629    -252   +480  
  11    47.84   29483.91   22   2e-01   2262    -401   +472    5e-01   1762    -276   +480    5e-01   1837    -272   +480  
  12    48.69   29426.40   24   1e-01   2131    -493   +362    4e-01   1898    -344   +480    5e-01   1987    -328   +478  
  13    49.55   29390.35   25   1e-01   2257    -288   +414    4e-01   2112    -265   +479    5e-01   2246    -220   +479  
  14    50.46   29365.63   25   1e-01   2157    -381   +281    3e-01   2275    -315   +478    5e-01   2431    -295   +480  
  15    51.40   29339.80   24   1e-01   2195    -310   +348    3e-01   2476    -278   +479    4e-01   2612    -298   +479  
  16    52.41   29304.94   26   1e-01   2157    -328   +290    3e-01   2572    -384   +480    5e-01   2765    -327   +480  
  17    53.41   29287.84   28   8e-02   1900    -280   +23     3e-01   2695    -356   +479    4e-01   2955    -285   +475  
  18    54.38   29267.98   29   1e-01   1883    -128   +111    3e-01   2849    -325   +479    5e-01   3141    -292   +478  
  19    55.40   29256.71   31   7e-02   1761    -129   +7      2e-01   3009    -313   +473    4e-01   3317    -298   +474  
  20    56.44   29239.39   32   8e-02   1728    -69    +36     3e-01   3184    -301   +476    4e-01   3481    -313   +477  
  21    57.53   29230.50   34   7e-02   1688    -60    +20     4e-01   3369    -293   +478    4e-01   3686    -270   +475  
  22    58.60   29223.03   32   6e-02   1652    -39    +3      3e-01   3478    -344   +453    4e-01   3870    -282   +466  
  23    58.70   29219.87   32   6e-02   1652    -0     +0      3e-01   3478    -0     +0      4e-01   3870    -0     +0    
==========================================================================================================================
Prune!
==========================================================================================================================
Depth = 3, Bound = 29219.87, Best = 29221

Fixing x[72] = 1

**************************************************************************************************************************
                                               Node 11
**************************************************************************************************************************
Problem size 148
Fixed variables: (x[56],0) (x[72],1) (x[109],0)
==========================================================================================================================
starting bound     cut  triangles added  violation
      31710.27   29221              500       0.50
==========================================================================================================================
iter     time      bound  bdl   viol3  triag  purged   added   viol5  penta  purged   added   viol7  hepta  purged   added
==========================================================================================================================
   1    58.89   30949.75    5   4e-01    849    -147   +496   
   2    59.10   30524.25    5   4e-01   1191    -154   +496   
   3    59.33   30337.18    8   4e-01   1371    -320   +500   
   4    59.58   30164.95    8   3e-01   1590    -275   +494   
   5    60.15   30033.87    9   3e-01   1836    -242   +488    7e-01    480    -0     +480    8e-01    480    -0     +480  
   6    60.75   29892.75   12   3e-01   1879    -450   +493    6e-01    822    -138   +480    7e-01    867    -93    +480  
   7    61.39   29780.41   11   3e-01   1952    -419   +492    7e-01   1093    -209   +480    7e-01   1162    -185   +480  
   8    62.07   29689.68   17   2e-01   1926    -512   +486    5e-01   1284    -289   +480    6e-01   1354    -288   +480  
   9    62.78   29617.40   17   2e-01   2012    -391   +477    5e-01   1520    -244   +480    6e-01   1604    -230   +480  
  10    63.54   29545.52   20   2e-01   2043    -441   +472    5e-01   1701    -299   +480    5e-01   1762    -322   +480  
  11    64.33   29504.17   22   1e-01   1991    -425   +373    3e-01   1838    -343   +480    5e-01   1957    -285   +480  
  12    65.17   29460.77   21   2e-01   2169    -295   +473    5e-01   2043    -275   +480    6e-01   2177    -260   +480  
  13    66.06   29438.51   19   1e-01   1988    -398   +217    4e-01   2236    -287   +480    6e-01   2350    -307   +480  
  14    66.94   29407.19   24   9e-02   1877    -249   +138    4e-01   2395    -321   +480    5e-01   2537    -293   +480  
  15    67.88   29381.61   26   9e-02   1781    -185   +89     4e-01   2542    -333   +480    5e-01   2705    -311   +479  
  16    68.88   29365.47   28   8e-02   1716    -125   +60     3e-01   2712    -308   +478    4e-01   2844    -339   +478  
  17    69.91   29342.26   25   1e-01   1824    -116   +224    4e-01   2854    -338   +480    6e-01   3035    -288   +479  
  18    70.94   29331.95   19   9e-02   1769    -191   +136    4e-01   2931    -402   +479    5e-01   3135    -379   +479  
  19    71.97   29322.61   27   8e-02   1639    -152   +22     4e-01   3088    -321   +478    4e-01   3304    -306   +475  
  20    72.67   29313.68   27   8e-02   1639    -0     +0      4e-01   3088    -0     +0      4e-01   3304    -0     +0    
==========================================================================================================================
BOUNDING STOPPED: Gap to big!
==========================================================================================================================
Depth = 3, Bound = 29313.68, Best = 29221

Branching on x[46] = 0.50
Fixing x[46] = 0

**************************************************************************************************************************
                                               Node 12
**************************************************************************************************************************
Problem size 148
Fixed variables: (x[46],0) (x[56],0) (x[109],1)
==========================================================================================================================
starting bound     cut  triangles added  violation
      31686.41   29221              500       0.49
==========================================================================================================================
iter     time      bound  bdl   viol3  triag  purged   added   viol5  penta  purged   added   viol7  hepta  purged   added
==========================================================================================================================
   1    72.86   30827.39    5   5e-01    860    -134   +494   
   2    73.07   30472.75    6   4e-01   1112    -240   +492   
   3    73.30   30178.42    5   4e-01   1393    -217   +498   
   4    73.56   29996.92    7   3e-01   1514    -375   +496   
   5    74.09   29860.09   10   3e-01   1739    -263   +488    7e-01    480    -0     +480    8e-01    480    -0     +480  
   6    74.65   29698.80   10   3e-01   1778    -452   +491    7e-01    822    -138   +480    8e-01    797    -163   +480  
   7    75.26   29587.71   10   3e-01   1885    -377   +484    6e-01   1083    -219   +480    7e-01   1027    -250   +480  
   8    75.90   29497.64   17   2e-01   1899    -470   +484    5e-01   1241    -322   +480    6e-01   1185    -322   +480  
   9    76.57   29426.22   20   1e-01   2015    -368   +484    5e-01   1515    -206   +480    6e-01   1444    -219   +478  
  10    77.27   29358.93   21   1e-01   2066    -407   +458    4e-01   1717    -278   +480    5e-01   1615    -309   +480  
  11    78.05   29305.72   18   2e-01   2180    -362   +476    5e-01   1927    -270   +480    6e-01   1860    -234   +479  
  12    78.87   29261.03   21   1e-01   2210    -424   +454    4e-01   2011    -395   +479    6e-01   1992    -348   +480  
  13    79.31   29217.06   23   1e-01   2210    -0     +0      4e-01   2011    -0     +0      6e-01   1992    -0     +0    
==========================================================================================================================
Prune!
==========================================================================================================================
Depth = 3, Bound = 29217.06, Best = 29221

Fixing x[46] = 1

**************************************************************************************************************************
                                               Node 13
**************************************************************************************************************************
Problem size 148
Fixed variables: (x[46],1) (x[56],0) (x[109],1)
==========================================================================================================================
starting bound     cut  triangles added  violation
      31673.31   29221              500       0.50
==========================================================================================================================
iter     time      bound  bdl   viol3  triag  purged   added   viol5  penta  purged   added   viol7  hepta  purged   added
==========================================================================================================================
   1    79.49   30650.50    4   4e-01    858    -136   +494   
   2    79.69   30243.57    4   4e-01   1183    -171   +496   
   3    79.91   30064.24    8   3e-01   1377    -304   +498   
   4    80.17   29866.76    9   3e-01   1561    -314   +498   
   5    80.46   29713.95    8   3e-01   1759    -289   +487   
   6    81.01   29586.56   12   2e-01   1935    -311   +487    7e-01    480    -0     +480    7e-01    480    -0     +480  
   7    81.60   29457.85   14   2e-01   2063    -356   +484    6e-01    873    -87    +480    7e-01    837    -123   +480  
   8    82.23   29349.15   13   3e-01   2164    -381   +482    6e-01   1116    -237   +480    7e-01   1092    -225   +480  
   9    82.90   29266.51   18   2e-01   2201    -439   +476    5e-01   1345    -251   +480    7e-01   1289    -281   +478  
  10    83.14   29217.57   21   2e-01   2201    -0     +0      5e-01   1345    -0     +0      7e-01   1289    -0     +0    
==========================================================================================================================
Prune!
==========================================================================================================================
Depth = 3, Bound = 29217.57, Best = 29221

Branching on x[55] = 0.50
Fixing x[55] = 0

**************************************************************************************************************************
                                               Node 14
**************************************************************************************************************************
Problem size 148
Fixed variables: (x[3],1) (x[55],0) (x[56],1)
==========================================================================================================================
starting bound     cut  triangles added  violation
      31741.13   29221              500       0.50
==========================================================================================================================
iter     time      bound  bdl   viol3  triag  purged   added   viol5  penta  purged   added   viol7  hepta  purged   added
==========================================================================================================================
   1    83.34   30988.05    5   4e-01    852    -145   +497   
   2    83.55   30482.94    8   4e-01   1215    -135   +498   
   3    83.78   30224.48    7   3e-01   1464    -245   +494   
   4    84.04   30011.90    8   3e-01   1724    -237   +497   
   5    84.59   29862.41    9   3e-01   1859    -359   +494    7e-01    480    -0     +480    8e-01    480    -0     +480  
   6    85.17   29719.63   11   3e-01   1960    -391   +492    7e-01    854    -106   +480    7e-01    847    -113   +480  
   7    85.80   29559.42   14   2e-01   1958    -487   +485    5e-01   1079    -255   +480    6e-01   1079    -248   +480  
   8    86.46   29481.40   16   2e-01   2078    -350   +470    6e-01   1353    -206   +480    6e-01   1329    -230   +480  
   9    87.14   29417.40   16   1e-01   2133    -406   +461    5e-01   1515    -318   +480    6e-01   1484    -324   +479  
  10    87.83   29358.92   15   2e-01   2229    -368   +464    4e-01   1708    -287   +480    6e-01   1662    -302   +480  
  11    88.59   29295.72   20   2e-01   2295    -407   +473    6e-01   1842    -345   +479    6e-01   1838    -303   +479  
  12    89.40   29242.69   22   1e-01   2356    -416   +477    4e-01   2016    -305   +479    5e-01   2018    -300   +480  
  13    89.76   29216.78   25   1e-01   2356    -0     +0      4e-01   2016    -0     +0      5e-01   2018    -0     +0    
==========================================================================================================================
Prune!
==========================================================================================================================
Depth = 3, Bound = 29216.78, Best = 29221

Fixing x[55] = 1

**************************************************************************************************************************
                                               Node 15
**************************************************************************************************************************
Problem size 148
Fixed variables: (x[3],1) (x[55],1) (x[56],1)
==========================================================================================================================
starting bound     cut  triangles added  violation
      31731.06   29221              500       0.50
==========================================================================================================================
iter     time      bound  bdl   viol3  triag  purged   added   viol5  penta  purged   added   viol7  hepta  purged   added
==========================================================================================================================
   1    89.93   30861.03    4   4e-01    836    -157   +493   
   2    90.12   30458.22    6   4e-01   1117    -214   +495   
   3    90.35   30188.06    5   4e-01   1388    -222   +493   
   4    90.85   29999.20    7   3e-01   1438    -445   +495    8e-01    480    -0     +480    8e-01    480    -0     +480  
   5    91.14   29803.40    9   3e-01   1655    -279   +496   
   6    91.71   29693.90   11   2e-01   1731    -416   +492    6e-01    821    -139   +480    7e-01    795    -165   +480  
   7    92.32   29541.17   13   2e-01   1797    -425   +491    6e-01   1141    -160   +480    7e-01   1114    -161   +480  
   8    92.97   29465.61   14   2e-01   1880    -407   +490    6e-01   1392    -229   +480    7e-01   1371    -223   +480  
   9    93.64   29386.70   16   2e-01   1948    -420   +488    5e-01   1594    -278   +480    6e-01   1543    -308   +480  
  10    94.34   29315.61   23   1e-01   1988    -421   +461    5e-01   1764    -309   +479    5e-01   1673    -348   +478  
  11    95.10   29255.02   17   2e-01   2121    -335   +468    5e-01   1931    -313   +480    6e-01   1846    -307   +480  
  12    95.53   29214.28   22   2e-01   2121    -0     +0      5e-01   1931    -0     +0      6e-01   1846    -0     +0    
==========================================================================================================================
Prune!
==========================================================================================================================
Depth = 3, Bound = 29214.28, Best = 29221

Branching on x[106] = 0.54
Fixing x[106] = 0

**************************************************************************************************************************
                                               Node 16
**************************************************************************************************************************
Problem size 147
Fixed variables: (x[3],0) (x[35],0) (x[56],1) (x[106],0)
==========================================================================================================================
starting bound     cut  triangles added  violation
      31635.99   29221              500       0.50
==========================================================================================================================
iter     time      bound  bdl   viol3  triag  purged   added   viol5  penta  purged   added   viol7  hepta  purged   added
==========================================================================================================================
   1    95.73   30936.64    5   4e-01    852    -136   +488   
   2    95.95   30403.11    5   4e-01   1181    -166   +495   
   3    96.20   30248.95    7   4e-01   1271    -406   +496   
   4    96.72   30070.25    8   3e-01   1495    -270   +494    8e-01    480    -0     +480    9e-01    480    -0     +480  
   5    97.02   29902.05   10   3e-01   1635    -358   +498   
   6    97.63   29811.78   13   2e-01   1774    -359   +498    6e-01    832    -128   +480    7e-01    793    -167   +480  
   7    98.27   29674.27   13   3e-01   1796    -465   +487    6e-01   1094    -218   +480    7e-01   1065    -208   +480  
   8    98.94   29595.13   12   2e-01   1895    -393   +492    6e-01   1297    -277   +480    6e-01   1309    -236   +480  
   9    99.66   29528.82   15   2e-01   1926    -458   +489    6e-01   1530    -247   +480    6e-01   1509    -280   +480  
  10   100.42   29474.17   17   2e-01   2002    -403   +479    5e-01   1694    -316   +480    5e-01   1746    -243   +480  
  11   101.25   29423.87   19   2e-01   2050    -422   +470    5e-01   1847    -327   +480    6e-01   1917    -309   +480  
  12   102.12   29397.79   22   1e-01   2093    -439   +482    5e-01   1954    -373   +480    6e-01   2079    -318   +480  
  13   103.02   29362.06   21   1e-01   2153    -419   +479    4e-01   2085    -349   +480    5e-01   2249    -310   +480  
  14   103.98   29340.90   25   1e-01   1827    -458   +132    4e-01   2225    -340   +480    5e-01   2433    -296   +480  
  15   104.97   29321.12   26   1e-01   1882    -192   +247    3e-01   2391    -314   +480    4e-01   2640    -273   +480  
  16   106.01   29301.84   15   1e-01   2121    -243   +482    5e-01   2548    -323   +480    5e-01   2861    -259   +480  
  17   107.11   29284.38   21   9e-02   1698    -468   +45     3e-01   2589    -438   +479    5e-01   2894    -446   +479  
  18   108.18   29277.88   20   9e-02   1919    -118   +339    4e-01   2747    -322   +480    5e-01   3103    -271   +480  
  19   109.29   29269.42   25   8e-02   1684    -299   +64     3e-01   2812    -415   +480    4e-01   3210    -373   +480  
  20   110.39   29259.59   26   6e-02   1572    -114   +2      3e-01   2939    -350   +477    4e-01   3372    -314   +476  
  21   111.51   29253.85   20   1e-01   1548    -40    +16     2e-01   3153    -266   +480    3e-01   3606    -242   +476  
  22   112.61   29249.02   23   9e-02   1524    -50    +26     4e-01   3314    -318   +479    4e-01   3776    -308   +478  
  23   113.73   29242.06   27   4e-02   1486    -38    +0      2e-01   3352    -417   +455    3e-01   3897    -346   +467  
  24   114.88   29237.58   27   4e-02   1462    -24    +0      3e-01   3501    -306   +455    3e-01   4098    -268   +469  
  25   116.01   29234.41   19   9e-02   1456    -16    +10     3e-01   3666    -314   +479    4e-01   4240    -337   +479  
  26   117.16   29230.97   21   1e-01   1495    -12    +51     4e-01   3741    -405   +480    5e-01   4372    -348   +480  
  27   118.34   29227.72   29   6e-02   1436    -61    +2      3e-01   3784    -434   +477    4e-01   4460    -387   +475  
  28   119.54   29224.30   31   6e-02   1419    -18    +1      2e-01   3883    -313   +412    3e-01   4635    -273   +448  
  29   120.74   29222.50   33   5e-02   1407    -12    +0      2e-01   3983    -254   +354    2e-01   4846    -221   +432  
  30   120.85   29221.38   35   5e-02   1407    -0     +0      2e-01   3983    -0     +0      2e-01   4846    -0     +0    
==========================================================================================================================
Prune!
==========================================================================================================================
Depth = 4, Bound = 29221.38, Best = 29221

Fixing x[106] = 1

**************************************************************************************************************************
                                               Node 17
**************************************************************************************************************************
Problem size 147
Fixed variables: (x[3],0) (x[35],0) (x[56],1) (x[106],1)
==========================================================================================================================
starting bound     cut  triangles added  violation
      31645.35   29221              500       0.49
==========================================================================================================================
iter     time      bound  bdl   viol3  triag  purged   added   viol5  penta  purged   added   viol7  hepta  purged   added
==========================================================================================================================
   1   121.05   30914.99    5   4e-01    861    -137   +498   
   2   121.27   30525.71    3   5e-01   1197    -163   +499   
   3   121.52   30320.09    8   3e-01   1317    -374   +494   
   4   121.80   30130.47    9   3e-01   1563    -249   +495   
   5   122.12   29970.33    7   3e-01   1744    -318   +499   
   6   122.73   29860.27   11   2e-01   1908    -319   +483    7e-01    480    -0     +480    8e-01    480    -0     +480  
   7   123.38   29747.45   13   3e-01   1980    -424   +496    7e-01    836    -124   +480    7e-01    848    -112   +480  
   8   124.07   29656.69   13   2e-01   2004    -459   +483    5e-01   1090    -226   +480    6e-01   1133    -195   +480  
   9   124.78   29596.38   15   2e-01   2143    -344   +483    6e-01   1338    -232   +480    6e-01   1424    -189   +480  
  10   125.54   29539.88   15   2e-01   2157    -465   +479    5e-01   1522    -296   +480    6e-01   1630    -274   +480  
  11   126.34   29470.81   21   1e-01   2158    -464   +465    4e-01   1658    -344   +480    6e-01   1779    -331   +480  
  12   127.20   29431.69   21   2e-01   2197    -429   +468    5e-01   1803    -335   +480    6e-01   1927    -332   +480  
  13   128.10   29399.67   24   1e-01   2036    -418   +257    4e-01   1952    -331   +480    5e-01   2144    -263   +480  
  14   129.05   29373.12   22   1e-01   1960    -274   +198    4e-01   2152    -280   +480    5e-01   2354    -270   +480  
  15   130.06   29351.44   26   1e-01   1880    -213   +133    4e-01   2357    -275   +480    4e-01   2570    -264   +480  
  16   131.09   29324.65   24   9e-02   1780    -179   +79     4e-01   2538    -299   +480    5e-01   2761    -289   +480  
  17   132.16   29312.45   24   1e-01   1748    -126   +94     3e-01   2672    -346   +480    5e-01   2959    -281   +479  
  18   133.24   29302.79   26   1e-01   1666    -107   +25     5e-01   2803    -348   +479    5e-01   3138    -301   +480  
  19   134.35   29292.69   31   8e-02   1640    -71    +45     3e-01   2967    -316   +480    5e-01   3359    -259   +480  
  20   135.45   29283.18   28   7e-02   1590    -74    +24     3e-01   3036    -408   +477    4e-01   3504    -335   +480  
  21   136.58   29275.47   24   6e-02   1554    -41    +5      2e-01   3203    -308   +475    4e-01   3722    -261   +479  
  22   137.70   29266.71   24   7e-02   1525    -48    +19     3e-01   3354    -326   +477    4e-01   3875    -327   +480  
  23   138.44   29262.58   19   7e-02   1525    -0     +0      3e-01   3354    -0     +0      4e-01   3875    -0     +0    
==========================================================================================================================
BOUNDING STOPPED: Gap to big!
==========================================================================================================================
Depth = 4, Bound = 29262.58, Best = 29221

Branching on x[55] = 0.51
Fixing x[55] = 0

**************************************************************************************************************************
                                               Node 18
**************************************************************************************************************************
Problem size 147
Fixed variables: (x[55],0) (x[56],0) (x[72],1) (x[109],0)
==========================================================================================================================
starting bound     cut  triangles added  violation
      31627.16   29221              500       0.50
==========================================================================================================================
iter     time      bound  bdl   viol3  triag  purged   added   viol5  penta  purged   added   viol7  hepta  purged   added
==========================================================================================================================
   1   138.64   30964.76    5   5e-01    834    -165   +499   
   2   138.85   30572.46    6   4e-01   1142    -188   +496   
   3   139.08   30312.24    8   4e-01   1327    -310   +495   
   4   139.60   30102.18    8   3e-01   1510    -312   +495    8e-01    480    -0     +480    9e-01    480    -0     +480  
   5   140.16   29939.78   10   3e-01   1628    -375   +493    7e-01    832    -128   +480    8e-01    843    -117   +480  
   6   140.76   29783.67   13   2e-01   1734    -393   +499    7e-01   1061    -251   +480    7e-01   1082    -241   +480  
   7   141.40   29690.16   13   2e-01   1773    -449   +488    5e-01   1277    -264   +480    6e-01   1311    -251   +480  
   8   142.08   29597.28   17   2e-01   1800    -458   +485    5e-01   1442    -315   +480    6e-01   1449    -342   +480  
   9   142.81   29523.80   15   2e-01   1849    -427   +476    5e-01   1619    -303   +480    6e-01   1598    -331   +480  
  10   143.57   29473.68   18   2e-01   1893    -445   +489    5e-01   1745    -354   +480    6e-01   1754    -324   +480  
  11   144.38   29422.87   20   1e-01   1898    -472   +477    4e-01   1887    -338   +480    5e-01   1903    -330   +479  
  12   145.22   29386.83   26   1e-01   1647    -371   +120    3e-01   2038    -328   +479    4e-01   2090    -293   +480  
  13   146.10   29355.69   23   1e-01   1936    -181   +470    4e-01   2238    -280   +480    5e-01   2331    -239   +480  
  14   147.03   29334.97   24   1e-01   2046    -367   +477    4e-01   2383    -335   +480    5e-01   2530    -281   +480  
  15   148.01   29309.61   21   1e-01   1742    -427   +123    3e-01   2477    -385   +479    5e-01   2673    -337   +480  
  16   148.99   29287.48   28   9e-02   1627    -208   +93     3e-01   2631    -326   +480    4e-01   2780    -373   +480  
  17   150.00   29272.77   22   1e-01   1987    -130   +490    4e-01   2789    -322   +480    5e-01   2981    -279   +480  
  18   151.06   29260.14   32   8e-02   1582    -437   +32     3e-01   2794    -475   +480    4e-01   3010    -449   +478  
  19   152.10   29246.57   41   7e-02   1523    -98    +39     3e-01   2973    -301   +480    4e-01   3209    -281   +480  
  20   153.14   29239.37   29   8e-02   1532    -88    +97     3e-01   3148    -305   +480    4e-01   3412    -277   +480  
  21   154.21   29228.52   34   6e-02   1435    -98    +1      3e-01   3251    -369   +472    3e-01   3570    -320   +478  
  22   155.30   29222.17   33   6e-02   1402    -41    +8      3e-01   3433    -296   +478    4e-01   3797    -251   +478  
  23   155.40   29219.67   33   6e-02   1402    -0     +0      3e-01   3433    -0     +0      4e-01   3797    -0     +0    
==========================================================================================================================
Prune!
==========================================================================================================================
Depth = 4, Bound = 29219.67, Best = 29221

Fixing x[55] = 1

**************************************************************************************************************************
                                               Node 19
**************************************************************************************************************************
Problem size 147
Fixed variables: (x[55],1) (x[56],0) (x[72],1) (x[109],0)
==========================================================================================================================
starting bound     cut  triangles added  violation
      31601.13   29221              500       0.50
==========================================================================================================================
iter     time      bound  bdl   viol3  triag  purged   added   viol5  penta  purged   added   viol7  hepta  purged   added
==========================================================================================================================
   1   155.59   30843.46    5   4e-01    844    -149   +493   
   2   155.79   30430.31    4   4e-01   1214    -126   +496   
   3   156.03   30206.62    8   3e-01   1364    -347   +497   
   4   156.57   30019.95    9   3e-01   1617    -241   +494    8e-01    480    -0     +480    8e-01    480    -0     +480  
   5   157.14   29843.55    9   3e-01   1655    -461   +499    8e-01    794    -166   +480    8e-01    821    -139   +480  
   6   157.77   29745.82   11   2e-01   1706    -441   +492    6e-01   1064    -210   +480    7e-01   1090    -211   +480  
   7   158.41   29642.29   13   3e-01   1741    -454   +489    6e-01   1233    -311   +480    7e-01   1257    -313   +480  
   8   159.11   29575.06   15   2e-01   1847    -381   +487    6e-01   1431    -282   +480    6e-01   1440    -297   +480  
   9   159.83   29497.16   13   2e-01   1938    -390   +481    6e-01   1632    -279   +480    7e-01   1659    -261   +480  
  10   160.59   29473.30   17   1e-01   1956    -454   +472    4e-01   1772    -339   +479    6e-01   1860    -279   +480  
  11   161.40   29418.48   22   1e-01   2034    -372   +450    4e-01   1944    -308   +480    5e-01   2042    -298   +480  
  12   162.22   29372.09   17   1e-01   2114    -388   +468    4e-01   2118    -306   +480    6e-01   2258    -264   +480  
  13   163.10   29345.11   23   2e-01   2174    -413   +473    4e-01   2239    -359   +480    5e-01   2389    -349   +480  
  14   164.04   29317.97   24   1e-01   2169    -440   +435    3e-01   2378    -341   +480    5e-01   2538    -331   +480  
  15   165.04   29302.86   25   1e-01   1958    -399   +188    4e-01   2502    -356   +480    4e-01   2712    -306   +480  
  16   166.07   29290.08   20   1e-01   1917    -244   +203    3e-01   2624    -358   +480    5e-01   2887    -305   +480  
  17   167.09   29276.62   15   2e-01   2166    -230   +479    5e-01   2714    -390   +480    7e-01   3052    -315   +480  
  18   168.17   29267.04   25   9e-02   1802    -435   +71     4e-01   2741    -452   +479    5e-01   3129    -403   +480  
  19   169.23   29259.75   20   1e-01   2151    -139   +488    6e-01   2831    -390   +480    6e-01   3235    -374   +480  
  20   170.40   29254.11   25   9e-02   1681    -480   +10     3e-01   2848    -462   +479    4e-01   3288    -427   +480  
  21   171.47   29250.28   18   1e-01   1822    -76    +217    4e-01   2959    -369   +480    5e-01   3462    -306   +480  
  22   172.60   29245.38   24   5e-02   1630    -192   +0      2e-01   3026    -407   +474    3e-01   3557    -380   +475  
  23   173.70   29241.44   18   8e-02   1630    -42    +42     4e-01   3191    -315   +480    5e-01   3737    -300   +480  
  24   174.86   29238.08   23   7e-02   1575    -56    +1      3e-01   3286    -385   +480    4e-01   3856    -360   +479  
  25   175.58   29235.71   25   7e-02   1575    -0     +0      3e-01   3286    -0     +0      4e-01   3856    -0     +0    
==========================================================================================================================
BOUNDING STOPPED: Gap to big!
==========================================================================================================================
Depth = 4, Bound = 29235.71, Best = 29221

Branching on x[19] = 0.53
Fixing x[19] = 0

**************************************************************************************************************************
                                               Node 20
**************************************************************************************************************************
Problem size 146
Fixed variables: (x[3],0) (x[19],0) (x[35],0) (x[56],1) (x[106],1)
==========================================================================================================================
starting bound     cut  triangles added  violation
      31505.45   29221              500       0.50
==========================================================================================================================
iter     time      bound  bdl   viol3  triag  purged   added   viol5  penta  purged   added   viol7  hepta  purged   added
==========================================================================================================================
   1   175.74   30807.09    4   4e-01    858    -139   +497   
   2   175.93   30412.67    8   4e-01   1177    -174   +493   
   3   176.15   30168.88    6   4e-01   1401    -270   +494   
   4   176.42   30003.61    8   3e-01   1586    -314   +499   
   5   176.97   29889.22   10   3e-01   1785    -296   +495    7e-01    480    -0     +480    8e-01    480    -0     +480  
   6   177.56   29762.85   13   2e-01   1852    -424   +491    6e-01    800    -160   +480    7e-01    821    -139   +480  
   7   178.17   29651.87   10   2e-01   1946    -400   +494    6e-01   1058    -222   +480    7e-01   1124    -177   +480  
   8   178.83   29575.45   17   2e-01   2032    -401   +487    5e-01   1281    -257   +480    6e-01   1342    -262   +480  
   9   179.54   29518.59   20   2e-01   2069    -434   +471    5e-01   1481    -280   +480    6e-01   1585    -237   +480  
  10   180.29   29459.18   15   2e-01   2142    -409   +482    5e-01   1628    -333   +480    7e-01   1798    -267   +480  
  11   181.10   29407.29   21   1e-01   2124    -506   +488    5e-01   1781    -327   +480    5e-01   1933    -345   +480  
  12   181.92   29381.70   22   1e-01   2181    -403   +460    4e-01   1963    -298   +480    5e-01   2149    -264   +480  
  13   182.80   29346.81   21   2e-01   2226    -440   +485    5e-01   2112    -331   +480    6e-01   2312    -317   +480  
  14   183.75   29324.09   20   1e-01   2240    -456   +470    4e-01   2196    -396   +480    6e-01   2447    -345   +480  
  15   184.74   29304.71   27   1e-01   2281    -428   +469    3e-01   2283    -393   +480    5e-01   2618    -309   +480  
  16   185.79   29281.41   29   9e-02   1909    -454   +82     3e-01   2382    -381   +480    5e-01   2770    -328   +480  
  17   186.83   29270.23   29   7e-02   1762    -160   +13     2e-01   2539    -322   +479    4e-01   3027    -222   +479  
  18   187.86   29256.73   21   1e-01   1930    -80    +248    4e-01   2715    -304   +480    5e-01   3265    -242   +480  
  19   188.94   29249.32   25   8e-02   1703    -236   +9      2e-01   2823    -369   +477    4e-01   3421    -319   +475  
  20   189.98   29239.67   27   8e-02   1652    -72    +21     3e-01   3006    -297   +480    4e-01   3613    -288   +480  
  21   191.06   29233.36   32   6e-02   1606    -50    +4      3e-01   3196    -280   +470    4e-01   3827    -257   +471  
  22   192.11   29227.53   24   9e-02   1676    -26    +96     4e-01   3385    -291   +480    5e-01   4042    -265   +480  
  23   192.71   29221.09   32   9e-02   1676    -0     +0      4e-01   3385    -0     +0      5e-01   4042    -0     +0    
==========================================================================================================================
Prune!
==========================================================================================================================
Depth = 5, Bound = 29221.09, Best = 29221

Fixing x[19] = 1

**************************************************************************************************************************
                                               Node 21
**************************************************************************************************************************
Problem size 146
Fixed variables: (x[3],0) (x[19],1) (x[35],0) (x[56],1) (x[106],1)
==========================================================================================================================
starting bound     cut  triangles added  violation
      31374.09   29221              500       0.49
==========================================================================================================================
iter     time      bound  bdl   viol3  triag  purged   added   viol5  penta  purged   added   viol7  hepta  purged   added
==========================================================================================================================
   1   192.89   30669.09    5   4e-01    877    -120   +497   
   2   193.08   30234.86    6   4e-01   1153    -219   +495   
   3   193.30   30009.25    5   4e-01   1472    -177   +496   
   4   193.56   29840.44    6   3e-01   1603    -367   +498   
   5   194.11   29741.11   12   3e-01   1755    -337   +489    7e-01    480    -0     +480    8e-01    480    -0     +480  
   6   194.71   29608.52   11   3e-01   1888    -359   +492    7e-01    843    -117   +480    8e-01    884    -76    +480  
   7   195.34   29517.32   12   3e-01   1927    -447   +486    7e-01   1067    -256   +480    8e-01   1148    -216   +480  
   8   196.02   29452.18   16   2e-01   1954    -455   +482    5e-01   1261    -286   +480    6e-01   1336    -292   +480  
   9   196.74   29402.23   16   2e-01   2053    -371   +470    6e-01   1499    -242   +480    6e-01   1584    -232   +480  
  10   197.51   29348.76   14   2e-01   2087    -449   +483    6e-01   1678    -301   +480    7e-01   1822    -242   +480  
  11   198.35   29314.98   16   1e-01   2105    -465   +483    5e-01   1775    -383   +480    6e-01   1979    -323   +480  
  12   199.22   29294.51   19   1e-01   1891    -468   +254    4e-01   1862    -393   +480    5e-01   2122    -337   +480  
  13   200.14   29276.34   18   1e-01   2080    -294   +483    5e-01   2030    -312   +480    6e-01   2324    -278   +480  
  14   201.14   29261.87   17   1e-01   1822    -449   +191    4e-01   2121    -389   +480    5e-01   2469    -335   +480  
  15   202.16   29245.51   19   1e-01   1597    -255   +30     3e-01   2226    -374   +479    5e-01   2656    -292   +479  
  16   203.21   29237.53   21   1e-01   1732    -99    +234    3e-01   2369    -337   +480    5e-01   2903    -233   +480  
  17   204.29   29228.94   14   2e-01   1972    -240   +480    5e-01   2462    -387   +480    6e-01   3058    -325   +480  
  18   205.44   29225.17   20   8e-02   1550    -426   +4      3e-01   2495    -447   +480    4e-01   3190    -348   +480  
  19   206.09   29220.96   17   8e-02   1550    -0     +0      3e-01   2495    -0     +0      4e-01   3190    -0     +0    
==========================================================================================================================
Prune!
==========================================================================================================================
Depth = 5, Bound = 29220.96, Best = 29221

Branching on x[148] = 0.36
Fixing x[148] = 0

**************************************************************************************************************************
                                               Node 22
**************************************************************************************************************************
Problem size 146
Fixed variables: (x[55],1) (x[56],0) (x[72],1) (x[109],0) (x[148],0)
==========================================================================================================================
starting bound     cut  triangles added  violation
      31435.02   29221              500       0.50
==========================================================================================================================
iter     time      bound  bdl   viol3  triag  purged   added   viol5  penta  purged   added   viol7  hepta  purged   added
==========================================================================================================================
   1   206.27   30679.22    5   4e-01    826    -170   +496   
   2   206.47   30306.27    4   4e-01   1231    -94    +499   
   3   206.70   30091.63    6   4e-01   1360    -365   +494   
   4   207.23   29957.29    8   3e-01   1547    -307   +494    9e-01    480    -0     +480    9e-01    480    -0     +480  
   5   207.77   29744.38    8   3e-01   1699    -333   +485    7e-01    867    -93    +480    8e-01    870    -90    +480  
   6   208.36   29625.31   10   3e-01   1813    -381   +495    7e-01   1140    -207   +480    8e-01   1088    -262   +480  
   7   209.01   29540.28   12   2e-01   1821    -485   +493    6e-01   1308    -312   +480    7e-01   1294    -274   +480  
   8   209.69   29457.46   14   3e-01   1846    -456   +481    6e-01   1524    -264   +480    7e-01   1475    -299   +480  
   9   210.43   29404.37   18   2e-01   1883    -444   +481    5e-01   1684    -320   +480    6e-01   1681    -274   +480  
  10   211.20   29358.37   14   2e-01   2020    -352   +489    5e-01   1849    -315   +480    7e-01   1865    -296   +480  
  11   212.02   29327.48   13   1e-01   1989    -512   +481    4e-01   1930    -399   +480    5e-01   1975    -370   +480  
  12   212.89   29298.38   14   2e-01   2082    -398   +491    6e-01   2048    -362   +480    7e-01   2137    -318   +480  
  13   213.83   29281.21   14   2e-01   2058    -511   +487    5e-01   2113    -415   +480    6e-01   2225    -392   +480  
  14   214.82   29265.19   16   2e-01   2038    -506   +486    5e-01   2184    -409   +480    6e-01   2326    -379   +480  
  15   215.85   29254.72   16   1e-01   2127    -396   +485    4e-01   2291    -373   +480    6e-01   2508    -298   +480  
  16   216.96   29244.21   22   7e-02   1706    -460   +39     4e-01   2294    -477   +480    4e-01   2583    -405   +480  
  17   218.02   29237.74   15   8e-02   1736    -120   +150    3e-01   2458    -316   +480    5e-01   2759    -304   +480  
  18   219.11   29231.94   17   2e-01   2012    -133   +409    5e-01   2597    -341   +480    5e-01   2931    -308   +480  
  19   220.29   29229.18   12   2e-01   2138    -368   +494    6e-01   2674    -403   +480    7e-01   3050    -361   +480  
  20   221.51   29226.33   14   1e-01   1723    -499   +84     4e-01   2672    -482   +480    5e-01   3105    -425   +480  
  21   222.68   29224.33   10   9e-02   1744    -103   +124    3e-01   2744    -408   +480    4e-01   3244    -341   +480  
  22   223.84   29222.91    6   1e-01   1958    -109   +323    4e-01   2850    -374   +480    5e-01   3382    -342   +480  
  23   225.09   29222.13   10   6e-02   1646    -314   +2      2e-01   2814    -515   +479    3e-01   3399    -463   +480  
  24   225.26   29221.97   12   6e-02   1646    -0     +0      2e-01   2814    -0     +0      3e-01   3399    -0     +0    
==========================================================================================================================
Prune!
==========================================================================================================================
Depth = 5, Bound = 29221.97, Best = 29221

Fixing x[148] = 1

**************************************************************************************************************************
                                               Node 23
**************************************************************************************************************************
Problem size 146
Fixed variables: (x[55],1) (x[56],0) (x[72],1) (x[109],0) (x[148],1)
==========================================================================================================================
starting bound     cut  triangles added  violation
      31545.95   29221              500       0.50
==========================================================================================================================
iter     time      bound  bdl   viol3  triag  purged   added   viol5  penta  purged   added   viol7  hepta  purged   added
==========================================================================================================================
   1   225.44   30753.57    5   4e-01    894    -98    +492   
   2   225.64   30375.12    5   4e-01   1287    -101   +494   
   3   225.86   30177.52    6   4e-01   1481    -295   +489   
   4   226.12   29976.82    7   3e-01   1628    -353   +500   
   5   226.41   29873.18    9   3e-01   1824    -298   +494   
   6   226.98   29787.78   11   3e-01   1927    -391   +494    7e-01    480    -0     +480    8e-01    480    -0     +480  
   7   227.32   29648.15   12   3e-01   2002    -418   +493   
   8   228.00   29597.31   14   2e-01   2144    -348   +490    5e-01    900    -60    +480    6e-01    919    -41    +480  
   9   228.70   29507.29   14   2e-01   2193    -431   +480    6e-01   1185    -195   +480    7e-01   1245    -154   +480  
  10   229.44   29454.79   14   1e-01   2200    -463   +470    5e-01   1445    -220   +480    6e-01   1531    -194   +480  
  11   230.23   29393.46   18   2e-01   2279    -408   +487    5e-01   1614    -311   +480    6e-01   1749    -262   +480  
  12   231.06   29342.48   22   1e-01   2279    -464   +464    4e-01   1779    -315   +480    5e-01   1957    -272   +480  
  13   231.95   29316.73   22   1e-01   2366    -377   +464    4e-01   1948    -311   +480    5e-01   2174    -263   +480  
  14   232.90   29289.11   24   1e-01   2383    -459   +476    5e-01   2083    -345   +480    5e-01   2359    -295   +480  
  15   233.89   29272.87   27   1e-01   2051    -470   +138    3e-01   2185    -378   +480    5e-01   2501    -338   +480  
  16   234.89   29250.63   24   1e-01   2032    -187   +168    4e-01   2379    -286   +480    5e-01   2702    -279   +480  
  17   235.92   29240.52   20   9e-02   1869    -200   +37     2e-01   2550    -309   +480    4e-01   2921    -261   +480  
  18   236.94   29225.74   20   1e-01   2265    -91    +487    5e-01   2715    -315   +480    6e-01   3106    -295   +480  
  19   237.37   29221.22   27   1e-01   2265    -0     +0      5e-01   2715    -0     +0      6e-01   3106    -0     +0    
==========================================================================================================================
Prune!
==========================================================================================================================
Depth = 5, Bound = 29221.22, Best = 29221


Nodes = 23
Root node bound = 29541.486
Maximum value = 29221
Solution = ( 1 3 8 13 15 16 19 21 29 32 33 40 41 42 43 45 49 52 53 56 58 59 68 69 70 72 73 77 78 79 80 81 85 89 92 105 109 111 113 124 125 126 131 133 136 138 144 )
CPU time = 237.37 s

