Input file: ./Instances/biq2mc/be/be150.3.7.sparse.mc

Graph has 151 vertices and 3464 edges.

BiqBin parameters:
    init_bundle_iter = 5
     max_bundle_iter = 20
      min_outer_iter = 10
      max_outer_iter = 30
       violated_Ineq = 0.050000
             TriIneq = 500
         Pent_Trials = 160
        Hepta_Trials = 120
        include_Pent = 1
       include_Hepta = 1
                root = 0
            use_diff = 1
          time_limit = 0
   branchingStrategy = 1
      detailedOutput = 1

**************************************************************************************************************************
                                               Node 1
**************************************************************************************************************************
Problem size 151
Fixed variables:
Node 1 Feasible solution 17936
==========================================================================================================================
starting bound     cut  triangles added  violation
      19502.59   17936              500       0.50
==========================================================================================================================
iter     time      bound  bdl   viol3  triag  purged   added   viol5  penta  purged   added   viol7  hepta  purged   added
==========================================================================================================================
Node 1 Feasible solution 18001
   1     0.27   19057.27    5   4e-01    827    -171   +498   
   2     0.53   18828.15    4   4e-01   1165    -159   +497   
   3     0.83   18693.58    7   4e-01   1407    -254   +496   
   4     1.11   18556.87    8   3e-01   1573    -328   +494   
   5     1.44   18481.37   10   3e-01   1787    -282   +496   
   6     1.80   18408.64    9   3e-01   1901    -375   +489   
   7     2.47   18355.79   13   2e-01   2021    -373   +493    6e-01    480    -0     +480    8e-01    480    -0     +480  
   8     3.16   18290.43   13   2e-01   2095    -409   +483    6e-01    815    -145   +480    6e-01    825    -135   +480  
   9     3.88   18229.78   13   2e-01   2196    -374   +475    6e-01   1114    -181   +480    7e-01   1165    -140   +480  
  10     4.67   18185.62   16   2e-01   2187    -482   +473    4e-01   1263    -331   +480    6e-01   1370    -275   +480  
  11     5.49   18155.97   15   2e-01   2292    -355   +460    5e-01   1543    -200   +480    6e-01   1665    -185   +480  
  12     6.37   18126.21   18   2e-01   2363    -408   +479    5e-01   1673    -349   +479    6e-01   1844    -301   +480  
  13     7.31   18103.28   24   1e-01   2146    -388   +171    4e-01   1834    -319   +480    5e-01   2025    -298   +479  
  14     8.28   18084.89   23   1e-01   2013    -237   +104    3e-01   2067    -246   +479    5e-01   2205    -299   +479  
  15     9.34   18070.94   19   1e-01   2206    -164   +357    4e-01   2247    -300   +480    5e-01   2413    -272   +480  
  16    10.53   18061.36   28   7e-02   1922    -301   +17     3e-01   2331    -391   +475    4e-01   2542    -350   +479  
  17    11.71   18051.40   24   1e-01   1867    -95    +40     3e-01   2579    -232   +480    4e-01   2769    -252   +479  
  18    12.87   18043.62   19   1e-01   1988    -82    +203    4e-01   2780    -279   +480    5e-01   2959    -290   +480  
  19    14.05   18036.48   29   8e-02   1800    -195   +7      4e-01   2830    -424   +474    5e-01   3075    -362   +478  
  20    15.18   18029.51   26   8e-02   1793    -51    +44     3e-01   2965    -343   +478    5e-01   3187    -364   +476  
  21    16.31   18026.24   18   5e-02   1743    -53    +3      3e-01   3093    -339   +467    4e-01   3375    -282   +470  
  22    17.41   18021.39   23   9e-02   1741    -27    +25     4e-01   3269    -300   +476    4e-01   3554    -301   +480  
  23    18.14   18019.51   25   9e-02   1741    -0     +0      4e-01   3269    -0     +0      4e-01   3554    -0     +0    
==========================================================================================================================
BOUNDING STOPPED: Gap to big!
==========================================================================================================================
Depth = 0, Bound = 18019.51, Best = 18001

Branching on x[17] = 0.45
Fixing x[17] = 0

**************************************************************************************************************************
                                               Node 2
**************************************************************************************************************************
Problem size 150
Fixed variables: (x[17],0)
==========================================================================================================================
starting bound     cut  triangles added  violation
      19479.22   18001              500       0.50
==========================================================================================================================
iter     time      bound  bdl   viol3  triag  purged   added   viol5  penta  purged   added   viol7  hepta  purged   added
==========================================================================================================================
   1    18.32   19033.38    5   4e-01    815    -177   +492   
   2    18.52   18797.66    5   4e-01   1166    -146   +497   
   3    18.75   18671.75    7   4e-01   1354    -305   +493   
   4    19.04   18549.84    5   4e-01   1617    -229   +492   
   5    19.64   18463.56    9   3e-01   1712    -404   +499    7e-01    480    -0     +480    8e-01    480    -0     +480  
   6    20.25   18362.65   10   3e-01   1830    -380   +498    7e-01    854    -106   +480    8e-01    845    -115   +480  
   7    20.90   18301.90   12   3e-01   1916    -403   +489    6e-01   1071    -263   +480    7e-01   1106    -219   +480  
   8    21.59   18241.13   15   2e-01   1967    -439   +490    6e-01   1226    -325   +480    6e-01   1296    -290   +480  
   9    22.32   18191.66   14   2e-01   2087    -358   +478    6e-01   1421    -285   +480    7e-01   1508    -268   +480  
  10    23.10   18155.74   18   2e-01   2143    -425   +481    5e-01   1575    -326   +480    6e-01   1659    -329   +480  
  11    23.95   18128.39   18   1e-01   2150    -467   +474    4e-01   1683    -372   +480    6e-01   1800    -339   +480  
  12    24.78   18105.00   22   1e-01   1945    -409   +204    4e-01   1816    -347   +480    5e-01   1915    -364   +479  
  13    25.65   18082.74   23   1e-01   1830    -245   +130    3e-01   2016    -279   +479    6e-01   2115    -279   +479  
  14    26.55   18067.02   19   2e-01   2177    -132   +479    5e-01   2246    -250   +480    6e-01   2316    -279   +480  
  15    27.56   18054.21   22   1e-01   1959    -412   +194    5e-01   2319    -407   +480    5e-01   2429    -367   +480  
  16    28.57   18042.06   21   1e-01   1898    -203   +142    4e-01   2442    -357   +480    5e-01   2567    -342   +480  
  17    29.58   18033.83   21   7e-02   1744    -171   +17     2e-01   2592    -330   +480    4e-01   2748    -299   +480  
  18    30.60   18026.45   19   9e-02   1802    -76    +134    3e-01   2745    -327   +480    5e-01   2931    -297   +480  
  19    31.66   18020.89   23   1e-01   1782    -130   +110    4e-01   2861    -364   +480    4e-01   3069    -342   +480  
  20    32.73   18017.37   20   1e-01   1885    -123   +226    4e-01   2984    -357   +480    6e-01   3259    -290   +480  
  21    33.83   18012.65   20   5e-02   1675    -212   +2      2e-01   3047    -414   +477    3e-01   3351    -388   +480  
  22    34.90   18010.28   17   8e-02   1643    -46    +14     3e-01   3173    -353   +479    4e-01   3520    -310   +479  
  23    35.55   18009.63   20   8e-02   1643    -0     +0      3e-01   3173    -0     +0      4e-01   3520    -0     +0    
==========================================================================================================================
BOUNDING STOPPED: Gap to big!
==========================================================================================================================
Depth = 1, Bound = 18009.63, Best = 18001

Fixing x[17] = 1

**************************************************************************************************************************
                                               Node 3
**************************************************************************************************************************
Problem size 150
Fixed variables: (x[17],1)
==========================================================================================================================
starting bound     cut  triangles added  violation
      19408.81   18001              500       0.50
==========================================================================================================================
iter     time      bound  bdl   viol3  triag  purged   added   viol5  penta  purged   added   viol7  hepta  purged   added
==========================================================================================================================
   1    35.73   18986.40    5   5e-01    813    -179   +492   
   2    35.93   18755.94    4   4e-01   1170    -139   +496   
   3    36.16   18632.87    7   4e-01   1300    -364   +494   
   4    36.43   18483.30    6   3e-01   1552    -245   +497   
   5    36.73   18402.85    9   3e-01   1767    -283   +498   
   6    37.34   18347.61   11   3e-01   1879    -381   +493    6e-01    480    -0     +480    7e-01    480    -0     +480  
   7    37.96   18270.85   11   2e-01   2001    -369   +491    6e-01    859    -101   +480    7e-01    863    -97    +480  
   8    38.64   18221.41   10   3e-01   2076    -419   +494    7e-01   1121    -218   +480    7e-01   1115    -228   +480  
   9    39.38   18172.26   15   2e-01   2090    -472   +486    6e-01   1310    -291   +480    7e-01   1286    -309   +480  
  10    40.16   18131.73   11   2e-01   2105    -464   +479    6e-01   1480    -310   +480    7e-01   1447    -319   +480  
  11    40.97   18110.38   17   2e-01   2178    -404   +477    5e-01   1610    -350   +480    6e-01   1594    -333   +480  
  12    41.83   18090.49   20   1e-01   2218    -424   +464    4e-01   1791    -299   +480    6e-01   1804    -270   +480  
  13    42.75   18070.13   22   1e-01   2132    -369   +283    4e-01   1936    -335   +480    5e-01   1992    -291   +479  
  14    43.68   18054.05   22   1e-01   2178    -312   +358    4e-01   2079    -337   +480    5e-01   2165    -307   +480  
  15    44.67   18042.20   19   2e-01   2393    -271   +486    5e-01   2222    -337   +480    7e-01   2343    -302   +480  
  16    45.71   18029.33   24   9e-02   2008    -410   +25     3e-01   2318    -383   +479    5e-01   2443    -380   +480  
  17    46.72   18021.82   13   1e-01   2365    -132   +489    5e-01   2467    -331   +480    6e-01   2654    -269   +480  
  18    47.79   18017.54   18   1e-01   2338    -444   +417    5e-01   2490    -457   +480    6e-01   2714    -420   +480  
  19    48.89   18010.16   21   7e-02   1945    -409   +16     3e-01   2541    -429   +480    5e-01   2845    -349   +480  
  20    49.96   18005.50   26   5e-02   1852    -94    +1      2e-01   2726    -285   +470    3e-01   3002    -316   +473  
  21    51.01   18002.99   16   1e-01   2153    -43    +344    4e-01   2941    -265   +480    5e-01   3210    -272   +480  
  22    51.17   18000.97   20   1e-01   2153    -0     +0      4e-01   2941    -0     +0      5e-01   3210    -0     +0    
==========================================================================================================================
Prune!
==========================================================================================================================
Depth = 1, Bound = 18000.97, Best = 18001

Branching on x[74] = 0.66
Fixing x[74] = 0

**************************************************************************************************************************
                                               Node 4
**************************************************************************************************************************
Problem size 149
Fixed variables: (x[17],0) (x[74],0)
==========================================================================================================================
starting bound     cut  triangles added  violation
      19384.72   18001              500       0.50
==========================================================================================================================
iter     time      bound  bdl   viol3  triag  purged   added   viol5  penta  purged   added   viol7  hepta  purged   added
==========================================================================================================================
   1    51.36   18928.67    4   5e-01    883    -112   +495   
   2    51.55   18750.51    7   4e-01   1152    -222   +491   
   3    51.78   18588.43    7   3e-01   1402    -246   +496   
   4    52.31   18482.76    8   3e-01   1667    -229   +494    8e-01    480    -0     +480    9e-01    480    -0     +480  
   5    52.88   18349.82   13   3e-01   1756    -401   +490    7e-01    824    -136   +480    8e-01    812    -148   +480  
   6    53.47   18265.95   10   3e-01   1812    -435   +491    6e-01   1107    -197   +480    8e-01   1094    -198   +480  
   7    54.13   18201.68   12   2e-01   1884    -409   +481    6e-01   1300    -287   +480    7e-01   1325    -249   +480  
   8    54.82   18162.26   17   2e-01   1949    -421   +486    6e-01   1449    -331   +480    7e-01   1501    -304   +480  
   9    55.56   18116.60   17   2e-01   2011    -418   +480    5e-01   1556    -373   +480    6e-01   1615    -366   +480  
  10    56.30   18089.49   17   2e-01   2060    -422   +471    5e-01   1727    -309   +480    6e-01   1799    -296   +480  
  11    57.11   18059.59   18   1e-01   2100    -429   +469    5e-01   1837    -370   +480    5e-01   1929    -350   +480  
  12    57.99   18041.23   24   1e-01   2161    -391   +452    5e-01   2010    -307   +480    5e-01   2137    -272   +480  
  13    58.93   18024.74   19   2e-01   2248    -389   +476    5e-01   2150    -340   +480    5e-01   2317    -300   +480  
  14    59.95   18018.87   21   1e-01   1840    -484   +76     4e-01   2250    -380   +480    4e-01   2460    -337   +480  
  15    60.96   18004.30   22   9e-02   1866    -140   +166    4e-01   2418    -312   +480    5e-01   2605    -335   +480  
  16    61.56   17998.95   16   9e-02   1866    -0     +0      4e-01   2418    -0     +0      5e-01   2605    -0     +0    
==========================================================================================================================
Prune!
==========================================================================================================================
Depth = 2, Bound = 17998.95, Best = 18001

Fixing x[74] = 1

**************************************************************************************************************************
                                               Node 5
**************************************************************************************************************************
Problem size 149
Fixed variables: (x[17],0) (x[74],1)
==========================================================================================================================
starting bound     cut  triangles added  violation
      19435.37   18001              500       0.50
==========================================================================================================================
iter     time      bound  bdl   viol3  triag  purged   added   viol5  penta  purged   added   viol7  hepta  purged   added
==========================================================================================================================
   1    61.74   18972.55    5   4e-01    849    -146   +495   
   2    61.95   18759.21    4   4e-01   1183    -163   +497   
   3    62.19   18634.00    8   4e-01   1379    -292   +488   
   4    62.47   18508.12    6   3e-01   1525    -349   +495   
   5    63.05   18418.37    9   3e-01   1706    -309   +490    7e-01    480    -0     +480    8e-01    480    -0     +480  
   6    63.39   18336.83    9   3e-01   1802    -393   +489   
   7    64.05   18283.04    9   2e-01   1890    -401   +489    6e-01    805    -155   +480    7e-01    843    -117   +480  
   8    64.73   18214.04   13   2e-01   2034    -341   +485    6e-01   1108    -177   +480    7e-01   1133    -190   +480  
   9    65.45   18165.26   14   2e-01   2034    -489   +489    5e-01   1316    -272   +480    6e-01   1334    -279   +480  
  10    66.20   18130.71   18   1e-01   2118    -384   +468    5e-01   1490    -306   +480    6e-01   1543    -271   +480  
  11    67.01   18100.59   18   2e-01   2245    -352   +479    5e-01   1669    -301   +480    6e-01   1720    -303   +480  
  12    67.86   18073.43   19   1e-01   2251    -425   +431    4e-01   1802    -347   +480    5e-01   1853    -347   +480  
  13    68.74   18052.44   20   1e-01   2364    -349   +462    4e-01   1961    -321   +480    5e-01   2048    -285   +480  
  14    69.68   18037.32   19   1e-01   2385    -433   +454    4e-01   2069    -372   +480    5e-01   2151    -377   +480  
  15    70.67   18024.00   19   1e-01   2129    -411   +155    4e-01   2166    -382   +479    5e-01   2316    -315   +480  
  16    71.69   18015.78   18   1e-01   2025    -217   +113    3e-01   2318    -328   +480    5e-01   2454    -342   +480  
  17    72.71   18011.24   18   1e-01   1950    -144   +69     3e-01   2435    -363   +480    5e-01   2600    -334   +480  
  18    73.77   18007.63    9   8e-02   1894    -106   +50     3e-01   2504    -409   +478    4e-01   2756    -324   +480  
  19    74.81   18004.40    9   1e-01   2311    -76    +493    4e-01   2605    -379   +480    6e-01   2879    -357   +480  
  20    75.93   18002.70    9   1e-01   2362    -448   +499    4e-01   2635    -450   +480    6e-01   2916    -443   +480  
  21    77.08   18002.31   10   2e-01   2401    -457   +496    4e-01   2625    -490   +480    5e-01   2995    -401   +480  
  22    77.41   18001.54   11   2e-01   2401    -0     +0      4e-01   2625    -0     +0      5e-01   2995    -0     +0    
==========================================================================================================================
Prune!
==========================================================================================================================
Depth = 2, Bound = 18001.54, Best = 18001


Nodes = 5
Root node bound = 18019.511
Maximum value = 18001
Solution = ( 2 3 4 6 7 9 11 13 15 16 17 20 21 22 24 25 26 28 31 34 37 38 40 45 46 47 49 51 52 55 56 57 58 59 61 62 63 64 66 67 72 73 75 76 77 78 79 80 82 84 85 86 87 88 89 90 91 92 94 95 96 98 99 102 104 105 106 107 110 111 112 113 114 115 118 120 121 122 123 124 126 129 132 134 135 138 139 140 141 143 144 145 146 148 )
CPU time = 77.41 s

