Input file: ./Instances/biq2mc/be/be150.8.4.sparse.mc

Graph has 151 vertices and 8977 edges.

BiqBin parameters:
    init_bundle_iter = 5
     max_bundle_iter = 20
      min_outer_iter = 10
      max_outer_iter = 30
       violated_Ineq = 0.050000
             TriIneq = 500
         Pent_Trials = 160
        Hepta_Trials = 120
        include_Pent = 1
       include_Hepta = 1
                root = 0
            use_diff = 1
          time_limit = 0
   branchingStrategy = 1
      detailedOutput = 1

**************************************************************************************************************************
                                               Node 1
**************************************************************************************************************************
Problem size 151
Fixed variables:
Node 1 Feasible solution 26911
==========================================================================================================================
starting bound     cut  triangles added  violation
      29417.26   26911              500       0.49
==========================================================================================================================
iter     time      bound  bdl   viol3  triag  purged   added   viol5  penta  purged   added   viol7  hepta  purged   added
==========================================================================================================================
   1     0.28   28769.18    4   4e-01    817    -180   +497   
   2     0.53   28298.78    5   4e-01   1151    -163   +497   
   3     0.79   28117.41    6   3e-01   1401    -243   +493   
   4     1.04   27933.86    7   3e-01   1516    -380   +495   
   5     1.57   27788.07    8   3e-01   1693    -318   +495    8e-01    480    -0     +480    7e-01    480    -0     +480  
   6     2.13   27646.19   12   2e-01   1799    -383   +489    6e-01    789    -171   +480    7e-01    792    -168   +480  
   7     2.73   27528.33   14   2e-01   1837    -443   +481    6e-01   1038    -231   +480    6e-01   1012    -257   +477  
   8     3.37   27430.88   13   2e-01   1916    -403   +482    6e-01   1292    -226   +480    7e-01   1199    -292   +479  
   9     4.05   27365.53   16   2e-01   2006    -394   +484    6e-01   1487    -285   +480    6e-01   1414    -265   +480  
  10     4.80   27294.67   21   1e-01   1976    -503   +473    4e-01   1576    -391   +480    5e-01   1508    -383   +477  
  11     5.59   27255.99   19   1e-01   2141    -268   +433    4e-01   1804    -252   +480    5e-01   1748    -237   +477  
  12     6.43   27202.62   20   1e-01   2257    -354   +470    4e-01   1982    -301   +479    5e-01   1956    -271   +479  
  13     7.33   27183.69   21   1e-01   2027    -438   +208    3e-01   2087    -373   +478    5e-01   2067    -365   +476  
  14     8.30   27145.53   28   9e-02   1921    -230   +124    4e-01   2203    -362   +478    4e-01   2166    -374   +473  
  15     9.28   27120.48   26   1e-01   1836    -201   +116    3e-01   2329    -344   +470    4e-01   2340    -297   +471  
  16    10.33   27093.54   26   9e-02   1801    -148   +113    3e-01   2454    -348   +473    4e-01   2468    -343   +471  
  17    11.04   27084.57   21   9e-02   1801    -0     +0      3e-01   2454    -0     +0      4e-01   2468    -0     +0    
==========================================================================================================================
BOUNDING STOPPED: Gap to big!
==========================================================================================================================
Depth = 0, Bound = 27084.57, Best = 26911

Branching on x[79] = 0.49
Fixing x[79] = 0

**************************************************************************************************************************
                                               Node 2
**************************************************************************************************************************
Problem size 150
Fixed variables: (x[79],0)
==========================================================================================================================
BOUNDING STOPPED: Gap to big!
==========================================================================================================================
Depth = 1, Bound = 29368.21, Best = 26911

Fixing x[79] = 1

**************************************************************************************************************************
                                               Node 3
**************************************************************************************************************************
Problem size 150
Fixed variables: (x[79],1)
==========================================================================================================================
BOUNDING STOPPED: Gap to big!
==========================================================================================================================
Depth = 1, Bound = 29291.67, Best = 26911

Branching on x[116] = 0.51
Fixing x[116] = 0

**************************************************************************************************************************
                                               Node 4
**************************************************************************************************************************
Problem size 149
Fixed variables: (x[79],0) (x[116],0)
==========================================================================================================================
BOUNDING STOPPED: Gap to big!
==========================================================================================================================
Depth = 2, Bound = 29267.90, Best = 26911

Fixing x[116] = 1

**************************************************************************************************************************
                                               Node 5
**************************************************************************************************************************
Problem size 149
Fixed variables: (x[79],0) (x[116],1)
==========================================================================================================================
BOUNDING STOPPED: Gap to big!
==========================================================================================================================
Depth = 2, Bound = 29291.85, Best = 26911

Branching on x[108] = 0.50
Fixing x[108] = 0

**************************************************************************************************************************
                                               Node 6
**************************************************************************************************************************
Problem size 148
Fixed variables: (x[79],0) (x[108],0) (x[116],1)
==========================================================================================================================
starting bound     cut  triangles added  violation
      29175.63   26911              500       0.49
==========================================================================================================================
iter     time      bound  bdl   viol3  triag  purged   added   viol5  penta  purged   added   viol7  hepta  purged   added
==========================================================================================================================
   1    11.35   28496.57    5   4e-01    852    -147   +499   
   2    11.55   28135.06    4   4e-01   1183    -166   +497   
   3    11.78   27927.70    8   3e-01   1306    -372   +495   
   4    12.02   27765.71    7   3e-01   1525    -279   +498   
   5    12.55   27646.71    9   3e-01   1658    -365   +498    8e-01    480    -0     +480    8e-01    480    -0     +480  
   6    13.10   27505.43   11   2e-01   1787    -365   +494    7e-01    802    -158   +480    7e-01    798    -162   +480  
   7    13.71   27406.45   13   2e-01   1795    -473   +481    5e-01   1035    -247   +480    7e-01   1026    -252   +480  
   8    14.32   27324.09   14   2e-01   1956    -331   +492    6e-01   1286    -229   +480    7e-01   1237    -269   +480  
   9    15.00   27251.94   16   2e-01   1999    -434   +477    5e-01   1482    -284   +480    6e-01   1393    -324   +480  
  10    15.72   27187.01   15   1e-01   1991    -475   +467    5e-01   1619    -343   +480    5e-01   1548    -325   +480  
  11    16.46   27133.14   22   1e-01   1926    -408   +343    4e-01   1760    -339   +480    5e-01   1727    -297   +476  
  12    17.26   27101.13   16   9e-02   1844    -284   +202    4e-01   1968    -271   +479    5e-01   1965    -240   +478  
  13    18.09   27056.00   21   1e-01   2100    -222   +478    5e-01   2129    -319   +480    6e-01   2166    -279   +480  
  14    19.00   27026.74   26   1e-01   2055    -415   +370    4e-01   2238    -371   +480    6e-01   2329    -317   +480  
  15    19.97   27001.03   23   9e-02   1731    -363   +39     3e-01   2313    -398   +473    4e-01   2472    -327   +470  
  16    20.96   26979.73   28   7e-02   1591    -146   +6      2e-01   2451    -327   +465    3e-01   2616    -323   +467  
  17    21.95   26963.13   31   9e-02   1554    -83    +46     3e-01   2670    -259   +478    4e-01   2830    -258   +472  
  18    22.98   26949.59   30   9e-02   1508    -74    +28     4e-01   2854    -286   +470    4e-01   3019    -279   +468  
  19    23.99   26934.62   25   8e-02   1596    -54    +142    3e-01   2993    -341   +480    4e-01   3185    -312   +478  
  20    25.02   26925.28   34   6e-02   1470    -130   +4      2e-01   3021    -401   +429    3e-01   3267    -359   +441  
  21    26.04   26917.93   25   1e-01   1547    -44    +121    4e-01   3193    -306   +478    6e-01   3467    -280   +480  
  22    26.37   26911.02   30   1e-01   1547    -0     +0      4e-01   3193    -0     +0      6e-01   3467    -0     +0    
==========================================================================================================================
Prune!
==========================================================================================================================
Depth = 3, Bound = 26911.02, Best = 26911

Fixing x[108] = 1

**************************************************************************************************************************
                                               Node 7
**************************************************************************************************************************
Problem size 148
Fixed variables: (x[79],0) (x[108],1) (x[116],1)
==========================================================================================================================
starting bound     cut  triangles added  violation
      29155.70   26911              500       0.50
==========================================================================================================================
iter     time      bound  bdl   viol3  triag  purged   added   viol5  penta  purged   added   viol7  hepta  purged   added
==========================================================================================================================
   1    26.56   28437.12    3   4e-01    809    -184   +493   
   2    26.75   28017.15    5   4e-01   1140    -163   +494   
   3    26.96   27775.26    7   3e-01   1332    -302   +494   
   4    27.45   27592.74    7   3e-01   1550    -277   +495    8e-01    480    -0     +480    8e-01    480    -0     +480  
   5    27.95   27432.99   10   3e-01   1735    -299   +484    7e-01    818    -142   +480    7e-01    816    -144   +480  
   6    28.49   27273.59   12   2e-01   1806    -416   +487    6e-01   1060    -238   +480    7e-01   1036    -260   +480  
   7    29.07   27174.43   18   2e-01   1896    -395   +485    5e-01   1267    -273   +480    6e-01   1219    -296   +479  
   8    29.68   27085.64   16   2e-01   2001    -365   +470    5e-01   1458    -289   +480    7e-01   1427    -272   +480  
   9    30.35   27010.95   19   1e-01   2044    -427   +470    4e-01   1606    -331   +479    5e-01   1526    -378   +477  
  10    31.06   26937.36   19   1e-01   2177    -338   +471    5e-01   1783    -303   +480    6e-01   1654    -350   +478  
  11    31.50   26905.91   21   1e-01   2177    -0     +0      5e-01   1783    -0     +0      6e-01   1654    -0     +0    
==========================================================================================================================
Prune!
==========================================================================================================================
Depth = 3, Bound = 26905.91, Best = 26911

Branching on x[118] = 0.50
Fixing x[118] = 0

**************************************************************************************************************************
                                               Node 8
**************************************************************************************************************************
Problem size 149
Fixed variables: (x[79],1) (x[118],0)
==========================================================================================================================
starting bound     cut  triangles added  violation
      29231.98   26911              500       0.49
==========================================================================================================================
iter     time      bound  bdl   viol3  triag  purged   added   viol5  penta  purged   added   viol7  hepta  purged   added
==========================================================================================================================
   1    31.68   28584.93    3   5e-01    876    -122   +498   
   2    31.87   28277.17    7   4e-01   1079    -282   +485   
   3    32.08   27960.85    5   4e-01   1298    -278   +497   
   4    32.32   27758.92    8   3e-01   1517    -279   +498   
   5    32.85   27648.06   10   3e-01   1753    -254   +490    8e-01    480    -0     +480    8e-01    480    -0     +480  
   6    33.42   27489.95   12   2e-01   1783    -458   +488    6e-01    771    -189   +480    7e-01    814    -146   +480  
   7    34.02   27398.14   12   2e-01   1860    -392   +469    5e-01   1056    -195   +480    6e-01   1087    -207   +480  
   8    34.66   27280.31   12   2e-01   2008    -339   +487    6e-01   1285    -251   +480    7e-01   1290    -277   +480  
   9    35.34   27226.66   18   2e-01   1966    -516   +474    5e-01   1399    -366   +480    6e-01   1360    -409   +479  
  10    36.07   27161.43   19   2e-01   2040    -379   +453    4e-01   1605    -274   +480    6e-01   1578    -262   +480  
  11    36.83   27119.65   20   1e-01   2027    -399   +386    4e-01   1758    -327   +480    5e-01   1715    -343   +480  
  12    37.64   27082.14   20   2e-01   2171    -310   +454    5e-01   1897    -341   +480    5e-01   1900    -294   +479  
  13    38.51   27039.51   24   1e-01   1848    -443   +120    4e-01   1983    -393   +479    5e-01   1996    -380   +476  
  14    39.43   27012.91   23   1e-01   1914    -181   +247    4e-01   2135    -328   +480    5e-01   2169    -302   +475  
  15    40.38   26981.70   19   1e-01   1877    -262   +225    4e-01   2244    -371   +480    5e-01   2330    -318   +479  
  16    41.38   26963.67   23   1e-01   1721    -199   +43     4e-01   2410    -313   +479    5e-01   2506    -302   +478  
  17    42.39   26950.65   24   1e-01   1794    -109   +182    3e-01   2538    -351   +479    4e-01   2686    -298   +478  
  18    43.42   26938.09   27   6e-02   1607    -189   +2      2e-01   2617    -388   +467    4e-01   2844    -311   +469  
  19    44.45   26927.92   26   6e-02   1569    -48    +10     3e-01   2798    -284   +465    4e-01   3003    -299   +458  
  20    45.48   26918.60   16   9e-02   1603    -47    +81     3e-01   2917    -361   +480    4e-01   3163    -315   +475  
  21    46.53   26913.73   23   6e-02   1525    -88    +10     2e-01   3019    -352   +454    3e-01   3305    -320   +462  
  22    46.62   26911.11   25   6e-02   1525    -0     +0      2e-01   3019    -0     +0      3e-01   3305    -0     +0    
==========================================================================================================================
Prune!
==========================================================================================================================
Depth = 2, Bound = 26911.11, Best = 26911

Fixing x[118] = 1

**************************************************************************************************************************
                                               Node 9
**************************************************************************************************************************
Problem size 149
Fixed variables: (x[79],1) (x[118],1)
==========================================================================================================================
BOUNDING STOPPED: Gap to big!
==========================================================================================================================
Depth = 2, Bound = 29247.96, Best = 26911

Branching on x[11] = 0.51
Fixing x[11] = 0

**************************************************************************************************************************
                                               Node 10
**************************************************************************************************************************
Problem size 148
Fixed variables: (x[11],0) (x[79],0) (x[116],0)
==========================================================================================================================
starting bound     cut  triangles added  violation
      29134.33   26911              500       0.50
==========================================================================================================================
iter     time      bound  bdl   viol3  triag  purged   added   viol5  penta  purged   added   viol7  hepta  purged   added
==========================================================================================================================
   1    46.84   28450.92    3   5e-01    873    -125   +498   
   2    47.03   28075.43    4   4e-01   1130    -239   +496   
   3    47.24   27832.98    6   4e-01   1357    -267   +494   
   4    47.48   27664.92    8   3e-01   1524    -327   +494   
   5    48.00   27544.45    9   3e-01   1703    -304   +483    7e-01    480    -0     +480    8e-01    480    -0     +480  
   6    48.54   27365.12   10   3e-01   1858    -340   +495    7e-01    854    -106   +480    8e-01    854    -106   +480  
   7    49.12   27243.58   15   2e-01   1912    -430   +484    6e-01   1111    -223   +480    6e-01   1056    -278   +480  
   8    49.74   27142.34   12   3e-01   1983    -409   +480    6e-01   1347    -244   +480    7e-01   1248    -288   +480  
   9    50.40   27067.40   18   1e-01   1995    -448   +460    5e-01   1483    -344   +480    5e-01   1367    -361   +480  
  10    51.12   27008.90   17   2e-01   2079    -386   +470    5e-01   1664    -299   +480    7e-01   1569    -278   +480  
  11    51.90   26957.06   21   1e-01   2058    -470   +449    4e-01   1818    -324   +478    6e-01   1683    -365   +479  
  12    52.71   26912.75   21   1e-01   1990    -429   +361    4e-01   1896    -401   +479    5e-01   1751    -410   +478  
  13    52.89   26906.11   25   1e-01   1990    -0     +0      4e-01   1896    -0     +0      5e-01   1751    -0     +0    
==========================================================================================================================
Prune!
==========================================================================================================================
Depth = 3, Bound = 26906.11, Best = 26911

Fixing x[11] = 1

**************************************************************************************************************************
                                               Node 11
**************************************************************************************************************************
Problem size 148
Fixed variables: (x[11],1) (x[79],0) (x[116],0)
==========================================================================================================================
starting bound     cut  triangles added  violation
      29157.61   26911              500       0.50
==========================================================================================================================
iter     time      bound  bdl   viol3  triag  purged   added   viol5  penta  purged   added   viol7  hepta  purged   added
==========================================================================================================================
   1    53.06   28487.90    5   4e-01    851    -143   +494   
   2    53.25   28076.05    4   4e-01   1141    -209   +499   
   3    53.47   27828.35    6   4e-01   1385    -255   +499   
   4    53.71   27666.89    8   3e-01   1508    -372   +495   
   5    54.23   27538.96   10   3e-01   1707    -294   +493    7e-01    480    -0     +480    8e-01    480    -0     +480  
   6    54.76   27380.27   10   2e-01   1825    -373   +491    6e-01    816    -144   +480    7e-01    829    -131   +480  
   7    55.33   27283.50   14   2e-01   1918    -400   +493    6e-01   1091    -205   +480    7e-01   1101    -208   +480  
   8    55.95   27176.55   18   2e-01   1976    -423   +481    6e-01   1303    -268   +480    6e-01   1267    -314   +480  
   9    56.62   27110.77   20   2e-01   1986    -467   +477    6e-01   1465    -318   +480    6e-01   1445    -302   +480  
  10    57.33   27051.79   22   1e-01   1938    -505   +457    5e-01   1570    -375   +480    5e-01   1543    -380   +478  
  11    58.08   26999.11   24   1e-01   2009    -384   +455    4e-01   1741    -309   +480    6e-01   1720    -303   +480  
  12    58.90   26953.73   24   1e-01   2029    -424   +444    4e-01   1872    -347   +478    5e-01   1857    -340   +477  
  13    59.42   26910.33   19   1e-01   2029    -0     +0      4e-01   1872    -0     +0      5e-01   1857    -0     +0    
==========================================================================================================================
Prune!
==========================================================================================================================
Depth = 3, Bound = 26910.33, Best = 26911

Branching on x[49] = 0.49
Fixing x[49] = 0

**************************************************************************************************************************
                                               Node 12
**************************************************************************************************************************
Problem size 148
Fixed variables: (x[49],0) (x[79],1) (x[118],1)
==========================================================================================================================
starting bound     cut  triangles added  violation
      29154.19   26911              500       0.50
==========================================================================================================================
iter     time      bound  bdl   viol3  triag  purged   added   viol5  penta  purged   added   viol7  hepta  purged   added
==========================================================================================================================
   1    59.61   28489.99    4   4e-01    807    -191   +498   
   2    59.81   28114.99    6   4e-01   1094    -209   +496   
   3    60.04   27897.93    6   4e-01   1341    -248   +495   
   4    60.29   27729.80    8   3e-01   1523    -317   +499   
   5    60.84   27612.99   11   3e-01   1730    -284   +491    7e-01    480    -0     +480    8e-01    480    -0     +480  
   6    61.39   27456.23   10   3e-01   1851    -376   +497    6e-01    826    -134   +480    7e-01    822    -138   +480  
   7    62.00   27347.72   14   2e-01   1901    -433   +483    6e-01   1058    -248   +480    7e-01   1060    -242   +480  
   8    62.63   27240.80   13   2e-01   1976    -405   +480    6e-01   1273    -265   +480    7e-01   1292    -248   +480  
   9    63.32   27175.00   18   2e-01   1964    -488   +476    6e-01   1398    -354   +479    6e-01   1373    -398   +479  
  10    64.04   27133.67   17   2e-01   2074    -361   +471    6e-01   1628    -250   +480    6e-01   1632    -221   +480  
  11    64.81   27080.73   19   2e-01   2091    -458   +475    5e-01   1772    -336   +480    6e-01   1809    -303   +480  
  12    65.63   27040.86   20   1e-01   2126    -406   +441    4e-01   1885    -367   +480    5e-01   1951    -338   +480  
  13    66.48   27011.05   20   8e-02   1831    -420   +125    4e-01   1986    -373   +474    5e-01   2063    -362   +474  
  14    67.36   26991.02   21   1e-01   1880    -181   +230    4e-01   2174    -292   +480    5e-01   2249    -294   +480  
  15    68.29   26976.97   18   1e-01   2142    -200   +462    5e-01   2310    -344   +480    6e-01   2397    -331   +479  
  16    69.30   26960.41   18   2e-01   2230    -383   +471    4e-01   2380    -410   +480    6e-01   2473    -404   +480  
  17    70.34   26949.07   22   7e-02   1746    -499   +15     3e-01   2418    -440   +478    5e-01   2578    -373   +478  
  18    71.37   26939.65   23   9e-02   1671    -93    +18     3e-01   2588    -307   +477    5e-01   2783    -272   +477  
  19    72.40   26934.03   20   9e-02   1671    -54    +54     3e-01   2692    -373   +477    5e-01   2909    -352   +478  
  20    73.47   26929.25   14   1e-01   1905    -68    +302    4e-01   2760    -412   +480    5e-01   3045    -344   +480  
  21    74.55   26925.70   17   7e-02   1642    -275   +12     3e-01   2814    -424   +478    4e-01   3112    -411   +478  
  22    75.63   26921.04   20   7e-02   1607    -44    +9      2e-01   2935    -355   +476    4e-01   3257    -333   +478  
  23    76.75   26919.17   20   5e-02   1585    -22    +0      2e-01   3013    -391   +469    3e-01   3402    -332   +477  
  24    77.84   26916.92   11   1e-01   2068    -14    +497    4e-01   3179    -314   +480    6e-01   3581    -301   +480  
  25    78.98   26915.87   11   8e-02   1682    -430   +44     3e-01   3153    -506   +480    4e-01   3597    -464   +480  
  26    80.13   26914.04   11   5e-02   1581    -102   +1      2e-01   3140    -467   +454    3e-01   3670    -397   +470  
  27    80.81   26913.55    9   5e-02   1581    -0     +0      2e-01   3140    -0     +0      3e-01   3670    -0     +0    
==========================================================================================================================
BOUNDING STOPPED: Gap to big!
==========================================================================================================================
Depth = 3, Bound = 26913.55, Best = 26911

Fixing x[49] = 1

**************************************************************************************************************************
                                               Node 13
**************************************************************************************************************************
Problem size 148
Fixed variables: (x[49],1) (x[79],1) (x[118],1)
==========================================================================================================================
starting bound     cut  triangles added  violation
      29109.53   26911              500       0.50
==========================================================================================================================
iter     time      bound  bdl   viol3  triag  purged   added   viol5  penta  purged   added   viol7  hepta  purged   added
==========================================================================================================================
   1    80.98   28467.42    3   5e-01    864    -136   +500   
   2    81.18   28045.80    5   4e-01   1043    -319   +498   
   3    81.39   27815.82    8   3e-01   1277    -259   +493   
   4    81.89   27623.55    8   3e-01   1515    -256   +494    8e-01    480    -0     +480    8e-01    480    -0     +480  
   5    82.40   27468.60   11   3e-01   1689    -317   +491    7e-01    831    -129   +480    7e-01    845    -115   +480  
   6    82.94   27331.34   11   2e-01   1779    -395   +485    7e-01   1098    -213   +480    7e-01   1090    -235   +480  
   7    83.53   27220.13   11   2e-01   1842    -427   +490    6e-01   1285    -293   +480    7e-01   1227    -342   +479  
   8    84.17   27153.42   17   2e-01   1916    -388   +462    5e-01   1482    -282   +479    6e-01   1429    -278   +480  
   9    84.84   27067.91   13   2e-01   2045    -356   +485    7e-01   1722    -240   +480    7e-01   1648    -261   +480  
  10    85.58   27035.49   18   1e-01   2002    -500   +457    5e-01   1803    -399   +480    6e-01   1751    -377   +480  
  11    86.35   26991.48   18   1e-01   2108    -331   +437    4e-01   1980    -303   +480    6e-01   1958    -272   +479  
  12    87.16   26952.22   19   1e-01   2227    -349   +468    4e-01   2178    -282   +480    5e-01   2192    -246   +480  
  13    88.02   26926.91   23   1e-01   1898    -420   +91     4e-01   2277    -378   +477    5e-01   2311    -350   +469  
  14    88.26   26910.43   28   1e-01   1898    -0     +0      4e-01   2277    -0     +0      5e-01   2311    -0     +0    
==========================================================================================================================
Prune!
==========================================================================================================================
Depth = 3, Bound = 26910.43, Best = 26911

Branching on x[117] = 0.23
Fixing x[117] = 0

**************************************************************************************************************************
                                               Node 14
**************************************************************************************************************************
Problem size 147
Fixed variables: (x[49],0) (x[79],1) (x[117],0) (x[118],1)
==========================================================================================================================
starting bound     cut  triangles added  violation
      29044.05   26911              500       0.49
==========================================================================================================================
iter     time      bound  bdl   viol3  triag  purged   added   viol5  penta  purged   added   viol7  hepta  purged   added
==========================================================================================================================
   1    88.43   28364.24    4   5e-01    863    -137   +500   
   2    88.62   27986.21    6   4e-01   1077    -283   +497   
   3    88.86   27762.01    6   3e-01   1353    -213   +489   
   4    89.35   27572.48    8   3e-01   1530    -321   +498    8e-01    480    -0     +480    9e-01    480    -0     +480  
   5    89.89   27416.61    9   3e-01   1663    -357   +490    7e-01    855    -105   +480    8e-01    820    -140   +480  
   6    90.45   27276.27   13   3e-01   1729    -417   +483    7e-01   1078    -257   +480    8e-01   1027    -273   +480  
   7    91.03   27182.06   12   2e-01   1773    -440   +484    6e-01   1289    -269   +480    7e-01   1200    -306   +479  
   8    91.66   27090.12   15   2e-01   1849    -408   +484    5e-01   1474    -295   +480    6e-01   1340    -339   +479  
   9    92.33   27046.20   12   2e-01   1945    -387   +483    5e-01   1634    -320   +480    6e-01   1522    -298   +480  
  10    93.05   26996.78   15   1e-01   1898    -526   +479    5e-01   1701    -412   +479    7e-01   1563    -439   +480  
  11    93.83   26974.38   15   1e-01   1957    -398   +457    4e-01   1864    -317   +480    5e-01   1768    -274   +479  
  12    94.65   26945.10   16   1e-01   1850    -389   +282    4e-01   1987    -357   +480    5e-01   1921    -327   +480  
  13    95.55   26931.23    9   2e-01   2081    -266   +497    5e-01   2164    -303   +480    6e-01   2091    -310   +480  
  14    96.52   26924.90   12   9e-02   1845    -491   +255    4e-01   2179    -465   +480    5e-01   2184    -387   +480  
  15    97.53   26917.49   13   1e-01   1829    -239   +223    4e-01   2201    -458   +480    5e-01   2258    -406   +480  
  16    98.59   26914.26    6   1e-01   2046    -252   +469    4e-01   2252    -429   +480    5e-01   2334    -404   +480  
  17    99.67   26912.07    6   1e-01   2074    -471   +499    4e-01   2289    -443   +480    5e-01   2437    -377   +480  
  18    99.91   26911.32    8   1e-01   2074    -0     +0      4e-01   2289    -0     +0      5e-01   2437    -0     +0    
==========================================================================================================================
Prune!
==========================================================================================================================
Depth = 4, Bound = 26911.32, Best = 26911

Fixing x[117] = 1

**************************************************************************************************************************
                                               Node 15
**************************************************************************************************************************
Problem size 147
Fixed variables: (x[49],0) (x[79],1) (x[117],1) (x[118],1)
==========================================================================================================================
starting bound     cut  triangles added  violation
      29077.40   26911              500       0.49
==========================================================================================================================
iter     time      bound  bdl   viol3  triag  purged   added   viol5  penta  purged   added   viol7  hepta  purged   added
==========================================================================================================================
   1   100.11   28479.59    5   4e-01    827    -170   +497   
   2   100.32   28077.30    7   4e-01   1163    -157   +493   
   3   100.57   27879.31    6   3e-01   1414    -242   +493   
   4   100.83   27666.62    8   3e-01   1583    -326   +495   
   5   101.37   27522.73   11   3e-01   1819    -255   +491    7e-01    480    -0     +480    8e-01    480    -0     +480  
   6   101.94   27414.84   13   2e-01   1895    -414   +490    6e-01    803    -157   +480    7e-01    818    -142   +480  
   7   102.55   27296.79   13   2e-01   1971    -402   +478    5e-01   1074    -209   +480    6e-01   1087    -211   +480  
   8   103.20   27197.34   12   2e-01   2074    -374   +477    6e-01   1331    -223   +480    7e-01   1317    -250   +480  
   9   103.86   27128.73   17   2e-01   2090    -441   +457    5e-01   1519    -291   +479    6e-01   1486    -309   +478  
  10   104.59   27074.46   16   2e-01   2154    -403   +467    5e-01   1668    -331   +480    6e-01   1692    -274   +480  
  11   105.34   27037.23   18   2e-01   2219    -403   +468    6e-01   1796    -352   +480    6e-01   1836    -336   +480  
  12   106.16   27000.18   21   1e-01   2229    -454   +464    5e-01   1923    -353   +480    6e-01   1981    -335   +480  
  13   107.03   26970.17   17   8e-02   1895    -416   +82     4e-01   2042    -361   +480    4e-01   2137    -320   +476  
  14   107.90   26946.31   18   1e-01   1806    -198   +109    3e-01   2248    -274   +480    4e-01   2327    -287   +477  
  15   108.83   26934.80   21   1e-01   1714    -124   +32     3e-01   2404    -320   +476    5e-01   2590    -210   +473  
  16   109.83   26917.60   21   9e-02   1762    -104   +152    4e-01   2603    -281   +480    4e-01   2791    -279   +480  
  17   110.15   26909.03   24   9e-02   1762    -0     +0      4e-01   2603    -0     +0      4e-01   2791    -0     +0    
==========================================================================================================================
Prune!
==========================================================================================================================
Depth = 4, Bound = 26909.03, Best = 26911


Nodes = 15
Root node bound = 27084.572
Maximum value = 26911
Solution = ( 1 6 7 10 12 13 20 23 25 26 30 32 37 39 40 41 42 44 45 46 47 48 49 53 55 58 60 61 65 66 68 70 72 73 75 80 81 83 86 91 97 98 102 103 107 108 111 112 114 116 117 119 123 124 125 129 132 139 141 143 144 )
CPU time = 110.15 s

