Input file: ./Instances/biq2mc/be/be150.3.4.sparse.mc

Graph has 151 vertices and 3446 edges.

BiqBin parameters:
    init_bundle_iter = 5
     max_bundle_iter = 20
      min_outer_iter = 10
      max_outer_iter = 30
       violated_Ineq = 0.050000
             TriIneq = 500
         Pent_Trials = 160
        Hepta_Trials = 120
        include_Pent = 1
       include_Hepta = 1
                root = 0
            use_diff = 1
          time_limit = 0
   branchingStrategy = 1
      detailedOutput = 1

**************************************************************************************************************************
                                               Node 1
**************************************************************************************************************************
Problem size 151
Fixed variables:
Node 1 Feasible solution 19884
==========================================================================================================================
starting bound     cut  triangles added  violation
      21050.34   19884              500       0.49
==========================================================================================================================
iter     time      bound  bdl   viol3  triag  purged   added   viol5  penta  purged   added   viol7  hepta  purged   added
==========================================================================================================================
   1     0.26   20697.47    5   4e-01    850    -142   +492   
   2     0.51   20521.91    6   4e-01   1154    -193   +497   
   3     0.79   20391.15    5   4e-01   1384    -268   +498   
   4     1.05   20279.17    8   3e-01   1635    -246   +497   
   5     1.66   20217.90    8   3e-01   1835    -299   +499    8e-01    480    -0     +480    9e-01    480    -0     +480  
   6     2.29   20130.62   11   3e-01   1916    -413   +494    7e-01    801    -159   +480    8e-01    842    -118   +480  
   7     2.96   20066.23   12   2e-01   2009    -394   +487    6e-01   1103    -178   +480    8e-01   1117    -205   +480  
   8     3.69   20021.28   12   2e-01   2074    -422   +487    6e-01   1327    -256   +480    7e-01   1299    -298   +480  
   9     4.46   19984.87   15   2e-01   2078    -474   +478    5e-01   1516    -291   +480    6e-01   1484    -295   +480  
  10     5.29   19961.75   14   2e-01   2136    -431   +489    5e-01   1673    -323   +480    7e-01   1709    -255   +480  
  11     6.16   19942.87   16   1e-01   2113    -493   +470    5e-01   1779    -374   +480    6e-01   1853    -336   +480  
  12     7.08   19929.08   14   2e-01   2162    -434   +483    4e-01   1877    -382   +480    6e-01   1971    -362   +480  
  13     8.04   19916.81   16   1e-01   2183    -472   +493    5e-01   1964    -393   +480    6e-01   2103    -348   +480  
  14     9.09   19909.68   18   1e-01   2063    -514   +394    5e-01   1954    -490   +480    6e-01   2118    -465   +480  
  15    10.20   19903.22   18   1e-01   2048    -367   +352    6e-01   2029    -405   +480    7e-01   2230    -368   +480  
  16    11.40   19897.59   17   7e-02   1657    -403   +12     4e-01   2064    -445   +480    4e-01   2273    -437   +480  
  17    12.53   19893.78   16   9e-02   1764    -69    +176    4e-01   2268    -276   +480    5e-01   2498    -255   +480  
  18    13.71   19892.27   19   9e-02   1594    -183   +13     3e-01   2295    -453   +480    4e-01   2550    -428   +480  
  19    14.90   19890.28   21   4e-02   1551    -43    +0      3e-01   2363    -387   +455    3e-01   2699    -324   +473  
  20    16.06   19888.72   18   1e-01   1567    -10    +26     3e-01   2598    -245   +480    4e-01   2964    -215   +480  
  21    17.32   19887.98   16   4e-02   1526    -41    +0      2e-01   2614    -439   +455    3e-01   3089    -351   +476  
  22    18.55   19886.80   14   9e-02   1563    -13    +50     3e-01   2660    -427   +473    4e-01   3156    -413   +480  
  23    19.79   19886.44   15   6e-02   1509    -55    +1      3e-01   2772    -366   +478    4e-01   3309    -327   +480  
  24    21.08   19885.87   14   5e-02   1503    -7     +1      2e-01   2769    -481   +478    3e-01   3314    -475   +480  
  25    22.35   19885.58   21   4e-02   1500    -3     +0      2e-01   2780    -440   +451    2e-01   3330    -452   +468  
  26    23.63   19885.32   18   4e-02   1494    -6     +0      1e-01   2785    -434   +439    2e-01   3338    -466   +474  
  27    24.92   19885.11   16   4e-02   1492    -2     +0      1e-01   2860    -387   +462    2e-01   3469    -349   +480  
  28    25.44   19884.92   16   4e-02   1492    -0     +0      1e-01   2860    -0     +0      2e-01   3469    -0     +0    
==========================================================================================================================
Prune!
==========================================================================================================================
Depth = 0, Bound = 19884.92, Best = 19884


Nodes = 1
Root node bound = 19884.919
Maximum value = 19884
Solution = ( 1 9 12 14 18 19 22 24 25 26 30 32 33 34 39 50 52 54 55 58 60 62 63 64 66 67 68 70 74 77 84 90 96 104 107 108 111 112 115 117 120 123 124 125 131 133 134 136 140 141 143 145 146 147 149 )
CPU time = 25.44 s

