Input file: ./Instances/biq2mc/be/be150.3.2.sparse.mc

Graph has 151 vertices and 3535 edges.

BiqBin parameters:
    init_bundle_iter = 5
     max_bundle_iter = 20
      min_outer_iter = 10
      max_outer_iter = 30
       violated_Ineq = 0.050000
             TriIneq = 500
         Pent_Trials = 160
        Hepta_Trials = 120
        include_Pent = 1
       include_Hepta = 1
                root = 0
            use_diff = 1
          time_limit = 0
   branchingStrategy = 1
      detailedOutput = 1

**************************************************************************************************************************
                                               Node 1
**************************************************************************************************************************
Problem size 151
Fixed variables:
Node 1 Feasible solution 17715
==========================================================================================================================
starting bound     cut  triangles added  violation
      19203.02   17715              500       0.50
==========================================================================================================================
iter     time      bound  bdl   viol3  triag  purged   added   viol5  penta  purged   added   viol7  hepta  purged   added
==========================================================================================================================
Node 1 Feasible solution 17816
   1     0.28   18855.00    4   4e-01    849    -151   +500   
   2     0.54   18624.81    7   4e-01   1162    -185   +498   
   3     0.81   18512.03    7   4e-01   1359    -298   +495   
   4     1.07   18375.51    8   3e-01   1586    -271   +498   
   5     1.61   18295.69   10   3e-01   1671    -407   +492    7e-01    480    -0     +480    8e-01    480    -0     +480  
   6     2.18   18179.07   10   3e-01   1738    -427   +494    7e-01    834    -126   +480    8e-01    837    -123   +480  
   7     2.79   18118.57   11   2e-01   1839    -390   +491    7e-01   1053    -261   +480    8e-01   1067    -250   +480  
   8     3.47   18069.18   15   2e-01   1878    -438   +477    6e-01   1257    -276   +480    7e-01   1293    -254   +480  
   9     4.22   18017.19   14   2e-01   1967    -392   +481    5e-01   1419    -318   +480    6e-01   1455    -318   +480  
  10     5.01   17979.11   16   2e-01   2032    -412   +477    6e-01   1589    -310   +480    6e-01   1669    -266   +480  
  11     5.84   17952.55   20   1e-01   2057    -448   +473    4e-01   1716    -353   +480    6e-01   1849    -300   +480  
  12     6.71   17927.24   22   1e-01   1913    -409   +265    4e-01   1829    -367   +480    5e-01   1997    -332   +480  
  13     7.61   17905.24   22   1e-01   2171    -207   +465    4e-01   2038    -270   +479    5e-01   2182    -295   +480  
  14     8.58   17888.69   24   1e-01   2098    -409   +336    3e-01   2187    -331   +480    4e-01   2344    -317   +479  
  15     9.58   17873.67   24   9e-02   1856    -318   +76     3e-01   2326    -341   +480    4e-01   2475    -348   +479  
  16    10.64   17863.13   25   1e-01   1770    -147   +61     4e-01   2509    -297   +480    4e-01   2671    -283   +479  
  17    11.69   17852.68   22   8e-02   1713    -104   +47     3e-01   2692    -297   +480    5e-01   2814    -337   +480  
  18    12.76   17846.00   28   6e-02   1656    -70    +13     3e-01   2823    -346   +477    4e-01   2976    -317   +479  
  19    13.86   17840.19   24   7e-02   1612    -57    +13     3e-01   3001    -297   +475    4e-01   3179    -275   +478  
  20    14.92   17835.50   17   1e-01   1738    -29    +155    3e-01   3197    -284   +480    5e-01   3383    -276   +480  
  21    16.05   17831.89   23   1e-01   1626    -145   +33     3e-01   3199    -478   +480    4e-01   3397    -466   +480  
  22    17.20   17827.90   17   1e-01   1980    -63    +417    3e-01   3299    -380   +480    5e-01   3524    -353   +480  
  23    17.95   17826.60   24   1e-01   1980    -0     +0      3e-01   3299    -0     +0      5e-01   3524    -0     +0    
==========================================================================================================================
BOUNDING STOPPED: Gap to big!
==========================================================================================================================
Depth = 0, Bound = 17826.60, Best = 17816

Branching on x[28] = 0.47
Fixing x[28] = 0

**************************************************************************************************************************
                                               Node 2
**************************************************************************************************************************
Problem size 150
Fixed variables: (x[28],0)
==========================================================================================================================
starting bound     cut  triangles added  violation
      19120.84   17816              500       0.50
==========================================================================================================================
iter     time      bound  bdl   viol3  triag  purged   added   viol5  penta  purged   added   viol7  hepta  purged   added
==========================================================================================================================
   1    18.14   18787.10    5   4e-01    860    -135   +495   
   2    18.34   18586.34    4   4e-01   1212    -146   +498   
   3    18.58   18481.44    8   4e-01   1424    -282   +494   
   4    18.83   18359.07    6   3e-01   1521    -396   +493   
   5    19.37   18256.69    9   3e-01   1728    -288   +495    8e-01    480    -0     +480    8e-01    480    -0     +480  
   6    19.94   18153.04    9   3e-01   1812    -414   +498    7e-01    824    -136   +480    8e-01    830    -130   +480  
   7    20.55   18095.54   12   2e-01   1869    -433   +490    6e-01   1098    -206   +480    8e-01   1090    -220   +480  
   8    21.19   18026.33   12   2e-01   1956    -400   +487    5e-01   1311    -267   +480    7e-01   1316    -254   +480  
   9    21.90   17978.14   17   2e-01   2045    -379   +468    5e-01   1502    -289   +480    6e-01   1519    -277   +480  
  10    22.67   17942.21   14   2e-01   2132    -396   +483    5e-01   1716    -266   +480    6e-01   1680    -319   +480  
  11    23.49   17909.01   17   1e-01   2109    -486   +463    5e-01   1773    -423   +480    6e-01   1830    -330   +480  
  12    24.34   17886.93   19   1e-01   2236    -326   +453    4e-01   1977    -276   +480    5e-01   2060    -250   +480  
  13    25.23   17864.40   21   1e-01   2286    -413   +463    5e-01   2110    -347   +480    6e-01   2225    -315   +480  
  14    26.22   17851.87   20   1e-01   2321    -427   +462    4e-01   2186    -404   +480    5e-01   2327    -378   +480  
  15    27.23   17840.60   20   1e-01   2209    -457   +345    4e-01   2274    -392   +480    5e-01   2455    -352   +480  
  16    28.28   17831.38   20   1e-01   2038    -307   +136    5e-01   2393    -361   +480    5e-01   2570    -365   +480  
  17    29.33   17826.25   17   8e-02   1890    -201   +53     3e-01   2556    -317   +480    4e-01   2729    -321   +480  
  18    30.38   17822.02   20   7e-02   1823    -98    +31     2e-01   2658    -378   +480    4e-01   2864    -345   +480  
  19    31.47   17819.15   14   8e-02   1880    -58    +115    2e-01   2798    -340   +480    3e-01   3027    -317   +480  
  20    32.59   17817.62   11   8e-02   1787    -127   +34     3e-01   2878    -400   +480    3e-01   3122    -385   +480  
  21    32.97   17816.92   11   8e-02   1787    -0     +0      3e-01   2878    -0     +0      3e-01   3122    -0     +0    
==========================================================================================================================
Prune!
==========================================================================================================================
Depth = 1, Bound = 17816.92, Best = 17816

Fixing x[28] = 1

**************************************************************************************************************************
                                               Node 3
**************************************************************************************************************************
Problem size 150
Fixed variables: (x[28],1)
==========================================================================================================================
starting bound     cut  triangles added  violation
      19138.23   17816              500       0.49
==========================================================================================================================
iter     time      bound  bdl   viol3  triag  purged   added   viol5  penta  purged   added   viol7  hepta  purged   added
==========================================================================================================================
   1    33.16   18824.20    3   4e-01    861    -131   +492   
   2    33.37   18586.81    7   4e-01   1114    -245   +498   
   3    33.57   18474.92    8   3e-01   1350    -255   +491   
   4    33.81   18331.49    6   3e-01   1573    -274   +497   
   5    34.07   18258.80   10   3e-01   1725    -341   +493   
   6    34.35   18190.12   12   3e-01   1795    -425   +495   
   7    34.93   18139.42   13   2e-01   1979    -306   +490    7e-01    480    -0     +480    7e-01    480    -0     +480  
   8    35.57   18064.17   13   2e-01   2048    -425   +494    6e-01    833    -127   +480    7e-01    856    -104   +480  
   9    36.26   18015.35   15   2e-01   2066    -463   +481    5e-01   1101    -212   +480    6e-01   1143    -193   +480  
  10    36.99   17973.41   14   2e-01   2118    -432   +484    5e-01   1262    -319   +480    6e-01   1345    -278   +480  
  11    37.79   17933.15   20   1e-01   2189    -383   +454    5e-01   1446    -296   +480    6e-01   1525    -300   +480  
  12    38.64   17906.89   21   1e-01   2269    -392   +472    4e-01   1647    -279   +480    6e-01   1761    -244   +480  
  13    39.54   17880.31   22   1e-01   2246    -496   +473    4e-01   1765    -362   +480    5e-01   1905    -335   +479  
  14    40.49   17863.29   20   1e-01   2311    -373   +438    4e-01   1922    -323   +480    5e-01   2112    -273   +480  
  15    41.50   17849.85   23   9e-02   2019    -427   +135    4e-01   2052    -350   +480    4e-01   2280    -312   +480  
  16    42.52   17837.38   21   1e-01   2003    -172   +156    3e-01   2252    -280   +480    6e-01   2494    -266   +480  
  17    43.55   17831.67   26   7e-02   1866    -168   +31     3e-01   2405    -327   +480    4e-01   2695    -278   +479  
  18    44.62   17824.66   29   7e-02   1781    -89    +4      3e-01   2516    -351   +462    3e-01   2810    -350   +465  
  19    45.66   17817.80   29   8e-02   1737    -52    +8      2e-01   2752    -234   +470    4e-01   3055    -231   +476  
  20    45.90   17816.62   16   8e-02   1737    -0     +0      2e-01   2752    -0     +0      4e-01   3055    -0     +0    
==========================================================================================================================
Prune!
==========================================================================================================================
Depth = 1, Bound = 17816.62, Best = 17816


Nodes = 3
Root node bound = 17826.599
Maximum value = 17816
Solution = ( 1 5 6 7 12 13 19 21 22 24 26 27 31 32 36 37 40 41 42 44 50 51 53 71 75 76 77 78 80 87 89 90 91 93 96 97 99 102 106 110 111 112 113 114 115 117 121 127 133 134 135 137 140 142 144 148 150 )
CPU time = 45.90 s

