Input file: ./Instances/biq2mc/be/be150.8.1.sparse.mc

Graph has 151 vertices and 8981 edges.

BiqBin parameters:
    init_bundle_iter = 5
     max_bundle_iter = 20
      min_outer_iter = 10
      max_outer_iter = 30
       violated_Ineq = 0.050000
             TriIneq = 500
         Pent_Trials = 160
        Hepta_Trials = 120
        include_Pent = 1
       include_Hepta = 1
                root = 0
            use_diff = 1
          time_limit = 0
   branchingStrategy = 1
      detailedOutput = 1

**************************************************************************************************************************
                                               Node 1
**************************************************************************************************************************
Problem size 151
Fixed variables:
Node 1 Feasible solution 27089
==========================================================================================================================
starting bound     cut  triangles added  violation
      29671.66   27089              500       0.50
==========================================================================================================================
iter     time      bound  bdl   viol3  triag  purged   added   viol5  penta  purged   added   viol7  hepta  purged   added
==========================================================================================================================
   1     0.27   28997.02    5   5e-01    853    -145   +498   
   2     0.54   28598.20    6   4e-01   1142    -208   +497   
   3     0.81   28361.30    7   4e-01   1393    -241   +492   
   4     1.06   28186.76    8   3e-01   1514    -373   +494   
   5     1.61   28071.33   10   3e-01   1700    -311   +497    7e-01    480    -0     +480    8e-01    480    -0     +480  
   6     2.20   27908.30   12   2e-01   1810    -372   +482    6e-01    820    -140   +480    7e-01    844    -116   +480  
   7     2.81   27796.49   12   2e-01   1892    -405   +487    6e-01   1113    -187   +480    7e-01   1119    -204   +479  
   8     3.47   27725.10   14   2e-01   1941    -411   +460    5e-01   1338    -255   +480    6e-01   1333    -266   +480  
   9     4.21   27619.42   14   2e-01   2021    -411   +491    6e-01   1553    -265   +480    7e-01   1539    -274   +480  
  10     4.96   27585.40   19   1e-01   2022    -467   +468    5e-01   1687    -346   +480    5e-01   1709    -308   +478  
  11     5.75   27526.85   24   2e-01   2117    -357   +452    4e-01   1871    -296   +480    5e-01   1853    -332   +476  
  12     6.60   27487.50   24   1e-01   1969    -389   +241    4e-01   2004    -346   +479    5e-01   1985    -345   +477  
  13     7.47   27446.35   25   1e-01   2173    -245   +449    5e-01   2177    -307   +480    5e-01   2142    -322   +479  
  14     8.43   27411.62   20   1e-01   2289    -365   +481    4e-01   2291    -366   +480    6e-01   2272    -349   +479  
  15     9.42   27388.27   27   9e-02   1916    -466   +93     4e-01   2367    -401   +477    5e-01   2364    -381   +473  
  16    10.47   27366.38   26   8e-02   1801    -181   +66     4e-01   2564    -280   +477    5e-01   2541    -294   +471  
  17    11.18   27348.21   28   8e-02   1801    -0     +0      4e-01   2564    -0     +0      5e-01   2541    -0     +0    
==========================================================================================================================
BOUNDING STOPPED: Gap to big!
==========================================================================================================================
Depth = 0, Bound = 27348.21, Best = 27089

Branching on x[3] = 0.50
Fixing x[3] = 0

**************************************************************************************************************************
                                               Node 2
**************************************************************************************************************************
Problem size 150
Fixed variables: (x[3],0)
==========================================================================================================================
BOUNDING STOPPED: Gap to big!
==========================================================================================================================
Depth = 1, Bound = 29514.52, Best = 27089

Fixing x[3] = 1

**************************************************************************************************************************
                                               Node 3
**************************************************************************************************************************
Problem size 150
Fixed variables: (x[3],1)
==========================================================================================================================
BOUNDING STOPPED: Gap to big!
==========================================================================================================================
Depth = 1, Bound = 29617.36, Best = 27089

Branching on x[80] = 0.51
Fixing x[80] = 0

**************************************************************************************************************************
                                               Node 4
**************************************************************************************************************************
Problem size 149
Fixed variables: (x[3],1) (x[80],0)
==========================================================================================================================
BOUNDING STOPPED: Gap to big!
==========================================================================================================================
Depth = 2, Bound = 29454.81, Best = 27089

Fixing x[80] = 1

**************************************************************************************************************************
                                               Node 5
**************************************************************************************************************************
Problem size 149
Fixed variables: (x[3],1) (x[80],1)
==========================================================================================================================
BOUNDING STOPPED: Gap to big!
==========================================================================================================================
Depth = 2, Bound = 29482.09, Best = 27089

Branching on x[101] = 0.50
Fixing x[101] = 0

**************************************************************************************************************************
                                               Node 6
**************************************************************************************************************************
Problem size 149
Fixed variables: (x[3],0) (x[101],0)
==========================================================================================================================
BOUNDING STOPPED: Gap to big!
==========================================================================================================================
Depth = 2, Bound = 29425.61, Best = 27089

Fixing x[101] = 1

**************************************************************************************************************************
                                               Node 7
**************************************************************************************************************************
Problem size 149
Fixed variables: (x[3],0) (x[101],1)
==========================================================================================================================
BOUNDING STOPPED: Gap to big!
==========================================================================================================================
Depth = 2, Bound = 29439.56, Best = 27089

Branching on x[87] = 0.51
Fixing x[87] = 0

**************************************************************************************************************************
                                               Node 8
**************************************************************************************************************************
Problem size 148
Fixed variables: (x[3],1) (x[80],1) (x[87],0)
==========================================================================================================================
starting bound     cut  triangles added  violation
      29344.20   27089              500       0.50
==========================================================================================================================
iter     time      bound  bdl   viol3  triag  purged   added   viol5  penta  purged   added   viol7  hepta  purged   added
==========================================================================================================================
   1    11.56   28769.84    5   4e-01    826    -170   +496   
   2    11.75   28363.74    5   4e-01   1127    -198   +499   
   3    11.98   28173.66    5   4e-01   1278    -348   +499   
   4    12.24   27991.16    6   3e-01   1453    -318   +493   
   5    12.79   27893.91    9   3e-01   1656    -292   +495    7e-01    480    -0     +480    8e-01    480    -0     +480  
   6    13.34   27752.61   13   3e-01   1754    -398   +496    6e-01    776    -184   +480    7e-01    800    -160   +480  
   7    13.95   27643.30   15   2e-01   1777    -468   +491    6e-01   1035    -221   +480    7e-01   1072    -208   +480  
   8    14.58   27558.36   12   2e-01   1855    -396   +474    5e-01   1256    -258   +479    6e-01   1325    -227   +480  
   9    15.26   27464.16   15   2e-01   1973    -364   +482    5e-01   1456    -280   +480    7e-01   1524    -281   +480  
  10    15.99   27401.16   20   2e-01   2033    -408   +468    5e-01   1600    -336   +480    6e-01   1705    -298   +479  
  11    16.76   27357.43   22   1e-01   2089    -401   +457    5e-01   1814    -266   +480    5e-01   1875    -309   +479  
  12    17.64   27313.02   13   2e-01   2204    -371   +486    6e-01   2003    -291   +480    7e-01   2087    -268   +480  
  13    18.52   27287.90   22   1e-01   2087    -460   +343    4e-01   2116    -367   +480    5e-01   2196    -370   +479  
  14    19.43   27259.84   17   1e-01   2241    -315   +469    4e-01   2240    -356   +480    5e-01   2329    -346   +479  
  15    20.38   27240.00   24   1e-01   1993    -416   +168    3e-01   2327    -392   +479    4e-01   2447    -361   +479  
  16    21.37   27219.98   27   7e-02   1793    -216   +16     3e-01   2464    -331   +468    4e-01   2600    -307   +460  
  17    22.35   27209.60   25   8e-02   1711    -105   +23     3e-01   2642    -299   +477    4e-01   2819    -254   +473  
  18    23.34   27195.43   21   6e-02   1640    -75    +4      2e-01   2821    -288   +467    4e-01   2990    -289   +460  
  19    24.34   27181.50   26   9e-02   1638    -70    +68     3e-01   2986    -313   +478    4e-01   3150    -311   +471  
  20    25.37   27171.14   23   8e-02   1565    -81    +8      3e-01   3075    -367   +456    3e-01   3302    -315   +467  
  21    26.40   27162.76   26   5e-02   1517    -50    +2      2e-01   3200    -317   +442    4e-01   3487    -268   +453  
  22    27.06   27158.56   24   5e-02   1517    -0     +0      2e-01   3200    -0     +0      4e-01   3487    -0     +0    
==========================================================================================================================
BOUNDING STOPPED: Gap to big!
==========================================================================================================================
Depth = 3, Bound = 27158.56, Best = 27089

Fixing x[87] = 1

**************************************************************************************************************************
                                               Node 9
**************************************************************************************************************************
Problem size 148
Fixed variables: (x[3],1) (x[80],1) (x[87],1)
==========================================================================================================================
starting bound     cut  triangles added  violation
      29340.57   27089              500       0.49
==========================================================================================================================
iter     time      bound  bdl   viol3  triag  purged   added   viol5  penta  purged   added   viol7  hepta  purged   added
==========================================================================================================================
   1    27.24   28730.87    5   4e-01    829    -168   +497   
   2    27.42   28357.59    5   4e-01   1152    -174   +497   
   3    27.64   28170.80    8   3e-01   1408    -236   +492   
   4    27.89   27958.99    6   4e-01   1606    -301   +499   
   5    28.18   27825.69   10   3e-01   1740    -366   +500   
   6    28.74   27742.78   12   2e-01   1900    -329   +489    6e-01    480    -0     +480    7e-01    480    -0     +480  
   7    29.34   27613.02   13   2e-01   1953    -437   +490    6e-01    826    -134   +480    8e-01    858    -102   +480  
   8    29.97   27496.39   14   2e-01   1969    -470   +486    5e-01   1070    -236   +480    7e-01   1135    -203   +480  
   9    30.66   27421.03   13   2e-01   2048    -396   +475    5e-01   1297    -253   +480    7e-01   1366    -249   +480  
  10    31.39   27364.56   20   1e-01   2030    -490   +472    4e-01   1458    -319   +480    5e-01   1568    -278   +480  
  11    32.17   27310.10   21   2e-01   2145    -358   +473    4e-01   1648    -289   +479    6e-01   1791    -257   +480  
  12    32.99   27266.94   22   1e-01   2146    -468   +469    4e-01   1749    -379   +480    5e-01   1907    -364   +480  
  13    33.84   27230.03   23   1e-01   2087    -425   +366    3e-01   1876    -352   +479    5e-01   2027    -359   +479  
  14    34.72   27208.55   23   1e-01   1903    -312   +128    4e-01   2030    -325   +479    5e-01   2243    -261   +477  
  15    35.68   27184.56   26   1e-01   2082    -163   +342    4e-01   2210    -299   +479    5e-01   2435    -288   +480  
  16    36.70   27159.22   27   9e-02   1870    -339   +127    3e-01   2294    -396   +480    4e-01   2564    -348   +477  
  17    37.78   27137.99   33   1e-01   1818    -189   +137    3e-01   2427    -344   +477    5e-01   2665    -375   +476  
  18    38.81   27124.11   32   8e-02   1748    -117   +47     3e-01   2585    -320   +478    4e-01   2868    -271   +474  
  19    39.83   27112.60   25   8e-02   1678    -104   +34     3e-01   2716    -344   +475    5e-01   3049    -295   +476  
  20    40.84   27099.41   32   6e-02   1604    -78    +4      2e-01   2861    -319   +464    4e-01   3194    -311   +456  
  21    41.42   27089.52   35   6e-02   1604    -0     +0      2e-01   2861    -0     +0      4e-01   3194    -0     +0    
==========================================================================================================================
Prune!
==========================================================================================================================
Depth = 3, Bound = 27089.52, Best = 27089

Branching on x[77] = 0.49
Fixing x[77] = 0

**************************************************************************************************************************
                                               Node 10
**************************************************************************************************************************
Problem size 148
Fixed variables: (x[3],1) (x[77],0) (x[80],0)
==========================================================================================================================
starting bound     cut  triangles added  violation
      29266.13   27089              500       0.50
==========================================================================================================================
iter     time      bound  bdl   viol3  triag  purged   added   viol5  penta  purged   added   viol7  hepta  purged   added
==========================================================================================================================
   1    41.60   28559.11    3   5e-01    856    -136   +492   
   2    41.78   28160.87    4   4e-01   1189    -158   +491   
   3    42.00   27955.33    5   4e-01   1419    -267   +497   
   4    42.23   27745.90   10   3e-01   1559    -353   +493   
   5    42.73   27610.90    8   3e-01   1735    -311   +487    7e-01    480    -0     +480    8e-01    480    -0     +480  
   6    43.27   27438.88    9   2e-01   1872    -359   +496    7e-01    823    -137   +480    7e-01    811    -149   +480  
   7    43.86   27359.69   13   2e-01   1925    -427   +480    6e-01   1073    -230   +480    7e-01   1067    -224   +480  
   8    44.50   27238.92   18   2e-01   1967    -431   +473    5e-01   1259    -294   +480    6e-01   1230    -317   +480  
   9    45.17   27163.07   16   2e-01   2072    -369   +474    5e-01   1478    -261   +480    6e-01   1422    -288   +480  
  10    45.90   27091.58   19   2e-01   2106    -433   +467    5e-01   1619    -339   +480    6e-01   1592    -309   +479  
  11    46.07   27075.67   22   2e-01   2106    -0     +0      5e-01   1619    -0     +0      6e-01   1592    -0     +0    
==========================================================================================================================
Prune!
==========================================================================================================================
Depth = 3, Bound = 27075.67, Best = 27089

Fixing x[77] = 1

**************************************************************************************************************************
                                               Node 11
**************************************************************************************************************************
Problem size 148
Fixed variables: (x[3],1) (x[77],1) (x[80],0)
==========================================================================================================================
starting bound     cut  triangles added  violation
      29278.93   27089              500       0.49
==========================================================================================================================
iter     time      bound  bdl   viol3  triag  purged   added   viol5  penta  purged   added   viol7  hepta  purged   added
==========================================================================================================================
   1    46.25   28604.59    4   4e-01    849    -138   +487   
   2    46.43   28180.20    5   4e-01   1179    -168   +498   
   3    46.66   27975.63    7   4e-01   1361    -314   +496   
   4    46.91   27799.59    9   3e-01   1554    -307   +500   
   5    47.44   27691.44   10   3e-01   1769    -273   +488    7e-01    480    -0     +480    8e-01    480    -0     +480  
   6    48.02   27534.90   14   2e-01   1828    -431   +490    7e-01    798    -162   +480    7e-01    801    -159   +480  
   7    48.61   27433.73   14   2e-01   1910    -399   +481    7e-01   1084    -194   +480    6e-01   1074    -207   +480  
   8    49.24   27341.26   15   3e-01   1982    -412   +484    6e-01   1298    -266   +480    7e-01   1270    -284   +480  
   9    49.93   27270.98   14   2e-01   2006    -458   +482    5e-01   1467    -310   +479    6e-01   1448    -302   +480  
  10    50.65   27213.65   23   1e-01   2030    -437   +461    4e-01   1616    -330   +479    5e-01   1578    -348   +478  
  11    51.42   27165.19   17   1e-01   2054    -329   +353    4e-01   1833    -262   +479    5e-01   1779    -276   +477  
  12    52.24   27119.30   21   1e-01   2202    -302   +450    5e-01   1970    -342   +479    5e-01   1934    -325   +480  
  13    52.73   27081.23   20   1e-01   2202    -0     +0      5e-01   1970    -0     +0      5e-01   1934    -0     +0    
==========================================================================================================================
Prune!
==========================================================================================================================
Depth = 3, Bound = 27081.23, Best = 27089

Branching on x[4] = 0.50
Fixing x[4] = 0

**************************************************************************************************************************
                                               Node 12
**************************************************************************************************************************
Problem size 148
Fixed variables: (x[3],0) (x[4],0) (x[101],1)
==========================================================================================================================
starting bound     cut  triangles added  violation
      29317.18   27089              500       0.50
==========================================================================================================================
iter     time      bound  bdl   viol3  triag  purged   added   viol5  penta  purged   added   viol7  hepta  purged   added
==========================================================================================================================
   1    52.91   28719.87    4   4e-01    867    -125   +492   
   2    53.11   28374.12    6   4e-01   1134    -227   +494   
   3    53.33   28115.12    5   3e-01   1317    -317   +500   
   4    53.84   27986.00    9   3e-01   1519    -291   +493    7e-01    480    -0     +480    8e-01    480    -0     +480  
   5    54.38   27783.64   11   3e-01   1672    -342   +495    8e-01    814    -146   +480    8e-01    790    -170   +480  
   6    54.95   27688.20   10   3e-01   1714    -449   +491    8e-01   1029    -265   +480    8e-01   1041    -229   +480  
   7    55.56   27577.58   14   2e-01   1727    -471   +484    5e-01   1205    -304   +480    6e-01   1215    -306   +480  
   8    56.21   27492.44   18   2e-01   1855    -357   +485    5e-01   1409    -276   +480    6e-01   1413    -282   +480  
   9    56.92   27442.90   14   2e-01   1921    -417   +483    6e-01   1618    -271   +480    7e-01   1668    -225   +480  
  10    57.67   27397.76   21   1e-01   1928    -460   +467    5e-01   1719    -378   +479    5e-01   1790    -358   +480  
  11    58.45   27347.20   16   1e-01   2078    -319   +469    4e-01   1875    -324   +480    5e-01   1927    -343   +480  
  12    59.26   27312.33   20   2e-01   2173    -386   +481    5e-01   2062    -293   +480    6e-01   2125    -282   +480  
  13    60.14   27283.14   21   8e-02   1751    -507   +85     3e-01   2104    -435   +477    4e-01   2233    -371   +479  
  14    61.05   27263.21   21   2e-01   2069    -157   +475    4e-01   2293    -291   +480    6e-01   2438    -275   +480  
  15    62.03   27239.99   24   1e-01   1882    -439   +252    4e-01   2373    -400   +480    5e-01   2533    -385   +480  
  16    63.07   27218.62   16   1e-01   2087    -273   +478    4e-01   2443    -410   +480    6e-01   2632    -381   +480  
  17    64.13   27204.79   24   9e-02   1679    -422   +14     3e-01   2511    -412   +480    6e-01   2748    -362   +478  
  18    65.16   27193.29   27   7e-02   1567    -121   +9      2e-01   2701    -281   +471    4e-01   2932    -286   +470  
  19    66.21   27181.13   26   8e-02   1519    -78    +30     3e-01   2841    -338   +478    4e-01   3103    -302   +473  
  20    66.90   27176.43   27   8e-02   1519    -0     +0      3e-01   2841    -0     +0      4e-01   3103    -0     +0    
==========================================================================================================================
BOUNDING STOPPED: Gap to big!
==========================================================================================================================
Depth = 3, Bound = 27176.43, Best = 27089

Fixing x[4] = 1

**************************************************************************************************************************
                                               Node 13
**************************************************************************************************************************
Problem size 148
Fixed variables: (x[3],0) (x[4],1) (x[101],1)
==========================================================================================================================
starting bound     cut  triangles added  violation
      29270.43   27089              500       0.50
==========================================================================================================================
iter     time      bound  bdl   viol3  triag  purged   added   viol5  penta  purged   added   viol7  hepta  purged   added
==========================================================================================================================
   1    67.06   28635.87    4   5e-01    848    -143   +491   
   2    67.25   28235.75    4   4e-01   1065    -280   +497   
   3    67.47   27982.58    8   3e-01   1321    -238   +494   
   4    67.71   27786.17    8   3e-01   1558    -261   +498   
   5    67.97   27660.56   11   3e-01   1758    -291   +491   
   6    68.52   27555.06   11   2e-01   1906    -346   +494    6e-01    480    -0     +480    8e-01    480    -0     +480  
   7    69.11   27416.55   13   2e-01   1950    -439   +483    6e-01    856    -104   +480    6e-01    817    -141   +478  
   8    69.73   27320.03   17   2e-01   2010    -420   +480    5e-01   1133    -203   +480    7e-01   1112    -184   +479  
   9    70.40   27242.22   17   2e-01   2058    -419   +467    5e-01   1323    -290   +480    6e-01   1295    -297   +480  
  10    71.11   27172.44   18   2e-01   2076    -445   +463    5e-01   1509    -294   +480    6e-01   1507    -268   +480  
  11    71.87   27130.87   23   1e-01   2093    -377   +394    4e-01   1666    -318   +475    5e-01   1665    -320   +478  
  12    72.20   27083.62   27   1e-01   2093    -0     +0      4e-01   1666    -0     +0      5e-01   1665    -0     +0    
==========================================================================================================================
Prune!
==========================================================================================================================
Depth = 3, Bound = 27083.62, Best = 27089

Branching on x[13] = 0.50
Fixing x[13] = 0

**************************************************************************************************************************
                                               Node 14
**************************************************************************************************************************
Problem size 148
Fixed variables: (x[3],0) (x[13],0) (x[101],0)
==========================================================================================================================
starting bound     cut  triangles added  violation
      29334.21   27089              500       0.49
==========================================================================================================================
iter     time      bound  bdl   viol3  triag  purged   added   viol5  penta  purged   added   viol7  hepta  purged   added
==========================================================================================================================
   1    72.38   28698.31    5   4e-01    834    -160   +494   
   2    72.57   28338.73    5   4e-01   1135    -196   +497   
   3    72.78   28078.45    6   3e-01   1306    -322   +493   
   4    73.03   27908.66    9   3e-01   1543    -261   +498   
   5    73.57   27798.26    9   3e-01   1700    -333   +490    7e-01    480    -0     +480    8e-01    480    -0     +480  
   6    74.13   27665.68   12   3e-01   1825    -364   +489    6e-01    858    -102   +480    7e-01    837    -123   +480  
   7    74.72   27541.19   15   2e-01   1897    -412   +484    5e-01   1110    -228   +480    6e-01   1096    -221   +480  
   8    75.37   27448.01   16   2e-01   1921    -435   +459    5e-01   1328    -262   +480    6e-01   1335    -241   +480  
   9    76.06   27387.14   12   2e-01   2005    -399   +483    6e-01   1518    -290   +480    7e-01   1507    -308   +480  
  10    76.82   27322.55   18   1e-01   2051    -427   +473    4e-01   1619    -379   +480    5e-01   1612    -375   +480  
  11    77.60   27283.76   19   1e-01   2094    -345   +388    4e-01   1831    -268   +480    4e-01   1836    -253   +477  
  12    78.41   27224.56   18   1e-01   2230    -325   +461    4e-01   1965    -346   +480    5e-01   1964    -351   +479  
  13    79.26   27199.84   25   1e-01   2086    -379   +235    5e-01   2121    -324   +480    5e-01   2175    -268   +479  
  14    80.17   27171.64   21   9e-02   1946    -246   +106    3e-01   2255    -345   +479    5e-01   2341    -308   +474  
  15    81.12   27153.96   24   8e-02   1856    -153   +63     4e-01   2429    -303   +477    4e-01   2532    -286   +477  
  16    82.15   27136.61   28   1e-01   1875    -102   +121    3e-01   2565    -343   +479    5e-01   2680    -327   +475  
  17    83.17   27120.31   29   1e-01   1801    -155   +81     3e-01   2651    -390   +476    4e-01   2816    -341   +477  
  18    84.20   27108.48   24   9e-02   1745    -100   +44     3e-01   2796    -332   +477    4e-01   2976    -316   +476  
  19    85.26   27100.71   20   1e-01   1935    -84    +274    5e-01   2878    -398   +480    5e-01   3168    -288   +480  
  20    86.35   27090.91   22   8e-02   1754    -237   +56     3e-01   2923    -433   +478    4e-01   3227    -417   +476  
  21    86.64   27087.11   27   8e-02   1754    -0     +0      3e-01   2923    -0     +0      4e-01   3227    -0     +0    
==========================================================================================================================
Prune!
==========================================================================================================================
Depth = 3, Bound = 27087.11, Best = 27089

Fixing x[13] = 1

**************************************************************************************************************************
                                               Node 15
**************************************************************************************************************************
Problem size 148
Fixed variables: (x[3],0) (x[13],1) (x[101],0)
==========================================================================================================================
starting bound     cut  triangles added  violation
      29327.86   27089              500       0.49
==========================================================================================================================
iter     time      bound  bdl   viol3  triag  purged   added   viol5  penta  purged   added   viol7  hepta  purged   added
==========================================================================================================================
   1    86.82   28691.16    5   4e-01    840    -158   +498   
   2    87.00   28291.04    5   4e-01   1143    -195   +498   
   3    87.22   28067.08    9   3e-01   1317    -323   +497   
   4    87.47   27915.44    9   4e-01   1591    -220   +494   
   5    88.01   27790.37   10   3e-01   1736    -349   +494    7e-01    480    -0     +480    8e-01    480    -0     +480  
   6    88.57   27652.53   13   2e-01   1870    -349   +483    6e-01    853    -107   +480    7e-01    845    -115   +480  
   7    89.17   27517.83   13   3e-01   1947    -401   +478    6e-01   1122    -210   +479    6e-01   1108    -217   +480  
   8    89.83   27446.74   17   2e-01   1988    -433   +474    6e-01   1323    -279   +480    6e-01   1298    -290   +480  
   9    90.51   27363.23   18   1e-01   2010    -436   +458    5e-01   1516    -287   +480    6e-01   1520    -258   +480  
  10    91.24   27296.96   17   2e-01   2154    -341   +485    5e-01   1705    -291   +480    6e-01   1693    -307   +480  
  11    92.01   27253.44   17   2e-01   2144    -466   +456    4e-01   1829    -356   +480    6e-01   1801    -372   +480  
  12    92.85   27214.25   20   1e-01   2233    -374   +463    4e-01   1966    -343   +480    5e-01   1933    -348   +480  
  13    93.73   27186.57   25   1e-01   2029    -410   +206    3e-01   2139    -307   +480    4e-01   2100    -311   +478  
  14    94.67   27161.68   24   1e-01   2248    -245   +464    4e-01   2319    -300   +480    5e-01   2314    -265   +479  
  15    95.66   27136.63   24   1e-01   1928    -461   +141    3e-01   2367    -430   +478    5e-01   2449    -343   +478  
  16    96.66   27121.38   23   1e-01   1782    -199   +53     3e-01   2507    -332   +472    4e-01   2653    -271   +475  
  17    97.66   27107.90   20   1e-01   2131    -122   +471    4e-01   2636    -351   +480    5e-01   2789    -344   +480  
  18    98.70   27094.63   28   8e-02   1770    -401   +40     3e-01   2663    -450   +477    4e-01   2851    -409   +471  
  19    99.09   27087.48   27   8e-02   1770    -0     +0      3e-01   2663    -0     +0      4e-01   2851    -0     +0    
==========================================================================================================================
Prune!
==========================================================================================================================
Depth = 3, Bound = 27087.48, Best = 27089

Branching on x[44] = 0.48
Fixing x[44] = 0

**************************************************************************************************************************
                                               Node 16
**************************************************************************************************************************
Problem size 147
Fixed variables: (x[3],0) (x[4],0) (x[44],0) (x[101],1)
==========================================================================================================================
starting bound     cut  triangles added  violation
      29210.49   27089              500       0.50
==========================================================================================================================
iter     time      bound  bdl   viol3  triag  purged   added   viol5  penta  purged   added   viol7  hepta  purged   added
==========================================================================================================================
   1    99.28   28616.65    5   4e-01    839    -157   +496   
   2    99.47   28272.40    4   4e-01   1129    -208   +498   
   3    99.70   28091.45    9   4e-01   1238    -388   +497   
   4    99.95   27907.09    8   3e-01   1408    -329   +499   
   5   100.49   27785.53    9   3e-01   1621    -282   +495    7e-01    480    -0     +480    9e-01    480    -0     +480  
   6   101.05   27671.12    9   2e-01   1746    -366   +491    6e-01    822    -138   +480    7e-01    835    -125   +480  
   7   101.66   27558.84   11   3e-01   1877    -358   +489    7e-01   1098    -204   +480    8e-01   1117    -198   +480  
   8   102.32   27486.41   15   2e-01   1898    -465   +486    6e-01   1296    -282   +480    7e-01   1270    -327   +480  
   9   103.01   27408.30   12   1e-01   1983    -386   +471    4e-01   1511    -265   +480    6e-01   1497    -253   +480  
  10   103.73   27340.45   13   2e-01   2143    -312   +472    5e-01   1742    -249   +480    7e-01   1685    -292   +480  
  11   104.52   27304.05   17   1e-01   2147    -465   +469    4e-01   1843    -379   +480    5e-01   1827    -338   +480  
  12   105.36   27259.19   19   1e-01   1924    -450   +227    4e-01   1965    -358   +480    5e-01   1981    -326   +480  
  13   106.21   27221.13   25   1e-01   1879    -240   +195    4e-01   2127    -317   +479    4e-01   2160    -301   +480  
  14   107.12   27209.54   20   2e-01   2173    -181   +475    6e-01   2279    -328   +480    6e-01   2390    -250   +480  
  15   108.08   27185.22   24   1e-01   2015    -389   +231    3e-01   2312    -447   +480    5e-01   2434    -436   +480  
  16   109.08   27167.24   25   9e-02   1836    -229   +50     3e-01   2499    -292   +479    5e-01   2653    -258   +477  
  17   110.09   27154.38   23   7e-02   1730    -133   +27     2e-01   2657    -319   +477    4e-01   2854    -274   +475  
  18   111.09   27142.05   25   5e-02   1645    -88    +3      2e-01   2783    -341   +467    5e-01   3031    -289   +466  
  19   112.10   27132.38   21   9e-02   1643    -52    +50     4e-01   2978    -283   +478    5e-01   3257    -254   +480  
  20   113.14   27125.32   23   7e-02   1628    -59    +44     3e-01   3116    -341   +479    4e-01   3433    -304   +480  
  21   114.19   27119.44   24   8e-02   1594    -52    +18     3e-01   3224    -369   +477    4e-01   3579    -333   +479  
  22   115.24   27113.58   20   6e-02   1564    -35    +5      2e-01   3365    -328   +469    4e-01   3726    -322   +469  
  23   116.31   27105.35   29   8e-02   1531    -38    +5      3e-01   3451    -379   +465    4e-01   3849    -350   +473  
  24   117.41   27101.46   32   7e-02   1503    -31    +3      2e-01   3611    -314   +474    3e-01   4049    -280   +480  
  25   118.54   27095.56   31   7e-02   1486    -19    +2      3e-01   3710    -354   +453    4e-01   4170    -338   +459  
  26   119.65   27092.22   27   4e-02   1469    -17    +0      3e-01   3782    -307   +379    4e-01   4313    -288   +431  
  27   119.98   27089.75   30   4e-02   1469    -0     +0      3e-01   3782    -0     +0      4e-01   4313    -0     +0    
==========================================================================================================================
Prune!
==========================================================================================================================
Depth = 4, Bound = 27089.75, Best = 27089

Fixing x[44] = 1

**************************************************************************************************************************
                                               Node 17
**************************************************************************************************************************
Problem size 147
Fixed variables: (x[3],0) (x[4],0) (x[44],1) (x[101],1)
==========================================================================================================================
starting bound     cut  triangles added  violation
      29178.84   27089              500       0.50
==========================================================================================================================
iter     time      bound  bdl   viol3  triag  purged   added   viol5  penta  purged   added   viol7  hepta  purged   added
==========================================================================================================================
   1   120.16   28588.36    5   4e-01    836    -160   +496   
   2   120.36   28188.59    6   4e-01   1071    -264   +499   
   3   120.59   28000.21    5   4e-01   1373    -193   +495   
   4   120.83   27841.76    9   3e-01   1522    -347   +496   
   5   121.38   27730.30    9   3e-01   1705    -311   +494    8e-01    480    -0     +480    8e-01    480    -0     +480  
   6   121.96   27608.51   11   2e-01   1788    -410   +493    7e-01    798    -162   +480    7e-01    820    -140   +480  
   7   122.57   27515.46   12   2e-01   1839    -431   +482    7e-01   1069    -209   +480    7e-01   1106    -194   +480  
   8   123.23   27429.60   15   2e-01   1912    -401   +474    6e-01   1318    -231   +480    7e-01   1348    -238   +480  
   9   123.94   27367.98   14   2e-01   1965    -432   +485    7e-01   1466    -332   +480    7e-01   1535    -293   +480  
  10   124.69   27304.11   17   2e-01   1981    -469   +485    6e-01   1544    -402   +480    6e-01   1684    -331   +480  
  11   125.49   27277.32   19   1e-01   2019    -430   +468    4e-01   1696    -328   +480    6e-01   1811    -353   +480  
  12   126.32   27238.28   20   1e-01   1780    -453   +214    3e-01   1781    -395   +480    5e-01   1940    -351   +480  
  13   127.19   27213.78   18   1e-01   2017    -217   +454    4e-01   1976    -285   +480    6e-01   2193    -227   +480  
  14   128.12   27189.00   19   2e-01   2107    -391   +481    5e-01   2099    -357   +480    6e-01   2358    -315   +480  
  15   129.13   27176.46   17   1e-01   1721    -480   +94     4e-01   2223    -355   +479    5e-01   2531    -307   +480  
  16   130.13   27153.18   24   9e-02   1608    -178   +65     3e-01   2341    -360   +478    5e-01   2698    -313   +480  
  17   131.15   27145.85   21   1e-01   1661    -95    +148    4e-01   2483    -338   +480    5e-01   2878    -299   +479  
  18   132.20   27133.13   28   7e-02   1514    -156   +9      3e-01   2546    -415   +478    4e-01   3020    -334   +476  
  19   133.24   27123.49   23   1e-01   1716    -63    +265    4e-01   2727    -299   +480    5e-01   3226    -274   +480  
  20   134.32   27114.17   21   1e-01   1540    -241   +65     4e-01   2787    -420   +480    6e-01   3316    -390   +480  
  21   135.39   27108.32   28   6e-02   1454    -90    +4      2e-01   2909    -350   +472    4e-01   3439    -347   +470  
  22   136.45   27101.47   31   4e-02   1419    -35    +0      2e-01   3058    -287   +436    4e-01   3646    -262   +469  
  23   137.54   27099.24   26   6e-02   1407    -18    +6      3e-01   3225    -280   +447    4e-01   3873    -240   +467  
  24   138.62   27093.04   31   5e-02   1384    -24    +1      2e-01   3398    -291   +464    4e-01   4018    -330   +475  
  25   139.32   27089.56   26   5e-02   1384    -0     +0      2e-01   3398    -0     +0      4e-01   4018    -0     +0    
==========================================================================================================================
Prune!
==========================================================================================================================
Depth = 4, Bound = 27089.56, Best = 27089

Branching on x[67] = 0.59
Fixing x[67] = 0

**************************************************************************************************************************
                                               Node 18
**************************************************************************************************************************
Problem size 147
Fixed variables: (x[3],1) (x[67],0) (x[80],1) (x[87],0)
==========================================================================================================================
starting bound     cut  triangles added  violation
      29330.29   27089              500       0.49
==========================================================================================================================
iter     time      bound  bdl   viol3  triag  purged   added   viol5  penta  purged   added   viol7  hepta  purged   added
==========================================================================================================================
   1   139.52   28727.49    5   4e-01    845    -151   +496   
   2   139.74   28316.73    4   4e-01   1121    -219   +495   
   3   139.97   28114.18    8   3e-01   1300    -318   +497   
   4   140.25   27925.12    8   4e-01   1547    -250   +497   
   5   140.81   27806.62   11   3e-01   1705    -334   +492    7e-01    480    -0     +480    8e-01    480    -0     +480  
   6   141.14   27654.33   12   3e-01   1806    -390   +491   
   7   141.77   27590.91   15   2e-01   1907    -385   +486    6e-01    851    -109   +480    6e-01    855    -105   +480  
   8   142.43   27492.24   14   2e-01   2039    -333   +465    6e-01   1154    -177   +480    7e-01   1152    -183   +480  
   9   143.14   27422.48   13   2e-01   2037    -483   +481    5e-01   1364    -270   +480    6e-01   1369    -263   +480  
  10   143.88   27344.04   20   2e-01   2090    -417   +470    5e-01   1544    -300   +480    6e-01   1558    -291   +480  
  11   144.68   27295.25   22   1e-01   2078    -470   +458    4e-01   1707    -317   +480    5e-01   1728    -310   +480  
  12   145.49   27251.85   21   2e-01   2236    -303   +461    5e-01   1905    -282   +480    5e-01   1954    -254   +480  
  13   146.36   27218.67   19   1e-01   2123    -438   +325    5e-01   2042    -343   +480    5e-01   2098    -335   +479  
  14   147.25   27188.55   22   1e-01   2004    -299   +180    3e-01   2225    -297   +480    4e-01   2258    -318   +478  
  15   148.18   27159.38   24   1e-01   1939    -255   +190    4e-01   2405    -300   +480    5e-01   2396    -342   +480  
  16   149.16   27142.35   30   8e-02   1762    -217   +40     3e-01   2528    -351   +474    4e-01   2575    -288   +467  
  17   150.14   27125.76   28   1e-01   1700    -85    +23     3e-01   2718    -286   +476    4e-01   2778    -271   +474  
  18   151.15   27112.53   31   8e-02   1654    -65    +19     3e-01   2905    -284   +471    4e-01   3003    -248   +473  
  19   152.17   27102.40   31   7e-02   1597    -68    +11     3e-01   3042    -338   +475    4e-01   3191    -280   +468  
  20   153.18   27090.10   29   6e-02   1549    -50    +2      2e-01   3160    -304   +422    4e-01   3277    -352   +438  
  21   153.43   27088.37   30   6e-02   1549    -0     +0      2e-01   3160    -0     +0      4e-01   3277    -0     +0    
==========================================================================================================================
Prune!
==========================================================================================================================
Depth = 4, Bound = 27088.37, Best = 27089

Fixing x[67] = 1

**************************************************************************************************************************
                                               Node 19
**************************************************************************************************************************
Problem size 147
Fixed variables: (x[3],1) (x[67],1) (x[80],1) (x[87],0)
==========================================================================================================================
starting bound     cut  triangles added  violation
      29132.41   27089              500       0.49
==========================================================================================================================
iter     time      bound  bdl   viol3  triag  purged   added   viol5  penta  purged   added   viol7  hepta  purged   added
==========================================================================================================================
   1   153.60   28548.71    5   4e-01    847    -150   +497   
   2   153.78   28190.54    5   4e-01   1124    -221   +498   
   3   154.00   27961.97    7   3e-01   1329    -289   +494   
   4   154.52   27823.98    8   3e-01   1579    -249   +499    8e-01    480    -0     +480    8e-01    480    -0     +480  
   5   155.07   27688.99    9   3e-01   1673    -395   +489    7e-01    833    -127   +480    8e-01    822    -138   +480  
   6   155.64   27526.84   10   2e-01   1713    -458   +498    7e-01   1085    -228   +480    7e-01   1068    -234   +480  
   7   156.26   27449.51   12   2e-01   1747    -447   +481    6e-01   1313    -252   +480    7e-01   1316    -232   +480  
   8   156.93   27373.40   17   2e-01   1804    -429   +486    5e-01   1486    -306   +479    7e-01   1487    -309   +480  
   9   157.63   27309.88   13   2e-01   1906    -380   +482    6e-01   1647    -319   +480    7e-01   1655    -312   +480  
  10   158.39   27270.99   15   2e-01   1908    -486   +488    6e-01   1768    -359   +480    6e-01   1796    -339   +480  
  11   159.18   27230.96   19   2e-01   1864    -517   +473    4e-01   1848    -400   +480    5e-01   1941    -335   +480  
  12   160.03   27204.71   18   1e-01   1960    -373   +469    4e-01   1998    -330   +480    6e-01   2094    -327   +480  
  13   160.92   27182.98   25   1e-01   1914    -401   +355    4e-01   2081    -397   +480    5e-01   2227    -347   +480  
  14   161.86   27165.32   18   7e-02   1609    -331   +26     3e-01   2277    -279   +475    5e-01   2430    -275   +478  
  15   162.84   27153.12   22   1e-01   1741    -131   +263    5e-01   2471    -286   +480    6e-01   2637    -273   +480  
  16   163.90   27137.61   19   2e-01   1958    -236   +453    5e-01   2528    -423   +480    5e-01   2711    -406   +480  
  17   164.99   27132.73   21   9e-02   1622    -375   +39     3e-01   2644    -363   +479    4e-01   2856    -333   +478  
  18   166.05   27122.46   23   1e-01   1610    -124   +112    4e-01   2749    -375   +480    5e-01   2977    -359   +480  
  19   167.19   27116.67   23   8e-02   1467    -149   +6      3e-01   2809    -408   +468    4e-01   3084    -367   +474  
  20   168.27   27111.83   16   2e-01   1687    -47    +267    5e-01   2973    -316   +480    6e-01   3295    -269   +480  
  21   169.42   27108.97   15   5e-02   1442    -245   +0      2e-01   2917    -533   +477    4e-01   3365    -408   +478  
  22   170.52   27103.96   21   8e-02   1393    -51    +2      2e-01   3081    -309   +473    4e-01   3526    -317   +478  
  23   171.59   27101.54   12   2e-01   1881    -9     +497    5e-01   3200    -361   +480    6e-01   3698    -308   +480  
  24   172.33   27100.58   14   2e-01   1881    -0     +0      5e-01   3200    -0     +0      6e-01   3698    -0     +0    
==========================================================================================================================
BOUNDING STOPPED: Gap to big!
==========================================================================================================================
Depth = 4, Bound = 27100.58, Best = 27089

Branching on x[9] = 0.27
Fixing x[9] = 0

**************************************************************************************************************************
                                               Node 20
**************************************************************************************************************************
Problem size 146
Fixed variables: (x[3],1) (x[9],0) (x[67],1) (x[80],1) (x[87],0)
==========================================================================================================================
starting bound     cut  triangles added  violation
      29111.26   27089              500       0.50
==========================================================================================================================
iter     time      bound  bdl   viol3  triag  purged   added   viol5  penta  purged   added   viol7  hepta  purged   added
==========================================================================================================================
   1   172.51   28496.21    5   4e-01    837    -160   +497   
   2   172.71   28192.15    5   4e-01   1196    -137   +496   
   3   172.93   27952.49    6   3e-01   1301    -393   +498   
   4   173.16   27762.92    6   4e-01   1554    -247   +500   
   5   173.69   27683.04   10   3e-01   1686    -359   +491    7e-01    480    -0     +480    8e-01    480    -0     +480  
   6   174.25   27536.66   14   3e-01   1767    -413   +494    6e-01    822    -138   +480    7e-01    837    -123   +480  
   7   174.85   27419.49   13   2e-01   1869    -390   +492    6e-01   1113    -189   +480    7e-01   1141    -176   +480  
   8   175.48   27362.99   15   2e-01   1937    -416   +484    5e-01   1309    -284   +480    6e-01   1371    -250   +480  
   9   176.16   27302.97   17   2e-01   1974    -435   +472    5e-01   1515    -274   +480    6e-01   1534    -317   +480  
  10   176.88   27243.73   14   2e-01   2101    -340   +467    5e-01   1739    -256   +480    7e-01   1746    -268   +480  
  11   177.65   27210.35   16   2e-01   2119    -455   +473    5e-01   1898    -321   +480    6e-01   1924    -302   +480  
  12   178.50   27178.98   18   2e-01   2158    -451   +490    5e-01   2010    -368   +480    7e-01   2075    -329   +480  
  13   179.39   27156.98   16   1e-01   2132    -505   +479    4e-01   2073    -417   +480    6e-01   2222    -333   +480  
  14   180.32   27139.47   16   1e-01   2151    -458   +477    4e-01   2195    -358   +480    6e-01   2374    -328   +480  
  15   181.31   27128.27   17   1e-01   1732    -478   +59     3e-01   2249    -426   +480    4e-01   2484    -369   +479  
  16   182.32   27115.48   18   1e-01   1664    -124   +56     3e-01   2393    -336   +480    5e-01   2636    -328   +480  
  17   183.36   27109.72   17   8e-02   1583    -96    +15     3e-01   2512    -359   +478    5e-01   2767    -349   +480  
  18   184.41   27102.78   18   7e-02   1525    -61    +3      3e-01   2619    -368   +475    5e-01   2968    -278   +479  
  19   185.46   27098.28   18   7e-02   1496    -35    +6      3e-01   2780    -316   +477    3e-01   3112    -334   +478  
  20   186.50   27095.89   12   1e-01   1569    -24    +97     4e-01   2912    -348   +480    5e-01   3249    -343   +480  
  21   187.60   27094.14   12   2e-01   1976    -93    +500    6e-01   2942    -450   +480    7e-01   3349    -380   +480  
  22   188.80   27092.08    5   1e-01   1999    -474   +497    5e-01   2997    -425   +480    7e-01   3484    -345   +480  
  23   189.94   27091.09    8   2e-01   2062    -436   +499    5e-01   3023    -454   +480    6e-01   3480    -484   +480  
  24   191.15   27090.01    9   9e-02   1754    -415   +107    3e-01   3039    -464   +480    4e-01   3528    -432   +480  
  25   191.51   27089.91    9   9e-02   1754    -0     +0      3e-01   3039    -0     +0      4e-01   3528    -0     +0    
==========================================================================================================================
Prune!
==========================================================================================================================
Depth = 5, Bound = 27089.91, Best = 27089

Fixing x[9] = 1

**************************************************************************************************************************
                                               Node 21
**************************************************************************************************************************
Problem size 146
Fixed variables: (x[3],1) (x[9],1) (x[67],1) (x[80],1) (x[87],0)
==========================================================================================================================
starting bound     cut  triangles added  violation
      28944.51   27089              500       0.50
==========================================================================================================================
iter     time      bound  bdl   viol3  triag  purged   added   viol5  penta  purged   added   viol7  hepta  purged   added
==========================================================================================================================
   1   191.68   28392.19    5   5e-01    820    -173   +493   
   2   191.86   28050.27    7   4e-01   1116    -200   +496   
   3   192.06   27819.12    6   4e-01   1467    -141   +492   
   4   192.58   27654.18    7   3e-01   1590    -371   +494    8e-01    480    -0     +480    8e-01    480    -0     +480  
   5   193.10   27507.58    9   3e-01   1778    -299   +487    7e-01    884    -76    +480    8e-01    865    -95    +480  
   6   193.67   27409.90    9   3e-01   1928    -338   +488    7e-01   1177    -187   +480    8e-01   1183    -162   +480  
   7   194.29   27321.85   13   2e-01   1897    -508   +477    5e-01   1366    -291   +480    6e-01   1357    -306   +480  
   8   194.94   27249.31   14   2e-01   1993    -392   +488    6e-01   1591    -255   +480    7e-01   1595    -242   +480  
   9   195.66   27186.00   13   2e-01   2019    -458   +484    5e-01   1726    -345   +480    6e-01   1774    -301   +480  
  10   196.41   27163.12   17   2e-01   2034    -469   +484    4e-01   1863    -343   +480    6e-01   1913    -341   +480  
  11   197.22   27134.37   17   1e-01   2113    -393   +472    5e-01   2010    -333   +480    6e-01   2101    -292   +480  
  12   198.04   27113.01   16   1e-01   1886    -407   +180    4e-01   2158    -332   +480    6e-01   2306    -275   +480  
  13   198.91   27099.69   14   2e-01   2148    -230   +492    5e-01   2263    -375   +480    6e-01   2470    -316   +480  
  14   199.28   27088.62   15   2e-01   2148    -0     +0      5e-01   2263    -0     +0      6e-01   2470    -0     +0    
==========================================================================================================================
Prune!
==========================================================================================================================
Depth = 5, Bound = 27088.62, Best = 27089


Nodes = 21
Root node bound = 27348.206
Maximum value = 27089
Solution = ( 2 4 5 6 7 14 18 19 20 21 22 23 25 26 27 28 30 31 32 33 34 36 38 39 41 43 46 50 52 53 55 56 57 59 61 63 65 67 68 69 71 72 74 76 77 78 79 80 81 82 84 85 86 90 92 93 94 95 96 99 100 101 105 106 107 108 109 110 111 113 114 115 117 119 122 123 125 126 127 128 129 131 132 133 134 135 136 137 138 139 140 141 142 143 146 149 )
CPU time = 199.28 s

