Input file: ./Instances/biq2mc/be/be150.3.8.sparse.mc

Graph has 151 vertices and 3465 edges.

BiqBin parameters:
    init_bundle_iter = 5
     max_bundle_iter = 20
      min_outer_iter = 10
      max_outer_iter = 30
       violated_Ineq = 0.050000
             TriIneq = 500
         Pent_Trials = 160
        Hepta_Trials = 120
        include_Pent = 1
       include_Hepta = 1
                root = 0
            use_diff = 1
          time_limit = 0
   branchingStrategy = 1
      detailedOutput = 1

**************************************************************************************************************************
                                               Node 1
**************************************************************************************************************************
Problem size 151
Fixed variables:
Node 1 Feasible solution 18293
==========================================================================================================================
starting bound     cut  triangles added  violation
      19956.39   18293              500       0.50
==========================================================================================================================
iter     time      bound  bdl   viol3  triag  purged   added   viol5  penta  purged   added   viol7  hepta  purged   added
==========================================================================================================================
Node 1 Feasible solution 18303
   1     0.26   19555.78    5   4e-01    846    -152   +498   
   2     0.50   19277.02    4   4e-01   1186    -158   +498   
   3     0.75   19203.69    7   3e-01   1380    -297   +491   
   4     1.00   19092.29    9   3e-01   1606    -272   +498   
   5     1.28   19017.37    9   3e-01   1786    -307   +487   
   6     1.85   18939.75   11   2e-01   1839    -441   +494    7e-01    480    -0     +480    8e-01    480    -0     +480  
   7     2.45   18856.26   13   2e-01   1922    -412   +495    6e-01    815    -145   +480    7e-01    840    -120   +480  
   8     3.12   18783.64   13   2e-01   1993    -414   +485    7e-01   1097    -198   +480    7e-01   1060    -260   +480  
   9     3.84   18729.33   14   2e-01   2046    -435   +488    6e-01   1295    -282   +480    7e-01   1229    -311   +480  
  10     4.62   18685.40   19   2e-01   2137    -388   +479    5e-01   1464    -311   +480    6e-01   1405    -304   +480  
  11     5.45   18643.88   22   1e-01   2174    -416   +453    4e-01   1602    -341   +479    5e-01   1559    -321   +475  
  12     6.28   18613.50   21   1e-01   2335    -297   +458    4e-01   1860    -222   +480    6e-01   1818    -221   +480  
  13     7.18   18585.58   26   1e-01   2381    -419   +465    4e-01   1966    -374   +480    6e-01   1944    -352   +478  
  14     8.12   18561.43   28   9e-02   2158    -411   +188    4e-01   2084    -361   +479    5e-01   2076    -341   +473  
  15     9.11   18538.75   28   1e-01   2162    -219   +223    4e-01   2219    -345   +480    4e-01   2236    -319   +479  
  16    10.14   18519.40   28   1e-01   2118    -201   +157    4e-01   2351    -348   +480    4e-01   2357    -356   +477  
  17    10.83   18508.63   31   1e-01   2118    -0     +0      4e-01   2351    -0     +0      4e-01   2357    -0     +0    
==========================================================================================================================
BOUNDING STOPPED: Gap to big!
==========================================================================================================================
Depth = 0, Bound = 18508.63, Best = 18303

Branching on x[96] = 0.49
Fixing x[96] = 0

**************************************************************************************************************************
                                               Node 2
**************************************************************************************************************************
Problem size 150
Fixed variables: (x[96],0)
==========================================================================================================================
BOUNDING STOPPED: Gap to big!
==========================================================================================================================
Depth = 1, Bound = 19878.88, Best = 18303

Fixing x[96] = 1

**************************************************************************************************************************
                                               Node 3
**************************************************************************************************************************
Problem size 150
Fixed variables: (x[96],1)
==========================================================================================================================
BOUNDING STOPPED: Gap to big!
==========================================================================================================================
Depth = 1, Bound = 19940.22, Best = 18303

Branching on x[127] = 0.50
Fixing x[127] = 0

**************************************************************************************************************************
                                               Node 4
**************************************************************************************************************************
Problem size 149
Fixed variables: (x[96],1) (x[127],0)
==========================================================================================================================
BOUNDING STOPPED: Gap to big!
==========================================================================================================================
Depth = 2, Bound = 19867.64, Best = 18303

Fixing x[127] = 1

**************************************************************************************************************************
                                               Node 5
**************************************************************************************************************************
Problem size 149
Fixed variables: (x[96],1) (x[127],1)
==========================================================================================================================
BOUNDING STOPPED: Gap to big!
==========================================================================================================================
Depth = 2, Bound = 19870.52, Best = 18303

Branching on x[68] = 0.50
Fixing x[68] = 0

**************************************************************************************************************************
                                               Node 6
**************************************************************************************************************************
Problem size 149
Fixed variables: (x[68],0) (x[96],0)
==========================================================================================================================
BOUNDING STOPPED: Gap to big!
==========================================================================================================================
Depth = 2, Bound = 19822.27, Best = 18303

Fixing x[68] = 1

**************************************************************************************************************************
                                               Node 7
**************************************************************************************************************************
Problem size 149
Fixed variables: (x[68],1) (x[96],0)
==========================================================================================================================
BOUNDING STOPPED: Gap to big!
==========================================================================================================================
Depth = 2, Bound = 19810.98, Best = 18303

Branching on x[50] = 0.50
Fixing x[50] = 0

**************************************************************************************************************************
                                               Node 8
**************************************************************************************************************************
Problem size 148
Fixed variables: (x[50],0) (x[96],1) (x[127],1)
==========================================================================================================================
starting bound     cut  triangles added  violation
      19707.79   18303              500       0.50
==========================================================================================================================
iter     time      bound  bdl   viol3  triag  purged   added   viol5  penta  purged   added   viol7  hepta  purged   added
==========================================================================================================================
   1    11.20   19334.18    5   4e-01    834    -162   +496   
   2    11.37   19096.56    5   4e-01   1195    -139   +500   
   3    11.57   18961.36    7   3e-01   1309    -383   +497   
   4    11.81   18845.78    6   3e-01   1487    -319   +497   
   5    12.32   18764.93   10   3e-01   1700    -276   +489    8e-01    480    -0     +480    8e-01    480    -0     +480  
   6    12.61   18651.20    9   3e-01   1835    -359   +494   
   7    13.19   18596.89   14   2e-01   1958    -363   +486    6e-01    844    -116   +480    7e-01    820    -140   +480  
   8    13.85   18535.67   15   2e-01   2041    -399   +482    6e-01   1159    -165   +480    7e-01   1104    -196   +480  
   9    14.57   18479.63   12   2e-01   2096    -429   +484    6e-01   1364    -275   +480    7e-01   1324    -260   +480  
  10    15.33   18430.09   18   2e-01   2146    -428   +478    5e-01   1487    -357   +480    6e-01   1412    -392   +480  
  11    16.14   18394.08   22   1e-01   2085    -523   +462    4e-01   1612    -355   +480    6e-01   1572    -319   +479  
  12    16.97   18365.12   21   2e-01   2224    -339   +478    5e-01   1801    -290   +479    5e-01   1753    -297   +478  
  13    17.83   18342.62   23   1e-01   2027    -463   +266    4e-01   1932    -349   +480    4e-01   1860    -371   +478  
  14    18.74   18324.02   23   1e-01   2042    -249   +264    4e-01   2151    -261   +480    5e-01   2078    -261   +479  
  15    19.35   18300.65   24   1e-01   2042    -0     +0      4e-01   2151    -0     +0      5e-01   2078    -0     +0    
==========================================================================================================================
Prune!
==========================================================================================================================
Depth = 3, Bound = 18300.65, Best = 18303

Fixing x[50] = 1

**************************************************************************************************************************
                                               Node 9
**************************************************************************************************************************
Problem size 148
Fixed variables: (x[50],1) (x[96],1) (x[127],1)
==========================================================================================================================
starting bound     cut  triangles added  violation
      19728.38   18303              500       0.49
==========================================================================================================================
iter     time      bound  bdl   viol3  triag  purged   added   viol5  penta  purged   added   viol7  hepta  purged   added
==========================================================================================================================
   1    19.52   19320.33    5   4e-01    859    -140   +499   
   2    19.71   19141.22    6   4e-01   1143    -213   +497   
   3    19.92   19029.10    7   4e-01   1389    -248   +494   
   4    20.15   18904.82    8   3e-01   1519    -368   +498   
   5    20.66   18826.46    9   3e-01   1688    -324   +493    7e-01    480    -0     +480    8e-01    480    -0     +480  
   6    21.21   18728.26   10   3e-01   1786    -391   +489    7e-01    772    -188   +480    8e-01    778    -182   +480  
   7    21.85   18665.40   14   2e-01   1803    -473   +490    6e-01   1016    -236   +480    7e-01   1051    -207   +480  
   8    22.50   18594.90   11   3e-01   1896    -398   +491    6e-01   1214    -282   +480    7e-01   1254    -277   +480  
   9    23.23   18551.02   12   2e-01   1906    -476   +486    5e-01   1372    -322   +480    7e-01   1429    -305   +480  
  10    24.04   18520.30   23   1e-01   1925    -459   +478    4e-01   1476    -375   +479    6e-01   1540    -369   +480  
  11    24.90   18488.11   17   2e-01   2048    -352   +475    4e-01   1684    -272   +480    5e-01   1737    -283   +480  
  12    25.75   18461.16   17   1e-01   2061    -460   +473    4e-01   1792    -371   +479    6e-01   1814    -403   +480  
  13    26.62   18439.71   17   2e-01   2179    -360   +478    5e-01   1919    -353   +480    5e-01   1981    -313   +480  
  14    27.56   18421.00   23   1e-01   1886    -438   +145    4e-01   1987    -412   +480    5e-01   2069    -390   +478  
  15    28.52   18405.30   24   1e-01   2051    -164   +329    5e-01   2223    -244   +480    5e-01   2302    -247   +480  
  16    29.52   18393.11   27   6e-02   1795    -290   +34     3e-01   2317    -382   +476    6e-01   2397    -374   +469  
  17    30.53   18380.04   27   9e-02   1701    -141   +47     3e-01   2512    -282   +477    5e-01   2593    -284   +480  
  18    31.55   18370.78   30   1e-01   1688    -95    +82     3e-01   2673    -319   +480    4e-01   2734    -334   +475  
  19    32.58   18362.24   23   1e-01   1794    -94    +200    3e-01   2816    -337   +480    5e-01   2924    -290   +480  
  20    33.30   18357.20   27   1e-01   1794    -0     +0      3e-01   2816    -0     +0      5e-01   2924    -0     +0    
==========================================================================================================================
BOUNDING STOPPED: Gap to big!
==========================================================================================================================
Depth = 3, Bound = 18357.20, Best = 18303

Branching on x[143] = 0.50
Fixing x[143] = 0

**************************************************************************************************************************
                                               Node 10
**************************************************************************************************************************
Problem size 148
Fixed variables: (x[96],1) (x[127],0) (x[143],0)
==========================================================================================================================
BOUNDING STOPPED: Gap to big!
==========================================================================================================================
Depth = 3, Bound = 19801.89, Best = 18303

Fixing x[143] = 1

**************************************************************************************************************************
                                               Node 11
**************************************************************************************************************************
Problem size 148
Fixed variables: (x[96],1) (x[127],0) (x[143],1)
==========================================================================================================================
BOUNDING STOPPED: Gap to big!
==========================================================================================================================
Depth = 3, Bound = 19806.07, Best = 18303

Branching on x[93] = 0.50
Fixing x[93] = 0

**************************************************************************************************************************
                                               Node 12
**************************************************************************************************************************
Problem size 148
Fixed variables: (x[68],0) (x[93],0) (x[96],0)
==========================================================================================================================
starting bound     cut  triangles added  violation
      19706.27   18303              500       0.50
==========================================================================================================================
iter     time      bound  bdl   viol3  triag  purged   added   viol5  penta  purged   added   viol7  hepta  purged   added
==========================================================================================================================
   1    33.54   19324.66    4   4e-01    896    -97    +493   
   2    33.71   19078.02    5   4e-01   1203    -190   +497   
   3    33.92   18959.18    6   4e-01   1335    -366   +498   
   4    34.41   18845.09    8   3e-01   1517    -313   +495    8e-01    480    -0     +480    8e-01    480    -0     +480  
   5    34.92   18739.55    8   3e-01   1642    -368   +493    8e-01    817    -143   +480    8e-01    829    -131   +480  
   6    35.53   18644.76   10   2e-01   1740    -392   +490    7e-01   1065    -232   +480    8e-01   1067    -242   +480  
   7    36.18   18571.74   12   3e-01   1811    -409   +480    6e-01   1264    -281   +480    7e-01   1287    -260   +480  
   8    36.87   18527.49   15   2e-01   1838    -456   +483    5e-01   1392    -352   +480    7e-01   1404    -363   +480  
   9    37.59   18479.88   14   2e-01   2004    -325   +491    6e-01   1598    -274   +480    7e-01   1543    -341   +480  
  10    38.33   18440.99   19   2e-01   1996    -480   +472    4e-01   1669    -409   +480    6e-01   1607    -416   +480  
  11    39.10   18414.55   18   2e-01   2057    -401   +462    5e-01   1824    -325   +480    6e-01   1757    -330   +480  
  12    39.92   18383.47   26   1e-01   2081    -401   +425    5e-01   1909    -395   +480    6e-01   1849    -388   +480  
  13    40.79   18357.09   23   1e-01   1990    -332   +241    3e-01   2052    -335   +478    6e-01   2000    -329   +480  
  14    41.68   18337.98   25   1e-01   1957    -265   +232    4e-01   2230    -301   +479    5e-01   2166    -310   +476  
  15    42.63   18321.54   28   9e-02   1932    -220   +195    3e-01   2346    -363   +479    5e-01   2319    -321   +474  
  16    43.61   18305.11   30   7e-02   1750    -206   +24     3e-01   2473    -346   +473    4e-01   2447    -340   +468  
  17    43.79   18301.62   32   7e-02   1750    -0     +0      3e-01   2473    -0     +0      4e-01   2447    -0     +0    
==========================================================================================================================
Prune!
==========================================================================================================================
Depth = 3, Bound = 18301.62, Best = 18303

Fixing x[93] = 1

**************************************************************************************************************************
                                               Node 13
**************************************************************************************************************************
Problem size 148
Fixed variables: (x[68],0) (x[93],1) (x[96],0)
==========================================================================================================================
starting bound     cut  triangles added  violation
      19734.69   18303              500       0.50
==========================================================================================================================
iter     time      bound  bdl   viol3  triag  purged   added   viol5  penta  purged   added   viol7  hepta  purged   added
==========================================================================================================================
   1    43.96   19388.48    3   4e-01    803    -196   +499   
   2    44.14   19236.98    6   4e-01   1014    -287   +498   
   3    44.35   19106.77    7   4e-01   1215    -296   +497   
   4    44.58   18968.18    5   4e-01   1424    -289   +498   
   5    44.83   18899.60    8   3e-01   1596    -324   +496   
   6    45.38   18844.22   10   2e-01   1756    -327   +487    8e-01    480    -0     +480    8e-01    480    -0     +480  
   7    45.97   18753.35   10   2e-01   1843    -407   +494    7e-01    786    -174   +480    7e-01    834    -126   +480  
   8    46.65   18681.31   13   2e-01   1893    -436   +486    6e-01   1041    -225   +480    7e-01   1078    -236   +480  
   9    47.39   18620.62   17   2e-01   1904    -475   +486    6e-01   1211    -310   +480    7e-01   1253    -305   +480  
  10    48.14   18584.26   20   2e-01   1924    -467   +487    5e-01   1416    -275   +480    5e-01   1428    -305   +480  
  11    48.94   18547.27   20   1e-01   2046    -356   +478    4e-01   1619    -277   +480    6e-01   1656    -252   +480  
  12    49.78   18518.30   20   1e-01   2129    -379   +462    4e-01   1781    -318   +480    5e-01   1863    -273   +480  
  13    50.65   18487.72   23   2e-01   2178    -406   +455    4e-01   1932    -329   +480    5e-01   2062    -279   +478  
  14    51.58   18470.09   21   1e-01   2151    -371   +344    4e-01   2036    -376   +480    5e-01   2180    -361   +479  
  15    52.52   18447.00   24   1e-01   2192    -329   +370    4e-01   2187    -329   +480    5e-01   2351    -309   +480  
  16    53.53   18436.65   28   8e-02   1894    -307   +9      3e-01   2320    -343   +476    4e-01   2505    -320   +474  
  17    54.53   18423.23   32   7e-02   1793    -127   +26     3e-01   2541    -258   +479    4e-01   2689    -289   +473  
  18    55.55   18412.02   25   9e-02   1780    -92    +79     3e-01   2696    -324   +479    5e-01   2869    -299   +479  
  19    56.23   18404.41   31   9e-02   1780    -0     +0      3e-01   2696    -0     +0      5e-01   2869    -0     +0    
==========================================================================================================================
BOUNDING STOPPED: Gap to big!
==========================================================================================================================
Depth = 3, Bound = 18404.41, Best = 18303

Branching on x[11] = 0.50
Fixing x[11] = 0

**************************************************************************************************************************
                                               Node 14
**************************************************************************************************************************
Problem size 148
Fixed variables: (x[11],0) (x[68],1) (x[96],0)
==========================================================================================================================
starting bound     cut  triangles added  violation
      19745.35   18303              500       0.50
==========================================================================================================================
iter     time      bound  bdl   viol3  triag  purged   added   viol5  penta  purged   added   viol7  hepta  purged   added
==========================================================================================================================
   1    56.39   19354.61    5   4e-01    845    -149   +494   
   2    56.57   19118.33    6   4e-01   1144    -195   +494   
   3    56.78   18965.73    6   4e-01   1349    -293   +498   
   4    57.28   18884.87    7   3e-01   1543    -303   +497    8e-01    480    -0     +480    9e-01    480    -0     +480  
   5    57.80   18782.86   10   3e-01   1593    -444   +494    7e-01    759    -201   +480    7e-01    767    -193   +480  
   6    58.39   18694.61   10   3e-01   1690    -397   +494    8e-01   1030    -209   +480    8e-01   1054    -193   +480  
   7    59.04   18629.65   16   2e-01   1703    -474   +487    6e-01   1207    -303   +480    7e-01   1221    -313   +480  
   8    59.70   18582.27   14   2e-01   1831    -353   +481    5e-01   1425    -262   +480    6e-01   1402    -299   +480  
   9    60.42   18531.32   15   2e-01   1943    -354   +466    5e-01   1611    -294   +480    5e-01   1575    -306   +479  
  10    61.16   18490.20   17   2e-01   2044    -377   +478    5e-01   1786    -305   +480    6e-01   1679    -376   +480  
  11    61.93   18453.09   20   2e-01   2123    -395   +474    5e-01   1928    -338   +480    6e-01   1812    -347   +480  
  12    62.77   18429.32   24   1e-01   1984    -427   +288    4e-01   2027    -380   +479    5e-01   1980    -310   +478  
  13    63.63   18398.91   26   1e-01   1930    -255   +201    4e-01   2192    -315   +480    5e-01   2090    -369   +479  
  14    64.53   18379.36   31   8e-02   1749    -221   +40     3e-01   2336    -333   +477    4e-01   2225    -338   +473  
  15    65.47   18359.76   27   1e-01   1857    -97    +205    3e-01   2515    -301   +480    4e-01   2410    -294   +479  
  16    66.46   18347.66   29   1e-01   1797    -165   +105    3e-01   2692    -303   +480    4e-01   2622    -268   +480  
  17    67.47   18334.51   33   7e-02   1691    -138   +32     4e-01   2837    -333   +478    4e-01   2749    -342   +469  
  18    68.49   18326.17   31   8e-02   1653    -68    +30     4e-01   2974    -341   +478    4e-01   2912    -314   +477  
  19    69.51   18317.61   33   8e-02   1637    -65    +49     3e-01   3108    -337   +471    3e-01   3075    -310   +473  
  20    70.55   18311.06   35   7e-02   1578    -71    +12     3e-01   3290    -291   +473    4e-01   3216    -321   +462  
  21    71.61   18304.70   37   6e-02   1539    -44    +5      3e-01   3429    -304   +443    4e-01   3399    -276   +459  
  22    71.74   18302.06   40   6e-02   1539    -0     +0      3e-01   3429    -0     +0      4e-01   3399    -0     +0    
==========================================================================================================================
Prune!
==========================================================================================================================
Depth = 3, Bound = 18302.06, Best = 18303

Fixing x[11] = 1

**************************************************************************************************************************
                                               Node 15
**************************************************************************************************************************
Problem size 148
Fixed variables: (x[11],1) (x[68],1) (x[96],0)
==========================================================================================================================
starting bound     cut  triangles added  violation
      19729.79   18303              500       0.50
==========================================================================================================================
iter     time      bound  bdl   viol3  triag  purged   added   viol5  penta  purged   added   viol7  hepta  purged   added
==========================================================================================================================
   1    71.92   19361.07    4   4e-01    823    -176   +499   
   2    72.10   19162.78    5   4e-01   1152    -167   +496   
   3    72.32   19004.24    6   4e-01   1277    -374   +499   
   4    72.56   18919.65    7   3e-01   1458    -314   +495   
   5    72.83   18845.25    9   3e-01   1683    -269   +494   
   6    73.42   18769.94    9   2e-01   1853    -328   +498    7e-01    480    -0     +480    8e-01    480    -0     +480  
   7    74.04   18692.80   14   2e-01   1911    -435   +493    6e-01    791    -169   +480    7e-01    814    -146   +480  
   8    74.72   18626.87   12   2e-01   1992    -410   +491    6e-01   1078    -193   +480    6e-01   1119    -175   +480  
   9    75.45   18576.25   15   2e-01   1989    -484   +481    6e-01   1253    -305   +480    6e-01   1289    -310   +480  
  10    76.23   18530.75   17   2e-01   2109    -341   +461    5e-01   1479    -254   +480    6e-01   1530    -239   +480  
  11    77.10   18501.44   19   1e-01   2190    -377   +458    4e-01   1676    -283   +480    7e-01   1730    -280   +480  
  12    78.00   18471.03   19   1e-01   2273    -381   +464    4e-01   1830    -326   +480    5e-01   1875    -335   +480  
  13    78.91   18442.54   23   2e-01   2353    -392   +472    4e-01   1983    -327   +480    6e-01   2056    -299   +480  
  14    79.84   18427.75   24   1e-01   1953    -501   +101    3e-01   2037    -424   +478    5e-01   2136    -399   +479  
  15    80.78   18411.39   20   9e-02   1847    -166   +60     3e-01   2258    -256   +477    4e-01   2336    -273   +473  
  16    81.76   18393.02   21   1e-01   1860    -115   +128    4e-01   2442    -293   +477    5e-01   2479    -336   +479  
  17    82.76   18384.76   25   1e-01   1797    -134   +71     4e-01   2595    -326   +479    5e-01   2687    -271   +479  
  18    83.78   18374.18   27   7e-02   1693    -118   +14     4e-01   2739    -330   +474    5e-01   2822    -336   +471  
  19    84.80   18365.94   25   9e-02   1698    -59    +64     3e-01   2909    -308   +478    4e-01   3006    -295   +479  
  20    85.87   18357.74   28   7e-02   1630    -80    +12     3e-01   3014    -371   +476    4e-01   3157    -326   +477  
  21    86.56   18353.84   26   7e-02   1630    -0     +0      3e-01   3014    -0     +0      4e-01   3157    -0     +0    
==========================================================================================================================
BOUNDING STOPPED: Gap to big!
==========================================================================================================================
Depth = 3, Bound = 18353.84, Best = 18303

Branching on x[27] = 0.50
Fixing x[27] = 0

**************************************************************************************************************************
                                               Node 16
**************************************************************************************************************************
Problem size 147
Fixed variables: (x[27],0) (x[96],1) (x[127],0) (x[143],1)
==========================================================================================================================
starting bound     cut  triangles added  violation
      19723.61   18303              500       0.49
==========================================================================================================================
iter     time      bound  bdl   viol3  triag  purged   added   viol5  penta  purged   added   viol7  hepta  purged   added
==========================================================================================================================
   1    86.73   19323.33    5   4e-01    856    -142   +498   
   2    86.92   19129.11    4   4e-01   1192    -163   +499   
   3    87.15   19010.43    8   3e-01   1318    -372   +498   
   4    87.39   18914.78    8   3e-01   1538    -271   +491   
   5    87.94   18829.36    9   2e-01   1684    -353   +499    7e-01    480    -0     +480    8e-01    480    -0     +480  
   6    88.52   18750.59   13   3e-01   1769    -405   +490    7e-01    796    -164   +480    7e-01    814    -146   +480  
   7    89.16   18679.44   11   3e-01   1824    -435   +490    7e-01   1068    -208   +480    7e-01   1094    -200   +480  
   8    89.81   18619.60   15   2e-01   1827    -482   +485    5e-01   1249    -299   +480    6e-01   1273    -301   +480  
   9    90.52   18578.14   16   2e-01   1920    -388   +481    5e-01   1445    -284   +480    7e-01   1462    -291   +480  
  10    91.27   18532.81   16   2e-01   1970    -430   +480    6e-01   1563    -362   +480    7e-01   1598    -344   +480  
  11    92.08   18505.96   22   1e-01   1860    -495   +385    4e-01   1650    -393   +480    6e-01   1699    -379   +480  
  12    92.90   18471.58   19   2e-01   2074    -264   +478    5e-01   1880    -250   +480    6e-01   1886    -293   +480  
  13    93.79   18446.17   28   1e-01   1691    -463   +80     3e-01   1931    -427   +478    5e-01   1973    -389   +476  
  14    94.69   18428.30   25   1e-01   1957    -135   +401    4e-01   2206    -205   +480    5e-01   2218    -235   +480  
  15    95.66   18408.61   25   1e-01   1753    -331   +127    3e-01   2362    -323   +479    4e-01   2376    -321   +479  
  16    96.67   18397.05   27   1e-01   1643    -149   +39     4e-01   2537    -302   +477    4e-01   2578    -276   +478  
  17    97.67   18384.42   24   1e-01   1952    -95    +404    4e-01   2701    -316   +480    5e-01   2745    -313   +480  
  18    98.71   18373.00   32   5e-02   1615    -338   +1      3e-01   2731    -422   +452    3e-01   2753    -448   +456  
  19    99.72   18366.99   34   8e-02   1565    -64    +14     3e-01   3000    -203   +472    4e-01   2990    -226   +463  
  20   100.77   18358.77   31   7e-02   1525    -55    +15     4e-01   3188    -284   +472    4e-01   3223    -240   +473  
  21   101.46   18354.92   30   7e-02   1525    -0     +0      4e-01   3188    -0     +0      4e-01   3223    -0     +0    
==========================================================================================================================
BOUNDING STOPPED: Gap to big!
==========================================================================================================================
Depth = 4, Bound = 18354.92, Best = 18303

Fixing x[27] = 1

**************************************************************************************************************************
                                               Node 17
**************************************************************************************************************************
Problem size 147
Fixed variables: (x[27],1) (x[96],1) (x[127],0) (x[143],1)
==========================================================================================================================
starting bound     cut  triangles added  violation
      19722.66   18303              500       0.50
==========================================================================================================================
iter     time      bound  bdl   viol3  triag  purged   added   viol5  penta  purged   added   viol7  hepta  purged   added
==========================================================================================================================
   1   101.64   19301.73    3   5e-01    865    -133   +498   
   2   101.82   19068.53    5   4e-01   1154    -211   +500   
   3   102.02   18951.93    8   4e-01   1293    -359   +498   
   4   102.26   18826.55    6   3e-01   1468    -323   +498   
   5   102.78   18734.33    9   3e-01   1698    -255   +485    8e-01    480    -0     +480    8e-01    480    -0     +480  
   6   103.34   18627.60   12   2e-01   1785    -410   +497    6e-01    810    -150   +480    7e-01    822    -138   +480  
   7   103.95   18537.09   12   2e-01   1853    -418   +486    6e-01   1105    -185   +480    7e-01   1106    -196   +480  
   8   104.61   18481.62   14   2e-01   2007    -333   +487    6e-01   1337    -248   +480    7e-01   1315    -271   +480  
   9   105.35   18447.18   18   2e-01   2036    -442   +471    5e-01   1527    -290   +480    6e-01   1482    -312   +479  
  10   106.07   18396.80   18   1e-01   2107    -371   +442    5e-01   1707    -300   +480    5e-01   1635    -327   +480  
  11   106.83   18361.77   22   2e-01   2168    -400   +461    4e-01   1852    -335   +480    5e-01   1771    -344   +480  
  12   107.64   18328.61   21   1e-01   2254    -369   +455    4e-01   1986    -346   +480    5e-01   1908    -342   +479  
  13   108.51   18306.16   24   1e-01   2018    -423   +187    4e-01   2096    -366   +476    5e-01   2022    -360   +474  
  14   108.59   18301.47   27   1e-01   2018    -0     +0      4e-01   2096    -0     +0      5e-01   2022    -0     +0    
==========================================================================================================================
Prune!
==========================================================================================================================
Depth = 4, Bound = 18301.47, Best = 18303

Branching on x[81] = 0.50
Fixing x[81] = 0

**************************************************************************************************************************
                                               Node 18
**************************************************************************************************************************
Problem size 147
Fixed variables: (x[81],0) (x[96],1) (x[127],0) (x[143],0)
==========================================================================================================================
starting bound     cut  triangles added  violation
      19731.78   18303              500       0.50
==========================================================================================================================
iter     time      bound  bdl   viol3  triag  purged   added   viol5  penta  purged   added   viol7  hepta  purged   added
==========================================================================================================================
   1   108.76   19367.13    4   4e-01    853    -146   +499   
   2   108.95   19129.19    5   4e-01   1084    -267   +498   
   3   109.16   18961.48    8   4e-01   1305    -273   +494   
   4   109.40   18822.77    6   3e-01   1491    -311   +497   
   5   109.95   18753.04   10   3e-01   1674    -303   +486    7e-01    480    -0     +480    8e-01    480    -0     +480  
   6   110.52   18637.42    9   2e-01   1784    -385   +495    6e-01    806    -154   +480    8e-01    820    -140   +480  
   7   111.15   18569.64   12   2e-01   1877    -393   +486    6e-01   1047    -239   +480    7e-01   1068    -232   +480  
   8   111.80   18512.18   17   2e-01   1958    -401   +482    5e-01   1295    -232   +480    6e-01   1267    -281   +480  
   9   112.49   18461.16   15   2e-01   2013    -421   +476    6e-01   1530    -245   +480    7e-01   1455    -292   +480  
  10   113.21   18410.49   18   2e-01   2066    -425   +478    6e-01   1667    -343   +480    6e-01   1544    -390   +479  
  11   113.96   18377.75   23   2e-01   2140    -394   +468    5e-01   1855    -292   +480    5e-01   1726    -297   +479  
  12   114.78   18345.41   21   1e-01   2162    -441   +463    5e-01   1966    -366   +477    6e-01   1819    -386   +479  
  13   115.65   18322.18   26   1e-01   1971    -409   +218    3e-01   2105    -340   +479    5e-01   1988    -308   +477  
  14   116.53   18304.36   25   1e-01   2200    -192   +421    5e-01   2292    -293   +480    5e-01   2210    -258   +480  
  15   116.62   18298.65   28   1e-01   2200    -0     +0      5e-01   2292    -0     +0      5e-01   2210    -0     +0    
==========================================================================================================================
Prune!
==========================================================================================================================
Depth = 4, Bound = 18298.65, Best = 18303

Fixing x[81] = 1

**************************************************************************************************************************
                                               Node 19
**************************************************************************************************************************
Problem size 147
Fixed variables: (x[81],1) (x[96],1) (x[127],0) (x[143],0)
==========================================================================================================================
starting bound     cut  triangles added  violation
      19719.38   18303              500       0.50
==========================================================================================================================
iter     time      bound  bdl   viol3  triag  purged   added   viol5  penta  purged   added   viol7  hepta  purged   added
==========================================================================================================================
   1   116.79   19339.10    4   4e-01    827    -169   +496   
   2   116.97   19061.28    5   4e-01   1203    -123   +499   
   3   117.19   18936.07    6   3e-01   1314    -386   +497   
   4   117.42   18807.50    8   4e-01   1489    -323   +498   
   5   117.95   18711.56    9   3e-01   1720    -263   +494    7e-01    480    -0     +480    8e-01    480    -0     +480  
   6   118.52   18632.44   10   2e-01   1795    -414   +489    7e-01    801    -159   +480    7e-01    826    -134   +480  
   7   119.13   18555.59   13   2e-01   1837    -443   +485    6e-01   1046    -235   +480    7e-01   1053    -253   +480  
   8   119.78   18470.84   15   2e-01   1878    -438   +479    6e-01   1268    -258   +480    6e-01   1249    -284   +480  
   9   120.49   18424.41   18   2e-01   2041    -308   +471    4e-01   1480    -268   +480    5e-01   1454    -274   +479  
  10   121.20   18385.02   15   2e-01   2119    -385   +463    5e-01   1676    -284   +480    6e-01   1633    -301   +480  
  11   121.96   18347.69   18   2e-01   2143    -436   +460    5e-01   1792    -364   +480    6e-01   1733    -380   +480  
  12   122.76   18319.51   20   1e-01   2100    -399   +356    5e-01   1928    -344   +480    5e-01   1869    -341   +477  
  13   122.93   18303.72   24   1e-01   2100    -0     +0      5e-01   1928    -0     +0      5e-01   1869    -0     +0    
==========================================================================================================================
Prune!
==========================================================================================================================
Depth = 4, Bound = 18303.72, Best = 18303

Branching on x[108] = 0.50
Fixing x[108] = 0

**************************************************************************************************************************
                                               Node 20
**************************************************************************************************************************
Problem size 147
Fixed variables: (x[68],0) (x[93],1) (x[96],0) (x[108],0)
==========================================================================================================================
starting bound     cut  triangles added  violation
      19662.34   18303              500       0.50
==========================================================================================================================
iter     time      bound  bdl   viol3  triag  purged   added   viol5  penta  purged   added   viol7  hepta  purged   added
==========================================================================================================================
   1   123.10   19330.11    5   4e-01    867    -124   +491   
   2   123.28   19101.17    5   4e-01   1133    -223   +489   
   3   123.49   18963.08    7   4e-01   1355    -275   +497   
   4   123.72   18863.80    8   3e-01   1524    -326   +495   
   5   124.26   18786.69    8   3e-01   1786    -230   +492    8e-01    480    -0     +480    8e-01    480    -0     +480  
   6   124.82   18703.04   10   3e-01   1862    -418   +494    7e-01    812    -148   +480    8e-01    809    -151   +480  
   7   125.44   18637.32   12   2e-01   1927    -425   +490    6e-01   1051    -241   +480    8e-01   1066    -223   +480  
   8   126.14   18580.49   13   2e-01   1972    -424   +469    6e-01   1301    -230   +480    7e-01   1341    -205   +480  
   9   126.88   18535.95   15   2e-01   2000    -454   +482    6e-01   1457    -324   +480    6e-01   1495    -326   +480  
  10   127.65   18498.41   17   2e-01   2030    -436   +466    4e-01   1598    -339   +480    6e-01   1622    -353   +480  
  11   128.48   18465.43   17   1e-01   2089    -403   +462    4e-01   1743    -335   +480    5e-01   1789    -313   +480  
  12   129.37   18436.37   19   2e-01   2204    -349   +464    5e-01   1945    -278   +480    6e-01   2009    -260   +480  
  13   130.35   18417.58   24   1e-01   2050    -400   +246    4e-01   2088    -337   +480    5e-01   2186    -301   +478  
  14   131.34   18400.45   29   9e-02   1903    -298   +151    3e-01   2242    -326   +480    5e-01   2348    -318   +480  
  15   132.31   18387.24   29   1e-01   1840    -192   +129    4e-01   2368    -354   +480    4e-01   2471    -357   +480  
  16   133.31   18374.66   24   1e-01   1836    -152   +148    4e-01   2498    -350   +480    4e-01   2670    -280   +479  
  17   134.36   18366.31   28   1e-01   1872    -188   +224    5e-01   2624    -353   +479    4e-01   2781    -368   +479  
  18   135.39   18354.91   25   9e-02   1725    -202   +55     3e-01   2755    -348   +479    4e-01   2904    -355   +478  
  19   136.45   18348.88   21   9e-02   1627    -114   +16     3e-01   2863    -369   +477    4e-01   3054    -329   +479  
  20   137.50   18343.74   30   9e-02   1631    -53    +57     4e-01   3014    -328   +479    5e-01   3205    -328   +479  
  21   138.57   18338.66   27   9e-02   1636    -63    +68     3e-01   3091    -401   +478    4e-01   3327    -357   +479  
  22   139.26   18335.48   31   9e-02   1636    -0     +0      3e-01   3091    -0     +0      4e-01   3327    -0     +0    
==========================================================================================================================
BOUNDING STOPPED: Gap to big!
==========================================================================================================================
Depth = 4, Bound = 18335.48, Best = 18303

Fixing x[108] = 1

**************************************************************************************************************************
                                               Node 21
**************************************************************************************************************************
Problem size 147
Fixed variables: (x[68],0) (x[93],1) (x[96],0) (x[108],1)
==========================================================================================================================
starting bound     cut  triangles added  violation
      19668.79   18303              500       0.50
==========================================================================================================================
iter     time      bound  bdl   viol3  triag  purged   added   viol5  penta  purged   added   viol7  hepta  purged   added
==========================================================================================================================
   1   139.44   19303.27    4   5e-01    807    -189   +496   
   2   139.62   19130.92    4   4e-01   1023    -284   +500   
   3   139.82   19021.29    8   4e-01   1196    -321   +494   
   4   140.06   18912.42    8   4e-01   1442    -252   +498   
   5   140.31   18835.21    9   3e-01   1627    -310   +495   
   6   140.88   18774.06   12   2e-01   1751    -364   +488    7e-01    480    -0     +480    8e-01    480    -0     +480  
   7   141.21   18674.70    8   3e-01   1875    -367   +491   
   8   141.84   18659.57   11   3e-01   1975    -392   +492    7e-01    907    -53    +480    8e-01    922    -38    +480  
   9   142.52   18588.63   12   2e-01   2002    -463   +490    6e-01   1042    -345   +480    7e-01   1102    -300   +480  
  10   143.25   18545.00   17   2e-01   2028    -460   +486    5e-01   1252    -270   +480    6e-01   1336    -246   +480  
  11   144.06   18506.09   20   1e-01   2176    -311   +459    5e-01   1521    -211   +480    5e-01   1606    -210   +480  
  12   144.93   18482.96   19   1e-01   2256    -378   +458    4e-01   1728    -273   +480    6e-01   1801    -285   +480  
  13   145.79   18445.70   19   1e-01   2290    -426   +460    4e-01   1888    -320   +480    5e-01   1937    -344   +480  
  14   146.69   18419.50   24   9e-02   1980    -411   +101    3e-01   1997    -371   +480    5e-01   2104    -313   +480  
  15   147.63   18404.02   28   1e-01   2000    -167   +187    4e-01   2205    -272   +480    4e-01   2333    -250   +479  
  16   148.62   18386.47   26   9e-02   1901    -214   +115    3e-01   2347    -338   +480    5e-01   2485    -325   +477  
  17   149.61   18374.28   30   7e-02   1760    -152   +11     3e-01   2458    -363   +474    5e-01   2625    -336   +476  
  18   150.61   18361.87   25   1e-01   1757    -74    +71     3e-01   2705    -232   +479    4e-01   2828    -276   +479  
  19   151.64   18354.63   29   8e-02   1696    -83    +22     3e-01   2844    -340   +479    4e-01   3002    -302   +476  
  20   152.67   18346.21   29   7e-02   1656    -63    +23     3e-01   2969    -353   +478    4e-01   3146    -333   +477  
  21   153.70   18340.54   27   8e-02   1624    -62    +30     3e-01   3113    -335   +479    4e-01   3315    -310   +479  
  22   154.75   18336.03   28   1e-01   1600    -43    +19     3e-01   3231    -355   +473    5e-01   3480    -312   +477  
  23   155.82   18330.33   32   5e-02   1563    -37    +0      3e-01   3326    -353   +448    4e-01   3618    -320   +458  
  24   156.52   18327.49   29   5e-02   1563    -0     +0      3e-01   3326    -0     +0      4e-01   3618    -0     +0    
==========================================================================================================================
BOUNDING STOPPED: Gap to big!
==========================================================================================================================
Depth = 4, Bound = 18327.49, Best = 18303

Branching on x[107] = 0.50
Fixing x[107] = 0

**************************************************************************************************************************
                                               Node 22
**************************************************************************************************************************
Problem size 147
Fixed variables: (x[50],1) (x[96],1) (x[107],0) (x[127],1)
==========================================================================================================================
starting bound     cut  triangles added  violation
      19635.63   18303              500       0.50
==========================================================================================================================
iter     time      bound  bdl   viol3  triag  purged   added   viol5  penta  purged   added   viol7  hepta  purged   added
==========================================================================================================================
   1   156.69   19260.81    5   4e-01    844    -154   +498   
   2   156.88   19077.06    7   4e-01   1095    -243   +494   
   3   157.08   18924.93    6   4e-01   1263    -332   +500   
   4   157.31   18827.76    8   3e-01   1429    -332   +498   
   5   157.83   18749.30    8   3e-01   1661    -264   +496    8e-01    480    -0     +480    8e-01    480    -0     +480  
   6   158.39   18657.30   10   3e-01   1803    -339   +481    7e-01    815    -145   +480    8e-01    826    -134   +480  
   7   159.00   18589.98   12   2e-01   1807    -484   +488    5e-01   1046    -249   +480    7e-01   1054    -252   +480  
   8   159.66   18523.07   15   2e-01   1880    -416   +489    5e-01   1286    -240   +480    6e-01   1292    -242   +480  
   9   160.37   18484.95   14   2e-01   1989    -371   +480    5e-01   1505    -261   +480    6e-01   1501    -271   +480  
  10   161.12   18451.33   15   2e-01   2012    -463   +486    5e-01   1626    -359   +480    6e-01   1614    -367   +480  
  11   161.96   18425.96   15   1e-01   2087    -370   +445    4e-01   1820    -286   +480    6e-01   1806    -288   +480  
  12   162.83   18395.94   22   1e-01   1943    -346   +202    4e-01   1955    -344   +479    5e-01   1956    -330   +480  
  13   163.70   18381.79   20   1e-01   2103    -235   +395    4e-01   2115    -320   +480    6e-01   2153    -282   +479  
  14   164.61   18362.40   22   2e-01   2238    -328   +463    4e-01   2231    -364   +480    6e-01   2277    -356   +480  
  15   165.60   18351.93   20   9e-02   1917    -396   +75     4e-01   2314    -397   +480    4e-01   2428    -328   +479  
  16   166.62   18340.55   20   2e-01   2247    -152   +482    4e-01   2492    -302   +480    5e-01   2591    -317   +480  
  17   167.69   18332.18   22   1e-01   2048    -428   +229    4e-01   2540    -432   +480    5e-01   2687    -384   +480  
  18   168.78   18325.54   22   5e-02   1807    -241   +0      2e-01   2662    -350   +472    4e-01   2797    -359   +469  
  19   169.82   18319.95   18   1e-01   1943    -66    +202    4e-01   2847    -294   +479    5e-01   3030    -247   +480  
  20   170.90   18315.62   16   8e-02   1783    -182   +22     3e-01   2912    -415   +480    5e-01   3068    -442   +480  
  21   171.99   18312.10   21   9e-02   1721    -76    +14     3e-01   3062    -325   +475    3e-01   3215    -330   +477  
  22   173.08   18309.17   22   6e-02   1690    -33    +2      2e-01   3226    -306   +470    4e-01   3374    -319   +478  
  23   174.17   18307.63   20   1e-01   1689    -27    +26     3e-01   3327    -379   +480    5e-01   3502    -352   +480  
  24   175.30   18304.91   26   6e-02   1649    -41    +1      2e-01   3404    -392   +469    3e-01   3624    -346   +468  
  25   175.82   18303.64   23   6e-02   1649    -0     +0      2e-01   3404    -0     +0      3e-01   3624    -0     +0    
==========================================================================================================================
Prune!
==========================================================================================================================
Depth = 4, Bound = 18303.64, Best = 18303

Fixing x[107] = 1

**************************************************************************************************************************
                                               Node 23
**************************************************************************************************************************
Problem size 147
Fixed variables: (x[50],1) (x[96],1) (x[107],1) (x[127],1)
==========================================================================================================================
starting bound     cut  triangles added  violation
      19649.95   18303              500       0.50
==========================================================================================================================
iter     time      bound  bdl   viol3  triag  purged   added   viol5  penta  purged   added   viol7  hepta  purged   added
==========================================================================================================================
   1   176.00   19296.17    4   4e-01    822    -177   +499   
   2   176.19   19118.43    5   4e-01   1089    -231   +498   
   3   176.41   18982.07    7   4e-01   1365    -223   +499   
   4   176.64   18862.30    8   3e-01   1485    -379   +499   
   5   177.17   18785.82    9   3e-01   1770    -205   +490    8e-01    480    -0     +480    8e-01    480    -0     +480  
   6   177.74   18678.56   12   2e-01   1873    -389   +492    6e-01    796    -164   +480    8e-01    799    -161   +480  
   7   178.38   18608.57   11   2e-01   1955    -403   +485    6e-01   1070    -206   +480    7e-01   1059    -220   +480  
   8   179.05   18553.91   11   2e-01   2002    -439   +486    6e-01   1324    -226   +480    7e-01   1300    -239   +480  
   9   179.75   18513.73   18   2e-01   2051    -424   +473    5e-01   1490    -314   +480    6e-01   1485    -295   +480  
  10   180.53   18480.97   18   2e-01   2117    -407   +473    5e-01   1661    -309   +480    6e-01   1661    -304   +480  
  11   181.34   18446.37   18   1e-01   2144    -434   +461    4e-01   1776    -365   +480    6e-01   1768    -373   +480  
  12   182.17   18424.01   19   2e-01   2194    -425   +475    4e-01   1910    -346   +480    7e-01   1937    -311   +480  
  13   183.06   18400.02   23   1e-01   2043    -439   +288    3e-01   2013    -377   +480    5e-01   2035    -382   +480  
  14   183.98   18382.55   26   1e-01   1933    -276   +166    3e-01   2149    -344   +480    5e-01   2191    -322   +478  
  15   184.94   18370.60   27   1e-01   2040    -191   +298    3e-01   2335    -294   +480    5e-01   2383    -287   +479  
  16   185.97   18355.67   28   9e-02   1843    -255   +58     3e-01   2433    -381   +479    4e-01   2492    -369   +478  
  17   186.98   18348.48   27   6e-02   1722    -125   +4      3e-01   2618    -290   +475    5e-01   2727    -235   +470  
  18   187.98   18340.43   29   8e-02   1682    -58    +18     4e-01   2834    -256   +472    5e-01   2938    -254   +465  
  19   189.02   18333.98   34   7e-02   1612    -72    +2      2e-01   2988    -304   +458    4e-01   3073    -307   +442  
  20   190.07   18326.06   33   6e-02   1561    -63    +12     2e-01   3235    -225   +472    4e-01   3305    -235   +467  
  21   191.11   18321.12   22   1e-01   1868    -40    +347    4e-01   3431    -284   +480    5e-01   3511    -274   +480  
  22   192.19   18316.18   28   5e-02   1574    -295   +1      2e-01   3420    -468   +457    3e-01   3505    -457   +451  
  23   193.27   18311.94   30   9e-02   1541    -44    +11     2e-01   3619    -272   +471    5e-01   3733    -239   +467  
  24   194.39   18307.84   31   5e-02   1510    -31    +0      2e-01   3740    -334   +455    3e-01   3889    -285   +441  
  25   195.48   18305.94   26   1e-01   1525    -14    +29     3e-01   3917    -297   +474    4e-01   4094    -273   +478  
  26   195.97   18303.45   27   1e-01   1525    -0     +0      3e-01   3917    -0     +0      4e-01   4094    -0     +0    
==========================================================================================================================
Prune!
==========================================================================================================================
Depth = 4, Bound = 18303.45, Best = 18303

Branching on x[14] = 0.52
Fixing x[14] = 0

**************************************************************************************************************************
                                               Node 24
**************************************************************************************************************************
Problem size 146
Fixed variables: (x[14],0) (x[27],0) (x[96],1) (x[127],0) (x[143],1)
==========================================================================================================================
starting bound     cut  triangles added  violation
      19657.16   18303              500       0.49
==========================================================================================================================
iter     time      bound  bdl   viol3  triag  purged   added   viol5  penta  purged   added   viol7  hepta  purged   added
==========================================================================================================================
   1   196.13   19287.30    5   4e-01    866    -120   +486   
   2   196.32   19079.08    4   4e-01   1163    -200   +497   
   3   196.53   18971.08    7   4e-01   1442    -217   +496   
   4   196.78   18869.11    9   4e-01   1570    -369   +497   
   5   197.31   18797.50    9   3e-01   1778    -283   +491    7e-01    480    -0     +480    8e-01    480    -0     +480  
   6   197.89   18689.15   10   2e-01   1925    -340   +487    7e-01    842    -118   +480    8e-01    859    -101   +480  
   7   198.51   18629.63   11   2e-01   1932    -478   +485    6e-01   1048    -274   +480    7e-01   1107    -232   +480  
   8   199.15   18558.30   15   2e-01   1989    -431   +488    5e-01   1313    -215   +480    6e-01   1359    -228   +480  
   9   199.85   18513.32   16   1e-01   1984    -481   +476    5e-01   1485    -308   +480    6e-01   1534    -305   +480  
  10   200.61   18480.84   20   2e-01   2079    -366   +461    5e-01   1658    -307   +480    6e-01   1695    -319   +480  
  11   201.38   18450.71   21   1e-01   2119    -420   +460    5e-01   1825    -313   +480    5e-01   1864    -311   +480  
  12   202.20   18422.34   18   1e-01   2172    -412   +465    4e-01   1943    -362   +480    5e-01   2017    -326   +479  
  13   203.06   18396.27   21   1e-01   2257    -374   +459    4e-01   2107    -316   +480    6e-01   2204    -293   +480  
  14   203.99   18379.45   26   8e-02   1929    -422   +94     3e-01   2243    -344   +480    5e-01   2396    -286   +478  
  15   204.94   18363.91   28   1e-01   1909    -225   +205    3e-01   2395    -327   +479    5e-01   2580    -296   +480  
  16   205.93   18354.37   22   1e-01   2157    -212   +460    5e-01   2494    -381   +480    6e-01   2723    -337   +480  
  17   206.97   18344.23   31   8e-02   1850    -407   +100    3e-01   2569    -405   +480    4e-01   2809    -393   +479  
  18   207.97   18334.47   27   7e-02   1711    -171   +32     4e-01   2708    -339   +478    4e-01   2917    -365   +473  
  19   208.99   18327.69   26   9e-02   1650    -78    +17     3e-01   2887    -298   +477    4e-01   3122    -269   +474  
  20   210.02   18319.74   28   7e-02   1602    -57    +9      3e-01   3028    -332   +473    4e-01   3292    -304   +474  
  21   211.08   18315.35   32   6e-02   1569    -35    +2      2e-01   3235    -259   +466    3e-01   3485    -276   +469  
  22   212.15   18310.51   35   5e-02   1533    -36    +0      3e-01   3331    -343   +439    3e-01   3603    -317   +435  
  23   213.20   18305.97   20   1e-01   1692    -14    +173    4e-01   3516    -295   +480    5e-01   3835    -248   +480  
  24   213.67   18303.97   29   1e-01   1692    -0     +0      4e-01   3516    -0     +0      5e-01   3835    -0     +0    
==========================================================================================================================
Prune!
==========================================================================================================================
Depth = 5, Bound = 18303.97, Best = 18303

Fixing x[14] = 1

**************************************************************************************************************************
                                               Node 25
**************************************************************************************************************************
Problem size 146
Fixed variables: (x[14],1) (x[27],0) (x[96],1) (x[127],0) (x[143],1)
==========================================================================================================================
starting bound     cut  triangles added  violation
      19689.77   18303              500       0.49
==========================================================================================================================
iter     time      bound  bdl   viol3  triag  purged   added   viol5  penta  purged   added   viol7  hepta  purged   added
==========================================================================================================================
   1   213.85   19282.70    5   4e-01    864    -133   +497   
   2   214.03   19099.99    5   4e-01   1118    -245   +499   
   3   214.24   18973.64    7   4e-01   1425    -188   +495   
   4   214.50   18854.68    6   3e-01   1592    -329   +496   
   5   215.04   18784.05    9   3e-01   1727    -355   +490    7e-01    480    -0     +480    8e-01    480    -0     +480  
   6   215.61   18693.14   11   3e-01   1772    -449   +494    6e-01    791    -169   +480    8e-01    806    -154   +480  
   7   215.97   18629.56    9   3e-01   1925    -335   +488   
   8   216.61   18584.25   16   2e-01   2086    -325   +486    6e-01   1102    -169   +480    6e-01   1093    -193   +480  
   9   217.30   18524.16   12   2e-01   2176    -390   +480    5e-01   1318    -264   +480    7e-01   1334    -239   +480  
  10   218.05   18493.63   18   2e-01   2193    -443   +460    5e-01   1480    -318   +480    6e-01   1503    -310   +479  
  11   218.84   18459.86   21   2e-01   2219    -438   +464    4e-01   1683    -276   +479    5e-01   1697    -286   +480  
  12   219.64   18423.79   21   2e-01   2273    -416   +470    5e-01   1806    -357   +480    6e-01   1870    -307   +480  
  13   220.50   18406.45   24   1e-01   1947    -406   +80     3e-01   1987    -298   +479    5e-01   2046    -303   +479  
  14   221.39   18381.20   23   1e-01   1965    -174   +192    4e-01   2181    -285   +479    5e-01   2240    -285   +479  
  15   222.35   18370.42   26   7e-02   1795    -190   +20     3e-01   2342    -316   +477    4e-01   2409    -308   +477  
  16   223.32   18353.84   25   1e-01   1917    -85    +207    3e-01   2521    -301   +480    5e-01   2605    -284   +480  
  17   224.30   18342.54   25   8e-02   1797    -174   +54     3e-01   2691    -309   +479    4e-01   2796    -289   +480  
  18   225.34   18334.87   32   6e-02   1683    -117   +3      2e-01   2762    -373   +444    3e-01   2925    -335   +464  
  19   226.37   18327.20   34   1e-01   1763    -49    +129    4e-01   2978    -262   +478    5e-01   3161    -244   +480  
  20   227.42   18322.04   24   9e-02   1710    -128   +75     4e-01   3065    -393   +480    5e-01   3314    -323   +476  
  21   228.46   18316.27   24   7e-02   1636    -88    +14     3e-01   3131    -408   +474    4e-01   3415    -375   +476  
  22   229.53   18311.58   32   6e-02   1605    -41    +10     2e-01   3240    -354   +463    4e-01   3500    -361   +446  
  23   230.61   18307.42   27   6e-02   1576    -32    +3      2e-01   3362    -350   +472    5e-01   3696    -279   +475  
  24   231.68   18304.50   29   6e-02   1568    -9     +1      4e-01   3478    -321   +437    4e-01   3887    -252   +443  
  25   231.88   18303.46   29   6e-02   1568    -0     +0      4e-01   3478    -0     +0      4e-01   3887    -0     +0    
==========================================================================================================================
Prune!
==========================================================================================================================
Depth = 5, Bound = 18303.46, Best = 18303

Branching on x[149] = 0.49
Fixing x[149] = 0

**************************************************************************************************************************
                                               Node 26
**************************************************************************************************************************
Problem size 147
Fixed variables: (x[11],1) (x[68],1) (x[96],0) (x[149],0)
==========================================================================================================================
starting bound     cut  triangles added  violation
      19700.09   18303              500       0.50
==========================================================================================================================
iter     time      bound  bdl   viol3  triag  purged   added   viol5  penta  purged   added   viol7  hepta  purged   added
==========================================================================================================================
   1   232.06   19308.79    5   4e-01    837    -161   +498   
   2   232.24   19110.59    7   4e-01   1071    -262   +496   
   3   232.45   18979.54    6   4e-01   1355    -209   +493   
   4   232.70   18873.42    7   3e-01   1470    -384   +499   
   5   233.23   18805.89    8   3e-01   1645    -316   +491    7e-01    480    -0     +480    8e-01    480    -0     +480  
   6   233.82   18707.83    9   3e-01   1822    -317   +494    7e-01    847    -113   +480    8e-01    878    -82    +480  
   7   234.46   18626.38   12   2e-01   1867    -448   +493    7e-01   1067    -260   +480    7e-01   1100    -258   +480  
   8   235.13   18570.97   17   2e-01   1921    -425   +479    6e-01   1277    -270   +480    6e-01   1278    -302   +480  
   9   235.84   18526.40   13   2e-01   1980    -397   +456    5e-01   1475    -282   +480    6e-01   1475    -283   +480  
  10   236.63   18475.04   14   2e-01   2043    -421   +484    5e-01   1654    -301   +480    6e-01   1639    -316   +480  
  11   237.48   18449.32   18   1e-01   2163    -332   +452    4e-01   1833    -301   +480    6e-01   1800    -319   +480  
  12   238.36   18421.42   20   2e-01   2305    -324   +466    5e-01   2006    -307   +480    6e-01   1955    -325   +480  
  13   239.27   18396.04   20   1e-01   2347    -438   +480    4e-01   2129    -357   +480    6e-01   2070    -365   +480  
  14   240.20   18382.40   21   1e-01   2220    -474   +347    4e-01   2188    -421   +480    5e-01   2202    -348   +480  
  15   241.19   18368.72   19   1e-01   2093    -328   +201    4e-01   2324    -344   +480    5e-01   2369    -313   +480  
  16   242.20   18358.68   28   8e-02   1894    -214   +15     3e-01   2479    -319   +474    4e-01   2521    -323   +475  
  17   243.25   18348.02   25   9e-02   1866    -109   +81     3e-01   2660    -299   +480    5e-01   2728    -271   +478  
  18   244.28   18341.67   27   7e-02   1779    -108   +21     4e-01   2811    -326   +477    5e-01   2879    -324   +475  
  19   245.33   18335.08   30   6e-02   1704    -78    +3      4e-01   2952    -327   +468    3e-01   3054    -288   +463  
  20   246.38   18330.29   25   6e-02   1660    -46    +2      3e-01   3092    -326   +466    4e-01   3273    -250   +469  
  21   247.43   18326.18   24   9e-02   1677    -32    +49     3e-01   3268    -304   +480    5e-01   3492    -260   +479  
  22   248.13   18323.90   28   9e-02   1677    -0     +0      3e-01   3268    -0     +0      5e-01   3492    -0     +0    
==========================================================================================================================
BOUNDING STOPPED: Gap to big!
==========================================================================================================================
Depth = 4, Bound = 18323.90, Best = 18303

Fixing x[149] = 1

**************************************************************************************************************************
                                               Node 27
**************************************************************************************************************************
Problem size 147
Fixed variables: (x[11],1) (x[68],1) (x[96],0) (x[149],1)
==========================================================================================================================
starting bound     cut  triangles added  violation
      19646.74   18303              500       0.49
==========================================================================================================================
iter     time      bound  bdl   viol3  triag  purged   added   viol5  penta  purged   added   viol7  hepta  purged   added
==========================================================================================================================
   1   248.30   19261.67    4   4e-01    852    -145   +497   
   2   248.48   19083.04    5   4e-01   1100    -247   +495   
   3   248.69   18928.53    7   4e-01   1355    -239   +494   
   4   249.20   18817.20    7   3e-01   1538    -315   +498    8e-01    480    -0     +480    9e-01    480    -0     +480  
   5   249.73   18744.25    8   3e-01   1681    -351   +494    7e-01    787    -173   +480    8e-01    789    -171   +480  
   6   250.32   18650.67   10   3e-01   1789    -386   +494    7e-01   1049    -218   +480    7e-01   1057    -212   +480  
   7   250.98   18594.60   11   2e-01   1874    -407   +492    6e-01   1246    -283   +480    7e-01   1267    -270   +480  
   8   251.64   18547.40   14   2e-01   1903    -451   +480    6e-01   1440    -286   +480    7e-01   1483    -264   +480  
   9   252.39   18503.03   21   2e-01   1903    -470   +470    5e-01   1554    -366   +480    6e-01   1548    -415   +480  
  10   253.18   18467.97   13   2e-01   1995    -387   +479    5e-01   1739    -295   +480    6e-01   1740    -288   +480  
  11   254.04   18436.11   15   2e-01   2058    -420   +483    6e-01   1864    -355   +480    6e-01   1892    -328   +480  
  12   254.96   18412.43   25   1e-01   1903    -469   +314    4e-01   1949    -395   +480    5e-01   1983    -389   +480  
  13   255.84   18391.27   20   1e-01   2006    -237   +340    3e-01   2138    -291   +480    5e-01   2204    -259   +480  
  14   256.75   18382.70   23   9e-02   1754    -290   +38     3e-01   2310    -307   +479    5e-01   2400    -280   +476  
  15   257.70   18363.79   23   1e-01   1824    -139   +209    4e-01   2512    -278   +480    4e-01   2556    -323   +479  
  16   258.72   18358.55   26   1e-01   1837    -195   +208    4e-01   2655    -337   +480    5e-01   2719    -316   +479  
  17   259.76   18345.20   24   8e-02   1684    -210   +57     2e-01   2736    -399   +480    5e-01   2835    -364   +480  
  18   260.79   18339.46   29   7e-02   1633    -89    +38     3e-01   2885    -331   +480    4e-01   3043    -268   +476  
  19   261.87   18331.91   23   7e-02   1599    -60    +26     3e-01   3041    -321   +477    4e-01   3194    -324   +475  
  20   262.95   18326.28   27   9e-02   1550    -67    +18     3e-01   3215    -300   +474    4e-01   3379    -293   +478  
  21   264.02   18319.84   29   7e-02   1506    -47    +3      3e-01   3346    -334   +465    5e-01   3515    -327   +463  
  22   265.11   18316.93   30   5e-02   1475    -31    +0      2e-01   3489    -315   +458    4e-01   3706    -260   +451  
  23   266.20   18312.13   32   6e-02   1463    -17    +5      3e-01   3698    -254   +463    3e-01   3896    -275   +465  
  24   267.32   18310.03   26   8e-02   1452    -19    +8      3e-01   3853    -318   +473    5e-01   4068    -303   +475  
  25   268.42   18307.01   29   5e-02   1438    -14    +0      2e-01   3944    -338   +429    4e-01   4200    -327   +459  
  26   269.07   18303.69   33   5e-02   1438    -0     +0      2e-01   3944    -0     +0      4e-01   4200    -0     +0    
==========================================================================================================================
Prune!
==========================================================================================================================
Depth = 4, Bound = 18303.69, Best = 18303

Branching on x[110] = 0.48
Fixing x[110] = 0

**************************************************************************************************************************
                                               Node 28
**************************************************************************************************************************
Problem size 146
Fixed variables: (x[68],0) (x[93],1) (x[96],0) (x[108],0) (x[110],0)
==========================================================================================================================
starting bound     cut  triangles added  violation
      19601.60   18303              500       0.49
==========================================================================================================================
iter     time      bound  bdl   viol3  triag  purged   added   viol5  penta  purged   added   viol7  hepta  purged   added
==========================================================================================================================
   1   269.24   19225.77    5   4e-01    869    -127   +496   
   2   269.41   19022.20    5   3e-01   1165    -193   +489   
   3   269.62   18858.72    6   4e-01   1388    -269   +492   
   4   270.13   18766.73    8   3e-01   1557    -325   +494    8e-01    480    -0     +480    9e-01    480    -0     +480  
   5   270.66   18698.15   12   3e-01   1661    -386   +490    7e-01    839    -121   +480    8e-01    848    -112   +480  
   6   271.23   18611.79   12   2e-01   1646    -497   +482    7e-01   1070    -249   +480    8e-01   1099    -229   +480  
   7   271.89   18549.26   10   2e-01   1717    -427   +498    6e-01   1247    -303   +480    7e-01   1265    -314   +480  
   8   272.61   18516.69   14   1e-01   1761    -438   +482    5e-01   1402    -325   +480    7e-01   1459    -286   +480  
   9   273.35   18478.47   17   2e-01   1932    -313   +484    5e-01   1582    -300   +480    6e-01   1628    -311   +480  
  10   274.13   18441.17   16   2e-01   1943    -471   +482    5e-01   1680    -382   +480    6e-01   1762    -346   +480  
  11   274.94   18411.70   20   2e-01   2020    -389   +466    4e-01   1834    -326   +480    5e-01   1955    -287   +480  
  12   275.83   18393.17   22   1e-01   1967    -357   +304    3e-01   1987    -326   +479    5e-01   2147    -288   +480  
  13   276.74   18372.63   19   1e-01   2147    -288   +468    5e-01   2152    -315   +480    5e-01   2317    -310   +480  
  14   277.75   18357.54   22   1e-01   1754    -450   +57     3e-01   2220    -411   +479    5e-01   2406    -390   +479  
  15   278.82   18342.30   21   1e-01   2106    -123   +475    4e-01   2426    -274   +480    5e-01   2647    -239   +480  
  16   279.95   18331.63   21   9e-02   1782    -390   +66     3e-01   2496    -410   +480    5e-01   2819    -308   +480  
  17   280.98   18324.54   26   6e-02   1658    -131   +7      2e-01   2582    -393   +479    4e-01   2960    -338   +479  
  18   282.03   18318.47   30   8e-02   1626    -41    +9      2e-01   2828    -234   +480    5e-01   3199    -240   +479  
  19   283.08   18313.50   26   7e-02   1596    -44    +14     3e-01   2991    -316   +479    4e-01   3381    -297   +479  
  20   284.14   18308.97   33   7e-02   1567    -36    +7      3e-01   3146    -323   +478    4e-01   3597    -262   +478  
  21   285.23   18305.04   22   2e-01   1718    -24    +175    3e-01   3258    -368   +480    5e-01   3719    -358   +480  
  22   285.65   18303.82   25   2e-01   1718    -0     +0      3e-01   3258    -0     +0      5e-01   3719    -0     +0    
==========================================================================================================================
Prune!
==========================================================================================================================
Depth = 5, Bound = 18303.82, Best = 18303

Fixing x[110] = 1

**************************************************************************************************************************
                                               Node 29
**************************************************************************************************************************
Problem size 146
Fixed variables: (x[68],0) (x[93],1) (x[96],0) (x[108],0) (x[110],1)
==========================================================================================================================
starting bound     cut  triangles added  violation
      19584.58   18303              500       0.50
==========================================================================================================================
iter     time      bound  bdl   viol3  triag  purged   added   viol5  penta  purged   added   viol7  hepta  purged   added
==========================================================================================================================
   1   285.82   19247.88    5   4e-01    844    -153   +497   
   2   286.00   19063.35    5   4e-01   1123    -219   +498   
   3   286.20   18932.91    6   4e-01   1325    -293   +495   
   4   286.43   18824.32    8   3e-01   1538    -282   +495   
   5   286.96   18755.93   10   3e-01   1741    -291   +494    7e-01    480    -0     +480    8e-01    480    -0     +480  
   6   287.25   18664.30   10   3e-01   1824    -402   +485   
   7   287.84   18622.80   13   2e-01   1983    -332   +491    6e-01    834    -126   +480    7e-01    831    -129   +480  
   8   288.50   18551.10   14   2e-01   2067    -391   +475    6e-01   1146    -168   +480    7e-01   1125    -186   +480  
   9   289.25   18512.99   15   2e-01   2138    -409   +480    6e-01   1385    -241   +480    7e-01   1370    -235   +480  
  10   290.02   18469.43   20   1e-01   2133    -479   +474    5e-01   1537    -328   +480    5e-01   1515    -335   +480  
  11   290.81   18435.36   17   2e-01   2148    -462   +477    6e-01   1654    -363   +480    6e-01   1689    -306   +480  
  12   291.67   18411.78   20   1e-01   1915    -434   +201    5e-01   1784    -350   +480    6e-01   1822    -346   +479  
  13   292.56   18387.72   22   1e-01   2150    -234   +469    5e-01   1983    -281   +480    6e-01   2065    -237   +480  
  14   293.59   18373.88   27   1e-01   1893    -400   +143    4e-01   2077    -386   +480    5e-01   2198    -347   +480  
  15   294.65   18356.44   22   1e-01   2171    -193   +471    4e-01   2273    -284   +480    6e-01   2403    -275   +480  
  16   295.81   18344.17   25   9e-02   1828    -391   +48     4e-01   2371    -382   +480    4e-01   2527    -356   +480  
  17   296.94   18337.68   27   8e-02   1734    -125   +31     3e-01   2589    -262   +480    5e-01   2765    -239   +477  
  18   298.06   18328.86   30   6e-02   1639    -98    +3      2e-01   2773    -291   +475    4e-01   2951    -289   +475  
  19   299.10   18321.22   26   8e-02   1613    -63    +37     3e-01   2957    -296   +480    4e-01   3159    -272   +480  
  20   300.15   18315.64   20   1e-01   1805    -48    +240    4e-01   3047    -390   +480    5e-01   3329    -310   +480  
  21   301.23   18311.95   29   8e-02   1604    -220   +19     3e-01   3100    -425   +478    4e-01   3411    -398   +480  
  22   302.29   18308.26   24   9e-02   1709    -56    +161    3e-01   3212    -368   +480    6e-01   3553    -338   +480  
  23   303.38   18305.89   22   8e-02   1583    -151   +25     3e-01   3247    -445   +480    4e-01   3648    -385   +480  
  24   303.92   18303.43   22   8e-02   1583    -0     +0      3e-01   3247    -0     +0      4e-01   3648    -0     +0    
==========================================================================================================================
Prune!
==========================================================================================================================
Depth = 5, Bound = 18303.43, Best = 18303

Branching on x[63] = 0.49
Fixing x[63] = 0

**************************************************************************************************************************
                                               Node 30
**************************************************************************************************************************
Problem size 146
Fixed variables: (x[63],0) (x[68],0) (x[93],1) (x[96],0) (x[108],1)
==========================================================================================================================
starting bound     cut  triangles added  violation
      19599.99   18303              500       0.50
==========================================================================================================================
iter     time      bound  bdl   viol3  triag  purged   added   viol5  penta  purged   added   viol7  hepta  purged   added
==========================================================================================================================
   1   304.09   19248.40    4   4e-01    813    -183   +496   
   2   304.27   19046.65    4   4e-01   1065    -244   +496   
   3   304.46   18931.72    5   4e-01   1327    -234   +496   
   4   304.69   18834.53    8   3e-01   1448    -374   +495   
   5   305.21   18764.91    8   3e-01   1641    -298   +491    7e-01    480    -0     +480    8e-01    480    -0     +480  
   6   305.48   18671.47   10   3e-01   1722    -409   +490   
   7   306.06   18621.61   10   2e-01   1855    -358   +491    6e-01    811    -149   +480    8e-01    837    -123   +480  
   8   306.68   18561.60   13   2e-01   1954    -390   +489    6e-01   1093    -198   +480    7e-01   1141    -176   +480  
   9   307.38   18515.40   17   2e-01   1999    -441   +486    5e-01   1295    -278   +480    6e-01   1347    -274   +480  
  10   308.10   18480.42   18   2e-01   2034    -445   +480    5e-01   1466    -309   +480    6e-01   1547    -280   +480  
  11   308.89   18442.01   18   1e-01   2039    -471   +476    4e-01   1561    -385   +480    5e-01   1620    -407   +480  
  12   309.73   18421.57   19   1e-01   2182    -306   +449    4e-01   1775    -266   +480    5e-01   1873    -227   +480  
  13   310.60   18391.49   22   1e-01   2279    -358   +455    4e-01   1936    -319   +480    6e-01   2014    -339   +480  
  14   311.52   18373.54   26   1e-01   2037    -426   +184    5e-01   2057    -359   +480    5e-01   2141    -353   +480  
  15   312.47   18356.00   20   1e-01   2226    -218   +407    4e-01   2255    -282   +480    5e-01   2355    -266   +480  
  16   313.47   18344.35   25   1e-01   2002    -358   +134    4e-01   2338    -397   +480    4e-01   2509    -326   +480  
  17   314.47   18335.85   26   1e-01   1848    -202   +48     3e-01   2469    -349   +480    4e-01   2662    -327   +480  
  18   315.49   18325.80   16   1e-01   2230    -96    +478    4e-01   2602    -347   +480    5e-01   2853    -289   +480  
  19   316.52   18321.85   25   8e-02   1852    -391   +13     3e-01   2700    -379   +477    4e-01   2982    -349   +478  
  20   317.56   18315.46   27   7e-02   1755    -103   +6      3e-01   2820    -353   +473    4e-01   3082    -374   +474  
  21   318.61   18310.49   28   6e-02   1695    -62    +2      2e-01   3010    -273   +463    3e-01   3249    -294   +461  
  22   319.62   18307.71   23   9e-02   1687    -43    +35     3e-01   3129    -359   +478    4e-01   3413    -316   +480  
  23   320.67   18304.41   29   8e-02   1637    -55    +5      3e-01   3233    -368   +472    3e-01   3539    -348   +474  
  24   320.87   18303.65   28   8e-02   1637    -0     +0      3e-01   3233    -0     +0      3e-01   3539    -0     +0    
==========================================================================================================================
Prune!
==========================================================================================================================
Depth = 5, Bound = 18303.65, Best = 18303

Fixing x[63] = 1

**************************************************************************************************************************
                                               Node 31
**************************************************************************************************************************
Problem size 146
Fixed variables: (x[63],1) (x[68],0) (x[93],1) (x[96],0) (x[108],1)
==========================================================================================================================
starting bound     cut  triangles added  violation
      19646.41   18303              500       0.50
==========================================================================================================================
iter     time      bound  bdl   viol3  triag  purged   added   viol5  penta  purged   added   viol7  hepta  purged   added
==========================================================================================================================
   1   321.04   19273.41    5   4e-01    836    -161   +497   
   2   321.22   19073.13    5   4e-01   1200    -133   +497   
   3   321.42   18954.87    8   3e-01   1306    -389   +495   
   4   321.64   18857.54    8   3e-01   1504    -299   +497   
   5   321.89   18780.36   11   3e-01   1693    -302   +491   
   6   322.45   18710.92    9   3e-01   1828    -358   +493    7e-01    480    -0     +480    8e-01    480    -0     +480  
   7   323.04   18636.49   13   2e-01   1893    -420   +485    6e-01    806    -154   +480    7e-01    841    -119   +480  
   8   323.70   18574.23   13   2e-01   1989    -381   +477    6e-01   1073    -213   +480    7e-01   1117    -204   +480  
   9   324.40   18524.78   13   2e-01   2045    -435   +491    5e-01   1268    -285   +480    6e-01   1307    -290   +480  
  10   325.14   18478.60   16   2e-01   2110    -400   +465    6e-01   1486    -262   +480    6e-01   1528    -259   +480  
  11   325.97   18448.29   20   2e-01   2116    -461   +467    6e-01   1655    -311   +480    6e-01   1708    -300   +480  
  12   326.81   18418.89   24   1e-01   2120    -456   +460    5e-01   1750    -385   +480    5e-01   1811    -376   +479  
  13   327.68   18400.42   23   9e-02   1951    -367   +198    3e-01   1884    -346   +480    4e-01   2015    -276   +480  
  14   328.58   18381.47   25   1e-01   2187    -239   +475    4e-01   2059    -305   +480    5e-01   2246    -249   +480  
  15   329.56   18365.22   25   1e-01   2019    -397   +229    4e-01   2212    -326   +479    5e-01   2421    -305   +480  
  16   330.57   18352.82   29   9e-02   1825    -231   +37     3e-01   2329    -363   +480    4e-01   2596    -305   +480  
  17   331.57   18344.99   30   8e-02   1755    -98    +28     3e-01   2523    -284   +478    4e-01   2777    -297   +478  
  18   332.60   18336.97   30   9e-02   1695    -75    +15     2e-01   2743    -258   +478    4e-01   2974    -279   +476  
  19   333.63   18328.52   27   8e-02   1659    -51    +15     4e-01   2893    -325   +475    4e-01   3153    -293   +472  
  20   334.67   18324.21   31   6e-02   1628    -34    +3      3e-01   3131    -230   +468    4e-01   3393    -231   +471  
  21   335.71   18316.69   37   6e-02   1589    -42    +3      3e-01   3300    -304   +473    4e-01   3532    -333   +472  
  22   336.78   18312.00   33   7e-02   1573    -31    +15     4e-01   3481    -297   +478    3e-01   3696    -312   +476  
  23   337.85   18307.96   30   5e-02   1544    -29    +0      3e-01   3623    -327   +469    4e-01   3846    -318   +468  
  24   338.93   18304.82   38   7e-02   1523    -22    +1      2e-01   3733    -323   +433    3e-01   4008    -288   +450  
  25   339.04   18303.83   39   7e-02   1523    -0     +0      2e-01   3733    -0     +0      3e-01   4008    -0     +0    
==========================================================================================================================
Prune!
==========================================================================================================================
Depth = 5, Bound = 18303.83, Best = 18303

Branching on x[95] = 0.49
Fixing x[95] = 0

**************************************************************************************************************************
                                               Node 32
**************************************************************************************************************************
Problem size 146
Fixed variables: (x[11],1) (x[68],1) (x[95],0) (x[96],0) (x[149],0)
==========================================================================================================================
starting bound     cut  triangles added  violation
      19618.56   18303              500       0.50
==========================================================================================================================
iter     time      bound  bdl   viol3  triag  purged   added   viol5  penta  purged   added   viol7  hepta  purged   added
==========================================================================================================================
   1   339.22   19244.40    3   5e-01    829    -171   +500   
   2   339.39   19043.24    5   4e-01   1013    -315   +499   
   3   339.59   18901.30    5   4e-01   1327    -185   +499   
   4   339.82   18797.49    7   3e-01   1431    -394   +498   
   5   340.35   18721.14    8   3e-01   1662    -254   +485    7e-01    480    -0     +480    8e-01    480    -0     +480  
   6   340.93   18631.29   10   3e-01   1816    -337   +491    8e-01    807    -153   +480    8e-01    844    -116   +480  
   7   341.56   18574.86   14   2e-01   1830    -468   +482    5e-01   1056    -231   +480    7e-01   1076    -248   +480  
   8   342.21   18517.77   14   2e-01   1983    -333   +486    6e-01   1286    -250   +480    7e-01   1305    -251   +480  
   9   342.91   18471.30   16   2e-01   1988    -476   +481    6e-01   1460    -306   +480    7e-01   1449    -336   +480  
  10   343.72   18438.91   18   2e-01   1980    -476   +468    5e-01   1576    -364   +480    6e-01   1603    -326   +480  
  11   344.56   18403.37   16   2e-01   2072    -394   +486    6e-01   1773    -283   +480    6e-01   1824    -259   +480  
  12   345.49   18388.55   18   1e-01   2053    -470   +451    4e-01   1849    -404   +480    5e-01   1910    -394   +480  
  13   346.44   18367.29   20   1e-01   2082    -339   +368    5e-01   1997    -332   +480    6e-01   2091    -299   +480  
  14   347.47   18356.13   21   8e-02   1788    -353   +59     3e-01   2125    -352   +480    5e-01   2236    -335   +480  
  15   348.42   18340.60   20   1e-01   1856    -134   +202    4e-01   2351    -254   +480    6e-01   2470    -246   +480  
  16   349.43   18331.99   22   9e-02   1776    -176   +96     4e-01   2462    -368   +479    5e-01   2603    -347   +480  
  17   350.44   18325.65   18   1e-01   2134    -126   +484    4e-01   2611    -331   +480    5e-01   2776    -307   +480  
  18   351.54   18319.58   22   1e-01   1816    -437   +119    4e-01   2633    -458   +480    5e-01   2840    -416   +480  
  19   352.60   18316.06   18   8e-02   1716    -146   +46     3e-01   2773    -340   +480    5e-01   3002    -317   +479  
  20   353.66   18312.51   19   6e-02   1664    -69    +17     3e-01   2860    -388   +475    4e-01   3139    -340   +477  
  21   354.71   18310.14   15   2e-01   2065    -41    +442    4e-01   2979    -361   +480    5e-01   3311    -308   +480  
  22   355.86   18308.80   20   6e-02   1667    -403   +5      3e-01   2979    -477   +477    4e-01   3339    -451   +479  
  23   356.97   18307.95   16   1e-01   1955    -44    +332    4e-01   3093    -366   +480    5e-01   3458    -361   +480  
  24   358.14   18306.43   15   1e-01   1834    -301   +180    4e-01   3080    -493   +480    4e-01   3449    -489   +480  
  25   359.30   18305.72   10   2e-01   2143    -187   +496    5e-01   3091    -469   +480    6e-01   3492    -437   +480  
  26   360.48   18305.07   12   1e-01   2200    -437   +494    5e-01   3157    -414   +480    6e-01   3595    -377   +480  
  27   361.66   18304.53    8   9e-02   1957    -475   +232    4e-01   3200    -437   +480    5e-01   3622    -453   +480  
  28   362.88   18304.23   11   7e-02   1762    -208   +13     3e-01   3287    -393   +480    3e-01   3669    -433   +480  
  29   363.34   18304.00   11   7e-02   1762    -0     +0      3e-01   3287    -0     +0      3e-01   3669    -0     +0    
==========================================================================================================================
Prune!
==========================================================================================================================
Depth = 5, Bound = 18304.00, Best = 18303

Fixing x[95] = 1

**************************************************************************************************************************
                                               Node 33
**************************************************************************************************************************
Problem size 146
Fixed variables: (x[11],1) (x[68],1) (x[95],1) (x[96],0) (x[149],0)
==========================================================================================================================
starting bound     cut  triangles added  violation
      19676.38   18303              500       0.50
==========================================================================================================================
iter     time      bound  bdl   viol3  triag  purged   added   viol5  penta  purged   added   viol7  hepta  purged   added
==========================================================================================================================
   1   363.50   19309.24    3   5e-01    838    -160   +498   
   2   363.70   19103.46    4   4e-01   1084    -253   +499   
   3   363.91   18981.41    7   4e-01   1292    -289   +497   
   4   364.14   18858.91    9   3e-01   1420    -368   +496   
   5   364.67   18763.36    9   3e-01   1695    -219   +494    8e-01    480    -0     +480    9e-01    480    -0     +480  
   6   365.24   18666.06   10   3e-01   1754    -432   +491    7e-01    795    -165   +480    7e-01    807    -153   +480  
   7   365.86   18599.44   13   2e-01   1784    -460   +490    6e-01   1043    -232   +480    7e-01   1050    -237   +480  
   8   366.51   18537.78   10   2e-01   1826    -443   +485    6e-01   1281    -242   +480    7e-01   1299    -231   +480  
   9   367.21   18493.49   17   2e-01   1867    -443   +484    5e-01   1410    -351   +480    6e-01   1452    -327   +480  
  10   368.00   18448.56   18   1e-01   1933    -414   +480    5e-01   1596    -294   +480    5e-01   1621    -311   +480  
  11   368.83   18425.64   14   1e-01   2058    -347   +472    5e-01   1745    -331   +480    6e-01   1848    -253   +480  
  12   369.72   18396.72   19   1e-01   2133    -388   +463    4e-01   1884    -341   +480    6e-01   1975    -351   +478  
  13   370.57   18375.30   19   2e-01   2164    -444   +475    5e-01   2036    -328   +480    6e-01   2160    -294   +479  
  14   371.49   18358.68   20   1e-01   2008    -425   +269    4e-01   2152    -364   +480    6e-01   2261    -379   +480  
  15   372.45   18348.57   21   1e-01   1805    -272   +69     4e-01   2282    -350   +480    4e-01   2432    -308   +479  
  16   373.45   18337.25   25   9e-02   1697    -139   +31     3e-01   2464    -298   +480    5e-01   2617    -295   +480  
  17   374.46   18328.14   24   9e-02   1752    -88    +143    3e-01   2636    -308   +480    5e-01   2835    -262   +480  
  18   375.50   18320.91   20   9e-02   1626    -155   +29     3e-01   2700    -414   +478    5e-01   2950    -363   +478  
  19   376.52   18315.30   26   1e-01   1577    -61    +12     2e-01   2865    -313   +478    3e-01   3087    -341   +478  
  20   377.55   18310.05   27   6e-02   1541    -39    +3      3e-01   3025    -315   +475    3e-01   3203    -360   +476  
  21   378.61   18305.20   23   1e-01   1548    -29    +36     3e-01   3211    -294   +480    4e-01   3399    -284   +480  
  22   379.01   18303.37   28   1e-01   1548    -0     +0      3e-01   3211    -0     +0      4e-01   3399    -0     +0    
==========================================================================================================================
Prune!
==========================================================================================================================
Depth = 5, Bound = 18303.37, Best = 18303


Nodes = 33
Root node bound = 18508.633
Maximum value = 18303
Solution = ( 1 12 13 14 15 23 30 33 38 39 40 41 44 45 53 57 62 64 69 79 85 89 90 91 92 94 98 100 102 107 114 115 117 118 119 120 121 122 124 125 126 131 136 143 144 145 148 149 )
CPU time = 379.01 s

