Input file: ./Instances/biq2mc/be/be200.8.6.sparse.mc

Graph has 201 vertices and 15877 edges.

BiqBin parameters:
    init_bundle_iter = 5
     max_bundle_iter = 20
      min_outer_iter = 10
      max_outer_iter = 30
       violated_Ineq = 0.050000
             TriIneq = 500
         Pent_Trials = 160
        Hepta_Trials = 120
        include_Pent = 1
       include_Hepta = 1
                root = 0
            use_diff = 1
          time_limit = 0
   branchingStrategy = 1
      detailedOutput = 1

**************************************************************************************************************************
                                               Node 1
**************************************************************************************************************************
Problem size 201
Fixed variables:
Node 1 Feasible solution 49492
==========================================================================================================================
starting bound     cut  triangles added  violation
      52079.94   49492              500       0.50
==========================================================================================================================
iter     time      bound  bdl   viol3  triag  purged   added   viol5  penta  purged   added   viol7  hepta  purged   added
==========================================================================================================================
   1     0.55   51485.67    3   4e-01    755    -242   +497   
   2     1.03   51111.04    5   4e-01    995    -258   +498   
   3     1.52   50867.46    7   4e-01   1225    -269   +499   
   4     2.10   50636.48    5   3e-01   1434    -291   +500   
   5     2.73   50496.02   10   3e-01   1527    -407   +500   
   6     3.87   50404.35   10   3e-01   1672    -352   +497    7e-01    480    -0     +480    8e-01    480    -0     +480  
   7     5.07   50236.80    8   3e-01   1768    -400   +496    8e-01    857    -103   +480    8e-01    864    -96    +480  
   8     6.37   50111.16   12   2e-01   1762    -506   +500    7e-01   1051    -286   +480    7e-01   1072    -272   +480  
   9     7.77   50001.44   12   2e-01   1764    -497   +499    5e-01   1295    -236   +480    7e-01   1355    -197   +480  
  10     9.31   49932.98   14   2e-01   1844    -417   +497    5e-01   1510    -265   +480    6e-01   1624    -211   +480  
  11    11.04   49873.88   13   1e-01   1891    -448   +495    4e-01   1680    -310   +480    6e-01   1874    -230   +480  
  12    12.78   49798.88   15   2e-01   1974    -411   +494    5e-01   1868    -292   +480    6e-01   2099    -255   +480  
  13    14.53   49760.91   20   1e-01   1921    -540   +487    4e-01   1993    -355   +480    5e-01   2293    -286   +480  
  14    16.36   49724.13   21   1e-01   1876    -403   +358    4e-01   2133    -340   +480    5e-01   2494    -279   +480  
  15    18.28   49692.06   17   1e-01   2018    -353   +495    5e-01   2328    -285   +480    6e-01   2757    -217   +480  
  16    20.33   49665.84   21   8e-02   1700    -527   +209    3e-01   2365    -443   +480    4e-01   2859    -378   +480  
  17    22.36   49640.66   20   1e-01   1957    -238   +495    4e-01   2540    -305   +480    6e-01   3076    -263   +480  
  18    24.45   49625.74   22   6e-02   1490    -481   +14     3e-01   2584    -436   +480    5e-01   3232    -324   +480  
  19    26.49   49610.68   27   1e-01   1459    -108   +77     4e-01   2753    -311   +480    4e-01   3478    -234   +480  
  20    28.56   49599.34   25   9e-02   1444    -114   +99     3e-01   2890    -343   +480    4e-01   3676    -282   +480  
  21    30.02   49590.40   24   9e-02   1444    -0     +0      3e-01   2890    -0     +0      4e-01   3676    -0     +0    
==========================================================================================================================
BOUNDING STOPPED: Gap to big!
==========================================================================================================================
Depth = 0, Bound = 49590.40, Best = 49492

Branching on x[144] = 0.51
Fixing x[144] = 0

**************************************************************************************************************************
                                               Node 2
**************************************************************************************************************************
Problem size 200
Fixed variables: (x[144],0)
==========================================================================================================================
BOUNDING STOPPED: Gap to big!
==========================================================================================================================
Depth = 1, Bound = 52019.08, Best = 49492

Fixing x[144] = 1

**************************************************************************************************************************
                                               Node 3
**************************************************************************************************************************
Problem size 200
Fixed variables: (x[144],1)
==========================================================================================================================
starting bound     cut  triangles added  violation
      51903.12   49492              500       0.50
==========================================================================================================================
iter     time      bound  bdl   viol3  triag  purged   added   viol5  penta  purged   added   viol7  hepta  purged   added
==========================================================================================================================
   1    30.51   51337.81    3   4e-01    786    -213   +499   
   2    30.95   50951.44    4   4e-01   1085    -201   +500   
   3    31.40   50790.31    6   4e-01   1251    -334   +500   
   4    31.91   50554.44    6   3e-01   1472    -278   +499   
   5    32.52   50420.44    8   3e-01   1616    -353   +497   
   6    33.65   50293.14   10   3e-01   1868    -246   +498    8e-01    480    -0     +480    8e-01    480    -0     +480  
   7    34.86   50130.01    8   2e-01   1861    -506   +499    7e-01    827    -133   +480    8e-01    871    -89    +480  
   8    36.13   49998.94   10   3e-01   1950    -409   +498    7e-01   1114    -193   +480    8e-01   1176    -175   +480  
   9    37.50   49915.53   13   2e-01   1926    -520   +496    5e-01   1279    -315   +480    7e-01   1424    -232   +480  
  10    38.99   49837.19   15   2e-01   1962    -462   +498    6e-01   1482    -277   +480    7e-01   1706    -198   +480  
  11    40.64   49774.64   14   1e-01   1843    -611   +492    5e-01   1612    -350   +480    6e-01   1906    -280   +480  
  12    42.35   49731.53   16   2e-01   1919    -419   +495    4e-01   1745    -347   +480    6e-01   2108    -278   +480  
  13    44.22   49687.26   19   1e-01   1904    -509   +494    4e-01   1855    -370   +480    5e-01   2339    -249   +480  
  14    46.10   49654.53   18   1e-01   1990    -399   +485    5e-01   2072    -263   +480    6e-01   2581    -238   +480  
  15    48.00   49629.90   17   1e-01   2011    -468   +489    4e-01   2164    -388   +480    5e-01   2762    -299   +480  
  16    50.04   49608.31   20   1e-01   1858    -488   +335    5e-01   2287    -357   +480    6e-01   2953    -289   +480  
  17    52.09   49593.10   21   7e-02   1525    -359   +26     3e-01   2390    -377   +480    4e-01   3077    -356   +480  
  18    54.12   49579.21   25   8e-02   1460    -130   +65     4e-01   2561    -309   +480    4e-01   3306    -251   +480  
  19    56.24   49569.77   24   2e-01   1400    -110   +50     3e-01   2749    -292   +480    4e-01   3568    -218   +480  
  20    58.35   49561.78   24   8e-02   1316    -88    +4      3e-01   2856    -367   +474    3e-01   3762    -286   +480  
  21    60.43   49552.05   24   8e-02   1322    -25    +31     3e-01   3116    -220   +480    4e-01   4024    -218   +480  
  22    61.94   49546.02   28   8e-02   1322    -0     +0      3e-01   3116    -0     +0      4e-01   4024    -0     +0    
==========================================================================================================================
BOUNDING STOPPED: Gap to big!
==========================================================================================================================
Depth = 1, Bound = 49546.02, Best = 49492

Branching on x[169] = 0.50
Fixing x[169] = 0

**************************************************************************************************************************
                                               Node 4
**************************************************************************************************************************
Problem size 199
Fixed variables: (x[144],0) (x[169],0)
==========================================================================================================================
starting bound     cut  triangles added  violation
      51875.23   49492              500       0.50
==========================================================================================================================
iter     time      bound  bdl   viol3  triag  purged   added   viol5  penta  purged   added   viol7  hepta  purged   added
==========================================================================================================================
   1    62.35   51358.05    4   4e-01    795    -204   +499   
   2    62.80   50987.95    6   4e-01   1012    -282   +499   
   3    63.29   50715.89    5   4e-01   1260    -252   +500   
   4    63.86   50541.69    7   3e-01   1441    -316   +497   
   5    64.46   50379.34    7   3e-01   1602    -339   +500   
   6    65.59   50267.60    9   3e-01   1800    -299   +497    7e-01    480    -0     +480    8e-01    480    -0     +480  
   7    66.30   50081.74    9   3e-01   1838    -460   +498   
   8    67.58   50050.59   10   2e-01   1873    -464   +499    6e-01    907    -53    +480    7e-01    942    -18    +480  
   9    68.95   49952.83   10   2e-01   1954    -413   +494    6e-01   1165    -222   +480    7e-01   1217    -205   +480  
  10    70.39   49847.19   11   2e-01   1969    -483   +498    6e-01   1374    -271   +480    7e-01   1469    -228   +480  
  11    71.92   49773.06   15   2e-01   1885    -582   +498    5e-01   1505    -349   +480    6e-01   1664    -285   +480  
  12    73.50   49719.94   15   1e-01   1953    -428   +496    5e-01   1721    -264   +480    6e-01   1907    -237   +480  
  13    75.19   49677.39   15   1e-01   2025    -423   +495    4e-01   1940    -261   +480    6e-01   2162    -225   +480  
  14    77.01   49646.29   21   1e-01   1897    -456   +328    4e-01   2072    -348   +480    5e-01   2391    -251   +480  
  15    78.92   49614.24   18   1e-01   2040    -348   +491    4e-01   2252    -300   +480    5e-01   2632    -239   +480  
  16    80.94   49595.39   18   1e-01   1641    -470   +71     4e-01   2347    -385   +480    5e-01   2781    -331   +480  
  17    82.99   49573.36   23   1e-01   1642    -169   +170    3e-01   2491    -336   +480    5e-01   2979    -282   +480  
  18    85.07   49561.30   27   8e-02   1474    -195   +27     3e-01   2598    -373   +480    4e-01   3186    -273   +480  
  19    87.11   49548.05   22   1e-01   1512    -71    +109    3e-01   2822    -256   +480    4e-01   3433    -233   +480  
  20    89.21   49538.82   25   9e-02   1386    -136   +10     3e-01   2969    -333   +480    5e-01   3620    -293   +480  
  21    91.29   49529.78   23   1e-01   1375    -60    +49     3e-01   3115    -334   +480    5e-01   3767    -333   +480  
  22    93.36   49524.79   21   6e-02   1316    -62    +3      2e-01   3239    -356   +480    6e-01   3938    -309   +480  
  23    95.50   49518.53   23   9e-02   1287    -31    +2      2e-01   3382    -337   +480    4e-01   4117    -301   +480  
  24    97.65   49512.92   28   1e-01   1267    -25    +5      4e-01   3509    -348   +475    5e-01   4299    -298   +480  
  25    99.89   49509.41   26   6e-02   1252    -16    +1      3e-01   3675    -305   +471    5e-01   4527    -252   +480  
  26   102.16   49504.74   30   5e-02   1238    -15    +1      2e-01   3854    -281   +460    3e-01   4756    -246   +475  
  27   103.79   49502.72   22   5e-02   1238    -0     +0      2e-01   3854    -0     +0      3e-01   4756    -0     +0    
==========================================================================================================================
BOUNDING STOPPED: Gap to big!
==========================================================================================================================
Depth = 2, Bound = 49502.72, Best = 49492

Fixing x[169] = 1

**************************************************************************************************************************
                                               Node 5
**************************************************************************************************************************
Problem size 199
Fixed variables: (x[144],0) (x[169],1)
==========================================================================================================================
starting bound     cut  triangles added  violation
      51853.77   49492              500       0.49
==========================================================================================================================
iter     time      bound  bdl   viol3  triag  purged   added   viol5  penta  purged   added   viol7  hepta  purged   added
==========================================================================================================================
   1   104.20   51383.26    4   5e-01    801    -195   +496   
   2   104.64   50960.86    4   4e-01   1118    -182   +499   
   3   105.13   50711.35    8   4e-01   1221    -397   +500   
   4   105.69   50554.48    7   4e-01   1467    -250   +496   
   5   106.29   50371.64    7   3e-01   1663    -302   +498   
   6   107.40   50234.84    8   3e-01   1792    -370   +499    7e-01    480    -0     +480    9e-01    480    -0     +480  
   7   108.61   50074.67    9   3e-01   1814    -478   +500    7e-01    807    -153   +480    8e-01    819    -141   +480  
   8   109.89   49967.44   10   2e-01   1864    -449   +499    6e-01   1071    -216   +480    7e-01   1130    -169   +480  
   9   111.24   49864.15   12   2e-01   1906    -456   +498    6e-01   1314    -237   +480    7e-01   1397    -213   +480  
  10   112.72   49800.80   13   2e-01   1950    -455   +499    5e-01   1511    -283   +480    7e-01   1669    -208   +480  
  11   114.35   49730.80   14   2e-01   1899    -549   +498    5e-01   1680    -311   +480    6e-01   1907    -242   +480  
  12   116.13   49682.81   18   1e-01   1952    -437   +490    5e-01   1815    -345   +480    6e-01   2102    -285   +480  
  13   117.98   49642.04   18   1e-01   1991    -454   +493    5e-01   2017    -278   +480    6e-01   2342    -240   +480  
  14   119.88   49607.27   18   1e-01   1611    -543   +163    3e-01   2100    -397   +480    4e-01   2520    -302   +480  
  15   121.82   49579.70   19   1e-01   1890    -209   +488    4e-01   2325    -255   +480    5e-01   2784    -216   +480  
  16   123.87   49562.39   18   1e-01   1919    -463   +492    4e-01   2449    -356   +480    5e-01   2952    -312   +480  
  17   125.96   49546.79   23   1e-01   1524    -484   +89     4e-01   2506    -423   +480    5e-01   3088    -344   +480  
  18   128.06   49537.81   22   8e-02   1375    -157   +8      3e-01   2612    -374   +480    4e-01   3312    -256   +480  
  19   130.12   49526.77   24   1e-01   1473    -63    +161    4e-01   2828    -264   +480    5e-01   3546    -246   +480  
  20   132.28   49521.40   19   8e-02   1328    -184   +39     4e-01   2901    -407   +480    4e-01   3693    -333   +480  
  21   134.47   49512.99   26   1e-01   1268    -62    +2      2e-01   2990    -388   +477    4e-01   3809    -364   +480  
  22   136.68   49509.58   31   4e-02   1245    -23    +0      2e-01   3168    -292   +470    4e-01   4067    -222   +480  
  23   138.87   49505.60   23   1e-01   1228    -21    +4      2e-01   3384    -257   +473    3e-01   4352    -194   +479  
  24   141.09   49501.63   22   8e-02   1229    -11    +12     3e-01   3590    -273   +479    4e-01   4610    -222   +480  
  25   143.38   49498.89   27   4e-02   1209    -20    +0      2e-01   3624    -387   +421    3e-01   4797    -280   +467  
  26   145.70   49495.64   24   4e-02   1192    -17    +0      2e-01   3709    -301   +386    3e-01   5021    -237   +461  
  27   146.83   49492.93   32   4e-02   1192    -0     +0      2e-01   3709    -0     +0      3e-01   5021    -0     +0    
==========================================================================================================================
Prune!
==========================================================================================================================
Depth = 2, Bound = 49492.93, Best = 49492

Branching on x[76] = 0.54
Fixing x[76] = 0

**************************************************************************************************************************
                                               Node 6
**************************************************************************************************************************
Problem size 199
Fixed variables: (x[76],0) (x[144],1)
==========================================================================================================================
starting bound     cut  triangles added  violation
      51876.44   49492              500       0.50
==========================================================================================================================
iter     time      bound  bdl   viol3  triag  purged   added   viol5  penta  purged   added   viol7  hepta  purged   added
==========================================================================================================================
   1   147.23   51292.10    4   4e-01    805    -194   +499   
   2   147.67   50893.19    6   4e-01   1047    -258   +500   
   3   148.14   50613.71    6   4e-01   1303    -244   +500   
   4   148.67   50467.97    7   4e-01   1545    -254   +496   
   5   149.73   50309.52    8   3e-01   1659    -385   +499    7e-01    480    -0     +480    9e-01    480    -0     +480  
   6   150.41   50120.27    7   3e-01   1776    -383   +500   
   7   151.63   50044.15    9   2e-01   1843    -433   +500    7e-01    874    -86    +480    8e-01    888    -72    +480  
   8   152.94   49916.35   11   2e-01   1977    -364   +498    7e-01   1186    -168   +480    8e-01   1235    -133   +480  
   9   154.36   49833.82   12   2e-01   1977    -498   +498    6e-01   1339    -327   +480    7e-01   1499    -216   +480  
  10   155.89   49756.15   13   2e-01   1896    -576   +495    6e-01   1563    -256   +480    7e-01   1734    -245   +480  
  11   157.56   49699.67   13   2e-01   1915    -479   +498    6e-01   1715    -328   +480    7e-01   1986    -228   +480  
  12   159.32   49669.37   17   1e-01   1869    -537   +491    4e-01   1838    -357   +480    5e-01   2138    -328   +480  
  13   161.18   49628.45   16   1e-01   1992    -370   +493    4e-01   2048    -270   +480    6e-01   2375    -243   +480  
  14   163.08   49607.77   19   1e-01   2036    -451   +495    4e-01   2156    -372   +480    5e-01   2510    -345   +480  
  15   165.01   49584.25   18   1e-01   2126    -407   +497    4e-01   2297    -339   +480    5e-01   2709    -281   +480  
  16   167.08   49565.09   18   1e-01   1864    -532   +270    4e-01   2393    -384   +480    5e-01   2910    -279   +480  
  17   169.16   49550.49   25   8e-02   1607    -281   +24     3e-01   2486    -387   +480    4e-01   3066    -324   +480  
  18   171.27   49538.43   24   1e-01   1583    -112   +88     3e-01   2668    -298   +480    5e-01   3294    -252   +480  
  19   173.37   49530.93   24   6e-02   1481    -105   +3      2e-01   2759    -389   +480    3e-01   3459    -315   +480  
  20   175.52   49524.66   21   9e-02   1455    -42    +16     3e-01   2880    -359   +480    5e-01   3658    -281   +480  
  21   177.75   49519.10   24   5e-02   1403    -53    +1      2e-01   2950    -398   +468    3e-01   3800    -336   +478  
  22   179.95   49514.78   23   1e-01   1383    -22    +2      2e-01   3189    -241   +480    4e-01   4040    -240   +480  
  23   182.17   49510.77   21   9e-02   1366    -20    +3      3e-01   3274    -395   +480    3e-01   4178    -342   +480  
  24   183.79   49508.54   20   9e-02   1366    -0     +0      3e-01   3274    -0     +0      3e-01   4178    -0     +0    
==========================================================================================================================
BOUNDING STOPPED: Gap to big!
==========================================================================================================================
Depth = 2, Bound = 49508.54, Best = 49492

Fixing x[76] = 1

**************************************************************************************************************************
                                               Node 7
**************************************************************************************************************************
Problem size 199
Fixed variables: (x[76],1) (x[144],1)
==========================================================================================================================
starting bound     cut  triangles added  violation
      51727.18   49492              500       0.49
==========================================================================================================================
iter     time      bound  bdl   viol3  triag  purged   added   viol5  penta  purged   added   viol7  hepta  purged   added
==========================================================================================================================
   1   184.20   51207.16    3   5e-01    792    -207   +499   
   2   184.65   50887.25    5   4e-01   1068    -223   +499   
   3   185.15   50673.75    7   4e-01   1329    -236   +497   
   4   185.68   50464.80    6   3e-01   1496    -333   +500   
   5   186.73   50306.71    9   3e-01   1658    -338   +500    8e-01    480    -0     +480    9e-01    480    -0     +480  
   6   187.86   50118.24    9   3e-01   1765    -392   +499    7e-01    835    -125   +480    8e-01    873    -87    +480  
   7   189.08   49967.44   10   3e-01   1836    -429   +500    8e-01   1120    -195   +480    8e-01   1202    -151   +480  
   8   190.38   49891.29   10   2e-01   1781    -551   +496    6e-01   1303    -297   +480    7e-01   1487    -195   +480  
   9   191.78   49819.69   12   2e-01   1803    -476   +498    5e-01   1449    -334   +480    6e-01   1717    -250   +480  
  10   193.33   49748.61   16   2e-01   1850    -446   +493    5e-01   1655    -274   +480    6e-01   1945    -252   +480  
  11   195.00   49693.52   15   2e-01   1894    -454   +498    5e-01   1797    -338   +480    7e-01   2168    -257   +480  
  12   196.76   49660.60   16   1e-01   1860    -523   +489    4e-01   1887    -390   +480    5e-01   2324    -324   +480  
  13   198.59   49626.52   16   2e-01   1980    -378   +498    7e-01   2058    -309   +480    7e-01   2581    -223   +480  
  14   200.59   49607.44   18   1e-01   1646    -542   +208    4e-01   2161    -377   +480    5e-01   2756    -305   +480  
  15   202.57   49585.36   24   1e-01   1422    -263   +39     3e-01   2324    -317   +480    5e-01   2960    -276   +480  
  16   204.62   49569.67   21   1e-01   1344    -106   +28     4e-01   2527    -277   +480    6e-01   3173    -267   +480  
  17   206.66   49553.47   20   2e-01   1686    -72    +414    5e-01   2713    -294   +480    7e-01   3432    -221   +480  
  18   208.83   49544.20   19   9e-02   1577    -398   +289    4e-01   2755    -438   +480    5e-01   3564    -348   +480  
  19   210.97   49535.93   18   8e-02   1330    -290   +43     3e-01   2798    -437   +480    5e-01   3695    -349   +480  
  20   213.12   49529.71   25   6e-02   1233    -101   +4      2e-01   2899    -375   +476    4e-01   3843    -330   +478  
  21   215.28   49523.64   18   9e-02   1253    -32    +52     3e-01   3124    -255   +480    5e-01   4132    -191   +480  
  22   216.82   49520.96   24   9e-02   1253    -0     +0      3e-01   3124    -0     +0      5e-01   4132    -0     +0    
==========================================================================================================================
BOUNDING STOPPED: Gap to big!
==========================================================================================================================
Depth = 2, Bound = 49520.96, Best = 49492

Branching on x[111] = 0.54
Fixing x[111] = 0

**************************************************************************************************************************
                                               Node 8
**************************************************************************************************************************
Problem size 198
Fixed variables: (x[76],1) (x[111],0) (x[144],1)
==========================================================================================================================
starting bound     cut  triangles added  violation
      51642.02   49492              500       0.50
==========================================================================================================================
iter     time      bound  bdl   viol3  triag  purged   added   viol5  penta  purged   added   viol7  hepta  purged   added
==========================================================================================================================
   1   217.21   51258.32    4   4e-01    837    -159   +496   
   2   217.65   50838.87    5   4e-01   1065    -271   +499   
   3   218.13   50545.54    5   4e-01   1262    -303   +500   
   4   219.12   50404.11    8   3e-01   1453    -308   +499    8e-01    480    -0     +480    9e-01    480    -0     +480  
   5   219.72   50149.98    7   3e-01   1528    -425   +500   
   6   220.84   50104.35    9   3e-01   1713    -313   +498    8e-01    934    -26    +480    9e-01    944    -16    +480  
   7   222.04   49964.76   10   3e-01   1731    -478   +496    7e-01   1113    -301   +480    8e-01   1148    -276   +480  
   8   223.35   49857.10   12   2e-01   1749    -479   +497    6e-01   1304    -289   +480    7e-01   1386    -242   +480  
   9   224.71   49768.60   11   3e-01   1823    -423   +497    7e-01   1514    -270   +480    8e-01   1645    -221   +480  
  10   226.17   49716.09   14   2e-01   1803    -517   +497    5e-01   1655    -339   +480    6e-01   1842    -283   +480  
  11   227.74   49669.14   17   1e-01   1809    -490   +496    5e-01   1780    -355   +480    6e-01   2046    -276   +480  
  12   229.44   49628.28   17   1e-01   1842    -464   +497    4e-01   1944    -316   +480    5e-01   2252    -274   +480  
  13   231.26   49588.79   12   2e-01   1943    -398   +499    6e-01   2141    -283   +480    7e-01   2505    -227   +480  
  14   233.24   49570.41   16   1e-01   1847    -587   +491    4e-01   2167    -454   +480    5e-01   2600    -385   +480  
  15   235.25   49549.62   14   1e-01   1913    -434   +500    5e-01   2275    -372   +480    6e-01   2781    -299   +480  
  16   237.39   49536.91   15   1e-01   1523    -525   +135    4e-01   2373    -382   +480    5e-01   2972    -289   +480  
  17   239.47   49530.11   26   1e-01   1470    -151   +98     3e-01   2504    -349   +480    4e-01   3178    -274   +480  
  18   241.58   49521.66   26   8e-02   1367    -133   +30     3e-01   2655    -329   +480    4e-01   3401    -257   +480  
  19   243.71   49514.52   18   6e-02   1299    -77    +9      2e-01   2807    -328   +480    4e-01   3638    -243   +480  
  20   245.82   49508.95   19   1e-01   1290    -43    +34     3e-01   2953    -334   +480    5e-01   3849    -269   +480  
  21   247.99   49504.19   24   6e-02   1247    -45    +2      2e-01   3091    -342   +480    3e-01   3999    -330   +480  
  22   250.16   49499.90   26   1e-01   1250    -19    +22     3e-01   3338    -233   +480    4e-01   4283    -196   +480  
  23   252.47   49495.85   31   4e-02   1216    -34    +0      2e-01   3451    -360   +473    2e-01   4460    -302   +479  
  24   253.51   49492.80   28   4e-02   1216    -0     +0      2e-01   3451    -0     +0      2e-01   4460    -0     +0    
==========================================================================================================================
Prune!
==========================================================================================================================
Depth = 3, Bound = 49492.80, Best = 49492

Fixing x[111] = 1

**************************************************************************************************************************
                                               Node 9
**************************************************************************************************************************
Problem size 198
Fixed variables: (x[76],1) (x[111],1) (x[144],1)
==========================================================================================================================
starting bound     cut  triangles added  violation
      51708.99   49492              500       0.49
==========================================================================================================================
iter     time      bound  bdl   viol3  triag  purged   added   viol5  penta  purged   added   viol7  hepta  purged   added
==========================================================================================================================
   1   253.91   51148.78    3   5e-01    787    -213   +500   
   2   254.36   50785.75    4   4e-01   1080    -204   +497   
   3   254.86   50568.36    5   4e-01   1278    -301   +499   
   4   255.38   50359.59    8   3e-01   1486    -292   +500   
   5   256.42   50219.10    8   3e-01   1678    -307   +499    8e-01    480    -0     +480    8e-01    480    -0     +480  
   6   257.58   50023.60    9   3e-01   1782    -395   +499    7e-01    858    -102   +480    8e-01    880    -80    +480  
   7   258.79   49895.22   10   2e-01   1762    -516   +496    6e-01   1086    -252   +480    8e-01   1149    -211   +480  
   8   260.06   49807.64   11   2e-01   1788    -473   +499    6e-01   1307    -259   +480    8e-01   1395    -234   +480  
   9   261.48   49730.13   13   2e-01   1787    -498   +497    6e-01   1484    -303   +480    7e-01   1596    -279   +480  
  10   262.99   49682.45   14   1e-01   1795    -491   +499    5e-01   1633    -331   +480    6e-01   1827    -249   +480  
  11   264.62   49631.98   13   2e-01   1814    -478   +497    6e-01   1814    -299   +480    7e-01   2096    -211   +480  
  12   266.39   49609.65   17   1e-01   1832    -473   +491    5e-01   1948    -346   +480    6e-01   2272    -304   +480  
  13   268.23   49583.15   16   2e-01   1915    -414   +497    5e-01   2126    -302   +480    6e-01   2467    -285   +480  
  14   270.24   49560.87   18   1e-01   1848    -496   +429    4e-01   2193    -413   +480    6e-01   2622    -325   +480  
  15   272.32   49544.12   14   1e-01   1895    -449   +496    5e-01   2332    -341   +480    6e-01   2838    -264   +480  
  16   274.58   49533.31   13   1e-01   1918    -473   +496    4e-01   2413    -399   +480    6e-01   3054    -264   +480  
  17   276.85   49527.27   21   8e-02   1441    -479   +2      3e-01   2429    -464   +480    4e-01   3129    -405   +480  
  18   279.05   49521.22   23   9e-02   1364    -81    +4      2e-01   2674    -234   +479    4e-01   3362    -247   +480  
  19   281.22   49515.23   26   4e-02   1314    -50    +0      2e-01   2935    -210   +471    3e-01   3675    -166   +479  
  20   283.37   49511.18   25   8e-02   1294    -21    +1      2e-01   3207    -198   +470    3e-01   3993    -161   +479  
  21   285.54   49506.92   20   5e-02   1276    -19    +1      3e-01   3458    -226   +477    4e-01   4294    -179   +480  
  22   287.75   49504.30   19   7e-02   1262    -15    +1      2e-01   3682    -253   +477    4e-01   4555    -219   +480  
  23   290.01   49501.24   22   5e-02   1242    -20    +0      3e-01   3661    -430   +409    4e-01   4689    -333   +467  
  24   292.31   49499.36   21   4e-02   1225    -17    +0      2e-01   3824    -284   +447    3e-01   4902    -261   +474  
  25   294.64   49497.68   17   6e-02   1220    -8     +3      2e-01   3932    -369   +477    3e-01   5093    -288   +479  
  26   297.02   49496.03   22   6e-02   1205    -15    +0      2e-01   3908    -395   +371    3e-01   5156    -386   +449  
  27   299.41   49494.87   21   3e-02   1199    -6     +0      2e-01   4061    -259   +412    2e-01   5338    -274   +456  
  28   301.79   49494.14   16   2e-01   1403    -5     +209    4e-01   4198    -342   +479    5e-01   5529    -289   +480  
  29   304.37   49493.23   15   4e-02   1191    -212   +0      2e-01   4213    -449   +464    3e-01   5598    -408   +477  
  30   305.30   49492.80   11   4e-02   1191    -0     +0      2e-01   4213    -0     +0      3e-01   5598    -0     +0    
==========================================================================================================================
Prune!
==========================================================================================================================
Depth = 3, Bound = 49492.80, Best = 49492

Branching on x[169] = 0.44
Fixing x[169] = 0

**************************************************************************************************************************
                                               Node 10
**************************************************************************************************************************
Problem size 198
Fixed variables: (x[76],0) (x[144],1) (x[169],0)
==========================================================================================================================
starting bound     cut  triangles added  violation
      51510.35   49492              500       0.49
==========================================================================================================================
iter     time      bound  bdl   viol3  triag  purged   added   viol5  penta  purged   added   viol7  hepta  purged   added
==========================================================================================================================
   1   305.71   51094.28    4   4e-01    762    -236   +498   
   2   306.15   50773.23    5   4e-01   1047    -215   +500   
   3   306.65   50571.61    7   4e-01   1234    -312   +499   
   4   307.18   50373.43    6   3e-01   1390    -344   +500   
   5   307.75   50231.12    6   3e-01   1598    -292   +500   
   6   308.84   50116.83    9   3e-01   1779    -318   +499    8e-01    480    -0     +480    8e-01    480    -0     +480  
   7   310.04   49971.83    7   2e-01   1751    -526   +498    7e-01    840    -120   +480    8e-01    878    -82    +480  
   8   311.31   49853.79   11   2e-01   1760    -490   +499    7e-01   1112    -208   +480    8e-01   1184    -174   +480  
   9   312.67   49755.73   12   2e-01   1732    -521   +493    6e-01   1308    -284   +480    7e-01   1465    -199   +480  
  10   314.11   49693.99   14   2e-01   1762    -462   +492    6e-01   1537    -251   +480    7e-01   1725    -220   +480  
  11   315.65   49648.16   15   2e-01   1865    -390   +493    5e-01   1718    -299   +480    6e-01   1945    -260   +480  
  12   317.30   49610.83   14   1e-01   1857    -504   +496    5e-01   1822    -376   +480    6e-01   2171    -254   +480  
  13   319.03   49581.37   17   1e-01   1447    -524   +114    4e-01   1919    -383   +480    5e-01   2270    -381   +480  
  14   320.82   49555.69   15   1e-01   1783    -158   +494    5e-01   2145    -254   +480    7e-01   2559    -191   +480  
  15   322.78   49542.83   17   2e-01   1550    -436   +203    6e-01   2242    -383   +480    6e-01   2731    -308   +480  
  16   324.80   49528.86   16   1e-01   1568    -255   +273    5e-01   2422    -300   +480    6e-01   2946    -265   +480  
  17   326.89   49520.18   19   2e-01   1339    -255   +26     3e-01   2517    -385   +480    4e-01   3077    -349   +480  
  18   328.96   49512.40   20   5e-02   1244    -95    +0      2e-01   2616    -381   +480    4e-01   3263    -294   +480  
  19   331.05   49505.60   16   8e-02   1215    -45    +16     2e-01   2821    -275   +480    4e-01   3482    -261   +480  
  20   333.20   49502.10   22   6e-02   1178    -38    +1      3e-01   2952    -346   +477    4e-01   3675    -287   +480  
  21   335.37   49498.05   16   1e-01   1277    -12    +111    4e-01   3090    -341   +479    5e-01   3895    -260   +480  
  22   337.69   49496.16   10   7e-02   1202    -116   +41     3e-01   3154    -416   +480    4e-01   3995    -380   +480  
  23   340.03   49494.38   14   5e-02   1162    -44    +4      3e-01   3093    -492   +431    4e-01   4043    -426   +474  
  24   342.45   49493.36   16   4e-02   1154    -8     +0      1e-01   3180    -351   +438    2e-01   4204    -311   +472  
  25   343.07   49492.92   17   4e-02   1154    -0     +0      1e-01   3180    -0     +0      2e-01   4204    -0     +0    
==========================================================================================================================
Prune!
==========================================================================================================================
Depth = 3, Bound = 49492.92, Best = 49492

Fixing x[169] = 1

**************************************************************************************************************************
                                               Node 11
**************************************************************************************************************************
Problem size 198
Fixed variables: (x[76],0) (x[144],1) (x[169],1)
==========================================================================================================================
starting bound     cut  triangles added  violation
      51847.63   49492              500       0.50
==========================================================================================================================
iter     time      bound  bdl   viol3  triag  purged   added   viol5  penta  purged   added   viol7  hepta  purged   added
==========================================================================================================================
   1   343.47   51242.80    4   4e-01    816    -183   +499   
   2   343.89   50841.00    4   4e-01   1058    -255   +497   
   3   344.36   50535.78    6   4e-01   1249    -308   +499   
   4   344.89   50397.57    7   3e-01   1470    -274   +495   
   5   345.94   50205.84    7   3e-01   1689    -281   +500    8e-01    480    -0     +480    9e-01    480    -0     +480  
   6   347.04   50020.92    9   3e-01   1773    -415   +499    7e-01    804    -156   +480    8e-01    854    -106   +480  
   7   348.24   49887.69    9   2e-01   1774    -496   +497    6e-01   1091    -193   +480    7e-01   1190    -144   +480  
   8   349.53   49795.59   11   2e-01   1903    -367   +496    6e-01   1381    -190   +480    8e-01   1490    -180   +480  
   9   350.98   49706.80   10   3e-01   1849    -553   +499    7e-01   1523    -338   +480    8e-01   1704    -266   +480  
  10   352.55   49655.71   14   1e-01   1780    -567   +498    4e-01   1601    -402   +480    6e-01   1815    -369   +480  
  11   354.22   49608.82   13   2e-01   1904    -373   +497    5e-01   1801    -280   +480    7e-01   2070    -225   +480  
  12   355.97   49574.49   15   1e-01   1962    -434   +492    4e-01   1957    -324   +480    5e-01   2296    -254   +480  
  13   357.80   49551.65   15   1e-01   2025    -434   +497    4e-01   2082    -355   +480    5e-01   2498    -278   +480  
  14   359.64   49535.45   13   2e-01   2087    -428   +490    5e-01   2234    -328   +480    7e-01   2693    -285   +480  
  15   361.67   49520.24   14   2e-01   1869    -474   +256    5e-01   2296    -418   +480    6e-01   2805    -368   +480  
  16   363.72   49511.86   16   1e-01   2083    -282   +496    4e-01   2394    -382   +480    5e-01   2950    -335   +480  
  17   365.86   49506.04   15   1e-01   1757    -516   +190    3e-01   2438    -436   +480    5e-01   3093    -337   +480  
  18   368.08   49502.36   16   6e-02   1549    -210   +2      3e-01   2519    -399   +480    4e-01   3241    -332   +480  
  19   370.31   49499.30   18   6e-02   1498    -54    +3      2e-01   2589    -400   +470    3e-01   3414    -306   +479  
  20   372.56   49497.85   19   6e-02   1473    -25    +0      2e-01   2707    -297   +415    4e-01   3601    -275   +462  
  21   374.82   49496.16   18   6e-02   1491    -12    +30     2e-01   2914    -267   +474    2e-01   3873    -208   +480  
  22   377.17   49494.79   21   3e-02   1449    -42    +0      1e-01   2712    -437   +235    2e-01   3944    -327   +398  
  23   379.51   49493.94   19   2e-02   1436    -13    +0      1e-01   2786    -179   +253    2e-01   4140    -195   +391  
  24   381.88   49493.19   14   5e-02   1429    -7     +0      2e-01   2947    -176   +337    3e-01   4401    -175   +436  
  25   382.89   49492.94   15   5e-02   1429    -0     +0      2e-01   2947    -0     +0      3e-01   4401    -0     +0    
==========================================================================================================================
Prune!
==========================================================================================================================
Depth = 3, Bound = 49492.94, Best = 49492

Branching on x[114] = 0.49
Fixing x[114] = 0

**************************************************************************************************************************
                                               Node 12
**************************************************************************************************************************
Problem size 198
Fixed variables: (x[114],0) (x[144],0) (x[169],0)
==========================================================================================================================
starting bound     cut  triangles added  violation
      51801.64   49492              500       0.50
==========================================================================================================================
iter     time      bound  bdl   viol3  triag  purged   added   viol5  penta  purged   added   viol7  hepta  purged   added
==========================================================================================================================
   1   383.28   51219.84    3   4e-01    835    -164   +499   
   2   383.71   50869.64    5   4e-01   1097    -238   +500   
   3   384.18   50595.05    6   4e-01   1258    -339   +500   
   4   384.72   50427.06    7   3e-01   1468    -286   +496   
   5   385.78   50277.02    8   3e-01   1734    -228   +494    8e-01    480    -0     +480    9e-01    480    -0     +480  
   6   386.42   50061.03    7   3e-01   1907    -323   +496   
   7   387.63   50008.21   12   2e-01   1988    -415   +496    6e-01    878    -82    +480    8e-01    904    -56    +480  
   8   388.88   49881.17    9   2e-01   2051    -435   +498    7e-01   1191    -167   +480    7e-01   1246    -138   +480  
   9   390.25   49778.99   15   2e-01   1965    -585   +499    6e-01   1345    -326   +480    7e-01   1470    -256   +480  
  10   391.68   49710.70   12   2e-01   1979    -483   +497    6e-01   1551    -274   +480    6e-01   1735    -215   +480  
  11   393.22   49668.43   15   1e-01   1975    -492   +488    4e-01   1730    -301   +480    5e-01   1939    -276   +480  
  12   394.82   49614.60   16   2e-01   2010    -460   +495    4e-01   1913    -297   +480    6e-01   2171    -248   +480  
  13   396.60   49582.10   18   1e-01   2038    -464   +492    4e-01   2051    -342   +480    6e-01   2411    -240   +480  
  14   398.51   49560.48   18   8e-02   1774    -428   +164    4e-01   2209    -322   +480    5e-01   2618    -273   +480  
  15   400.42   49540.05   16   1e-01   2046    -221   +493    4e-01   2379    -310   +480    5e-01   2861    -237   +480  
  16   402.47   49525.55   18   1e-01   2070    -474   +498    4e-01   2491    -368   +480    6e-01   3015    -326   +480  
  17   404.58   49515.55   16   1e-01   2056    -514   +500    5e-01   2524    -447   +480    7e-01   3122    -373   +480  
  18   406.71   49506.83   17   8e-02   1625    -503   +72     3e-01   2578    -426   +480    5e-01   3249    -353   +480  
  19   408.80   49500.30   14   1e-01   1550    -106   +31     4e-01   2674    -384   +480    5e-01   3375    -354   +480  
  20   410.92   49496.39   22   5e-02   1482    -68    +0      2e-01   2744    -408   +478    3e-01   3489    -365   +479  
  21   412.08   49492.31   25   5e-02   1482    -0     +0      2e-01   2744    -0     +0      3e-01   3489    -0     +0    
==========================================================================================================================
Prune!
==========================================================================================================================
Depth = 3, Bound = 49492.31, Best = 49492

Fixing x[114] = 1

**************************************************************************************************************************
                                               Node 13
**************************************************************************************************************************
Problem size 198
Fixed variables: (x[114],1) (x[144],0) (x[169],0)
==========================================================================================================================
starting bound     cut  triangles added  violation
      51747.71   49492              500       0.49
==========================================================================================================================
iter     time      bound  bdl   viol3  triag  purged   added   viol5  penta  purged   added   viol7  hepta  purged   added
==========================================================================================================================
   1   412.49   51258.98    4   4e-01    854    -145   +499   
   2   412.93   50930.80    7   4e-01   1107    -244   +497   
   3   413.40   50599.09    6   3e-01   1280    -327   +500   
   4   413.93   50403.47    7   4e-01   1450    -330   +500   
   5   415.00   50293.06    8   3e-01   1626    -323   +499    8e-01    480    -0     +480    9e-01    480    -0     +480  
   6   416.15   50104.23   12   3e-01   1714    -411   +499    7e-01    796    -164   +480    8e-01    836    -124   +480  
   7   417.35   49977.80    9   2e-01   1664    -549   +499    6e-01   1061    -215   +480    8e-01   1174    -142   +480  
   8   418.61   49890.19   11   2e-01   1716    -447   +499    6e-01   1296    -245   +480    7e-01   1435    -219   +480  
   9   419.93   49807.63   10   2e-01   1739    -473   +496    7e-01   1477    -299   +480    8e-01   1681    -234   +480  
  10   421.37   49758.04   17   2e-01   1734    -499   +494    5e-01   1632    -325   +480    6e-01   1891    -270   +480  
  11   422.91   49690.99   16   2e-01   1849    -382   +497    5e-01   1777    -335   +480    5e-01   2074    -297   +480  
  12   424.53   49651.05   16   1e-01   1823    -522   +496    4e-01   1892    -365   +480    5e-01   2270    -284   +480  
  13   426.20   49613.20   16   1e-01   1885    -434   +496    5e-01   2064    -308   +480    6e-01   2515    -235   +480  
  14   428.02   49584.40   24   1e-01   1722    -527   +364    3e-01   2171    -373   +480    5e-01   2686    -309   +480  
  15   429.91   49561.73   17   2e-01   1856    -362   +496    6e-01   2325    -326   +480    7e-01   2931    -235   +480  
  16   431.97   49544.41   15   2e-01   1877    -478   +499    6e-01   2414    -391   +480    7e-01   3062    -349   +480  
  17   434.06   49531.58   20   9e-02   1431    -487   +41     3e-01   2490    -404   +480    4e-01   3198    -344   +480  
  18   436.12   49521.05   26   1e-01   1378    -108   +55     4e-01   2669    -301   +480    5e-01   3450    -228   +480  
  19   438.26   49511.97   25   5e-02   1273    -106   +1      2e-01   2744    -403   +478    3e-01   3625    -305   +480  
  20   440.37   49506.19   19   6e-02   1241    -33    +1      2e-01   3055    -168   +479    3e-01   3921    -184   +480  
  21   442.48   49499.07   23   6e-02   1201    -41    +1      2e-01   3299    -232   +476    4e-01   4215    -186   +480  
  22   444.58   49494.60   18   1e-01   1287    -13    +99     3e-01   3536    -243   +480    5e-01   4492    -203   +480  
  23   445.22   49492.33   21   1e-01   1287    -0     +0      3e-01   3536    -0     +0      5e-01   4492    -0     +0    
==========================================================================================================================
Prune!
==========================================================================================================================
Depth = 3, Bound = 49492.33, Best = 49492


Nodes = 13
Root node bound = 49590.404
Maximum value = 49492
Solution = ( 2 3 4 5 6 7 8 9 11 13 15 16 17 18 19 20 21 22 23 25 26 29 32 33 36 37 38 42 43 44 45 47 51 52 54 55 57 58 60 62 64 65 66 68 69 70 74 75 76 78 81 82 83 85 86 87 88 91 93 94 97 98 99 103 104 105 106 108 109 110 111 112 113 114 118 119 122 123 124 126 131 132 133 134 135 139 140 141 142 143 144 145 147 148 149 150 151 152 155 156 157 158 159 162 164 165 166 167 168 170 171 174 175 176 178 179 181 182 184 188 189 190 191 192 193 194 195 196 198 200 )
CPU time = 445.22 s

