Input file: ./Instances/biq2mc/be/be200.3.7.sparse.mc

Graph has 201 vertices and 6107 edges.

BiqBin parameters:
    init_bundle_iter = 5
     max_bundle_iter = 20
      min_outer_iter = 10
      max_outer_iter = 30
       violated_Ineq = 0.050000
             TriIneq = 500
         Pent_Trials = 160
        Hepta_Trials = 120
        include_Pent = 1
       include_Hepta = 1
                root = 0
            use_diff = 1
          time_limit = 0
   branchingStrategy = 1
      detailedOutput = 1

**************************************************************************************************************************
                                               Node 1
**************************************************************************************************************************
Problem size 201
Fixed variables:
Node 1 Feasible solution 30483
==========================================================================================================================
starting bound     cut  triangles added  violation
      32089.30   30483              500       0.49
==========================================================================================================================
iter     time      bound  bdl   viol3  triag  purged   added   viol5  penta  purged   added   viol7  hepta  purged   added
==========================================================================================================================
   1     0.52   31755.95    4   4e-01    882    -115   +497   
   2     0.96   31517.19    5   4e-01   1120    -262   +500   
   3     1.40   31326.70    5   4e-01   1345    -274   +499   
   4     1.89   31215.83    6   3e-01   1544    -300   +499   
   5     2.89   31114.57    9   3e-01   1709    -335   +500    8e-01    480    -0     +480    9e-01    480    -0     +480  
   6     3.95   30971.60    7   3e-01   1749    -459   +499    8e-01    821    -139   +480    8e-01    862    -98    +480  
   7     5.10   30885.22   11   2e-01   1730    -517   +498    6e-01   1053    -248   +480    7e-01   1156    -186   +480  
   8     6.32   30802.18   11   3e-01   1828    -397   +495    7e-01   1290    -243   +480    8e-01   1409    -227   +480  
   9     7.64   30751.23   16   2e-01   1825    -498   +495    6e-01   1435    -335   +480    6e-01   1557    -332   +480  
  10     9.02   30696.46   15   2e-01   1911    -411   +497    5e-01   1635    -280   +480    7e-01   1759    -278   +480  
  11    10.50   30650.24   15   2e-01   1982    -426   +497    5e-01   1814    -301   +480    7e-01   1984    -255   +480  
  12    12.10   30621.50   18   1e-01   2050    -426   +494    4e-01   1954    -340   +480    5e-01   2181    -283   +480  
  13    13.76   30597.96   23   9e-02   1929    -363   +242    3e-01   2132    -302   +480    4e-01   2371    -290   +480  
  14    15.53   30563.90   15   2e-01   2224    -193   +488    5e-01   2400    -212   +480    6e-01   2644    -207   +480  
  15    17.35   30547.02   18   1e-01   2244    -457   +477    4e-01   2491    -389   +480    5e-01   2774    -350   +480  
  16    19.29   30534.46   24   8e-02   1911    -393   +60     3e-01   2602    -369   +480    4e-01   2898    -356   +480  
  17    21.23   30521.21   19   1e-01   2259    -141   +489    4e-01   2825    -257   +480    5e-01   3134    -244   +480  
  18    23.24   30513.28   21   1e-01   1891    -437   +69     3e-01   2878    -427   +480    4e-01   3280    -334   +480  
  19    25.26   30506.12   21   8e-02   1813    -148   +70     3e-01   3050    -308   +480    4e-01   3419    -341   +480  
  20    27.34   30500.48   26   8e-02   1751    -100   +38     2e-01   3148    -382   +480    4e-01   3596    -303   +480  
  21    29.42   30497.32   18   8e-02   1739    -61    +49     3e-01   3303    -325   +480    4e-01   3792    -284   +480  
  22    31.50   30493.50   20   9e-02   1741    -59    +61     3e-01   3368    -415   +480    5e-01   3914    -358   +480  
  23    33.62   30491.39   16   1e-01   1776    -67    +102    4e-01   3424    -424   +480    5e-01   4009    -385   +480  
  24    35.77   30489.15   17   9e-02   1901    -106   +231    3e-01   3511    -393   +480    5e-01   4114    -375   +480  
  25    37.94   30487.52   22   5e-02   1684    -217   +0      2e-01   3502    -472   +463    3e-01   4192    -398   +476  
  26    39.44   30487.08   18   5e-02   1684    -0     +0      2e-01   3502    -0     +0      3e-01   4192    -0     +0    
==========================================================================================================================
BOUNDING STOPPED: Gap to big!
==========================================================================================================================
Depth = 0, Bound = 30487.08, Best = 30483

Branching on x[150] = 0.35
Fixing x[150] = 0

**************************************************************************************************************************
                                               Node 2
**************************************************************************************************************************
Problem size 200
Fixed variables: (x[150],0)
==========================================================================================================================
starting bound     cut  triangles added  violation
      32038.37   30483              500       0.49
==========================================================================================================================
iter     time      bound  bdl   viol3  triag  purged   added   viol5  penta  purged   added   viol7  hepta  purged   added
==========================================================================================================================
   1    39.79   31704.84    4   4e-01    820    -174   +494   
   2    40.16   31467.29    6   4e-01   1075    -241   +496   
   3    40.59   31282.78    5   3e-01   1332    -242   +499   
   4    41.09   31169.20    7   3e-01   1529    -302   +499   
   5    42.08   31083.85    9   3e-01   1703    -325   +499    8e-01    480    -0     +480    9e-01    480    -0     +480  
   6    42.70   30951.98    7   3e-01   1729    -473   +499   
   7    43.83   30923.64    9   3e-01   1827    -401   +499    7e-01    902    -58    +480    8e-01    928    -32    +480  
   8    45.04   30838.36   11   3e-01   1949    -372   +494    7e-01   1154    -228   +480    7e-01   1179    -229   +480  
   9    46.32   30766.33   12   2e-01   1932    -514   +497    6e-01   1342    -292   +480    7e-01   1422    -237   +480  
  10    47.66   30702.58   15   2e-01   1921    -510   +499    5e-01   1471    -351   +480    7e-01   1625    -277   +480  
  11    49.09   30660.11   16   1e-01   1984    -431   +494    4e-01   1619    -332   +480    6e-01   1826    -279   +480  
  12    50.63   30621.47   13   2e-01   2181    -292   +489    6e-01   1903    -196   +480    7e-01   2102    -204   +480  
  13    52.30   30589.65   19   1e-01   2154    -514   +487    4e-01   1971    -412   +480    5e-01   2182    -400   +480  
  14    54.02   30557.98   18   2e-01   2172    -471   +489    5e-01   2187    -264   +480    5e-01   2385    -277   +480  
  15    55.82   30544.03   19   1e-01   2091    -426   +345    4e-01   2348    -319   +480    5e-01   2566    -299   +480  
  16    57.68   30528.05   20   1e-01   2115    -336   +360    4e-01   2492    -336   +480    5e-01   2772    -274   +480  
  17    59.60   30514.15   17   1e-01   2251    -344   +480    4e-01   2629    -343   +480    5e-01   2895    -357   +480  
  18    61.57   30504.09   16   1e-01   2320    -423   +492    5e-01   2753    -355   +479    6e-01   3056    -319   +480  
  19    63.55   30499.09   17   1e-01   2151    -462   +293    4e-01   2809    -424   +480    5e-01   3150    -386   +480  
  20    65.58   30494.52   20   7e-02   1851    -343   +43     3e-01   2886    -403   +480    4e-01   3278    -352   +480  
  21    67.62   30490.46   16   8e-02   1762    -106   +17     2e-01   3038    -326   +478    4e-01   3438    -320   +480  
  22    69.66   30487.40   17   5e-02   1718    -46    +2      2e-01   3193    -324   +479    4e-01   3604    -313   +479  
  23    71.73   30485.92   14   1e-01   1903    -16    +201    3e-01   3306    -367   +480    4e-01   3787    -297   +480  
  24    73.84   30484.82   12   9e-02   1760    -199   +56     3e-01   3309    -476   +479    3e-01   3782    -485   +480  
  25    75.25   30483.83   15   9e-02   1760    -0     +0      3e-01   3309    -0     +0      3e-01   3782    -0     +0    
==========================================================================================================================
Prune!
==========================================================================================================================
Depth = 1, Bound = 30483.83, Best = 30483

Fixing x[150] = 1

**************************************************************************************************************************
                                               Node 3
**************************************************************************************************************************
Problem size 200
Fixed variables: (x[150],1)
==========================================================================================================================
starting bound     cut  triangles added  violation
      31973.29   30483              500       0.49
==========================================================================================================================
iter     time      bound  bdl   viol3  triag  purged   added   viol5  penta  purged   added   viol7  hepta  purged   added
==========================================================================================================================
   1    75.63   31644.95    4   4e-01    806    -193   +499   
   2    76.02   31407.56    4   4e-01   1101    -201   +496   
   3    76.45   31268.56    7   3e-01   1369    -229   +497   
   4    76.94   31115.41    8   3e-01   1570    -298   +499   
   5    77.48   31032.09    9   3e-01   1757    -313   +500   
   6    78.54   30962.64    9   2e-01   1847    -410   +500    7e-01    480    -0     +480    9e-01    480    -0     +480  
   7    79.21   30864.04    8   3e-01   1896    -449   +498   
   8    80.40   30813.95   11   2e-01   2042    -353   +499    6e-01    868    -92    +480    7e-01    873    -87    +480  
   9    81.67   30730.21   12   2e-01   2129    -412   +499    6e-01   1194    -154   +480    7e-01   1232    -121   +480  
  10    83.04   30677.79   13   3e-01   2226    -390   +487    7e-01   1441    -233   +480    8e-01   1520    -192   +480  
  11    84.48   30627.92   14   2e-01   2204    -515   +493    5e-01   1598    -323   +480    6e-01   1725    -275   +480  
  12    86.02   30594.72   18   2e-01   2174    -520   +490    5e-01   1739    -339   +480    6e-01   1925    -280   +480  
  13    87.66   30566.63   20   1e-01   2210    -443   +479    5e-01   1899    -320   +480    6e-01   2139    -266   +480  
  14    89.39   30541.02   19   2e-01   2290    -402   +482    5e-01   2041    -338   +480    6e-01   2343    -276   +480  
  15    91.22   30522.54   19   1e-01   2253    -521   +484    4e-01   2163    -358   +480    6e-01   2518    -305   +480  
  16    93.16   30507.39   18   1e-01   2193    -449   +389    4e-01   2317    -326   +480    6e-01   2731    -267   +480  
  17    95.08   30498.20   21   1e-01   1943    -391   +141    3e-01   2439    -358   +480    4e-01   2917    -294   +480  
  18    97.06   30488.97   21   1e-01   1913    -171   +141    4e-01   2576    -343   +480    5e-01   3085    -312   +480  
  19    98.42   30483.98   18   1e-01   1913    -0     +0      4e-01   2576    -0     +0      5e-01   3085    -0     +0    
==========================================================================================================================
Prune!
==========================================================================================================================
Depth = 1, Bound = 30483.98, Best = 30483


Nodes = 3
Root node bound = 30487.084
Maximum value = 30483
Solution = ( 1 3 4 6 8 9 10 14 19 21 22 24 26 28 29 30 33 35 41 45 47 49 51 52 54 59 62 66 68 69 72 74 75 77 79 80 82 83 91 93 97 102 103 104 105 108 111 115 116 120 122 132 133 140 142 145 148 149 155 156 160 165 170 171 173 174 176 179 180 181 187 188 190 191 192 )
CPU time = 98.42 s

