Input file: ./Instances/biq2mc/be/be200.8.9.sparse.mc

Graph has 201 vertices and 15921 edges.

BiqBin parameters:
    init_bundle_iter = 5
     max_bundle_iter = 20
      min_outer_iter = 10
      max_outer_iter = 30
       violated_Ineq = 0.050000
             TriIneq = 500
         Pent_Trials = 160
        Hepta_Trials = 120
        include_Pent = 1
       include_Hepta = 1
                root = 0
            use_diff = 1
          time_limit = 0
   branchingStrategy = 1
      detailedOutput = 1

**************************************************************************************************************************
                                               Node 1
**************************************************************************************************************************
Problem size 201
Fixed variables:
Node 1 Feasible solution 43241
==========================================================================================================================
starting bound     cut  triangles added  violation
      46520.62   43241              500       0.49
==========================================================================================================================
iter     time      bound  bdl   viol3  triag  purged   added   viol5  penta  purged   added   viol7  hepta  purged   added
==========================================================================================================================
   1     0.62   45741.94    4   5e-01    826    -174   +500   
   2     1.14   45322.64    6   4e-01   1164    -158   +496   
   3     1.70   45034.98    7   3e-01   1328    -336   +500   
   4     2.34   44804.83    8   4e-01   1532    -295   +499   
   5     3.43   44611.11    8   3e-01   1715    -313   +496    8e-01    480    -0     +480    8e-01    480    -0     +480  
   6     4.58   44399.35   10   3e-01   1823    -392   +500    7e-01    834    -126   +480    8e-01    858    -102   +480  
   7     5.79   44241.25   10   3e-01   1854    -465   +496    7e-01   1090    -224   +480    8e-01   1126    -212   +480  
   8     7.05   44109.79   12   2e-01   1905    -447   +498    6e-01   1288    -282   +480    7e-01   1331    -275   +480  
   9     8.40   43982.64   13   2e-01   1931    -472   +498    6e-01   1470    -298   +480    7e-01   1529    -282   +480  
  10     9.80   43904.62   15   2e-01   1882    -543   +494    5e-01   1613    -337   +480    6e-01   1727    -282   +480  
  11    11.27   43842.54   19   2e-01   1938    -429   +485    5e-01   1765    -328   +480    5e-01   1922    -284   +479  
  12    12.79   43774.44   15   2e-01   2084    -350   +496    5e-01   1948    -297   +480    6e-01   2113    -289   +480  
  13    14.39   43715.49   20   2e-01   2132    -442   +490    4e-01   2100    -328   +480    5e-01   2291    -302   +480  
  14    16.15   43668.60   20   2e-01   2201    -418   +487    4e-01   2277    -303   +480    6e-01   2517    -254   +480  
  15    17.98   43625.47   25   1e-01   2110    -424   +333    3e-01   2466    -291   +480    5e-01   2710    -287   +480  
  16    19.90   43593.12   24   1e-01   2026    -335   +251    3e-01   2647    -299   +480    5e-01   2901    -289   +480  
  17    21.28   43571.73   29   1e-01   2026    -0     +0      3e-01   2647    -0     +0      5e-01   2901    -0     +0    
==========================================================================================================================
BOUNDING STOPPED: Gap to big!
==========================================================================================================================
Depth = 0, Bound = 43571.73, Best = 43241

Branching on x[136] = 0.49
Fixing x[136] = 0

**************************************************************************************************************************
                                               Node 2
**************************************************************************************************************************
Problem size 200
Fixed variables: (x[136],0)
==========================================================================================================================
BOUNDING STOPPED: Gap to big!
==========================================================================================================================
Depth = 1, Bound = 46381.29, Best = 43241

Fixing x[136] = 1

**************************************************************************************************************************
                                               Node 3
**************************************************************************************************************************
Problem size 200
Fixed variables: (x[136],1)
==========================================================================================================================
BOUNDING STOPPED: Gap to big!
==========================================================================================================================
Depth = 1, Bound = 46454.65, Best = 43241

Branching on x[198] = 0.49
Fixing x[198] = 0

**************************************************************************************************************************
                                               Node 4
**************************************************************************************************************************
Problem size 199
Fixed variables: (x[136],1) (x[198],0)
==========================================================================================================================
BOUNDING STOPPED: Gap to big!
==========================================================================================================================
Depth = 2, Bound = 46286.72, Best = 43241

Fixing x[198] = 1

**************************************************************************************************************************
                                               Node 5
**************************************************************************************************************************
Problem size 199
Fixed variables: (x[136],1) (x[198],1)
==========================================================================================================================
BOUNDING STOPPED: Gap to big!
==========================================================================================================================
Depth = 2, Bound = 46311.79, Best = 43241

Branching on x[84] = 0.50
Fixing x[84] = 0

**************************************************************************************************************************
                                               Node 6
**************************************************************************************************************************
Problem size 199
Fixed variables: (x[84],0) (x[136],0)
==========================================================================================================================
BOUNDING STOPPED: Gap to big!
==========================================================================================================================
Depth = 2, Bound = 46274.01, Best = 43241

Fixing x[84] = 1

**************************************************************************************************************************
                                               Node 7
**************************************************************************************************************************
Problem size 199
Fixed variables: (x[84],1) (x[136],0)
==========================================================================================================================
BOUNDING STOPPED: Gap to big!
==========================================================================================================================
Depth = 2, Bound = 46262.15, Best = 43241

Branching on x[23] = 0.49
Fixing x[23] = 0

**************************************************************************************************************************
                                               Node 8
**************************************************************************************************************************
Problem size 198
Fixed variables: (x[23],0) (x[136],1) (x[198],1)
==========================================================================================================================
starting bound     cut  triangles added  violation
      46182.20   43241              500       0.50
==========================================================================================================================
iter     time      bound  bdl   viol3  triag  purged   added   viol5  penta  purged   added   viol7  hepta  purged   added
==========================================================================================================================
   1    22.17   45455.69    5   4e-01    842    -156   +498   
   2    22.65   45030.19    4   4e-01   1122    -218   +498   
   3    23.20   44755.33    7   4e-01   1243    -379   +500   
   4    23.83   44567.98    7   4e-01   1448    -295   +500   
   5    24.51   44386.35    8   3e-01   1602    -344   +498   
   6    25.67   44247.67   10   3e-01   1786    -316   +500    7e-01    480    -0     +480    8e-01    480    -0     +480  
   7    26.86   44065.08   10   3e-01   1930    -354   +498    7e-01    843    -117   +480    8e-01    879    -81    +480  
   8    28.11   43913.69   13   3e-01   1942    -483   +495    6e-01   1109    -214   +480    7e-01   1146    -213   +480  
   9    29.43   43798.13   13   2e-01   1956    -483   +497    5e-01   1334    -255   +480    6e-01   1401    -225   +480  
  10    30.82   43696.08   15   2e-01   2041    -410   +495    6e-01   1549    -265   +480    7e-01   1644    -237   +480  
  11    32.29   43617.19   18   1e-01   1983    -555   +497    4e-01   1694    -335   +480    6e-01   1758    -366   +480  
  12    33.80   43551.64   13   2e-01   2081    -394   +492    5e-01   1923    -251   +480    7e-01   2017    -221   +480  
  13    35.43   43500.82   19   1e-01   2042    -530   +491    4e-01   2009    -394   +480    5e-01   2109    -388   +480  
  14    37.11   43451.05   19   1e-01   2147    -389   +494    5e-01   2199    -290   +480    5e-01   2363    -226   +480  
  15    38.92   43412.24   21   1e-01   2203    -432   +488    4e-01   2338    -341   +480    5e-01   2558    -285   +480  
  16    40.82   43390.93   22   9e-02   1831    -419   +47     3e-01   2524    -294   +480    4e-01   2786    -252   +480  
  17    42.66   43358.21   28   1e-01   2158    -156   +483    4e-01   2756    -248   +480    5e-01   3024    -242   +480  
  18    44.62   43332.43   29   1e-01   1969    -403   +214    3e-01   2883    -353   +480    5e-01   3203    -301   +480  
  19    46.54   43310.53   26   1e-01   1786    -229   +46     3e-01   3008    -355   +480    4e-01   3420    -263   +480  
  20    48.43   43285.92   28   6e-02   1687    -122   +23     3e-01   3192    -296   +480    4e-01   3617    -281   +478  
  21    50.33   43270.25   34   6e-02   1612    -79    +4      3e-01   3386    -279   +473    4e-01   3836    -258   +477  
  22    52.26   43255.47   35   5e-02   1546    -67    +1      2e-01   3563    -279   +456    4e-01   4050    -252   +466  
  23    53.61   43239.80   20   5e-02   1546    -0     +0      2e-01   3563    -0     +0      4e-01   4050    -0     +0    
==========================================================================================================================
Prune!
==========================================================================================================================
Depth = 3, Bound = 43239.80, Best = 43241

Fixing x[23] = 1

**************************************************************************************************************************
                                               Node 9
**************************************************************************************************************************
Problem size 198
Fixed variables: (x[23],1) (x[136],1) (x[198],1)
==========================================================================================================================
starting bound     cut  triangles added  violation
      46138.67   43241              500       0.50
==========================================================================================================================
iter     time      bound  bdl   viol3  triag  purged   added   viol5  penta  purged   added   viol7  hepta  purged   added
==========================================================================================================================
   1    54.03   45295.38    5   4e-01    842    -156   +498   
   2    54.49   44865.20    4   4e-01   1204    -137   +499   
   3    55.00   44583.40    8   4e-01   1372    -331   +499   
   4    55.58   44367.31    8   3e-01   1554    -318   +500   
   5    56.21   44197.69    6   3e-01   1800    -254   +500   
   6    57.32   44056.92   10   3e-01   1913    -386   +499    7e-01    480    -0     +480    8e-01    480    -0     +480  
   7    58.49   43850.40   11   3e-01   1920    -492   +499    7e-01    813    -147   +480    8e-01    848    -112   +480  
   8    59.68   43735.79    9   2e-01   1959    -457   +496    6e-01   1096    -197   +480    7e-01   1156    -172   +480  
   9    60.95   43620.94   11   2e-01   1967    -487   +495    5e-01   1324    -252   +480    6e-01   1411    -225   +480  
  10    62.28   43517.14   14   2e-01   1979    -483   +495    5e-01   1500    -304   +480    6e-01   1604    -287   +480  
  11    63.73   43453.17   18   1e-01   2053    -422   +496    5e-01   1668    -312   +480    5e-01   1809    -275   +480  
  12    65.25   43381.90   17   2e-01   2168    -377   +492    5e-01   1914    -234   +480    6e-01   2052    -237   +480  
  13    66.86   43328.93   21   1e-01   2191    -465   +488    5e-01   2065    -329   +480    6e-01   2194    -338   +480  
  14    68.54   43282.76   22   1e-01   2228    -447   +484    4e-01   2178    -367   +480    5e-01   2401    -273   +480  
  15    69.77   43239.02   23   1e-01   2228    -0     +0      4e-01   2178    -0     +0      5e-01   2401    -0     +0    
==========================================================================================================================
Prune!
==========================================================================================================================
Depth = 3, Bound = 43239.02, Best = 43241

Branching on x[23] = 0.50
Fixing x[23] = 0

**************************************************************************************************************************
                                               Node 10
**************************************************************************************************************************
Problem size 198
Fixed variables: (x[23],0) (x[136],1) (x[198],0)
==========================================================================================================================
starting bound     cut  triangles added  violation
      46181.61   43241              500       0.50
==========================================================================================================================
iter     time      bound  bdl   viol3  triag  purged   added   viol5  penta  purged   added   viol7  hepta  purged   added
==========================================================================================================================
   1    70.20   45480.69    4   4e-01    822    -176   +498   
   2    70.67   44967.97    6   4e-01   1118    -203   +499   
   3    71.19   44733.37    7   4e-01   1358    -258   +498   
   4    71.80   44537.74    9   3e-01   1477    -381   +500   
   5    72.45   44355.28    8   3e-01   1655    -320   +498   
   6    73.58   44207.45    9   3e-01   1806    -348   +499    7e-01    480    -0     +480    8e-01    480    -0     +480  
   7    74.34   44043.69   10   3e-01   1987    -318   +499   
   8    75.58   43945.32   14   2e-01   2026    -458   +497    6e-01    860    -100   +480    7e-01    871    -89    +480  
   9    76.89   43803.71   13   2e-01   2115    -407   +496    6e-01   1172    -168   +480    7e-01   1198    -153   +480  
  10    78.28   43716.65   16   2e-01   2049    -562   +496    5e-01   1365    -287   +480    6e-01   1453    -225   +480  
  11    79.74   43636.09   16   2e-01   2137    -399   +487    6e-01   1605    -240   +480    6e-01   1719    -214   +480  
  12    81.30   43555.51   14   2e-01   2169    -462   +494    5e-01   1777    -308   +480    6e-01   1941    -258   +480  
  13    82.95   43522.90   17   1e-01   2170    -486   +487    4e-01   1904    -353   +480    5e-01   2148    -273   +480  
  14    84.64   43471.53   18   1e-01   2274    -381   +485    4e-01   2099    -285   +480    5e-01   2408    -220   +480  
  15    86.47   43431.63   21   1e-01   2310    -437   +473    4e-01   2257    -322   +480    5e-01   2624    -264   +480  
  16    88.37   43393.25   14   2e-01   2420    -377   +487    5e-01   2426    -311   +480    7e-01   2814    -290   +480  
  17    90.27   43375.91   24   7e-02   1982    -468   +30     3e-01   2534    -372   +480    4e-01   2997    -297   +480  
  18    92.21   43350.52   23   9e-02   2000    -148   +166    4e-01   2734    -280   +480    4e-01   3253    -224   +480  
  19    94.18   43331.76   28   9e-02   1883    -179   +62     3e-01   2871    -343   +480    5e-01   3467    -266   +480  
  20    96.15   43316.16   25   7e-02   1774    -115   +6      3e-01   3047    -302   +478    4e-01   3665    -281   +479  
  21    98.12   43304.07   31   8e-02   1738    -58    +22     3e-01   3291    -235   +479    4e-01   3943    -202   +480  
  22   100.08   43290.61   26   6e-02   1689    -58    +9      4e-01   3435    -335   +479    4e-01   4147    -275   +479  
  23   102.07   43279.99   32   1e-01   1687    -44    +42     3e-01   3593    -322   +480    4e-01   4393    -232   +478  
  24   104.10   43270.89   33   8e-02   1615    -77    +5      2e-01   3754    -316   +477    5e-01   4570    -295   +472  
  25   106.12   43265.34   25   9e-02   1675    -18    +78     3e-01   3933    -301   +480    4e-01   4828    -222   +480  
  26   108.20   43254.34   35   5e-02   1595    -83    +3      2e-01   4007    -383   +457    3e-01   4983    -321   +476  
  27   110.26   43247.24   40   4e-02   1562    -33    +0      2e-01   4139    -275   +407    3e-01   5172    -261   +450  
  28   111.39   43240.81   26   4e-02   1562    -0     +0      2e-01   4139    -0     +0      3e-01   5172    -0     +0    
==========================================================================================================================
Prune!
==========================================================================================================================
Depth = 3, Bound = 43240.81, Best = 43241

Fixing x[23] = 1

**************************************************************************************************************************
                                               Node 11
**************************************************************************************************************************
Problem size 198
Fixed variables: (x[23],1) (x[136],1) (x[198],0)
==========================================================================================================================
starting bound     cut  triangles added  violation
      46121.78   43241              500       0.50
==========================================================================================================================
iter     time      bound  bdl   viol3  triag  purged   added   viol5  penta  purged   added   viol7  hepta  purged   added
==========================================================================================================================
   1   111.81   45348.90    3   4e-01    851    -144   +495   
   2   112.25   44892.68    6   4e-01   1126    -223   +498   
   3   112.77   44576.26    7   3e-01   1306    -319   +499   
   4   113.34   44394.45    8   3e-01   1434    -371   +499   
   5   114.37   44180.74    8   3e-01   1710    -221   +497    8e-01    480    -0     +480    8e-01    480    -0     +480  
   6   115.48   43965.12   10   2e-01   1832    -376   +498    7e-01    834    -126   +480    8e-01    869    -91    +480  
   7   116.64   43816.00   12   3e-01   1896    -436   +500    7e-01   1108    -206   +480    7e-01   1173    -176   +480  
   8   117.88   43686.80   14   2e-01   1884    -509   +497    6e-01   1314    -274   +480    7e-01   1370    -283   +480  
   9   119.17   43596.82   13   2e-01   2037    -344   +497    6e-01   1558    -236   +480    7e-01   1604    -246   +480  
  10   120.51   43509.71   18   1e-01   2033    -496   +492    5e-01   1690    -348   +480    6e-01   1786    -298   +480  
  11   121.98   43428.04   14   2e-01   2136    -392   +495    6e-01   1924    -246   +480    7e-01   2035    -231   +480  
  12   123.54   43375.42   20   1e-01   2138    -485   +487    4e-01   2030    -374   +480    5e-01   2198    -317   +480  
  13   125.19   43333.92   21   1e-01   2074    -499   +435    3e-01   2146    -364   +480    5e-01   2336    -342   +480  
  14   126.85   43287.16   22   1e-01   2220    -331   +477    4e-01   2321    -305   +480    5e-01   2543    -273   +480  
  15   128.62   43248.13   18   1e-01   2349    -360   +489    6e-01   2504    -297   +480    6e-01   2723    -300   +480  
  16   129.10   43241.17   21   1e-01   2349    -0     +0      6e-01   2504    -0     +0      6e-01   2723    -0     +0    
==========================================================================================================================
Prune!
==========================================================================================================================
Depth = 3, Bound = 43241.17, Best = 43241

Branching on x[127] = 0.50
Fixing x[127] = 0

**************************************************************************************************************************
                                               Node 12
**************************************************************************************************************************
Problem size 198
Fixed variables: (x[84],0) (x[127],0) (x[136],0)
==========================================================================================================================
BOUNDING STOPPED: Gap to big!
==========================================================================================================================
Depth = 3, Bound = 46202.32, Best = 43241

Fixing x[127] = 1

**************************************************************************************************************************
                                               Node 13
**************************************************************************************************************************
Problem size 198
Fixed variables: (x[84],0) (x[127],1) (x[136],0)
==========================================================================================================================
starting bound     cut  triangles added  violation
      46164.89   43241              500       0.50
==========================================================================================================================
iter     time      bound  bdl   viol3  triag  purged   added   viol5  penta  purged   added   viol7  hepta  purged   added
==========================================================================================================================
   1   129.63   45414.72    5   4e-01    861    -138   +499   
   2   130.09   44965.33    4   4e-01   1186    -171   +496   
   3   130.63   44719.50    7   3e-01   1338    -347   +499   
   4   131.25   44407.91    6   3e-01   1545    -293   +500   
   5   132.34   44242.39    8   3e-01   1794    -249   +498    8e-01    480    -0     +480    8e-01    480    -0     +480  
   6   133.47   44041.82    9   3e-01   1841    -453   +500    7e-01    848    -112   +480    8e-01    848    -112   +480  
   7   134.68   43892.34   10   2e-01   1896    -442   +497    7e-01   1106    -222   +480    7e-01   1117    -211   +480  
   8   135.93   43769.58   15   2e-01   1919    -472   +495    6e-01   1309    -277   +480    6e-01   1356    -241   +480  
   9   137.23   43674.22   15   2e-01   1935    -478   +494    5e-01   1538    -251   +480    6e-01   1594    -242   +480  
  10   138.59   43595.46   12   2e-01   2038    -383   +486    5e-01   1743    -275   +480    6e-01   1826    -248   +480  
  11   140.01   43500.97   15   1e-01   2086    -448   +496    4e-01   1921    -302   +480    6e-01   2040    -266   +480  
  12   141.50   43419.38   21   1e-01   2125    -451   +490    5e-01   2031    -370   +480    5e-01   2163    -357   +480  
  13   143.09   43380.03   23   2e-01   2264    -358   +497    6e-01   2250    -261   +480    7e-01   2392    -251   +480  
  14   144.82   43329.75   22   1e-01   2173    -523   +432    4e-01   2327    -403   +480    5e-01   2563    -309   +480  
  15   146.57   43292.93   21   1e-01   2284    -379   +490    4e-01   2512    -295   +480    5e-01   2788    -255   +480  
  16   148.42   43265.64   21   9e-02   2026    -453   +195    3e-01   2620    -372   +480    5e-01   2940    -328   +480  
  17   149.29   43241.12   21   9e-02   2026    -0     +0      3e-01   2620    -0     +0      5e-01   2940    -0     +0    
==========================================================================================================================
Prune!
==========================================================================================================================
Depth = 3, Bound = 43241.12, Best = 43241

Branching on x[36] = 0.51
Fixing x[36] = 0

**************************************************************************************************************************
                                               Node 14
**************************************************************************************************************************
Problem size 198
Fixed variables: (x[36],0) (x[84],1) (x[136],0)
==========================================================================================================================
BOUNDING STOPPED: Gap to big!
==========================================================================================================================
Depth = 3, Bound = 46195.37, Best = 43241

Fixing x[36] = 1

**************************************************************************************************************************
                                               Node 15
**************************************************************************************************************************
Problem size 198
Fixed variables: (x[36],1) (x[84],1) (x[136],0)
==========================================================================================================================
BOUNDING STOPPED: Gap to big!
==========================================================================================================================
Depth = 3, Bound = 46196.65, Best = 43241

Branching on x[142] = 0.50
Fixing x[142] = 0

**************************************************************************************************************************
                                               Node 16
**************************************************************************************************************************
Problem size 197
Fixed variables: (x[84],0) (x[127],0) (x[136],0) (x[142],0)
==========================================================================================================================
starting bound     cut  triangles added  violation
      46060.36   43241              500       0.49
==========================================================================================================================
iter     time      bound  bdl   viol3  triag  purged   added   viol5  penta  purged   added   viol7  hepta  purged   added
==========================================================================================================================
   1   149.86   45361.84    4   4e-01    888    -107   +495   
   2   150.33   44901.15    6   4e-01   1142    -243   +497   
   3   150.84   44619.67    7   3e-01   1411    -229   +498   
   4   151.39   44394.36    7   4e-01   1544    -367   +500   
   5   152.44   44264.62   10   3e-01   1746    -295   +497    8e-01    480    -0     +480    8e-01    480    -0     +480  
   6   153.54   44035.88    9   3e-01   1788    -458   +500    7e-01    845    -115   +480    8e-01    870    -90    +480  
   7   154.72   43923.95   11   3e-01   1816    -471   +499    7e-01   1117    -208   +480    8e-01   1180    -170   +480  
   8   155.97   43814.00   14   2e-01   1829    -483   +496    6e-01   1314    -283   +480    7e-01   1402    -258   +480  
   9   157.34   43720.70   12   3e-01   1853    -474   +498    7e-01   1489    -305   +480    7e-01   1639    -243   +480  
  10   158.80   43648.26   19   2e-01   1816    -534   +497    5e-01   1565    -404   +480    6e-01   1714    -405   +480  
  11   160.22   43569.03   18   2e-01   1938    -368   +490    5e-01   1766    -279   +480    6e-01   1932    -262   +480  
  12   161.75   43517.49   16   2e-01   1979    -456   +497    5e-01   1927    -319   +480    6e-01   2158    -254   +480  
  13   163.36   43467.95   21   1e-01   1898    -525   +444    3e-01   2017    -390   +480    6e-01   2277    -361   +480  
  14   165.05   43426.80   21   1e-01   2047    -342   +491    4e-01   2204    -293   +480    5e-01   2478    -279   +480  
  15   166.84   43393.61   23   1e-01   2058    -464   +475    4e-01   2333    -351   +480    5e-01   2629    -329   +480  
  16   168.76   43364.28   19   1e-01   2193    -361   +496    5e-01   2505    -308   +480    6e-01   2853    -256   +480  
  17   170.68   43346.54   24   8e-02   1776    -447   +30     3e-01   2677    -307   +479    4e-01   3080    -253   +480  
  18   172.58   43321.75   28   1e-01   1887    -143   +254    3e-01   2854    -303   +480    4e-01   3320    -240   +480  
  19   174.53   43302.49   25   1e-01   1717    -227   +57     3e-01   2983    -351   +480    4e-01   3484    -316   +480  
  20   176.49   43290.00   27   7e-02   1612    -115   +10     3e-01   3170    -291   +478    3e-01   3687    -277   +480  
  21   178.46   43278.68   27   8e-02   1595    -54    +37     3e-01   3375    -275   +480    5e-01   3932    -235   +480  
  22   180.48   43266.22   29   7e-02   1531    -71    +7      3e-01   3523    -331   +479    3e-01   4152    -259   +479  
  23   182.51   43257.15   27   7e-02   1522    -35    +26     3e-01   3715    -288   +480    4e-01   4378    -254   +480  
  24   184.56   43248.68   27   8e-02   1486    -47    +11     3e-01   3841    -353   +479    4e-01   4606    -250   +478  
  25   185.54   43241.48   29   8e-02   1486    -0     +0      3e-01   3841    -0     +0      4e-01   4606    -0     +0    
==========================================================================================================================
Prune!
==========================================================================================================================
Depth = 4, Bound = 43241.48, Best = 43241

Fixing x[142] = 1

**************************************************************************************************************************
                                               Node 17
**************************************************************************************************************************
Problem size 197
Fixed variables: (x[84],0) (x[127],0) (x[136],0) (x[142],1)
==========================================================================================================================
starting bound     cut  triangles added  violation
      45990.69   43241              500       0.50
==========================================================================================================================
iter     time      bound  bdl   viol3  triag  purged   added   viol5  penta  purged   added   viol7  hepta  purged   added
==========================================================================================================================
   1   185.95   45248.60    5   4e-01    871    -121   +492   
   2   186.40   44799.77    6   4e-01   1166    -202   +497   
   3   186.91   44425.70    5   4e-01   1507    -157   +498   
   4   187.48   44228.45    8   3e-01   1604    -403   +500   
   5   188.51   44065.88   10   3e-01   1743    -360   +499    8e-01    480    -0     +480    8e-01    480    -0     +480  
   6   189.18   43849.19    9   3e-01   1818    -425   +500   
   7   190.35   43783.54   11   2e-01   2014    -298   +494    7e-01    895    -65    +480    7e-01    907    -53    +480  
   8   191.60   43629.10   11   2e-01   2045    -466   +497    6e-01   1151    -224   +480    8e-01   1176    -211   +480  
   9   192.93   43514.20   13   2e-01   2014    -524   +493    6e-01   1365    -266   +480    6e-01   1391    -265   +480  
  10   194.30   43432.45   15   2e-01   2060    -441   +487    6e-01   1587    -258   +480    7e-01   1637    -234   +480  
  11   195.74   43363.96   17   2e-01   2060    -484   +484    5e-01   1722    -345   +480    6e-01   1794    -323   +480  
  12   197.30   43283.74   19   2e-01   2156    -385   +481    5e-01   1931    -271   +480    7e-01   2036    -238   +480  
  13   198.17   43227.17   18   2e-01   2156    -0     +0      5e-01   1931    -0     +0      7e-01   2036    -0     +0    
==========================================================================================================================
Prune!
==========================================================================================================================
Depth = 4, Bound = 43227.17, Best = 43241

Branching on x[40] = 0.49
Fixing x[40] = 0

**************************************************************************************************************************
                                               Node 18
**************************************************************************************************************************
Problem size 197
Fixed variables: (x[36],1) (x[40],0) (x[84],1) (x[136],0)
==========================================================================================================================
starting bound     cut  triangles added  violation
      46051.72   43241              500       0.50
==========================================================================================================================
iter     time      bound  bdl   viol3  triag  purged   added   viol5  penta  purged   added   viol7  hepta  purged   added
==========================================================================================================================
   1   198.60   45199.25    5   4e-01    861    -136   +497   
   2   199.03   44729.44    5   4e-01   1199    -158   +496   
   3   199.53   44417.96    6   3e-01   1389    -310   +500   
   4   200.09   44159.30    7   3e-01   1637    -250   +498   
   5   201.10   44018.59    9   3e-01   1830    -301   +494    7e-01    480    -0     +480    8e-01    480    -0     +480  
   6   202.18   43815.16   10   2e-01   1901    -427   +498    7e-01    784    -176   +480    8e-01    821    -139   +480  
   7   203.32   43636.74   11   2e-01   2036    -359   +494    7e-01   1130    -134   +480    8e-01   1140    -161   +480  
   8   204.52   43488.85   16   2e-01   2062    -465   +491    5e-01   1327    -283   +480    6e-01   1360    -260   +480  
   9   205.81   43403.02   11   2e-01   2192    -358   +488    6e-01   1580    -227   +480    7e-01   1646    -194   +480  
  10   207.16   43321.96   18   2e-01   2175    -506   +489    4e-01   1679    -381   +480    6e-01   1752    -374   +480  
  11   207.96   43238.99   16   2e-01   2175    -0     +0      4e-01   1679    -0     +0      6e-01   1752    -0     +0    
==========================================================================================================================
Prune!
==========================================================================================================================
Depth = 4, Bound = 43238.99, Best = 43241

Fixing x[40] = 1

**************************************************************************************************************************
                                               Node 19
**************************************************************************************************************************
Problem size 197
Fixed variables: (x[36],1) (x[40],1) (x[84],1) (x[136],0)
==========================================================================================================================
starting bound     cut  triangles added  violation
      46100.06   43241              500       0.49
==========================================================================================================================
iter     time      bound  bdl   viol3  triag  purged   added   viol5  penta  purged   added   viol7  hepta  purged   added
==========================================================================================================================
   1   208.35   45291.98    5   4e-01    851    -146   +497   
   2   208.79   44863.53    4   4e-01   1246    -103   +498   
   3   209.28   44563.45    5   3e-01   1420    -324   +498   
   4   209.87   44347.44    7   3e-01   1514    -406   +500   
   5   210.51   44159.96    7   4e-01   1718    -293   +497   
   6   211.60   44064.04    9   3e-01   1864    -354   +500    7e-01    480    -0     +480    8e-01    480    -0     +480  
   7   212.76   43895.81   11   3e-01   1919    -444   +499    6e-01    828    -131   +479    8e-01    852    -108   +480  
   8   214.01   43796.77   12   2e-01   1985    -430   +496    7e-01   1110    -198   +480    7e-01   1153    -179   +480  
   9   215.30   43672.37   11   2e-01   2077    -403   +495    6e-01   1330    -260   +480    7e-01   1416    -217   +480  
  10   216.67   43583.68   17   2e-01   2075    -497   +495    4e-01   1484    -326   +480    6e-01   1594    -302   +480  
  11   218.14   43546.23   13   1e-01   2132    -428   +485    4e-01   1703    -261   +480    6e-01   1872    -202   +480  
  12   219.68   43457.41   14   2e-01   2254    -366   +488    6e-01   1953    -230   +480    6e-01   2151    -201   +480  
  13   221.35   43415.26   20   1e-01   2244    -499   +489    4e-01   2088    -345   +480    6e-01   2324    -307   +480  
  14   223.12   43380.32   17   2e-01   2338    -399   +493    6e-01   2220    -348   +480    7e-01   2532    -272   +480  
  15   224.99   43355.74   21   1e-01   2294    -505   +461    4e-01   2318    -382   +480    5e-01   2656    -356   +480  
  16   226.93   43333.89   19   1e-01   2131    -465   +302    4e-01   2438    -360   +480    4e-01   2845    -291   +480  
  17   228.88   43314.33   21   1e-01   2020    -326   +215    3e-01   2531    -387   +480    5e-01   2997    -328   +480  
  18   230.83   43304.06   22   1e-01   1797    -242   +19     3e-01   2676    -335   +480    4e-01   3223    -254   +480  
  19   232.75   43293.56   19   9e-02   1782    -85    +70     4e-01   2828    -328   +480    5e-01   3462    -241   +480  
  20   234.75   43285.60   18   6e-02   1682    -103   +3      2e-01   3018    -288   +478    4e-01   3726    -213   +477  
  21   236.73   43276.43   16   1e-01   2134    -41    +493    4e-01   3195    -303   +480    5e-01   3951    -255   +480  
  22   238.84   43269.47   18   8e-02   1698    -440   +4      2e-01   3158    -508   +471    4e-01   4019    -411   +479  
  23   240.26   43266.67   14   8e-02   1698    -0     +0      2e-01   3158    -0     +0      4e-01   4019    -0     +0    
==========================================================================================================================
BOUNDING STOPPED: Gap to big!
==========================================================================================================================
Depth = 4, Bound = 43266.67, Best = 43241

Branching on x[163] = 0.50
Fixing x[163] = 0

**************************************************************************************************************************
                                               Node 20
**************************************************************************************************************************
Problem size 197
Fixed variables: (x[36],0) (x[84],1) (x[136],0) (x[163],0)
==========================================================================================================================
starting bound     cut  triangles added  violation
      46051.05   43241              500       0.50
==========================================================================================================================
iter     time      bound  bdl   viol3  triag  purged   added   viol5  penta  purged   added   viol7  hepta  purged   added
==========================================================================================================================
   1   240.68   45182.68    5   4e-01    877    -120   +497   
   2   241.14   44727.29    5   4e-01   1225    -151   +499   
   3   241.65   44419.70    6   3e-01   1372    -352   +499   
   4   242.22   44143.83    7   3e-01   1584    -288   +500   
   5   243.23   43964.83    8   3e-01   1819    -260   +495    8e-01    480    -0     +480    8e-01    480    -0     +480  
   6   244.31   43756.04    8   3e-01   1909    -410   +500    7e-01    832    -128   +480    8e-01    848    -112   +480  
   7   245.46   43623.52   12   2e-01   1910    -494   +495    7e-01   1100    -212   +480    7e-01   1106    -222   +480  
   8   246.72   43501.04   14   2e-01   2021    -382   +493    6e-01   1353    -227   +480    7e-01   1363    -223   +480  
   9   248.00   43401.77   12   2e-01   2077    -436   +492    6e-01   1572    -261   +480    7e-01   1600    -243   +480  
  10   249.34   43322.22   15   2e-01   2120    -446   +489    6e-01   1755    -297   +480    6e-01   1742    -338   +480  
  11   250.75   43250.93   19   2e-01   2132    -481   +493    5e-01   1862    -373   +480    6e-01   1876    -346   +480  
  12   250.99   43234.30   20   2e-01   2132    -0     +0      5e-01   1862    -0     +0      6e-01   1876    -0     +0    
==========================================================================================================================
Prune!
==========================================================================================================================
Depth = 4, Bound = 43234.30, Best = 43241

Fixing x[163] = 1

**************************************************************************************************************************
                                               Node 21
**************************************************************************************************************************
Problem size 197
Fixed variables: (x[36],0) (x[84],1) (x[136],0) (x[163],1)
==========================================================================================================================
starting bound     cut  triangles added  violation
      46086.33   43241              500       0.49
==========================================================================================================================
iter     time      bound  bdl   viol3  triag  purged   added   viol5  penta  purged   added   viol7  hepta  purged   added
==========================================================================================================================
   1   251.42   45308.30    5   4e-01    864    -134   +498   
   2   251.89   44806.84    6   4e-01   1152    -211   +499   
   3   252.43   44528.93    6   4e-01   1460    -192   +500   
   4   253.43   44336.42    9   3e-01   1530    -430   +500    8e-01    480    -0     +480    9e-01    480    -0     +480  
   5   254.48   44098.22    8   3e-01   1648    -380   +498    7e-01    882    -78    +480    8e-01    886    -74    +480  
   6   255.57   43874.00    8   3e-01   1769    -379   +500    7e-01   1150    -212   +480    8e-01   1184    -182   +480  
   7   256.77   43761.64    9   3e-01   1920    -346   +497    7e-01   1431    -199   +480    8e-01   1441    -223   +480  
   8   258.00   43652.57   13   2e-01   1924    -489   +493    5e-01   1541    -370   +480    6e-01   1558    -363   +480  
   9   259.32   43565.25   13   3e-01   2031    -383   +490    6e-01   1746    -275   +480    7e-01   1784    -254   +480  
  10   260.73   43497.92   16   1e-01   1986    -530   +485    5e-01   1907    -319   +480    6e-01   1989    -275   +480  
  11   262.21   43439.59   15   2e-01   2039    -443   +496    6e-01   2058    -329   +480    6e-01   2137    -332   +480  
  12   263.80   43385.08   17   1e-01   2097    -433   +491    4e-01   2220    -318   +480    6e-01   2318    -299   +480  
  13   265.48   43355.34   16   1e-01   2158    -428   +489    4e-01   2351    -349   +480    6e-01   2508    -290   +480  
  14   267.24   43330.88   21   1e-01   2155    -491   +488    4e-01   2426    -405   +480    5e-01   2714    -274   +480  
  15   269.06   43309.69   16   1e-01   2057    -411   +313    4e-01   2540    -366   +480    5e-01   2875    -319   +480  
  16   270.96   43290.20   16   1e-01   2230    -314   +487    5e-01   2674    -346   +480    6e-01   3097    -258   +480  
  17   272.95   43273.61   22   7e-02   1805    -451   +26     3e-01   2727    -427   +480    5e-01   3234    -343   +480  
  18   274.90   43263.08   23   1e-01   1898    -119   +212    4e-01   2958    -249   +480    5e-01   3504    -210   +480  
  19   276.88   43250.68   19   9e-02   1749    -204   +55     3e-01   3027    -411   +480    4e-01   3644    -340   +480  
  20   278.89   43244.34   21   9e-02   1774    -90    +115    3e-01   3164    -343   +480    4e-01   3868    -256   +480  
  21   279.44   43239.22   22   9e-02   1774    -0     +0      3e-01   3164    -0     +0      4e-01   3868    -0     +0    
==========================================================================================================================
Prune!
==========================================================================================================================
Depth = 4, Bound = 43239.22, Best = 43241

Branching on x[191] = 0.26
Fixing x[191] = 0

**************************************************************************************************************************
                                               Node 22
**************************************************************************************************************************
Problem size 196
Fixed variables: (x[36],1) (x[40],1) (x[84],1) (x[136],0) (x[191],0)
==========================================================================================================================
starting bound     cut  triangles added  violation
      45961.88   43241              500       0.50
==========================================================================================================================
iter     time      bound  bdl   viol3  triag  purged   added   viol5  penta  purged   added   viol7  hepta  purged   added
==========================================================================================================================
   1   279.84   45190.86    5   5e-01    855    -141   +496   
   2   280.26   44700.06    4   4e-01   1222    -129   +496   
   3   280.75   44413.94    6   4e-01   1391    -330   +499   
   4   281.30   44194.79    7   3e-01   1594    -295   +498   
   5   282.32   44035.47    9   3e-01   1745    -346   +497    7e-01    480    -0     +480    8e-01    480    -0     +480  
   6   283.41   43862.92    9   3e-01   1879    -363   +497    7e-01    850    -110   +480    8e-01    889    -71    +480  
   7   284.59   43720.30   11   2e-01   1916    -461   +498    6e-01   1079    -251   +480    7e-01   1153    -216   +480  
   8   285.81   43625.30   11   2e-01   1978    -433   +495    6e-01   1329    -230   +480    7e-01   1426    -207   +480  
   9   287.09   43531.07   13   2e-01   1986    -484   +492    5e-01   1522    -287   +480    7e-01   1666    -240   +480  
  10   288.51   43473.28   11   2e-01   2114    -366   +494    6e-01   1746    -256   +480    7e-01   1933    -213   +480  
  11   289.96   43426.32   12   2e-01   2091    -518   +495    5e-01   1871    -355   +480    6e-01   2078    -335   +480  
  12   291.56   43380.41   16   2e-01   2108    -471   +488    5e-01   1978    -373   +480    7e-01   2287    -271   +480  
  13   293.24   43346.61   15   2e-01   2122    -478   +492    6e-01   2110    -348   +480    7e-01   2466    -301   +480  
  14   295.01   43323.44   15   1e-01   2095    -515   +488    4e-01   2136    -454   +480    6e-01   2530    -416   +480  
  15   296.85   43307.43   19   1e-01   1770    -470   +145    3e-01   2236    -380   +480    5e-01   2708    -302   +480  
  16   298.78   43289.65   17   1e-01   1657    -193   +80     3e-01   2419    -297   +480    4e-01   2936    -252   +480  
  17   300.72   43279.18   18   1e-01   1730    -123   +196    4e-01   2575    -324   +480    5e-01   3144    -272   +480  
  18   302.70   43271.30   16   1e-01   1797    -207   +274    4e-01   2660    -395   +480    6e-01   3306    -318   +480  
  19   304.74   43264.52   16   1e-01   2036    -258   +497    4e-01   2773    -367   +480    5e-01   3466    -320   +480  
  20   306.83   43259.07   18   7e-02   1574    -472   +10     3e-01   2742    -511   +480    4e-01   3499    -447   +480  
  21   308.85   43255.26   16   5e-02   1495    -80    +1      3e-01   2889    -331   +478    4e-01   3678    -301   +480  
  22   310.87   43252.37   16   1e-01   1829    -29    +363    4e-01   3054    -315   +480    5e-01   3899    -259   +480  
  23   312.99   43249.60   11   1e-01   1616    -361   +148    4e-01   3029    -505   +480    5e-01   3922    -457   +480  
  24   315.12   43247.88   11   2e-01   1985    -126   +495    5e-01   3098    -411   +480    6e-01   4038    -364   +480  
  25   317.30   43246.15   11   1e-01   2036    -445   +496    4e-01   3105    -473   +480    5e-01   4082    -436   +480  
  26   319.45   43244.76   11   1e-01   2187    -349   +500    3e-01   3279    -306   +480    5e-01   4274    -288   +480  
  27   320.98   43244.08    7   1e-01   2187    -0     +0      3e-01   3279    -0     +0      5e-01   4274    -0     +0    
==========================================================================================================================
BOUNDING STOPPED: Gap to big!
==========================================================================================================================
Depth = 5, Bound = 43244.08, Best = 43241

Fixing x[191] = 1

**************************************************************************************************************************
                                               Node 23
**************************************************************************************************************************
Problem size 196
Fixed variables: (x[36],1) (x[40],1) (x[84],1) (x[136],0) (x[191],1)
==========================================================================================================================
starting bound     cut  triangles added  violation
      45979.00   43241              500       0.49
==========================================================================================================================
iter     time      bound  bdl   viol3  triag  purged   added   viol5  penta  purged   added   viol7  hepta  purged   added
==========================================================================================================================
   1   321.41   45238.43    5   4e-01    849    -148   +497   
   2   321.86   44774.15    5   4e-01   1151    -195   +497   
   3   322.39   44438.26    5   4e-01   1390    -260   +499   
   4   322.99   44275.93    9   3e-01   1617    -270   +497   
   5   323.68   44098.90    7   3e-01   1742    -375   +500   
   6   324.80   43965.91    9   3e-01   1940    -301   +499    7e-01    480    -0     +480    8e-01    480    -0     +480  
   7   325.95   43812.35    7   2e-01   2020    -420   +500    7e-01    847    -113   +480    8e-01    871    -89    +480  
   8   327.17   43691.23   11   2e-01   2059    -458   +497    6e-01   1127    -200   +480    7e-01   1157    -194   +480  
   9   328.46   43590.80   12   2e-01   2116    -440   +497    6e-01   1354    -253   +480    7e-01   1414    -223   +480  
  10   329.85   43507.00   13   2e-01   2066    -544   +494    5e-01   1480    -354   +480    7e-01   1622    -272   +480  
  11   331.31   43440.34   16   2e-01   2122    -435   +491    5e-01   1705    -255   +480    6e-01   1878    -224   +480  
  12   332.86   43377.27   13   2e-01   2110    -503   +491    6e-01   1809    -376   +480    7e-01   2044    -314   +480  
  13   334.49   43348.09   18   2e-01   2152    -453   +495    5e-01   1976    -313   +480    6e-01   2230    -294   +480  
  14   336.24   43320.20   20   1e-01   2159    -447   +454    4e-01   2079    -377   +480    6e-01   2393    -317   +480  
  15   338.06   43287.10   20   1e-01   2249    -395   +485    4e-01   2265    -294   +480    5e-01   2553    -320   +480  
  16   340.01   43269.91   17   1e-01   2323    -419   +493    4e-01   2392    -353   +480    5e-01   2762    -271   +480  
  17   341.96   43249.13   18   9e-02   1891    -526   +94     3e-01   2488    -384   +480    4e-01   2911    -331   +480  
  18   342.95   43240.03   24   9e-02   1891    -0     +0      3e-01   2488    -0     +0      4e-01   2911    -0     +0    
==========================================================================================================================
Prune!
==========================================================================================================================
Depth = 5, Bound = 43240.03, Best = 43241

Branching on x[113] = 0.86
Fixing x[113] = 0

**************************************************************************************************************************
                                               Node 24
**************************************************************************************************************************
Problem size 195
Fixed variables: (x[36],1) (x[40],1) (x[84],1) (x[113],0) (x[136],0) (x[191],0)
==========================================================================================================================
starting bound     cut  triangles added  violation
      45903.61   43241              500       0.49
==========================================================================================================================
iter     time      bound  bdl   viol3  triag  purged   added   viol5  penta  purged   added   viol7  hepta  purged   added
==========================================================================================================================
   1   343.34   45140.71    5   4e-01    886    -108   +494   
   2   343.76   44679.88    5   4e-01   1142    -243   +499   
   3   344.24   44326.24    5   4e-01   1382    -257   +497   
   4   344.79   44093.68    8   3e-01   1608    -272   +498   
   5   345.41   43922.92    9   4e-01   1806    -300   +498   
   6   346.07   43795.22   10   3e-01   1951    -354   +499   
   7   347.23   43699.96   11   2e-01   2107    -343   +499    6e-01    480    -0     +480    8e-01    480    -0     +480  
   8   348.41   43575.88   11   2e-01   2251    -352   +496    7e-01    862    -98    +480    7e-01    896    -64    +480  
   9   349.66   43488.95   13   3e-01   2270    -476   +495    6e-01   1106    -236   +480    7e-01   1195    -181   +480  
  10   351.02   43411.96   15   2e-01   2320    -437   +487    5e-01   1337    -249   +480    6e-01   1456    -219   +480  
  11   352.47   43356.40   13   2e-01   2361    -456   +497    5e-01   1544    -273   +480    7e-01   1721    -215   +480  
  12   354.01   43309.98   17   1e-01   2311    -532   +482    4e-01   1672    -352   +480    5e-01   1884    -317   +480  
  13   355.64   43275.86   14   2e-01   2467    -338   +494    6e-01   1899    -253   +480    7e-01   2204    -160   +480  
  14   357.47   43249.53   11   2e-01   2466    -498   +497    5e-01   2061    -318   +480    8e-01   2462    -222   +480  
  15   358.31   43239.48   14   2e-01   2466    -0     +0      5e-01   2061    -0     +0      8e-01   2462    -0     +0    
==========================================================================================================================
Prune!
==========================================================================================================================
Depth = 6, Bound = 43239.48, Best = 43241

Fixing x[113] = 1

**************************************************************************************************************************
                                               Node 25
**************************************************************************************************************************
Problem size 195
Fixed variables: (x[36],1) (x[40],1) (x[84],1) (x[113],1) (x[136],0) (x[191],0)
==========================================================================================================================
starting bound     cut  triangles added  violation
      45830.67   43241              500       0.50
==========================================================================================================================
iter     time      bound  bdl   viol3  triag  purged   added   viol5  penta  purged   added   viol7  hepta  purged   added
==========================================================================================================================
   1   358.71   45149.84    4   4e-01    809    -187   +496   
   2   359.13   44652.32    6   4e-01   1069    -237   +497   
   3   359.60   44346.67    6   4e-01   1362    -206   +499   
   4   360.13   44107.13    8   3e-01   1554    -307   +499   
   5   360.75   43989.96    8   3e-01   1732    -321   +499   
   6   361.85   43866.97   10   3e-01   1843    -388   +499    7e-01    480    -0     +480    8e-01    480    -0     +480  
   7   362.99   43730.87   10   3e-01   1959    -383   +499    7e-01    854    -106   +480    8e-01    889    -71    +480  
   8   364.20   43589.24    8   3e-01   2078    -377   +496    7e-01   1110    -224   +480    8e-01   1201    -168   +480  
   9   365.48   43502.72   13   2e-01   1967    -605   +494    5e-01   1217    -373   +480    6e-01   1347    -334   +480  
  10   366.81   43433.72   12   2e-01   2029    -436   +498    5e-01   1461    -236   +480    6e-01   1631    -196   +480  
  11   368.23   43382.55   14   1e-01   2045    -478   +494    4e-01   1629    -312   +480    5e-01   1844    -267   +480  
  12   369.77   43330.78   12   2e-01   2184    -356   +495    5e-01   1884    -225   +480    7e-01   2100    -224   +480  
  13   371.40   43299.73   11   2e-01   2104    -576   +496    6e-01   1983    -381   +480    7e-01   2242    -338   +480  
  14   373.14   43280.98   13   2e-01   2108    -494   +498    5e-01   2074    -389   +480    7e-01   2351    -371   +480  
  15   375.01   43267.50   13   1e-01   2074    -529   +495    4e-01   2069    -485   +480    6e-01   2425    -406   +480  
  16   376.96   43257.57   17   7e-02   1621    -468   +15     2e-01   2153    -396   +480    4e-01   2598    -307   +480  
  17   378.87   43252.31   13   1e-01   2063    -57    +499    5e-01   2370    -263   +480    6e-01   2860    -218   +480  
  18   380.90   43247.09   14   1e-01   1671    -483   +91     3e-01   2357    -493   +480    5e-01   2908    -432   +480  
  19   382.91   43244.28   10   8e-02   1701    -94    +124    4e-01   2489    -348   +480    4e-01   3105    -283   +480  
  20   385.05   43242.34    6   7e-02   1594    -126   +19     3e-01   2522    -447   +480    3e-01   3176    -409   +480  
  21   385.82   43241.87    6   7e-02   1594    -0     +0      3e-01   2522    -0     +0      3e-01   3176    -0     +0    
==========================================================================================================================
Prune!
==========================================================================================================================
Depth = 6, Bound = 43241.87, Best = 43241


Nodes = 25
Root node bound = 43571.734
Maximum value = 43241
Solution = ( 1 2 5 6 10 12 17 18 20 21 25 28 29 30 31 34 35 37 41 46 48 50 51 55 56 58 60 61 63 68 71 72 74 76 77 78 81 84 85 89 91 98 100 101 102 108 109 113 114 117 119 121 122 124 127 131 132 133 134 135 140 145 146 148 154 158 164 165 166 167 169 173 177 178 179 182 185 193 194 197 200 )
CPU time = 385.82 s

