Input file: ./Instances/biq2mc/be/be250.8.sparse.mc

Graph has 251 vertices and 3283 edges.

BiqBin parameters:
    init_bundle_iter = 5
     max_bundle_iter = 20
      min_outer_iter = 10
      max_outer_iter = 30
       violated_Ineq = 0.050000
             TriIneq = 500
         Pent_Trials = 160
        Hepta_Trials = 120
        include_Pent = 1
       include_Hepta = 1
                root = 0
            use_diff = 1
          time_limit = 0
   branchingStrategy = 1
      detailedOutput = 1

**************************************************************************************************************************
                                               Node 1
**************************************************************************************************************************
Problem size 251
Fixed variables:
Node 1 Feasible solution 23740
==========================================================================================================================
starting bound     cut  triangles added  violation
      25455.63   23740              500       0.49
==========================================================================================================================
iter     time      bound  bdl   viol3  triag  purged   added   viol5  penta  purged   added   viol7  hepta  purged   added
==========================================================================================================================
Node 1 Feasible solution 23787
   1     0.84   25124.75    4   4e-01    847    -149   +496   
   2     1.51   24903.70    8   4e-01   1082    -261   +496   
   3     2.25   24705.25    5   4e-01   1417    -165   +500   
Node 1 Feasible solution 23801
   4     3.09   24588.55    7   4e-01   1551    -366   +500   
   5     4.06   24498.62    9   3e-01   1706    -345   +500   
   6     5.09   24404.58    6   3e-01   1884    -322   +500   
   7     6.79   24356.29   11   3e-01   1983    -401   +500    7e-01    480    -0     +480    8e-01    480    -0     +480  
   8     8.74   24265.01   10   3e-01   2089    -394   +500    7e-01    834    -126   +480    7e-01    845    -115   +480  
   9    10.76   24185.72   12   3e-01   2200    -389   +500    7e-01   1133    -181   +480    8e-01   1140    -185   +480  
  10    12.87   24130.65   14   2e-01   2232    -465   +497    6e-01   1307    -306   +480    7e-01   1296    -324   +480  
  11    15.05   24088.67   13   2e-01   2418    -313   +499    5e-01   1540    -247   +480    6e-01   1488    -288   +480  
  12    17.32   24035.36   16   2e-01   2585    -331   +498    5e-01   1759    -261   +480    6e-01   1683    -285   +480  
  13    19.79   24003.34   21   2e-01   2700    -375   +490    4e-01   1892    -347   +480    5e-01   1829    -334   +480  
  14    22.41   23973.92   22   2e-01   2765    -422   +487    5e-01   2061    -311   +480    6e-01   1967    -342   +480  
  15    25.17   23941.89   21   1e-01   2806    -443   +484    5e-01   2200    -341   +480    5e-01   2108    -339   +480  
  16    28.02   23924.63   24   1e-01   2927    -372   +493    4e-01   2339    -341   +480    5e-01   2242    -346   +480  
  17    30.94   23909.68   25   1e-01   2821    -411   +305    4e-01   2503    -316   +480    4e-01   2430    -292   +480  
  18    33.89   23896.74   27   9e-02   2677    -220   +76     3e-01   2671    -312   +480    4e-01   2557    -352   +479  
  19    36.84   23886.46   23   8e-02   2729    -130   +182    3e-01   2928    -223   +480    5e-01   2766    -271   +480  
  20    39.80   23878.74   29   8e-02   2674    -124   +69     5e-01   3117    -291   +480    4e-01   2944    -302   +480  
  21    42.81   23868.89   27   8e-02   2658    -96    +80     3e-01   3337    -260   +480    5e-01   3168    -254   +478  
  22    45.02   23862.38   26   8e-02   2658    -0     +0      3e-01   3337    -0     +0      5e-01   3168    -0     +0    
==========================================================================================================================
BOUNDING STOPPED: Gap to big!
==========================================================================================================================
Depth = 0, Bound = 23862.38, Best = 23801

Branching on x[69] = 0.50
Fixing x[69] = 0

**************************************************************************************************************************
                                               Node 2
**************************************************************************************************************************
Problem size 250
Fixed variables: (x[69],0)
==========================================================================================================================
BOUNDING STOPPED: Gap to big!
==========================================================================================================================
Depth = 1, Bound = 25424.13, Best = 23801

Fixing x[69] = 1

**************************************************************************************************************************
                                               Node 3
**************************************************************************************************************************
Problem size 250
Fixed variables: (x[69],1)
==========================================================================================================================
starting bound     cut  triangles added  violation
      25366.89   23801              500       0.49
==========================================================================================================================
iter     time      bound  bdl   viol3  triag  purged   added   viol5  penta  purged   added   viol7  hepta  purged   added
==========================================================================================================================
   1    45.77   25062.66    4   4e-01    822    -178   +500   
   2    46.41   24862.17    7   4e-01   1115    -204   +497   
   3    47.17   24678.31    6   4e-01   1354    -260   +499   
   4    47.98   24546.60    8   3e-01   1466    -388   +500   
   5    48.87   24444.37    8   3e-01   1645    -320   +499   
   6    50.49   24363.71    9   3e-01   1807    -337   +499    7e-01    480    -0     +480    8e-01    480    -0     +480  
   7    52.28   24265.78    9   3e-01   1937    -370   +500    7e-01    837    -123   +480    8e-01    843    -117   +480  
   8    54.16   24186.99    9   2e-01   2052    -380   +495    7e-01   1129    -188   +480    7e-01   1158    -165   +480  
   9    56.14   24123.88   12   2e-01   2117    -433   +498    7e-01   1321    -288   +480    7e-01   1345    -293   +480  
  10    58.25   24082.22   14   2e-01   2222    -388   +493    5e-01   1524    -277   +480    6e-01   1540    -285   +480  
  11    60.39   24025.64   14   2e-01   2367    -352   +497    5e-01   1748    -256   +480    6e-01   1740    -280   +480  
  12    62.73   23982.76   17   1e-01   2391    -474   +498    4e-01   1865    -363   +480    6e-01   1852    -368   +480  
  13    65.18   23957.79   22   1e-01   2509    -364   +482    5e-01   2013    -332   +480    5e-01   1988    -344   +480  
  14    67.75   23930.93   17   2e-01   2686    -315   +492    5e-01   2243    -250   +480    6e-01   2186    -282   +480  
  15    70.43   23908.27   20   1e-01   2730    -439   +483    4e-01   2293    -430   +480    4e-01   2305    -361   +480  
  16    73.27   23885.83   19   1e-01   2892    -321   +483    4e-01   2463    -310   +480    6e-01   2472    -313   +480  
  17    76.15   23870.38   18   2e-01   3028    -344   +480    4e-01   2645    -298   +480    4e-01   2642    -310   +480  
  18    79.06   23862.63   20   1e-01   3167    -350   +489    4e-01   2798    -327   +480    6e-01   2823    -299   +480  
  19    81.97   23855.40   27   1e-01   2802    -422   +57     3e-01   2899    -379   +480    4e-01   2957    -346   +480  
  20    84.89   23843.63   28   1e-01   2687    -169   +54     3e-01   3044    -333   +478    5e-01   3139    -297   +479  
  21    87.81   23837.65   21   1e-01   2775    -72    +160    3e-01   3282    -242   +480    5e-01   3395    -224   +480  
  22    90.81   23833.42   23   8e-02   2675    -116   +16     3e-01   3484    -277   +479    4e-01   3591    -283   +479  
  23    93.80   23828.29   23   1e-01   2637    -63    +25     3e-01   3631    -332   +479    4e-01   3770    -301   +480  
  24    96.90   23823.22   27   9e-02   2582    -59    +4      3e-01   3775    -320   +464    4e-01   3942    -296   +468  
  25    99.21   23820.38   31   9e-02   2582    -0     +0      3e-01   3775    -0     +0      4e-01   3942    -0     +0    
==========================================================================================================================
BOUNDING STOPPED: Gap to big!
==========================================================================================================================
Depth = 1, Bound = 23820.38, Best = 23801

Branching on x[137] = 0.50
Fixing x[137] = 0

**************************************************************************************************************************
                                               Node 4
**************************************************************************************************************************
Problem size 249
Fixed variables: (x[69],0) (x[137],0)
==========================================================================================================================
starting bound     cut  triangles added  violation
      25382.41   23801              500       0.49
==========================================================================================================================
iter     time      bound  bdl   viol3  triag  purged   added   viol5  penta  purged   added   viol7  hepta  purged   added
==========================================================================================================================
   1    99.85   25103.93    5   4e-01    848    -152   +500   
   2   100.52   24863.49    7   4e-01   1068    -280   +500   
   3   101.24   24700.67    7   4e-01   1218    -349   +499   
   4   102.05   24554.01    8   4e-01   1473    -244   +499   
   5   102.96   24445.23    7   3e-01   1628    -344   +499   
   6   104.03   24354.47    9   3e-01   1835    -292   +499   
   7   105.71   24289.98    9   3e-01   2027    -308   +500    7e-01    480    -0     +480    8e-01    480    -0     +480  
   8   107.70   24200.16   11   3e-01   2110    -417   +500    7e-01    776    -184   +480    7e-01    794    -166   +480  
   9   109.64   24140.11   13   2e-01   2204    -403   +497    7e-01   1039    -217   +480    7e-01   1076    -198   +480  
  10   111.69   24080.39   12   3e-01   2273    -429   +498    6e-01   1274    -245   +480    7e-01   1253    -303   +480  
  11   113.82   24030.27   12   2e-01   2367    -406   +500    6e-01   1464    -290   +480    7e-01   1447    -286   +480  
  12   116.13   23988.41   16   2e-01   2430    -435   +498    5e-01   1611    -333   +480    7e-01   1587    -340   +480  
  13   118.52   23953.96   18   2e-01   2490    -435   +495    4e-01   1742    -349   +480    5e-01   1747    -320   +480  
  14   121.08   23928.52   22   1e-01   2630    -348   +488    4e-01   1902    -320   +480    5e-01   1877    -350   +480  
  15   123.77   23906.19   17   1e-01   2783    -340   +493    4e-01   2109    -273   +480    5e-01   2067    -290   +480  
  16   126.60   23886.96   23   1e-01   2867    -407   +491    4e-01   2257    -332   +480    5e-01   2185    -362   +480  
  17   129.50   23870.34   23   1e-01   2987    -363   +483    5e-01   2442    -295   +480    6e-01   2388    -277   +480  
  18   132.37   23855.96   24   1e-01   3040    -434   +487    4e-01   2565    -357   +480    5e-01   2540    -328   +480  
  19   135.30   23845.00   27   7e-02   2658    -397   +15     3e-01   2653    -392   +480    4e-01   2640    -379   +479  
  20   138.24   23836.03   21   1e-01   2682    -104   +128    3e-01   2940    -193   +480    5e-01   2909    -211   +480  
  21   141.21   23827.25   24   8e-02   2629    -152   +99     3e-01   3143    -277   +480    4e-01   3085    -304   +480  
  22   144.18   23822.46   22   1e-01   2571    -101   +43     4e-01   3298    -325   +480    5e-01   3258    -307   +480  
  23   147.13   23816.38   25   9e-02   2622    -53    +104    3e-01   3491    -286   +479    4e-01   3476    -262   +480  
  24   150.19   23813.34   24   6e-02   2551    -82    +11     3e-01   3656    -310   +475    5e-01   3689    -265   +478  
  25   153.30   23808.01   25   1e-01   2515    -56    +20     2e-01   3814    -320   +478    4e-01   3864    -305   +480  
  26   156.41   23806.21   26   8e-02   2489    -34    +8      2e-01   3983    -295   +464    3e-01   4069    -261   +466  
  27   159.63   23803.49   29   9e-02   2468    -31    +10     2e-01   4171    -272   +460    4e-01   4264    -273   +468  
  28   160.63   23801.72   29   9e-02   2468    -0     +0      2e-01   4171    -0     +0      4e-01   4264    -0     +0    
==========================================================================================================================
Prune!
==========================================================================================================================
Depth = 2, Bound = 23801.72, Best = 23801

Fixing x[137] = 1

**************************************************************************************************************************
                                               Node 5
**************************************************************************************************************************
Problem size 249
Fixed variables: (x[69],0) (x[137],1)
==========================================================================================================================
starting bound     cut  triangles added  violation
      25373.53   23801              500       0.50
==========================================================================================================================
iter     time      bound  bdl   viol3  triag  purged   added   viol5  penta  purged   added   viol7  hepta  purged   added
==========================================================================================================================
   1   161.27   25051.26    4   5e-01    768    -231   +499   
   2   161.91   24841.97    6   4e-01   1003    -264   +499   
   3   162.61   24679.40    7   4e-01   1194    -309   +500   
   4   163.42   24516.02    6   4e-01   1420    -273   +499   
   5   164.40   24405.34    7   3e-01   1593    -327   +500   
   6   165.48   24316.95    8   3e-01   1750    -343   +500   
   7   167.14   24234.46    9   3e-01   1972    -278   +500    7e-01    480    -0     +480    8e-01    480    -0     +480  
   8   168.53   24156.26   10   3e-01   2032    -440   +500   
   9   170.63   24101.17   12   2e-01   2140    -391   +499    6e-01    831    -129   +480    8e-01    821    -139   +480  
  10   172.70   24033.53   13   2e-01   2265    -373   +498    6e-01   1091    -220   +480    7e-01   1114    -187   +480  
  11   174.82   23965.04   14   2e-01   2337    -427   +499    6e-01   1307    -264   +480    6e-01   1326    -268   +480  
  12   177.05   23926.03   16   2e-01   2451    -383   +497    6e-01   1530    -257   +480    6e-01   1537    -269   +480  
  13   179.43   23885.41   16   2e-01   2560    -385   +494    5e-01   1723    -287   +480    6e-01   1694    -323   +480  
  14   181.99   23861.29   20   2e-01   2603    -447   +490    4e-01   1836    -367   +480    5e-01   1833    -341   +480  
  15   184.64   23827.97   17   2e-01   2806    -294   +497    4e-01   2043    -273   +480    5e-01   2021    -292   +480  
  16   187.48   23815.26   21   1e-01   2895    -396   +485    4e-01   2212    -311   +480    5e-01   2220    -281   +480  
  17   189.12   23801.54   23   1e-01   2895    -0     +0      4e-01   2212    -0     +0      5e-01   2220    -0     +0    
==========================================================================================================================
Prune!
==========================================================================================================================
Depth = 2, Bound = 23801.54, Best = 23801

Branching on x[153] = 0.49
Fixing x[153] = 0

**************************************************************************************************************************
                                               Node 6
**************************************************************************************************************************
Problem size 249
Fixed variables: (x[69],1) (x[153],0)
==========================================================================================================================
starting bound     cut  triangles added  violation
      25325.95   23801              500       0.49
==========================================================================================================================
iter     time      bound  bdl   viol3  triag  purged   added   viol5  penta  purged   added   viol7  hepta  purged   added
==========================================================================================================================
   1   189.75   25050.94    4   4e-01    833    -164   +497   
   2   190.39   24804.51    5   4e-01   1088    -245   +500   
   3   191.09   24628.94    8   4e-01   1301    -286   +499   
   4   191.91   24511.97    7   3e-01   1445    -355   +499   
   5   192.91   24398.11    7   3e-01   1649    -295   +499   
   6   194.62   24319.32    9   3e-01   1830    -319   +500    8e-01    480    -0     +480    9e-01    480    -0     +480  
   7   195.94   24215.69    9   3e-01   1881    -449   +500   
   8   197.90   24169.93   11   2e-01   2043    -337   +499    7e-01    854    -106   +480    8e-01    858    -102   +480  
   9   199.91   24095.86   12   2e-01   2162    -378   +497    6e-01   1109    -225   +480    7e-01   1142    -196   +480  
  10   201.91   24044.90   14   2e-01   2244    -416   +498    6e-01   1282    -307   +480    6e-01   1323    -299   +480  
  11   204.04   23998.13   13   2e-01   2357    -384   +497    5e-01   1516    -246   +480    6e-01   1530    -273   +480  
  12   206.35   23957.63   15   2e-01   2426    -429   +498    5e-01   1629    -367   +480    6e-01   1677    -333   +480  
  13   208.78   23929.92   19   2e-01   2561    -350   +485    5e-01   1851    -258   +480    6e-01   1875    -282   +480  
  14   211.31   23905.65   19   2e-01   2670    -383   +492    5e-01   2075    -256   +480    6e-01   2054    -301   +480  
  15   214.09   23877.27   21   1e-01   2582    -499   +411    4e-01   2123    -432   +480    5e-01   2101    -433   +480  
  16   216.93   23860.57   20   1e-01   2797    -263   +478    4e-01   2361    -242   +480    6e-01   2348    -233   +480  
  17   219.77   23848.12   20   1e-01   2731    -368   +302    4e-01   2555    -286   +480    5e-01   2541    -287   +480  
  18   222.62   23837.21   23   1e-01   2725    -258   +252    4e-01   2719    -316   +480    4e-01   2746    -275   +480  
  19   225.58   23827.34   22   2e-01   2689    -212   +176    4e-01   2911    -287   +479    5e-01   2920    -306   +480  
  20   228.50   23822.99   22   8e-02   2583    -184   +78     3e-01   3079    -312   +480    5e-01   3132    -268   +480  
  21   231.46   23817.68   26   7e-02   2505    -108   +30     3e-01   3263    -294   +478    5e-01   3324    -285   +477  
  22   234.49   23813.65   22   1e-01   2472    -72    +39     3e-01   3447    -294   +478    5e-01   3534    -270   +480  
  23   237.62   23811.55   23   8e-02   2426    -57    +11     3e-01   3642    -272   +467    5e-01   3737    -269   +472  
  24   240.80   23809.80   18   1e-01   2628    -27    +229    4e-01   3773    -349   +480    5e-01   3884    -333   +480  
  25   243.98   23807.87   19   6e-02   2459    -186   +17     3e-01   3814    -435   +476    5e-01   3986    -375   +477  
  26   247.12   23806.64   14   1e-01   2736    -50    +327    4e-01   3922    -372   +480    5e-01   4079    -387   +480  
  27   249.49   23805.70   20   1e-01   2736    -0     +0      4e-01   3922    -0     +0      5e-01   4079    -0     +0    
==========================================================================================================================
BOUNDING STOPPED: Gap to big!
==========================================================================================================================
Depth = 2, Bound = 23805.70, Best = 23801

Fixing x[153] = 1

**************************************************************************************************************************
                                               Node 7
**************************************************************************************************************************
Problem size 249
Fixed variables: (x[69],1) (x[153],1)
==========================================================================================================================
starting bound     cut  triangles added  violation
      25330.18   23801              500       0.49
==========================================================================================================================
iter     time      bound  bdl   viol3  triag  purged   added   viol5  penta  purged   added   viol7  hepta  purged   added
==========================================================================================================================
   1   250.15   25056.14    4   4e-01    851    -148   +499   
   2   250.79   24812.72    5   4e-01   1061    -287   +497   
   3   251.50   24648.76    5   4e-01   1280    -281   +500   
   4   252.31   24530.06    8   3e-01   1432    -348   +500   
   5   253.25   24431.64    8   3e-01   1656    -276   +500   
   6   254.41   24341.48    6   3e-01   1883    -273   +500   
   7   256.17   24285.80   12   3e-01   2034    -345   +496    7e-01    480    -0     +480    8e-01    480    -0     +480  
   8   258.01   24190.87   12   3e-01   2045    -488   +499    7e-01    830    -130   +480    7e-01    826    -134   +480  
   9   259.95   24110.41   11   2e-01   2142    -403   +500    6e-01   1091    -219   +480    7e-01   1085    -221   +480  
  10   261.96   24061.97   14   2e-01   2204    -434   +496    6e-01   1289    -282   +480    6e-01   1284    -281   +480  
  11   264.11   24013.27   15   2e-01   2359    -341   +496    6e-01   1541    -228   +480    6e-01   1531    -233   +480  
  12   266.41   23978.88   17   2e-01   2459    -395   +495    5e-01   1691    -330   +480    6e-01   1661    -350   +480  
  13   268.81   23938.88   18   2e-01   2553    -403   +497    5e-01   1852    -319   +480    6e-01   1818    -323   +480  
  14   271.36   23914.06   17   2e-01   2739    -301   +487    5e-01   2062    -270   +480    5e-01   2009    -289   +480  
  15   274.03   23891.79   19   1e-01   2891    -330   +482    4e-01   2276    -266   +480    5e-01   2214    -275   +480  
  16   276.83   23871.77   19   1e-01   2998    -377   +484    4e-01   2431    -325   +480    5e-01   2368    -326   +480  
  17   279.66   23856.46   25   8e-02   2685    -368   +55     4e-01   2570    -341   +480    5e-01   2461    -386   +479  
  18   282.54   23843.19   25   1e-01   2938    -144   +397    3e-01   2816    -234   +480    4e-01   2675    -266   +480  
  19   285.49   23833.36   22   1e-01   3106    -312   +480    4e-01   2990    -306   +480    5e-01   2844    -311   +480  
  20   288.50   23824.20   22   1e-01   2853    -424   +171    3e-01   3096    -374   +480    5e-01   2974    -350   +480  
  21   291.50   23817.96   19   1e-01   3152    -194   +493    4e-01   3215    -361   +480    5e-01   3138    -316   +480  
  22   294.46   23812.30   25   8e-02   2706    -470   +24     3e-01   3242    -452   +479    5e-01   3186    -431   +479  
  23   297.38   23810.24   24   9e-02   2679    -80    +53     4e-01   3445    -275   +478    4e-01   3409    -256   +479  
  24   300.41   23805.43   25   8e-02   2623    -84    +28     3e-01   3556    -367   +478    4e-01   3563    -325   +479  
  25   303.52   23802.46   25   9e-02   2581    -55    +13     3e-01   3726    -304   +474    4e-01   3797    -243   +477  
  26   303.85   23801.49   25   9e-02   2581    -0     +0      3e-01   3726    -0     +0      4e-01   3797    -0     +0    
==========================================================================================================================
Prune!
==========================================================================================================================
Depth = 2, Bound = 23801.49, Best = 23801

Branching on x[108] = 0.47
Fixing x[108] = 0

**************************************************************************************************************************
                                               Node 8
**************************************************************************************************************************
Problem size 248
Fixed variables: (x[69],1) (x[108],0) (x[153],0)
==========================================================================================================================
starting bound     cut  triangles added  violation
      25277.10   23801              500       0.50
==========================================================================================================================
iter     time      bound  bdl   viol3  triag  purged   added   viol5  penta  purged   added   viol7  hepta  purged   added
==========================================================================================================================
   1   304.46   24977.14    4   4e-01    813    -187   +500   
   2   305.09   24745.00    5   4e-01   1062    -251   +500   
   3   305.80   24621.58    6   4e-01   1367    -189   +494   
   4   306.59   24468.07    6   4e-01   1527    -340   +500   
   5   308.02   24372.58    5   3e-01   1726    -300   +499    8e-01    480    -0     +480    9e-01    480    -0     +480  
   6   309.09   24255.39    8   3e-01   1802    -424   +500   
   7   310.95   24197.57    9   3e-01   1998    -304   +500    7e-01    832    -128   +480    8e-01    800    -160   +480  
   8   312.86   24105.26   10   3e-01   2080    -418   +500    6e-01   1054    -258   +480    7e-01   1024    -256   +480  
   9   314.79   24031.13   11   2e-01   2219    -361   +500    6e-01   1304    -230   +480    7e-01   1250    -254   +480  
  10   316.77   23985.73   16   2e-01   2280    -430   +491    5e-01   1433    -351   +480    7e-01   1406    -324   +480  
  11   318.88   23940.09   15   2e-01   2427    -347   +494    6e-01   1657    -256   +480    7e-01   1602    -284   +480  
  12   321.13   23910.38   17   2e-01   2553    -367   +493    5e-01   1804    -333   +480    6e-01   1744    -338   +480  
  13   323.53   23882.55   14   2e-01   2693    -356   +496    6e-01   2009    -275   +480    7e-01   1938    -286   +480  
  14   326.09   23863.70   18   1e-01   2588    -554   +449    4e-01   1989    -500   +480    5e-01   1923    -494   +479  
  15   328.78   23846.60   19   1e-01   2805    -276   +493    5e-01   2209    -260   +480    5e-01   2129    -274   +480  
  16   331.62   23832.56   18   1e-01   2894    -397   +486    4e-01   2375    -314   +480    5e-01   2368    -241   +480  
  17   334.50   23823.74   17   1e-01   2912    -472   +490    4e-01   2502    -353   +480    5e-01   2479    -369   +480  
  18   337.37   23816.57   21   8e-02   2536    -450   +74     3e-01   2577    -405   +480    4e-01   2611    -348   +480  
  19   340.25   23811.10   13   1e-01   2902    -133   +499    5e-01   2793    -264   +480    6e-01   2833    -258   +480  
  20   343.16   23808.09   16   9e-02   2457    -505   +60     4e-01   2798    -475   +480    5e-01   2866    -447   +480  
  21   346.15   23805.51   12   1e-01   2871    -85    +499    4e-01   2957    -321   +480    5e-01   3025    -321   +480  
  22   349.17   23803.98    8   3e-01   2866    -503   +498    7e-01   2943    -494   +480    8e-01   3031    -474   +480  
  23   352.31   23803.10    7   2e-01   2893    -472   +499    6e-01   2942    -481   +480    7e-01   3053    -458   +480  
  24   354.39   23801.87    6   2e-01   2893    -0     +0      6e-01   2942    -0     +0      7e-01   3053    -0     +0    
==========================================================================================================================
Prune!
==========================================================================================================================
Depth = 3, Bound = 23801.87, Best = 23801

Fixing x[108] = 1

**************************************************************************************************************************
                                               Node 9
**************************************************************************************************************************
Problem size 248
Fixed variables: (x[69],1) (x[108],1) (x[153],0)
==========================================================================================================================
starting bound     cut  triangles added  violation
      25296.00   23801              500       0.49
==========================================================================================================================
iter     time      bound  bdl   viol3  triag  purged   added   viol5  penta  purged   added   viol7  hepta  purged   added
==========================================================================================================================
   1   354.98   25018.79    5   4e-01    834    -165   +499   
   2   355.60   24821.06    8   4e-01   1071    -263   +500   
   3   356.31   24623.48    5   4e-01   1364    -207   +500   
   4   357.09   24503.49    9   3e-01   1484    -380   +500   
   5   357.96   24405.26    9   3e-01   1670    -313   +499   
   6   359.04   24321.03    9   3e-01   1808    -362   +500   
   7   360.75   24242.41    9   3e-01   1960    -348   +500    7e-01    480    -0     +480    8e-01    480    -0     +480  
   8   362.63   24159.42   11   2e-01   2120    -337   +497    6e-01    824    -136   +480    7e-01    821    -139   +480  
   9   364.63   24088.16   13   2e-01   2174    -445   +499    6e-01   1066    -238   +480    7e-01   1076    -225   +480  
  10   366.62   24023.89   12   2e-01   2240    -431   +497    5e-01   1277    -269   +480    7e-01   1286    -270   +480  
  11   368.71   23985.20   12   2e-01   2354    -379   +493    6e-01   1493    -264   +480    7e-01   1481    -285   +480  
  12   370.93   23950.64   17   2e-01   2394    -453   +493    5e-01   1611    -362   +480    7e-01   1576    -385   +480  
  13   373.27   23916.77   19   2e-01   2509    -379   +494    5e-01   1750    -341   +480    6e-01   1698    -358   +480  
  14   375.70   23885.58   15   2e-01   2650    -351   +492    5e-01   1949    -281   +480    6e-01   1916    -262   +480  
  15   378.28   23867.57   18   1e-01   2675    -472   +497    4e-01   2014    -415   +480    5e-01   1983    -413   +480  
  16   381.03   23849.52   22   1e-01   2781    -376   +482    3e-01   2179    -315   +480    5e-01   2192    -271   +480  
  17   383.88   23834.85   22   1e-01   2833    -371   +423    3e-01   2345    -314   +480    4e-01   2385    -287   +480  
  18   386.76   23825.01   21   9e-02   2879    -335   +381    4e-01   2470    -355   +480    5e-01   2524    -341   +480  
  19   389.59   23820.89   15   8e-02   2577    -329   +27     3e-01   2595    -354   +479    4e-01   2706    -296   +478  
  20   392.48   23814.73   14   1e-01   2732    -85    +240    4e-01   2796    -279   +480    5e-01   2889    -297   +480  
  21   395.38   23810.19   15   7e-02   2535    -232   +35     3e-01   2907    -369   +480    6e-01   3119    -250   +480  
  22   398.31   23807.49   18   1e-01   2616    -74    +155    4e-01   3035    -352   +480    5e-01   3249    -350   +480  
  23   401.33   23806.10   15   1e-01   2954    -156   +494    5e-01   3077    -438   +480    6e-01   3308    -421   +480  
  24   404.50   23804.36   10   2e-01   3010    -442   +498    5e-01   3103    -454   +480    6e-01   3336    -452   +480  
  25   407.61   23803.53   11   2e-01   3073    -436   +499    6e-01   3194    -389   +480    7e-01   3432    -384   +480  
  26   410.83   23802.37    6   3e-01   3105    -468   +500    8e-01   3213    -461   +480    9e-01   3454    -458   +480  
  27   413.07   23801.95    8   3e-01   3105    -0     +0      8e-01   3213    -0     +0      9e-01   3454    -0     +0    
==========================================================================================================================
Prune!
==========================================================================================================================
Depth = 3, Bound = 23801.95, Best = 23801


Nodes = 9
Root node bound = 23862.385
Maximum value = 23801
Solution = ( 2 3 4 6 7 8 9 11 12 14 16 17 19 20 22 23 24 25 26 27 29 30 31 32 34 35 37 38 39 40 41 43 44 45 46 47 49 50 51 52 54 55 56 57 58 63 64 65 66 67 70 72 73 74 75 76 77 78 79 82 83 84 87 88 89 90 91 92 94 95 96 97 98 99 100 102 103 104 106 109 110 111 113 114 117 119 121 123 125 128 130 132 133 135 136 137 139 140 141 143 144 145 146 147 152 155 156 160 161 163 165 166 167 168 170 171 172 173 174 175 176 177 178 180 182 185 187 193 195 197 199 200 202 204 205 206 207 209 210 211 212 213 214 215 219 220 222 223 225 226 227 230 231 232 233 234 235 236 237 245 247 248 249 250 )
CPU time = 413.07 s

