Input file: ./Instances/biq2mc/be/be250.1.sparse.mc

Graph has 251 vertices and 3269 edges.

BiqBin parameters:
    init_bundle_iter = 5
     max_bundle_iter = 20
      min_outer_iter = 10
      max_outer_iter = 30
       violated_Ineq = 0.050000
             TriIneq = 500
         Pent_Trials = 160
        Hepta_Trials = 120
        include_Pent = 1
       include_Hepta = 1
                root = 0
            use_diff = 1
          time_limit = 0
   branchingStrategy = 1
      detailedOutput = 1

**************************************************************************************************************************
                                               Node 1
**************************************************************************************************************************
Problem size 251
Fixed variables:
Node 1 Feasible solution 24022
==========================================================================================================================
starting bound     cut  triangles added  violation
      25551.65   24022              500       0.50
==========================================================================================================================
iter     time      bound  bdl   viol3  triag  purged   added   viol5  penta  purged   added   viol7  hepta  purged   added
==========================================================================================================================
Node 1 Feasible solution 24075
   1     0.82   25272.64    4   4e-01    821    -178   +499   
Node 1 Feasible solution 24076
   2     1.49   25090.30    6   4e-01   1081    -240   +500   
   3     2.24   24940.05    7   4e-01   1247    -333   +499   
   4     3.08   24831.32    7   4e-01   1381    -366   +500   
   5     3.99   24750.35    7   3e-01   1569    -311   +499   
   6     5.59   24653.68    8   3e-01   1676    -393   +500    8e-01    480    -0     +480    9e-01    480    -0     +480  
   7     7.30   24533.90    9   3e-01   1790    -386   +500    7e-01    804    -156   +480    9e-01    845    -115   +480  
   8     9.18   24458.12    9   3e-01   1872    -418   +500    7e-01   1111    -173   +480    8e-01   1175    -150   +480  
   9    11.15   24388.34   10   2e-01   1939    -431   +498    6e-01   1289    -302   +480    6e-01   1370    -285   +480  
  10    13.26   24342.41   12   2e-01   2060    -378   +499    6e-01   1516    -253   +480    7e-01   1602    -248   +480  
  11    15.45   24293.68   15   2e-01   2177    -381   +498    5e-01   1717    -279   +480    6e-01   1764    -318   +480  
  12    17.86   24254.25   17   2e-01   2252    -423   +498    4e-01   1866    -331   +480    6e-01   1948    -296   +480  
  13    20.41   24225.83   22   2e-01   2358    -391   +497    4e-01   2021    -325   +480    5e-01   2081    -347   +480  
  14    23.12   24202.64   18   1e-01   2500    -351   +493    4e-01   2214    -287   +480    5e-01   2248    -313   +480  
  15    25.98   24176.13   14   1e-01   2678    -312   +490    5e-01   2397    -297   +480    6e-01   2430    -298   +480  
  16    28.96   24164.38   18   2e-01   2762    -407   +491    4e-01   2534    -343   +480    6e-01   2594    -316   +480  
  17    32.02   24150.26   21   2e-01   2828    -427   +493    5e-01   2644    -370   +480    5e-01   2738    -336   +480  
  18    35.10   24137.81   26   9e-02   2611    -433   +216    3e-01   2759    -365   +480    4e-01   2918    -300   +480  
  19    38.23   24128.22   27   1e-01   2509    -188   +86     3e-01   2953    -286   +480    5e-01   3132    -266   +480  
  20    41.43   24120.89   28   7e-02   2382    -139   +12     3e-01   3125    -307   +479    4e-01   3317    -295   +480  
  21    44.62   24114.44   30   1e-01   2545    -63    +226    3e-01   3386    -219   +480    4e-01   3583    -214   +480  
  22    47.86   24109.66   26   7e-02   2421    -191   +67     3e-01   3591    -275   +480    5e-01   3766    -297   +480  
  23    51.09   24104.21   26   9e-02   2336    -114   +29     3e-01   3708    -363   +480    4e-01   3931    -315   +480  
  24    54.36   24099.71   28   7e-02   2293    -56    +13     3e-01   3933    -254   +479    4e-01   4168    -243   +480  
  25    56.74   24096.31   28   7e-02   2293    -0     +0      3e-01   3933    -0     +0      4e-01   4168    -0     +0    
==========================================================================================================================
BOUNDING STOPPED: Gap to big!
==========================================================================================================================
Depth = 0, Bound = 24096.31, Best = 24076

Branching on x[72] = 0.50
Fixing x[72] = 0

**************************************************************************************************************************
                                               Node 2
**************************************************************************************************************************
Problem size 250
Fixed variables: (x[72],0)
==========================================================================================================================
starting bound     cut  triangles added  violation
      25527.97   24076              500       0.50
==========================================================================================================================
iter     time      bound  bdl   viol3  triag  purged   added   viol5  penta  purged   added   viol7  hepta  purged   added
==========================================================================================================================
   1    57.37   25274.40    5   4e-01    798    -202   +500   
   2    58.02   25105.06    7   4e-01   1041    -250   +493   
   3    58.75   24902.61    6   4e-01   1279    -261   +499   
   4    59.57   24788.88    7   4e-01   1506    -272   +499   
   5    60.48   24710.93    8   3e-01   1564    -442   +500   
   6    61.46   24605.19    6   3e-01   1779    -285   +500   
   7    63.14   24534.69   10   3e-01   1903    -376   +500    7e-01    480    -0     +480    8e-01    480    -0     +480  
   8    64.36   24440.30   10   3e-01   2012    -390   +499   
   9    66.32   24391.82   11   2e-01   2207    -305   +500    6e-01    866    -94    +480    7e-01    861    -99    +480  
  10    68.46   24335.51   13   2e-01   2239    -468   +500    6e-01   1130    -216   +480    7e-01   1164    -177   +480  
  11    70.64   24291.55   13   2e-01   2313    -425   +499    6e-01   1352    -258   +480    7e-01   1423    -221   +480  
  12    72.98   24250.57   17   2e-01   2354    -456   +497    6e-01   1535    -297   +480    6e-01   1641    -262   +480  
  13    75.46   24226.16   17   2e-01   2467    -379   +492    4e-01   1705    -310   +480    6e-01   1837    -284   +480  
  14    78.06   24189.87   16   1e-01   2647    -319   +499    5e-01   1918    -267   +480    6e-01   2076    -241   +480  
  15    80.85   24168.84   23   2e-01   2706    -435   +494    5e-01   2069    -329   +480    6e-01   2272    -284   +480  
  16    83.80   24152.59   21   1e-01   2754    -436   +484    4e-01   2233    -316   +480    5e-01   2476    -276   +480  
  17    86.78   24138.03   23   1e-01   2825    -409   +480    4e-01   2405    -308   +480    5e-01   2629    -327   +480  
  18    89.77   24123.96   23   1e-01   2989    -320   +484    4e-01   2620    -265   +480    5e-01   2877    -232   +480  
  19    92.92   24113.83   23   1e-01   2902    -464   +377    3e-01   2798    -302   +480    5e-01   3096    -261   +480  
  20    96.05   24107.98   28   9e-02   2585    -332   +15     4e-01   2943    -335   +480    4e-01   3283    -293   +480  
  21    99.16   24101.94   25   1e-01   2603    -89    +107    3e-01   3235    -188   +480    4e-01   3562    -201   +480  
  22   102.32   24096.69   26   8e-02   2524    -134   +55     3e-01   3380    -335   +480    4e-01   3741    -301   +480  
  23   105.56   24091.81   26   6e-02   2437    -95    +8      3e-01   3558    -301   +479    5e-01   3921    -300   +480  
  24   108.81   24089.04   26   9e-02   2500    -37    +100    3e-01   3801    -237   +480    5e-01   4162    -239   +480  
  25   112.21   24084.84   23   7e-02   2417    -99    +16     3e-01   3864    -417   +480    4e-01   4272    -370   +480  
  26   115.60   24082.95   28   7e-02   2384    -37    +4      2e-01   4014    -326   +476    4e-01   4447    -305   +480  
  27   118.99   24081.03   19   1e-01   2433    -17    +66     3e-01   4246    -248   +480    4e-01   4689    -238   +480  
  28   121.42   24079.87   21   1e-01   2433    -0     +0      3e-01   4246    -0     +0      4e-01   4689    -0     +0    
==========================================================================================================================
BOUNDING STOPPED: Gap to big!
==========================================================================================================================
Depth = 1, Bound = 24079.87, Best = 24076

Fixing x[72] = 1

**************************************************************************************************************************
                                               Node 3
**************************************************************************************************************************
Problem size 250
Fixed variables: (x[72],1)
==========================================================================================================================
starting bound     cut  triangles added  violation
      25506.82   24076              500       0.50
==========================================================================================================================
iter     time      bound  bdl   viol3  triag  purged   added   viol5  penta  purged   added   viol7  hepta  purged   added
==========================================================================================================================
   1   122.04   25238.15    4   4e-01    821    -177   +498   
   2   122.68   25051.88    7   4e-01    972    -346   +497   
   3   123.41   24899.76    5   4e-01   1248    -223   +499   
   4   124.24   24764.71    5   4e-01   1432    -315   +499   
   5   125.14   24671.41    9   3e-01   1536    -396   +500   
   6   126.13   24600.99   10   3e-01   1620    -416   +500   
   7   127.79   24541.14    9   3e-01   1764    -356   +500    7e-01    480    -0     +480    8e-01    480    -0     +480  
   8   128.98   24442.33   10   3e-01   1847    -417   +500   
   9   130.88   24408.80   13   2e-01   2005    -342   +500    7e-01    860    -100   +480    8e-01    898    -62    +480  
  10   132.96   24335.47    9   3e-01   2091    -414   +500    6e-01   1127    -213   +480    7e-01   1192    -186   +480  
  11   135.08   24289.06   13   2e-01   2127    -460   +496    6e-01   1315    -292   +480    7e-01   1401    -271   +480  
  12   137.42   24243.12   12   2e-01   2176    -449   +498    5e-01   1501    -294   +480    6e-01   1587    -294   +480  
  13   139.88   24219.55   17   2e-01   2257    -416   +497    5e-01   1655    -326   +480    6e-01   1777    -290   +480  
  14   142.49   24193.50   20   1e-01   2392    -358   +493    5e-01   1868    -267   +480    5e-01   1975    -282   +480  
  15   145.26   24162.56   18   2e-01   2494    -394   +496    5e-01   2115    -233   +480    6e-01   2227    -228   +480  
  16   148.19   24145.66   21   1e-01   2372    -465   +343    4e-01   2219    -376   +480    5e-01   2351    -356   +480  
  17   151.12   24129.44   22   1e-01   2446    -250   +324    3e-01   2433    -266   +480    5e-01   2543    -288   +480  
  18   154.18   24121.14   19   1e-01   2683    -243   +480    4e-01   2631    -282   +480    5e-01   2776    -247   +480  
  19   157.21   24108.27   20   9e-02   2567    -355   +239    4e-01   2782    -329   +480    5e-01   2948    -308   +480  
  20   160.28   24100.92   23   1e-01   2585    -231   +249    4e-01   2896    -366   +480    5e-01   3120    -308   +480  
  21   163.44   24094.78   25   1e-01   2518    -231   +164    4e-01   3039    -337   +480    6e-01   3259    -341   +480  
  22   166.58   24088.98   19   1e-01   2439    -159   +80     4e-01   3185    -334   +480    4e-01   3442    -297   +480  
  23   169.73   24085.20   27   8e-02   2343    -104   +8      3e-01   3314    -351   +480    4e-01   3611    -311   +480  
  24   172.97   24083.00   26   8e-02   2307    -46    +10     3e-01   3519    -274   +479    4e-01   3879    -211   +479  
  25   176.20   24081.53   20   8e-02   2305    -31    +29     3e-01   3682    -317   +480    5e-01   4092    -267   +480  
  26   179.53   24079.17   26   6e-02   2274    -38    +7      3e-01   3790    -368   +476    3e-01   4222    -349   +479  
  27   182.88   24078.25   16   1e-01   2631    -24    +381    4e-01   3963    -307   +480    5e-01   4427    -275   +480  
  28   186.52   24077.21   15   7e-02   2246    -388   +3      2e-01   4029    -403   +469    3e-01   4497    -410   +480  
  29   186.88   24076.95   10   7e-02   2246    -0     +0      2e-01   4029    -0     +0      3e-01   4497    -0     +0    
==========================================================================================================================
Prune!
==========================================================================================================================
Depth = 1, Bound = 24076.95, Best = 24076

Branching on x[208] = 0.37
Fixing x[208] = 0

**************************************************************************************************************************
                                               Node 4
**************************************************************************************************************************
Problem size 249
Fixed variables: (x[72],0) (x[208],0)
==========================================================================================================================
starting bound     cut  triangles added  violation
      25460.06   24076              500       0.50
==========================================================================================================================
iter     time      bound  bdl   viol3  triag  purged   added   viol5  penta  purged   added   viol7  hepta  purged   added
==========================================================================================================================
   1   187.51   25229.85    5   4e-01    790    -208   +498   
   2   188.12   24994.06    8   4e-01   1029    -261   +500   
   3   188.86   24860.80    6   4e-01   1253    -273   +497   
   4   189.67   24745.75    6   4e-01   1431    -322   +500   
   5   190.55   24670.28    9   3e-01   1543    -387   +499   
   6   191.53   24575.80    7   3e-01   1749    -294   +500   
   7   193.21   24506.25   10   3e-01   1844    -405   +500    8e-01    480    -0     +480    8e-01    480    -0     +480  
   8   194.95   24415.02    8   3e-01   1845    -499   +500    7e-01    799    -161   +480    8e-01    856    -104   +480  
   9   196.88   24341.94   11   3e-01   1908    -436   +499    6e-01   1097    -182   +480    8e-01   1178    -158   +480  
  10   198.92   24286.94   12   2e-01   1924    -483   +499    6e-01   1325    -252   +480    7e-01   1434    -224   +480  
  11   201.12   24241.41   14   2e-01   2040    -383   +499    6e-01   1500    -305   +480    6e-01   1632    -282   +480  
  12   203.50   24201.56   14   2e-01   2208    -332   +500    5e-01   1722    -258   +480    6e-01   1861    -251   +480  
  13   206.03   24170.97   18   1e-01   2285    -419   +496    4e-01   1852    -350   +480    5e-01   2015    -326   +480  
  14   208.69   24144.24   16   1e-01   2409    -375   +499    4e-01   2033    -299   +480    5e-01   2206    -289   +480  
  15   211.51   24123.08   15   2e-01   2576    -327   +494    4e-01   2250    -263   +480    5e-01   2424    -262   +480  
  16   214.51   24112.63   20   1e-01   2384    -477   +285    4e-01   2322    -408   +480    5e-01   2538    -366   +480  
  17   217.51   24101.77   18   1e-01   2646    -226   +488    4e-01   2533    -269   +480    5e-01   2786    -232   +480  
  18   220.60   24093.64   23   9e-02   2398    -418   +170    3e-01   2653    -360   +480    4e-01   2931    -335   +480  
  19   223.71   24086.74   18   1e-01   2528    -206   +336    4e-01   2817    -316   +480    4e-01   3118    -293   +480  
  20   226.97   24082.09   17   7e-02   2266    -295   +33     3e-01   2903    -394   +480    4e-01   3213    -385   +480  
  21   230.12   24079.87   15   1e-01   2634    -68    +436    4e-01   3031    -352   +480    5e-01   3387    -306   +480  
  22   233.42   24078.55   18   7e-02   2237    -418   +21     3e-01   3034    -477   +480    4e-01   3385    -482   +480  
  23   236.79   24077.54   10   1e-01   2233    -63    +59     4e-01   3065    -449   +480    5e-01   3467    -398   +480  
  24   237.15   24076.90   12   1e-01   2233    -0     +0      4e-01   3065    -0     +0      5e-01   3467    -0     +0    
==========================================================================================================================
Prune!
==========================================================================================================================
Depth = 2, Bound = 24076.90, Best = 24076

Fixing x[208] = 1

**************************************************************************************************************************
                                               Node 5
**************************************************************************************************************************
Problem size 249
Fixed variables: (x[72],0) (x[208],1)
==========================================================================================================================
starting bound     cut  triangles added  violation
      25512.98   24076              500       0.50
==========================================================================================================================
iter     time      bound  bdl   viol3  triag  purged   added   viol5  penta  purged   added   viol7  hepta  purged   added
==========================================================================================================================
   1   237.78   25266.52    5   4e-01    796    -204   +500   
   2   238.42   25098.55    6   4e-01   1069    -222   +495   
   3   239.16   24920.26    8   4e-01   1246    -322   +499   
   4   239.96   24820.97    6   4e-01   1487    -256   +497   
   5   240.88   24698.34    8   4e-01   1605    -382   +500   
   6   241.91   24621.51    9   3e-01   1722    -383   +500   
   7   243.59   24564.13    9   3e-01   1802    -420   +500    7e-01    480    -0     +480    8e-01    480    -0     +480  
   8   244.73   24475.87    9   3e-01   1931    -371   +500   
   9   246.62   24424.90   11   2e-01   1970    -461   +500    6e-01    837    -123   +480    7e-01    852    -108   +480  
  10   248.69   24352.99   12   3e-01   2033    -435   +498    6e-01   1148    -169   +480    7e-01   1169    -163   +480  
  11   250.77   24305.46   13   2e-01   2111    -420   +498    6e-01   1353    -275   +480    7e-01   1400    -249   +480  
  12   253.05   24262.37   12   2e-01   2141    -469   +499    6e-01   1493    -340   +480    7e-01   1580    -300   +480  
  13   255.48   24225.11   12   2e-01   2206    -432   +497    5e-01   1638    -335   +480    6e-01   1727    -333   +480  
  14   258.05   24205.00   19   1e-01   2227    -471   +492    5e-01   1804    -314   +480    6e-01   1894    -313   +480  
  15   260.75   24182.61   19   1e-01   2326    -392   +491    5e-01   1999    -285   +480    5e-01   2100    -274   +480  
  16   263.65   24159.10   21   1e-01   2450    -369   +493    4e-01   2176    -303   +480    6e-01   2278    -302   +480  
  17   266.60   24140.30   20   1e-01   2578    -362   +490    4e-01   2321    -335   +480    5e-01   2454    -304   +480  
  18   269.60   24130.68   23   1e-01   2638    -378   +438    3e-01   2529    -272   +480    5e-01   2715    -219   +480  
  19   272.68   24118.81   25   1e-01   2393    -334   +89     3e-01   2727    -282   +480    4e-01   2893    -302   +480  
  20   275.76   24108.19   27   8e-02   2321    -122   +50     3e-01   2991    -216   +480    4e-01   3136    -237   +480  
  21   278.90   24098.67   23   9e-02   2372    -93    +144    4e-01   3232    -239   +480    5e-01   3389    -227   +480  
  22   281.99   24093.15   24   9e-02   2315    -113   +56     3e-01   3401    -310   +479    5e-01   3576    -293   +480  
  23   285.12   24087.83   23   1e-01   2388    -92    +165    3e-01   3595    -286   +480    4e-01   3766    -290   +480  
  24   288.35   24083.64   22   8e-02   2250    -182   +44     3e-01   3734    -341   +480    3e-01   3908    -338   +480  
  25   291.55   24079.37   23   8e-02   2235    -58    +43     3e-01   3894    -320   +480    4e-01   4101    -287   +480  
  26   293.49   24076.93   26   8e-02   2235    -0     +0      3e-01   3894    -0     +0      4e-01   4101    -0     +0    
==========================================================================================================================
Prune!
==========================================================================================================================
Depth = 2, Bound = 24076.93, Best = 24076


Nodes = 5
Root node bound = 24096.306
Maximum value = 24076
Solution = ( 1 3 5 8 9 10 12 13 16 18 24 25 33 34 35 37 38 39 43 46 48 51 56 57 61 62 68 69 72 75 78 80 83 85 86 87 88 89 91 94 100 103 106 111 113 115 117 119 123 126 127 130 132 133 135 139 143 146 147 148 149 150 156 162 164 169 170 172 175 176 177 182 186 191 192 198 201 204 206 210 212 214 215 221 223 224 225 227 230 232 234 244 245 246 247 )
CPU time = 293.49 s

