Input file: ./Instances/biq2mc/be/be250.5.sparse.mc

Graph has 251 vertices and 3348 edges.

BiqBin parameters:
    init_bundle_iter = 5
     max_bundle_iter = 20
      min_outer_iter = 10
      max_outer_iter = 30
       violated_Ineq = 0.050000
             TriIneq = 500
         Pent_Trials = 160
        Hepta_Trials = 120
        include_Pent = 1
       include_Hepta = 1
                root = 0
            use_diff = 1
          time_limit = 0
   branchingStrategy = 1
      detailedOutput = 1

**************************************************************************************************************************
                                               Node 1
**************************************************************************************************************************
Problem size 251
Fixed variables:
Node 1 Feasible solution 20962
==========================================================================================================================
starting bound     cut  triangles added  violation
      22953.56   20962              500       0.50
==========================================================================================================================
iter     time      bound  bdl   viol3  triag  purged   added   viol5  penta  purged   added   viol7  hepta  purged   added
==========================================================================================================================
Node 1 Feasible solution 20965
   1     0.64   22554.20    4   4e-01    829    -171   +500   
Node 1 Feasible solution 21057
   2     1.34   22245.29    5   4e-01   1102    -226   +499   
   3     2.17   22118.38    7   4e-01   1331    -264   +493   
   4     3.13   21958.04    8   4e-01   1519    -312   +500   
   5     4.15   21858.11    9   3e-01   1660    -358   +499   
   6     5.25   21768.39    9   3e-01   1825    -335   +500   
   7     6.46   21697.64    8   3e-01   1989    -336   +500   
   8     8.27   21632.75    9   2e-01   2145    -344   +500    6e-01    480    -0     +480    7e-01    480    -0     +480  
   9    10.16   21535.08   11   2e-01   2308    -336   +499    6e-01    843    -117   +480    7e-01    832    -128   +480  
  10    12.20   21481.15   13   2e-01   2394    -413   +499    5e-01   1083    -240   +480    7e-01   1071    -241   +480  
  11    14.36   21413.76   10   3e-01   2498    -393   +497    6e-01   1313    -250   +480    6e-01   1264    -287   +480  
  12    16.67   21374.17   16   2e-01   2581    -411   +494    5e-01   1514    -279   +480    5e-01   1407    -337   +480  
  13    19.08   21337.10   20   2e-01   2689    -384   +492    5e-01   1692    -302   +480    5e-01   1563    -324   +480  
  14    21.62   21289.56   18   1e-01   2786    -392   +489    4e-01   1833    -339   +480    5e-01   1695    -348   +480  
  15    24.29   21256.21   21   1e-01   2972    -308   +494    4e-01   2059    -254   +480    5e-01   1899    -276   +480  
  16    27.10   21239.23   22   1e-01   3145    -304   +477    4e-01   2258    -281   +480    5e-01   2085    -292   +478  
  17    29.94   21222.23   24   9e-02   2996    -302   +153    3e-01   2448    -284   +474    5e-01   2260    -296   +471  
  18    32.84   21203.92   25   1e-01   2994    -181   +179    3e-01   2663    -263   +478    4e-01   2419    -318   +477  
  19    35.79   21184.77   26   1e-01   3240    -161   +407    4e-01   2879    -264   +480    4e-01   2611    -287   +479  
  20    38.10   21174.43   28   1e-01   3240    -0     +0      4e-01   2879    -0     +0      4e-01   2611    -0     +0    
==========================================================================================================================
BOUNDING STOPPED: Gap to big!
==========================================================================================================================
Depth = 0, Bound = 21174.43, Best = 21057

Branching on x[150] = 0.51
Fixing x[150] = 0

**************************************************************************************************************************
                                               Node 2
**************************************************************************************************************************
Problem size 250
Fixed variables: (x[150],0)
==========================================================================================================================
BOUNDING STOPPED: Gap to big!
==========================================================================================================================
Depth = 1, Bound = 22893.81, Best = 21057

Fixing x[150] = 1

**************************************************************************************************************************
                                               Node 3
**************************************************************************************************************************
Problem size 250
Fixed variables: (x[150],1)
==========================================================================================================================
BOUNDING STOPPED: Gap to big!
==========================================================================================================================
Depth = 1, Bound = 22915.73, Best = 21057

Branching on x[123] = 0.50
Fixing x[123] = 0

**************************************************************************************************************************
                                               Node 4
**************************************************************************************************************************
Problem size 249
Fixed variables: (x[123],0) (x[150],1)
==========================================================================================================================
BOUNDING STOPPED: Gap to big!
==========================================================================================================================
Depth = 2, Bound = 22878.25, Best = 21057

Fixing x[123] = 1

**************************************************************************************************************************
                                               Node 5
**************************************************************************************************************************
Problem size 249
Fixed variables: (x[123],1) (x[150],1)
==========================================================================================================================
BOUNDING STOPPED: Gap to big!
==========================================================================================================================
Depth = 2, Bound = 22882.89, Best = 21057

Branching on x[32] = 0.50
Fixing x[32] = 0

**************************************************************************************************************************
                                               Node 6
**************************************************************************************************************************
Problem size 249
Fixed variables: (x[32],0) (x[150],0)
==========================================================================================================================
starting bound     cut  triangles added  violation
      22829.67   21057              500       0.50
==========================================================================================================================
iter     time      bound  bdl   viol3  triag  purged   added   viol5  penta  purged   added   viol7  hepta  purged   added
==========================================================================================================================
   1    39.17   22459.97    4   4e-01    846    -154   +500   
   2    39.85   22156.00    5   4e-01   1168    -175   +497   
   3    40.63   22048.97    7   4e-01   1354    -313   +499   
   4    41.51   21849.81    8   4e-01   1552    -302   +500   
   5    43.00   21729.50    7   3e-01   1745    -298   +491    8e-01    480    -0     +480    8e-01    480    -0     +480  
   6    44.02   21579.11   10   3e-01   1932    -311   +498   
   7    45.66   21516.83    8   2e-01   2035    -397   +500    7e-01    822    -138   +480    8e-01    794    -166   +480  
   8    47.43   21440.51   12   2e-01   2141    -391   +497    6e-01   1054    -248   +480    7e-01    963    -311   +480  
   9    49.28   21362.38   15   2e-01   2223    -417   +499    5e-01   1236    -298   +480    6e-01   1134    -309   +480  
  10    51.25   21306.82   16   2e-01   2350    -365   +492    5e-01   1443    -273   +480    6e-01   1339    -275   +480  
  11    53.41   21261.02   15   2e-01   2466    -378   +494    5e-01   1641    -282   +480    5e-01   1550    -269   +480  
  12    55.67   21212.13   15   2e-01   2676    -285   +495    5e-01   1859    -262   +480    6e-01   1730    -300   +480  
  13    58.07   21180.76   18   2e-01   2785    -386   +495    4e-01   1998    -341   +480    6e-01   1856    -354   +480  
  14    60.55   21155.49   20   1e-01   2865    -393   +473    4e-01   2085    -392   +479    5e-01   1952    -384   +480  
  15    63.20   21133.37   20   1e-01   3025    -315   +475    4e-01   2272    -293   +480    5e-01   2152    -278   +478  
  16    66.01   21111.10   24   1e-01   3112    -391   +478    4e-01   2422    -330   +480    5e-01   2275    -356   +479  
  17    68.82   21095.75   21   1e-01   3232    -355   +475    4e-01   2559    -343   +480    5e-01   2444    -311   +480  
  18    71.67   21085.02   25   9e-02   2953    -346   +67     4e-01   2702    -337   +480    4e-01   2619    -303   +478  
  19    74.56   21068.97   29   9e-02   2889    -170   +106    3e-01   2866    -314   +478    4e-01   2801    -296   +478  
  20    77.45   21063.07   24   8e-02   2840    -114   +65     3e-01   3068    -274   +476    4e-01   2990    -286   +475  
  21    78.30   21057.37   26   8e-02   2840    -0     +0      3e-01   3068    -0     +0      4e-01   2990    -0     +0    
==========================================================================================================================
Prune!
==========================================================================================================================
Depth = 2, Bound = 21057.37, Best = 21057

Fixing x[32] = 1

**************************************************************************************************************************
                                               Node 7
**************************************************************************************************************************
Problem size 249
Fixed variables: (x[32],1) (x[150],0)
==========================================================================================================================
BOUNDING STOPPED: Gap to big!
==========================================================================================================================
Depth = 2, Bound = 22863.97, Best = 21057

Branching on x[236] = 0.50
Fixing x[236] = 0

**************************************************************************************************************************
                                               Node 8
**************************************************************************************************************************
Problem size 248
Fixed variables: (x[123],1) (x[150],1) (x[236],0)
==========================================================================================================================
BOUNDING STOPPED: Gap to big!
==========================================================================================================================
Depth = 3, Bound = 22842.32, Best = 21057

Fixing x[236] = 1

**************************************************************************************************************************
                                               Node 9
**************************************************************************************************************************
Problem size 248
Fixed variables: (x[123],1) (x[150],1) (x[236],1)
==========================================================================================================================
BOUNDING STOPPED: Gap to big!
==========================================================================================================================
Depth = 3, Bound = 22840.54, Best = 21057

Branching on x[81] = 0.50
Fixing x[81] = 0

**************************************************************************************************************************
                                               Node 10
**************************************************************************************************************************
Problem size 248
Fixed variables: (x[81],0) (x[123],0) (x[150],1)
==========================================================================================================================
starting bound     cut  triangles added  violation
      22815.89   21057              500       0.50
==========================================================================================================================
iter     time      bound  bdl   viol3  triag  purged   added   viol5  penta  purged   added   viol7  hepta  purged   added
==========================================================================================================================
   1    79.20   22399.49    5   4e-01    873    -127   +500   
   2    79.84   22122.57    5   4e-01   1176    -196   +499   
   3    80.59   21969.50    6   4e-01   1472    -202   +498   
   4    81.44   21796.71    6   3e-01   1633    -336   +497   
   5    82.39   21678.73    9   3e-01   1804    -325   +496   
   6    83.41   21558.00    9   3e-01   2063    -240   +499   
   7    85.03   21478.66   11   3e-01   2211    -350   +498    6e-01    480    -0     +480    8e-01    480    -0     +480  
   8    86.70   21383.49   11   2e-01   2271    -439   +499    6e-01    820    -140   +480    7e-01    831    -129   +480  
   9    88.45   21302.43   11   2e-01   2409    -361   +499    6e-01   1111    -189   +480    7e-01   1097    -214   +480  
  10    90.41   21245.10   15   2e-01   2510    -395   +496    6e-01   1327    -264   +480    7e-01   1324    -253   +480  
  11    92.45   21193.50   17   2e-01   2575    -432   +497    5e-01   1488    -319   +480    6e-01   1444    -360   +480  
  12    94.60   21148.69   16   2e-01   2732    -340   +497    5e-01   1664    -304   +480    5e-01   1582    -342   +480  
  13    96.89   21121.09   20   1e-01   2852    -367   +487    5e-01   1830    -313   +479    4e-01   1722    -338   +478  
  14    99.30   21082.71   17   2e-01   3036    -308   +492    5e-01   2055    -255   +480    6e-01   1902    -300   +480  
  15   101.05   21053.33   24   2e-01   3036    -0     +0      5e-01   2055    -0     +0      6e-01   1902    -0     +0    
==========================================================================================================================
Prune!
==========================================================================================================================
Depth = 3, Bound = 21053.33, Best = 21057

Fixing x[81] = 1

**************************************************************************************************************************
                                               Node 11
**************************************************************************************************************************
Problem size 248
Fixed variables: (x[81],1) (x[123],0) (x[150],1)
==========================================================================================================================
starting bound     cut  triangles added  violation
      22825.16   21057              500       0.50
==========================================================================================================================
iter     time      bound  bdl   viol3  triag  purged   added   viol5  penta  purged   added   viol7  hepta  purged   added
==========================================================================================================================
   1   101.66   22455.73    4   5e-01    791    -208   +499   
   2   102.28   22197.30    5   4e-01   1090    -200   +499   
   3   103.03   22010.52    5   4e-01   1427    -162   +499   
   4   103.87   21849.91    7   3e-01   1564    -363   +500   
   5   104.76   21712.19    8   3e-01   1772    -292   +500   
   6   106.30   21611.11   10   3e-01   1917    -355   +500    7e-01    480    -0     +480    8e-01    480    -0     +480  
   7   107.84   21502.12   10   3e-01   2039    -377   +499    7e-01    797    -163   +480    7e-01    816    -144   +480  
   8   109.53   21436.00   11   2e-01   2137    -400   +498    6e-01   1009    -268   +480    7e-01    997    -299   +480  
   9   111.35   21366.50   13   2e-01   2267    -368   +498    5e-01   1216    -273   +480    6e-01   1219    -257   +479  
  10   113.29   21299.42   14   2e-01   2451    -314   +498    5e-01   1432    -264   +480    6e-01   1407    -292   +480  
  11   115.33   21259.66   16   2e-01   2610    -333   +492    5e-01   1666    -246   +480    6e-01   1612    -275   +480  
  12   117.49   21222.29   19   2e-01   2655    -453   +498    4e-01   1719    -426   +479    5e-01   1641    -451   +480  
  13   119.85   21181.49   15   2e-01   2868    -285   +498    5e-01   1967    -232   +480    6e-01   1830    -291   +480  
  14   122.29   21163.38   21   1e-01   2959    -386   +477    4e-01   2129    -317   +479    5e-01   1959    -350   +479  
  15   124.86   21137.09   23   1e-01   3129    -310   +480    4e-01   2328    -280   +479    5e-01   2129    -310   +480  
  16   127.61   21118.59   18   1e-01   3269    -342   +482    4e-01   2491    -317   +480    5e-01   2313    -296   +480  
  17   130.32   21103.37   24   9e-02   3005    -359   +95     4e-01   2645    -324   +478    5e-01   2478    -309   +474  
  18   133.01   21089.53   27   7e-02   2874    -172   +41     3e-01   2890    -233   +478    4e-01   2707    -247   +476  
  19   135.81   21076.46   18   1e-01   3279    -79    +484    4e-01   3136    -234   +480    5e-01   2945    -242   +480  
  20   138.58   21067.51   27   7e-02   2940    -367   +28     3e-01   3207    -397   +468    4e-01   3045    -369   +469  
  21   141.39   21059.23   29   9e-02   2864    -96    +20     3e-01   3383    -295   +471    4e-01   3195    -312   +462  
  22   141.97   21056.95   30   9e-02   2864    -0     +0      3e-01   3383    -0     +0      4e-01   3195    -0     +0    
==========================================================================================================================
Prune!
==========================================================================================================================
Depth = 3, Bound = 21056.95, Best = 21057

Branching on x[41] = 0.50
Fixing x[41] = 0

**************************************************************************************************************************
                                               Node 12
**************************************************************************************************************************
Problem size 248
Fixed variables: (x[32],1) (x[41],0) (x[150],0)
==========================================================================================================================
starting bound     cut  triangles added  violation
      22820.13   21057              500       0.50
==========================================================================================================================
iter     time      bound  bdl   viol3  triag  purged   added   viol5  penta  purged   added   viol7  hepta  purged   added
==========================================================================================================================
   1   142.61   22406.69    4   5e-01    841    -159   +500   
   2   143.24   22169.31    6   4e-01   1062    -276   +497   
   3   144.04   21946.65    6   4e-01   1340    -222   +500   
   4   144.94   21811.95    7   4e-01   1533    -306   +499   
   5   146.39   21698.06    8   3e-01   1757    -274   +498    8e-01    480    -0     +480    8e-01    480    -0     +480  
   6   147.86   21588.68    9   3e-01   1894    -361   +498    7e-01    823    -137   +480    7e-01    814    -146   +480  
   7   149.43   21476.19    9   3e-01   2033    -361   +500    7e-01   1078    -225   +480    8e-01   1039    -255   +480  
   8   151.14   21412.46   10   2e-01   2101    -430   +498    6e-01   1262    -296   +480    7e-01   1183    -336   +480  
   9   153.01   21349.25   15   2e-01   2254    -343   +496    6e-01   1438    -304   +480    6e-01   1322    -341   +480  
  10   154.97   21302.48   15   2e-01   2395    -353   +494    5e-01   1639    -279   +480    5e-01   1467    -334   +479  
  11   157.09   21245.71   15   2e-01   2495    -396   +496    4e-01   1785    -334   +480    5e-01   1566    -380   +479  
  12   159.31   21204.41   14   2e-01   2717    -266   +488    5e-01   1986    -279   +480    6e-01   1727    -319   +480  
  13   161.67   21169.65   21   2e-01   2811    -387   +481    5e-01   2146    -320   +480    5e-01   1886    -320   +479  
  14   164.16   21147.40   17   1e-01   2931    -367   +487    4e-01   2303    -323   +480    5e-01   2055    -311   +480  
  15   166.81   21120.96   22   1e-01   2745    -355   +169    3e-01   2410    -369   +476    4e-01   2194    -337   +476  
  16   169.58   21098.75   23   1e-01   2833    -169   +257    3e-01   2665    -224   +479    4e-01   2425    -248   +479  
  17   172.42   21079.64   25   9e-02   2841    -175   +183    4e-01   2840    -305   +480    4e-01   2601    -304   +480  
  18   175.24   21069.23   22   1e-01   2747    -170   +76     3e-01   2970    -347   +477    4e-01   2786    -294   +479  
  19   178.01   21060.06   29   8e-02   2735    -103   +91     3e-01   3192    -258   +480    4e-01   2979    -284   +477  
  20   178.62   21054.98   29   8e-02   2735    -0     +0      3e-01   3192    -0     +0      4e-01   2979    -0     +0    
==========================================================================================================================
Prune!
==========================================================================================================================
Depth = 3, Bound = 21054.98, Best = 21057

Fixing x[41] = 1

**************************************************************************************************************************
                                               Node 13
**************************************************************************************************************************
Problem size 248
Fixed variables: (x[32],1) (x[41],1) (x[150],0)
==========================================================================================================================
starting bound     cut  triangles added  violation
      22817.63   21057              500       0.50
==========================================================================================================================
iter     time      bound  bdl   viol3  triag  purged   added   viol5  penta  purged   added   viol7  hepta  purged   added
==========================================================================================================================
   1   179.23   22422.65    4   4e-01    853    -147   +500   
   2   179.85   22192.42    7   4e-01   1120    -233   +500   
   3   180.66   22019.37    7   4e-01   1396    -223   +499   
   4   181.53   21882.38    6   4e-01   1554    -342   +500   
   5   182.98   21763.22    9   3e-01   1701    -352   +499    8e-01    480    -0     +480    8e-01    480    -0     +480  
   6   183.98   21621.01    8   3e-01   1880    -321   +500   
   7   185.57   21546.27    9   2e-01   2043    -334   +497    6e-01    838    -122   +480    7e-01    826    -134   +480  
   8   187.26   21460.50   10   3e-01   2220    -322   +499    7e-01   1114    -204   +480    7e-01   1071    -235   +480  
   9   189.11   21395.29   15   2e-01   2265    -453   +498    6e-01   1227    -367   +480    6e-01   1193    -358   +480  
  10   191.09   21323.80   11   2e-01   2416    -347   +498    6e-01   1469    -238   +480    7e-01   1376    -297   +480  
  11   193.28   21290.78   16   2e-01   2441    -468   +493    5e-01   1570    -379   +480    6e-01   1485    -371   +480  
  12   195.50   21252.94   20   2e-01   2544    -395   +498    4e-01   1704    -346   +480    6e-01   1600    -364   +479  
  13   197.88   21213.35   18   2e-01   2728    -308   +492    5e-01   1906    -278   +480    6e-01   1769    -311   +480  
  14   200.34   21189.84   20   1e-01   2858    -361   +491    4e-01   2074    -312   +480    5e-01   1951    -298   +480  
  15   202.97   21170.47   20   1e-01   2954    -378   +474    4e-01   2221    -333   +480    6e-01   2091    -340   +480  
  16   205.74   21146.51   20   1e-01   3085    -350   +481    4e-01   2375    -326   +480    5e-01   2236    -335   +480  
  17   208.49   21136.36   24   1e-01   2873    -335   +123    3e-01   2558    -297   +480    4e-01   2446    -270   +480  
  18   211.27   21125.39   22   1e-01   2817    -163   +107    4e-01   2765    -272   +479    5e-01   2673    -252   +479  
  19   214.09   21112.73   26   1e-01   2766    -123   +72     4e-01   2949    -293   +477    4e-01   2833    -311   +471  
  20   216.98   21105.32   23   1e-01   2813    -104   +151    4e-01   3188    -241   +480    4e-01   3069    -242   +478  
  21   219.88   21100.02   25   9e-02   2790    -120   +97     3e-01   3386    -281   +479    4e-01   3274    -275   +480  
  22   222.83   21093.49   22   9e-02   2735    -122   +67     3e-01   3494    -371   +479    4e-01   3407    -347   +480  
  23   225.72   21088.15   28   8e-02   2693    -68    +26     3e-01   3692    -279   +477    3e-01   3594    -285   +472  
  24   228.67   21083.14   30   5e-02   2637    -57    +1      3e-01   3876    -247   +431    3e-01   3761    -279   +446  
  25   230.91   21081.08   27   5e-02   2637    -0     +0      3e-01   3876    -0     +0      3e-01   3761    -0     +0    
==========================================================================================================================
BOUNDING STOPPED: Gap to big!
==========================================================================================================================
Depth = 3, Bound = 21081.08, Best = 21057

Branching on x[141] = 0.50
Fixing x[141] = 0

**************************************************************************************************************************
                                               Node 14
**************************************************************************************************************************
Problem size 247
Fixed variables: (x[123],1) (x[141],0) (x[150],1) (x[236],0)
==========================================================================================================================
starting bound     cut  triangles added  violation
      22782.37   21057              500       0.50
==========================================================================================================================
iter     time      bound  bdl   viol3  triag  purged   added   viol5  penta  purged   added   viol7  hepta  purged   added
==========================================================================================================================
   1   231.54   22402.87    4   5e-01    827    -173   +500   
   2   232.21   22135.06    6   4e-01   1099    -228   +500   
   3   232.97   21959.06    7   4e-01   1279    -320   +500   
   4   233.83   21802.06    8   3e-01   1479    -300   +500   
   5   234.77   21686.98    6   3e-01   1642    -336   +499   
   6   236.33   21600.48    8   3e-01   1899    -241   +498    7e-01    480    -0     +480    8e-01    480    -0     +480  
   7   237.96   21491.40    8   3e-01   2011    -388   +500    7e-01    784    -176   +480    7e-01    765    -195   +480  
   8   239.65   21388.62   10   2e-01   2140    -369   +498    6e-01   1046    -218   +480    7e-01    998    -247   +480  
   9   241.46   21331.29   15   2e-01   2206    -433   +499    6e-01   1253    -273   +480    7e-01   1187    -291   +480  
  10   243.47   21275.59   14   3e-01   2311    -393   +498    6e-01   1434    -299   +480    7e-01   1355    -312   +480  
  11   245.60   21227.15   18   2e-01   2383    -427   +499    5e-01   1545    -369   +480    6e-01   1463    -372   +480  
  12   247.78   21183.90   18   2e-01   2547    -324   +488    4e-01   1725    -300   +480    5e-01   1596    -347   +480  
  13   250.17   21153.91   17   1e-01   2689    -338   +480    4e-01   1895    -309   +479    4e-01   1754    -322   +480  
  14   252.65   21113.30   17   2e-01   2877    -302   +490    5e-01   2071    -304   +480    5e-01   1929    -305   +480  
  15   255.30   21084.06   20   1e-01   2972    -390   +485    5e-01   2240    -311   +480    5e-01   2073    -336   +480  
  16   257.99   21061.55   21   1e-01   3067    -387   +482    3e-01   2324    -396   +480    5e-01   2192    -360   +479  
  17   258.69   21053.34   26   1e-01   3067    -0     +0      3e-01   2324    -0     +0      5e-01   2192    -0     +0    
==========================================================================================================================
Prune!
==========================================================================================================================
Depth = 4, Bound = 21053.34, Best = 21057

Fixing x[141] = 1

**************************************************************************************************************************
                                               Node 15
**************************************************************************************************************************
Problem size 247
Fixed variables: (x[123],1) (x[141],1) (x[150],1) (x[236],0)
==========================================================================================================================
starting bound     cut  triangles added  violation
      22772.13   21057              500       0.50
==========================================================================================================================
iter     time      bound  bdl   viol3  triag  purged   added   viol5  penta  purged   added   viol7  hepta  purged   added
==========================================================================================================================
   1   259.30   22374.45    4   5e-01    812    -188   +500   
   2   259.94   22153.55    5   4e-01   1020    -292   +500   
   3   260.73   22030.89    8   4e-01   1197    -321   +498   
   4   261.62   21861.49    6   4e-01   1393    -304   +500   
   5   262.57   21741.47    8   3e-01   1613    -279   +499   
   6   264.20   21646.87    8   3e-01   1850    -261   +498    8e-01    480    -0     +480    8e-01    480    -0     +480  
   7   265.82   21536.51    7   3e-01   1956    -394   +500    7e-01    787    -173   +480    7e-01    782    -178   +480  
   8   267.57   21443.93   11   2e-01   2059    -396   +499    7e-01   1028    -239   +480    7e-01    984    -278   +480  
   9   269.46   21372.68   11   2e-01   2172    -381   +494    6e-01   1235    -273   +480    7e-01   1204    -260   +480  
  10   271.47   21306.07   12   2e-01   2285    -385   +498    6e-01   1419    -296   +480    7e-01   1386    -298   +480  
  11   273.61   21264.51   15   2e-01   2365    -414   +494    5e-01   1594    -305   +480    6e-01   1497    -369   +480  
  12   275.89   21225.53   15   2e-01   2502    -356   +493    6e-01   1798    -276   +480    6e-01   1685    -292   +480  
  13   278.34   21201.02   21   1e-01   2629    -367   +494    4e-01   1911    -367   +480    5e-01   1740    -425   +480  
  14   280.89   21164.94   20   1e-01   2730    -388   +489    5e-01   2077    -314   +480    6e-01   1919    -301   +480  
  15   283.52   21139.04   17   1e-01   2872    -342   +484    4e-01   2240    -317   +480    5e-01   2142    -257   +480  
  16   286.23   21126.00   20   1e-01   2791    -344   +263    3e-01   2433    -287   +480    5e-01   2353    -267   +478  
  17   288.96   21108.34   27   1e-01   3046    -220   +475    4e-01   2626    -287   +480    4e-01   2525    -308   +480  
  18   291.79   21095.73   26   8e-02   2836    -334   +124    3e-01   2786    -320   +480    5e-01   2675    -328   +478  
  19   294.55   21083.18   23   8e-02   2706    -173   +43     3e-01   2940    -321   +475    5e-01   2835    -315   +475  
  20   297.33   21074.83   27   1e-01   2763    -83    +140    4e-01   3178    -242   +480    5e-01   3078    -236   +479  
  21   300.14   21064.71   23   1e-01   2719    -147   +103    3e-01   3329    -328   +479    4e-01   3205    -349   +476  
  22   303.01   21060.55   21   8e-02   2647    -101   +29     3e-01   3522    -286   +479    4e-01   3373    -311   +479  
  23   303.31   21057.29   24   8e-02   2647    -0     +0      3e-01   3522    -0     +0      4e-01   3373    -0     +0    
==========================================================================================================================
Prune!
==========================================================================================================================
Depth = 4, Bound = 21057.29, Best = 21057

Branching on x[105] = 0.50
Fixing x[105] = 0

**************************************************************************************************************************
                                               Node 16
**************************************************************************************************************************
Problem size 247
Fixed variables: (x[105],0) (x[123],1) (x[150],1) (x[236],1)
==========================================================================================================================
starting bound     cut  triangles added  violation
      22782.57   21057              500       0.50
==========================================================================================================================
iter     time      bound  bdl   viol3  triag  purged   added   viol5  penta  purged   added   viol7  hepta  purged   added
==========================================================================================================================
   1   303.93   22340.44    4   5e-01    832    -168   +500   
   2   304.60   22113.10    7   4e-01   1087    -245   +500   
   3   305.40   21923.65    5   4e-01   1286    -301   +500   
   4   306.27   21781.60    7   3e-01   1500    -286   +500   
   5   307.21   21670.67    8   3e-01   1737    -263   +500   
   6   308.79   21573.25   10   3e-01   1920    -317   +500    7e-01    480    -0     +480    8e-01    480    -0     +480  
   7   310.39   21475.28    9   3e-01   2043    -373   +496    7e-01    803    -157   +480    8e-01    785    -175   +480  
   8   312.13   21394.38   11   2e-01   2102    -437   +496    6e-01   1037    -246   +480    7e-01    982    -283   +480  
   9   313.96   21314.86   13   3e-01   2207    -393   +498    7e-01   1224    -293   +480    6e-01   1145    -317   +480  
  10   315.94   21257.46   15   2e-01   2308    -396   +497    5e-01   1388    -316   +480    6e-01   1245    -380   +480  
  11   318.03   21201.33   14   2e-01   2430    -376   +498    5e-01   1600    -268   +480    6e-01   1436    -289   +480  
  12   320.24   21160.27   17   2e-01   2528    -400   +498    5e-01   1749    -331   +480    5e-01   1590    -326   +480  
  13   322.64   21132.53   19   2e-01   2686    -335   +493    4e-01   1893    -336   +480    5e-01   1727    -343   +480  
  14   325.11   21102.41   22   2e-01   2813    -356   +483    4e-01   2085    -287   +479    6e-01   1859    -348   +480  
  15   327.81   21081.33   21   2e-01   2989    -314   +490    4e-01   2274    -291   +480    5e-01   2057    -282   +480  
  16   329.87   21055.42   22   2e-01   2989    -0     +0      4e-01   2274    -0     +0      5e-01   2057    -0     +0    
==========================================================================================================================
Prune!
==========================================================================================================================
Depth = 4, Bound = 21055.42, Best = 21057

Fixing x[105] = 1

**************************************************************************************************************************
                                               Node 17
**************************************************************************************************************************
Problem size 247
Fixed variables: (x[105],1) (x[123],1) (x[150],1) (x[236],1)
==========================================================================================================================
starting bound     cut  triangles added  violation
      22790.92   21057              500       0.50
==========================================================================================================================
iter     time      bound  bdl   viol3  triag  purged   added   viol5  penta  purged   added   viol7  hepta  purged   added
==========================================================================================================================
   1   330.50   22400.24    5   4e-01    874    -126   +500   
   2   331.20   22124.66    5   4e-01   1200    -172   +498   
   3   331.99   21966.19    7   4e-01   1481    -218   +499   
   4   332.86   21799.67    6   3e-01   1610    -371   +500   
   5   333.82   21706.78    8   3e-01   1794    -313   +497   
   6   335.43   21614.32    8   3e-01   2006    -288   +500    8e-01    480    -0     +480    8e-01    480    -0     +480  
   7   337.09   21512.06    8   3e-01   2044    -460   +498    7e-01    791    -169   +480    8e-01    777    -183   +480  
   8   338.81   21433.31    9   3e-01   2211    -332   +499    7e-01   1099    -172   +480    7e-01   1092    -165   +480  
   9   340.63   21372.38   12   2e-01   2277    -432   +498    5e-01   1266    -313   +480    6e-01   1214    -358   +480  
  10   342.61   21314.46   14   2e-01   2345    -430   +498    5e-01   1468    -278   +480    6e-01   1394    -300   +480  
  11   344.74   21256.00   11   2e-01   2552    -287   +494    6e-01   1682    -266   +480    6e-01   1611    -263   +480  
  12   346.98   21227.86   19   1e-01   2600    -445   +493    4e-01   1805    -357   +480    5e-01   1720    -371   +480  
  13   349.32   21195.43   20   1e-01   2786    -294   +480    4e-01   1978    -307   +480    6e-01   1874    -325   +479  
  14   351.84   21162.68   16   2e-01   2901    -371   +486    5e-01   2139    -319   +480    5e-01   2017    -337   +480  
  15   354.50   21148.02   22   1e-01   3002    -376   +477    4e-01   2267    -351   +479    6e-01   2173    -323   +479  
  16   357.31   21120.08   19   1e-01   3160    -313   +471    4e-01   2426    -321   +480    5e-01   2321    -331   +479  
  17   360.20   21107.32   25   1e-01   2891    -411   +142    5e-01   2565    -341   +480    4e-01   2429    -371   +479  
  18   363.03   21093.85   24   1e-01   3198    -182   +489    4e-01   2790    -255   +480    5e-01   2660    -249   +480  
  19   365.94   21084.72   24   9e-02   2854    -411   +67     3e-01   2889    -380   +479    4e-01   2792    -347   +479  
  20   368.82   21075.69   27   8e-02   2823    -126   +95     4e-01   3115    -254   +480    5e-01   3017    -250   +475  
  21   371.67   21067.54   26   8e-02   2728    -112   +17     2e-01   3317    -270   +472    4e-01   3183    -310   +476  
  22   374.54   21059.37   28   9e-02   2692    -54    +18     3e-01   3486    -294   +463    4e-01   3387    -261   +465  
  23   375.41   21057.36   29   9e-02   2692    -0     +0      3e-01   3486    -0     +0      4e-01   3387    -0     +0    
==========================================================================================================================
Prune!
==========================================================================================================================
Depth = 4, Bound = 21057.36, Best = 21057

Branching on x[130] = 0.53
Fixing x[130] = 0

**************************************************************************************************************************
                                               Node 18
**************************************************************************************************************************
Problem size 247
Fixed variables: (x[32],1) (x[41],1) (x[130],0) (x[150],0)
==========================================================================================================================
starting bound     cut  triangles added  violation
      22737.81   21057              500       0.50
==========================================================================================================================
iter     time      bound  bdl   viol3  triag  purged   added   viol5  penta  purged   added   viol7  hepta  purged   added
==========================================================================================================================
   1   376.03   22334.55    4   4e-01    854    -145   +499   
   2   376.68   22082.46    5   4e-01   1166    -188   +500   
   3   377.47   21924.06    6   4e-01   1271    -395   +500   
   4   378.32   21808.34    7   4e-01   1476    -291   +496   
   5   379.27   21672.88    8   3e-01   1741    -233   +498   
   6   380.36   21588.17    7   3e-01   1873    -368   +500   
   7   382.03   21487.86    9   3e-01   2139    -234   +500    7e-01    480    -0     +480    8e-01    480    -0     +480  
   8   383.74   21412.82   10   2e-01   2259    -379   +499    6e-01    804    -156   +480    7e-01    783    -177   +480  
   9   385.60   21347.00    9   2e-01   2313    -445   +499    6e-01   1023    -261   +480    7e-01   1000    -263   +480  
  10   387.63   21291.42   12   3e-01   2440    -368   +495    6e-01   1263    -240   +480    7e-01   1246    -234   +480  
  11   389.79   21245.37   16   2e-01   2503    -432   +495    5e-01   1419    -324   +480    6e-01   1382    -344   +480  
  12   392.01   21205.68   16   2e-01   2598    -397   +492    5e-01   1611    -288   +480    6e-01   1561    -301   +480  
  13   394.45   21169.89   16   2e-01   2728    -365   +495    5e-01   1748    -343   +480    5e-01   1686    -355   +480  
  14   396.95   21151.02   20   1e-01   2795    -416   +483    4e-01   1954    -274   +480    5e-01   1855    -311   +480  
  15   399.61   21127.68   19   1e-01   2944    -340   +489    4e-01   2141    -293   +480    5e-01   2048    -287   +480  
  16   402.39   21115.38   16   1e-01   3020    -403   +479    3e-01   2259    -362   +480    5e-01   2204    -323   +479  
  17   405.14   21100.59   23   9e-02   2757    -388   +125    3e-01   2415    -323   +479    4e-01   2307    -375   +478  
  18   407.96   21090.39   22   1e-01   2809    -154   +206    4e-01   2664    -231   +480    4e-01   2541    -246   +480  
  19   410.82   21082.58   16   1e-01   3138    -161   +490    4e-01   2858    -286   +480    5e-01   2731    -290   +480  
  20   413.77   21076.55   24   7e-02   2752    -432   +46     3e-01   2924    -412   +478    5e-01   2801    -410   +480  
  21   416.73   21071.17   22   1e-01   2881    -127   +256    4e-01   3072    -332   +480    6e-01   3001    -280   +480  
  22   419.77   21067.15   18   8e-02   2686    -234   +39     3e-01   3136    -416   +480    4e-01   3112    -368   +479  
  23   422.84   21065.01   16   1e-01   3091    -79    +484    4e-01   3275    -341   +480    5e-01   3293    -299   +480  
  24   425.98   21061.56   18   9e-02   2651    -446   +6      3e-01   3333    -416   +474    4e-01   3362    -409   +478  
  25   429.06   21060.58   15   1e-01   2773    -41    +163    4e-01   3517    -296   +480    5e-01   3567    -275   +480  
  26   432.20   21059.06   11   1e-01   3118    -151   +496    4e-01   3556    -441   +480    5e-01   3635    -412   +480  
  27   435.39   21058.70   11   9e-02   3029    -480   +391    4e-01   3535    -501   +480    4e-01   3634    -481   +480  
  28   436.64   21057.82    9   9e-02   3029    -0     +0      4e-01   3535    -0     +0      4e-01   3634    -0     +0    
==========================================================================================================================
Prune!
==========================================================================================================================
Depth = 4, Bound = 21057.82, Best = 21057

Fixing x[130] = 1

**************************************************************************************************************************
                                               Node 19
**************************************************************************************************************************
Problem size 247
Fixed variables: (x[32],1) (x[41],1) (x[130],1) (x[150],0)
==========================================================================================================================
starting bound     cut  triangles added  violation
      22797.18   21057              500       0.50
==========================================================================================================================
iter     time      bound  bdl   viol3  triag  purged   added   viol5  penta  purged   added   viol7  hepta  purged   added
==========================================================================================================================
   1   437.28   22374.45    4   5e-01    859    -141   +500   
   2   437.92   22120.08    6   4e-01   1105    -254   +500   
   3   438.70   21982.97    7   4e-01   1364    -240   +499   
   4   439.57   21815.89    8   4e-01   1591    -273   +500   
   5   440.55   21697.08   10   3e-01   1730    -360   +499   
   6   441.62   21610.18   10   3e-01   1880    -349   +499   
   7   443.30   21537.78   11   2e-01   2135    -244   +499    7e-01    480    -0     +480    8e-01    480    -0     +480  
   8   445.04   21455.52   11   3e-01   2242    -392   +499    6e-01    808    -152   +480    7e-01    809    -151   +480  
   9   446.82   21394.84   13   2e-01   2335    -402   +495    6e-01   1061    -227   +480    7e-01   1046    -243   +480  
  10   448.80   21330.34   13   2e-01   2363    -472   +500    5e-01   1233    -308   +480    6e-01   1198    -328   +480  
  11   450.88   21285.84   16   2e-01   2505    -352   +494    5e-01   1463    -250   +480    6e-01   1398    -280   +480  
  12   453.12   21242.87   20   2e-01   2541    -463   +499    4e-01   1597    -346   +480    5e-01   1507    -371   +480  
  13   455.48   21210.59   18   2e-01   2654    -365   +478    4e-01   1774    -303   +480    6e-01   1715    -272   +480  
  14   458.09   21175.98   21   1e-01   2758    -385   +489    5e-01   1930    -324   +480    5e-01   1840    -354   +479  
  15   460.78   21152.97   21   1e-01   2843    -398   +483    4e-01   2089    -321   +480    5e-01   2045    -275   +480  
  16   463.54   21128.17   18   1e-01   2950    -377   +484    4e-01   2242    -327   +480    6e-01   2216    -309   +480  
  17   466.34   21119.05   22   1e-01   2691    -348   +89     3e-01   2403    -318   +479    4e-01   2402    -292   +478  
  18   469.18   21107.04   27   1e-01   2625    -155   +89     4e-01   2615    -267   +479    5e-01   2546    -332   +476  
  19   472.09   21095.07   23   1e-01   2591    -124   +90     3e-01   2831    -260   +476    4e-01   2773    -251   +478  
  20   475.01   21086.89   22   9e-02   2526    -112   +47     3e-01   3033    -277   +479    4e-01   2960    -288   +475  
  21   477.92   21081.02   23   9e-02   2479    -66    +19     3e-01   3220    -281   +468    4e-01   3146    -281   +467  
  22   480.87   21073.75   29   8e-02   2419    -67    +7      2e-01   3395    -287   +462    3e-01   3324    -287   +465  
  23   483.80   21070.05   19   1e-01   2816    -29    +426    4e-01   3624    -251   +480    5e-01   3561    -243   +480  
  24   486.83   21065.56   21   1e-01   2689    -327   +200    4e-01   3684    -420   +480    5e-01   3692    -349   +480  
  25   489.95   21061.73   16   2e-01   2966    -217   +494    5e-01   3756    -408   +480    6e-01   3791    -381   +480  
  26   493.11   21059.68   19   1e-01   2783    -481   +298    4e-01   3838    -398   +480    6e-01   3902    -369   +480  
  27   494.40   21057.26   21   1e-01   2783    -0     +0      4e-01   3838    -0     +0      6e-01   3902    -0     +0    
==========================================================================================================================
Prune!
==========================================================================================================================
Depth = 4, Bound = 21057.26, Best = 21057


Nodes = 19
Root node bound = 21174.435
Maximum value = 21057
Solution = ( 2 3 4 5 6 8 9 10 11 12 14 22 26 27 30 31 33 38 39 40 41 42 43 45 48 49 50 52 53 56 59 65 66 67 71 72 73 76 77 78 79 82 83 85 86 87 88 89 91 92 93 94 95 98 99 100 101 104 106 108 110 111 112 117 118 123 125 126 128 129 133 134 136 138 139 142 143 144 145 146 147 148 149 150 154 155 157 159 161 162 163 166 169 172 174 175 176 177 178 181 182 184 185 186 187 189 190 191 192 195 198 199 200 201 204 205 207 209 210 212 213 214 216 217 218 220 222 223 224 225 226 228 231 234 236 238 239 240 241 244 247 250 )
CPU time = 494.40 s

