Input file: ./Instances/biq2mc/be/be250.9.sparse.mc

Graph has 251 vertices and 3280 edges.

BiqBin parameters:
    init_bundle_iter = 5
     max_bundle_iter = 20
      min_outer_iter = 10
      max_outer_iter = 30
       violated_Ineq = 0.050000
             TriIneq = 500
         Pent_Trials = 160
        Hepta_Trials = 120
        include_Pent = 1
       include_Hepta = 1
                root = 0
            use_diff = 1
          time_limit = 0
   branchingStrategy = 1
      detailedOutput = 1

**************************************************************************************************************************
                                               Node 1
**************************************************************************************************************************
Problem size 251
Fixed variables:
Node 1 Feasible solution 19970
==========================================================================================================================
starting bound     cut  triangles added  violation
      21890.78   19970              500       0.49
==========================================================================================================================
iter     time      bound  bdl   viol3  triag  purged   added   viol5  penta  purged   added   viol7  hepta  purged   added
==========================================================================================================================
   1     0.83   21487.54    5   4e-01    842    -158   +500   
Node 1 Feasible solution 20023
   2     1.50   21246.65    5   4e-01   1120    -210   +488   
   3     2.32   21117.21    5   4e-01   1392    -227   +499   
   4     3.22   20960.32    6   4e-01   1536    -356   +500   
Node 1 Feasible solution 20025
   5     4.23   20860.05    8   4e-01   1733    -301   +498   
Node 1 Feasible solution 20051
   6     5.30   20758.69    8   3e-01   1867    -366   +500   
   7     6.45   20688.85    8   3e-01   1973    -393   +499   
   8     8.21   20602.53   11   2e-01   2182    -291   +500    6e-01    480    -0     +480    8e-01    480    -0     +480  
   9    10.15   20503.31   11   3e-01   2308    -374   +500    7e-01    817    -143   +480    7e-01    844    -116   +480  
  10    12.20   20457.79   15   2e-01   2431    -373   +496    5e-01   1135    -162   +480    6e-01   1139    -185   +480  
  11    14.37   20389.07   14   2e-01   2588    -338   +495    7e-01   1417    -198   +480    7e-01   1407    -212   +480  
  12    16.67   20338.96   14   2e-01   2620    -462   +494    4e-01   1563    -334   +480    5e-01   1592    -295   +480  
  13    19.06   20296.85   19   2e-01   2747    -364   +491    4e-01   1729    -314   +480    5e-01   1742    -330   +480  
  14    21.65   20267.42   19   1e-01   2898    -339   +490    4e-01   1954    -255   +480    6e-01   1982    -240   +480  
  15    24.40   20234.56   21   2e-01   2986    -401   +489    4e-01   2118    -316   +480    5e-01   2159    -302   +479  
  16    27.33   20217.44   28   1e-01   3067    -395   +476    3e-01   2309    -288   +479    4e-01   2349    -290   +480  
  17    30.27   20200.44   26   1e-01   3274    -275   +482    3e-01   2541    -248   +480    5e-01   2559    -270   +480  
  18    33.20   20184.66   29   8e-02   2995    -358   +79     3e-01   2668    -352   +479    3e-01   2684    -354   +479  
  19    36.11   20171.06   26   1e-01   3240    -131   +376    3e-01   2935    -213   +480    5e-01   2951    -213   +480  
  20    39.09   20160.06   24   1e-01   3125    -278   +163    3e-01   3121    -294   +480    4e-01   3112    -319   +480  
  21    41.46   20151.28   30   1e-01   3125    -0     +0      3e-01   3121    -0     +0      4e-01   3112    -0     +0    
==========================================================================================================================
BOUNDING STOPPED: Gap to big!
==========================================================================================================================
Depth = 0, Bound = 20151.28, Best = 20051

Branching on x[115] = 0.50
Fixing x[115] = 0

**************************************************************************************************************************
                                               Node 2
**************************************************************************************************************************
Problem size 250
Fixed variables: (x[115],0)
==========================================================================================================================
BOUNDING STOPPED: Gap to big!
==========================================================================================================================
Depth = 1, Bound = 21860.28, Best = 20051

Fixing x[115] = 1

**************************************************************************************************************************
                                               Node 3
**************************************************************************************************************************
Problem size 250
Fixed variables: (x[115],1)
==========================================================================================================================
BOUNDING STOPPED: Gap to big!
==========================================================================================================================
Depth = 1, Bound = 21863.79, Best = 20051

Branching on x[206] = 0.50
Fixing x[206] = 0

**************************************************************************************************************************
                                               Node 4
**************************************************************************************************************************
Problem size 249
Fixed variables: (x[115],1) (x[206],0)
==========================================================================================================================
BOUNDING STOPPED: Gap to big!
==========================================================================================================================
Depth = 2, Bound = 21792.56, Best = 20051

Fixing x[206] = 1

**************************************************************************************************************************
                                               Node 5
**************************************************************************************************************************
Problem size 249
Fixed variables: (x[115],1) (x[206],1)
==========================================================================================================================
BOUNDING STOPPED: Gap to big!
==========================================================================================================================
Depth = 2, Bound = 21797.86, Best = 20051

Branching on x[227] = 0.50
Fixing x[227] = 0

**************************************************************************************************************************
                                               Node 6
**************************************************************************************************************************
Problem size 249
Fixed variables: (x[115],0) (x[227],0)
==========================================================================================================================
BOUNDING STOPPED: Gap to big!
==========================================================================================================================
Depth = 2, Bound = 21803.42, Best = 20051

Fixing x[227] = 1

**************************************************************************************************************************
                                               Node 7
**************************************************************************************************************************
Problem size 249
Fixed variables: (x[115],0) (x[227],1)
==========================================================================================================================
BOUNDING STOPPED: Gap to big!
==========================================================================================================================
Depth = 2, Bound = 21792.28, Best = 20051

Branching on x[51] = 0.49
Fixing x[51] = 0

**************************************************************************************************************************
                                               Node 8
**************************************************************************************************************************
Problem size 248
Fixed variables: (x[51],0) (x[115],0) (x[227],0)
==========================================================================================================================
starting bound     cut  triangles added  violation
      21749.93   20051              500       0.50
==========================================================================================================================
iter     time      bound  bdl   viol3  triag  purged   added   viol5  penta  purged   added   viol7  hepta  purged   added
==========================================================================================================================
   1    42.73   21401.22    4   5e-01    809    -191   +500   
   2    43.35   21140.39    7   4e-01   1093    -216   +500   
   3    44.03   20958.52    5   4e-01   1322    -271   +500   
   4    44.85   20862.89    8   4e-01   1507    -315   +500   
   5    45.74   20737.65    9   3e-01   1646    -361   +500   
   6    46.79   20652.23    8   3e-01   1922    -224   +500   
   7    48.43   20584.64   10   3e-01   2050    -372   +500    7e-01    480    -0     +480    8e-01    480    -0     +480  
   8    50.17   20475.86   10   2e-01   2138    -411   +499    7e-01    854    -106   +480    7e-01    878    -82    +480  
   9    52.05   20403.75   11   2e-01   2204    -434   +500    6e-01   1102    -232   +480    7e-01   1120    -238   +480  
  10    54.02   20343.62   14   2e-01   2261    -443   +500    6e-01   1327    -255   +480    7e-01   1332    -268   +480  
  11    56.11   20303.68   15   2e-01   2389    -367   +495    6e-01   1553    -254   +480    6e-01   1564    -248   +480  
  12    58.32   20261.84   19   2e-01   2465    -421   +497    5e-01   1680    -353   +480    6e-01   1706    -338   +480  
  13    60.62   20225.46   19   2e-01   2578    -370   +483    5e-01   1881    -279   +480    6e-01   1914    -272   +480  
  14    63.13   20197.66   19   2e-01   2668    -399   +489    5e-01   2028    -333   +480    6e-01   2055    -339   +480  
  15    65.76   20173.02   21   1e-01   2812    -353   +497    4e-01   2209    -299   +480    6e-01   2226    -309   +480  
  16    68.51   20153.02   26   1e-01   2911    -382   +481    3e-01   2322    -367   +480    5e-01   2397    -309   +480  
  17    71.27   20135.16   23   1e-01   3033    -333   +455    3e-01   2526    -276   +480    4e-01   2581    -296   +480  
  18    74.03   20120.39   22   1e-01   3214    -303   +484    3e-01   2719    -287   +480    5e-01   2806    -255   +480  
  19    76.91   20108.71   24   9e-02   2898    -391   +75     3e-01   2891    -308   +480    5e-01   3014    -271   +479  
  20    79.79   20101.62   26   7e-02   2814    -128   +44     3e-01   3114    -256   +479    4e-01   3217    -277   +480  
  21    82.69   20091.46   26   1e-01   2939    -110   +235    4e-01   3326    -268   +480    5e-01   3384    -313   +480  
  22    85.60   20085.51   30   7e-02   2780    -170   +11     3e-01   3509    -294   +477    4e-01   3556    -305   +477  
  23    88.58   20079.64   27   1e-01   2835    -78    +133    3e-01   3736    -253   +480    4e-01   3770    -266   +480  
  24    91.59   20074.57   26   6e-02   2717    -131   +13     2e-01   3843    -363   +470    4e-01   3903    -341   +474  
  25    93.76   20071.08   29   6e-02   2717    -0     +0      2e-01   3843    -0     +0      4e-01   3903    -0     +0    
==========================================================================================================================
BOUNDING STOPPED: Gap to big!
==========================================================================================================================
Depth = 3, Bound = 20071.08, Best = 20051

Fixing x[51] = 1

**************************************************************************************************************************
                                               Node 9
**************************************************************************************************************************
Problem size 248
Fixed variables: (x[51],1) (x[115],0) (x[227],0)
==========================================================================================================================
starting bound     cut  triangles added  violation
      21737.16   20051              500       0.50
==========================================================================================================================
iter     time      bound  bdl   viol3  triag  purged   added   viol5  penta  purged   added   viol7  hepta  purged   added
==========================================================================================================================
   1    94.36   21363.12    4   5e-01    811    -189   +500   
   2    94.99   21122.32    7   4e-01   1155    -155   +499   
   3    95.71   20962.68    6   4e-01   1349    -306   +500   
   4    96.54   20815.25    7   3e-01   1563    -285   +499   
   5    97.47   20716.50    9   3e-01   1731    -332   +500   
   6    98.45   20602.60    9   3e-01   1936    -295   +500   
   7   100.08   20539.63   10   3e-01   2084    -348   +496    7e-01    480    -0     +480    8e-01    480    -0     +480  
   8   101.77   20439.54    7   3e-01   2250    -332   +498    7e-01    821    -139   +480    8e-01    853    -107   +480  
   9   103.62   20379.95   11   2e-01   2327    -420   +497    5e-01   1050    -251   +480    6e-01   1089    -244   +480  
  10   105.56   20303.95   14   2e-01   2447    -376   +496    5e-01   1309    -221   +480    6e-01   1323    -246   +480  
  11   107.66   20253.96   16   2e-01   2570    -373   +496    6e-01   1529    -260   +480    6e-01   1531    -272   +480  
  12   109.90   20211.57   16   2e-01   2633    -429   +492    5e-01   1713    -296   +480    6e-01   1732    -279   +480  
  13   112.23   20170.34   18   2e-01   2771    -356   +494    5e-01   1883    -310   +480    6e-01   1939    -273   +480  
  14   114.72   20148.27   20   1e-01   2879    -382   +490    4e-01   2050    -313   +480    5e-01   2142    -277   +480  
  15   117.29   20125.62   22   1e-01   3030    -331   +482    5e-01   2273    -257   +480    5e-01   2351    -271   +480  
  16   119.98   20103.83   26   1e-01   2870    -421   +261    4e-01   2373    -379   +479    5e-01   2409    -421   +479  
  17   122.72   20087.38   25   1e-01   2998    -182   +310    4e-01   2610    -243   +480    4e-01   2645    -243   +479  
  18   125.53   20066.29   23   1e-01   3268    -208   +478    4e-01   2829    -261   +480    5e-01   2859    -266   +480  
  19   128.35   20053.57   22   1e-01   3241    -348   +321    4e-01   2953    -356   +480    5e-01   3005    -334   +480  
  20   129.36   20049.55   26   1e-01   3241    -0     +0      4e-01   2953    -0     +0      5e-01   3005    -0     +0    
==========================================================================================================================
Prune!
==========================================================================================================================
Depth = 3, Bound = 20049.55, Best = 20051

Branching on x[151] = 0.49
Fixing x[151] = 0

**************************************************************************************************************************
                                               Node 10
**************************************************************************************************************************
Problem size 248
Fixed variables: (x[115],1) (x[151],0) (x[206],1)
==========================================================================================================================
starting bound     cut  triangles added  violation
      21718.31   20051              500       0.50
==========================================================================================================================
iter     time      bound  bdl   viol3  triag  purged   added   viol5  penta  purged   added   viol7  hepta  purged   added
==========================================================================================================================
   1   129.95   21321.99    4   4e-01    842    -158   +500   
   2   130.56   21077.66    8   4e-01   1074    -265   +497   
   3   131.31   20877.85    5   5e-01   1335    -239   +500   
   4   132.16   20756.64    7   3e-01   1464    -370   +499   
   5   133.06   20632.73    7   4e-01   1729    -235   +500   
   6   134.01   20543.68    9   3e-01   1927    -300   +498   
   7   135.54   20435.35    8   3e-01   2125    -300   +498    7e-01    480    -0     +480    8e-01    480    -0     +480  
   8   137.19   20358.82   12   2e-01   2184    -441   +500    6e-01    823    -137   +480    7e-01    828    -132   +480  
   9   139.05   20279.05   13   3e-01   2246    -438   +500    6e-01   1097    -206   +480    7e-01   1110    -198   +480  
  10   140.99   20214.59   14   2e-01   2432    -312   +498    5e-01   1368    -209   +480    6e-01   1336    -254   +480  
  11   143.02   20165.97   16   2e-01   2618    -306   +492    5e-01   1591    -257   +480    6e-01   1565    -251   +480  
  12   145.23   20121.14   16   2e-01   2780    -336   +498    5e-01   1785    -286   +480    6e-01   1683    -362   +480  
  13   147.54   20085.40   16   2e-01   2903    -369   +492    5e-01   1976    -289   +480    6e-01   1861    -302   +480  
  14   149.25   20051.66   22   2e-01   2903    -0     +0      5e-01   1976    -0     +0      6e-01   1861    -0     +0    
==========================================================================================================================
Prune!
==========================================================================================================================
Depth = 3, Bound = 20051.66, Best = 20051

Fixing x[151] = 1

**************************************************************************************************************************
                                               Node 11
**************************************************************************************************************************
Problem size 248
Fixed variables: (x[115],1) (x[151],1) (x[206],1)
==========================================================================================================================
starting bound     cut  triangles added  violation
      21732.56   20051              500       0.50
==========================================================================================================================
iter     time      bound  bdl   viol3  triag  purged   added   viol5  penta  purged   added   viol7  hepta  purged   added
==========================================================================================================================
   1   149.85   21404.99    4   4e-01    818    -182   +500   
   2   150.52   21216.63    5   4e-01   1103    -212   +497   
   3   151.23   20975.08    7   4e-01   1262    -341   +500   
   4   152.07   20843.49    7   4e-01   1465    -296   +499   
   5   152.97   20740.34    7   4e-01   1756    -208   +499   
   6   153.94   20656.36   10   3e-01   1851    -405   +500   
   7   155.50   20559.53    8   3e-01   2054    -297   +500    7e-01    480    -0     +480    8e-01    480    -0     +480  
   8   157.17   20480.47    9   2e-01   2170    -384   +500    7e-01    799    -161   +480    7e-01    836    -124   +480  
   9   158.99   20409.96   13   2e-01   2251    -418   +499    6e-01   1041    -238   +480    7e-01   1105    -211   +480  
  10   160.93   20338.00   12   3e-01   2286    -462   +497    6e-01   1239    -282   +480    7e-01   1291    -294   +480  
  11   162.99   20284.15   17   2e-01   2375    -411   +500    6e-01   1401    -318   +480    6e-01   1461    -310   +480  
  12   165.21   20242.00   16   2e-01   2440    -434   +499    4e-01   1570    -311   +480    5e-01   1640    -301   +480  
  13   167.55   20205.37   19   2e-01   2593    -342   +495    4e-01   1813    -237   +480    5e-01   1887    -233   +480  
  14   170.04   20170.96   20   1e-01   2734    -349   +490    5e-01   2025    -268   +480    5e-01   2095    -272   +480  
  15   172.64   20142.93   23   2e-01   2852    -374   +492    4e-01   2187    -318   +480    4e-01   2254    -321   +480  
  16   175.34   20123.13   22   1e-01   2995    -333   +476    4e-01   2338    -329   +480    4e-01   2396    -338   +480  
  17   178.06   20101.78   23   1e-01   3141    -328   +474    4e-01   2554    -264   +480    5e-01   2639    -237   +480  
  18   180.83   20088.43   23   1e-01   3188    -349   +396    4e-01   2674    -360   +480    5e-01   2817    -302   +480  
  19   183.61   20076.10   26   9e-02   2943    -297   +52     4e-01   2866    -287   +479    4e-01   2949    -348   +480  
  20   186.41   20061.42   26   1e-01   3070    -110   +237    3e-01   3075    -271   +480    4e-01   3114    -315   +480  
  21   189.24   20057.55   26   8e-02   2938    -168   +36     3e-01   3296    -259   +480    4e-01   3340    -254   +480  
  22   190.61   20048.79   26   8e-02   2938    -0     +0      3e-01   3296    -0     +0      4e-01   3340    -0     +0    
==========================================================================================================================
Prune!
==========================================================================================================================
Depth = 3, Bound = 20048.79, Best = 20051

Branching on x[174] = 0.50
Fixing x[174] = 0

**************************************************************************************************************************
                                               Node 12
**************************************************************************************************************************
Problem size 248
Fixed variables: (x[115],1) (x[174],0) (x[206],0)
==========================================================================================================================
starting bound     cut  triangles added  violation
      21744.64   20051              500       0.49
==========================================================================================================================
iter     time      bound  bdl   viol3  triag  purged   added   viol5  penta  purged   added   viol7  hepta  purged   added
==========================================================================================================================
   1   191.18   21355.12    5   4e-01    859    -140   +499   
   2   191.82   21071.58    5   4e-01   1135    -224   +500   
   3   192.57   20921.60    7   4e-01   1254    -379   +498   
   4   193.38   20773.41    8   3e-01   1469    -285   +500   
   5   194.30   20676.98    8   3e-01   1622    -345   +498   
   6   195.29   20555.08    7   3e-01   1892    -230   +500   
   7   196.88   20489.63   10   3e-01   2056    -336   +500    7e-01    480    -0     +480    8e-01    480    -0     +480  
   8   198.61   20400.56   11   2e-01   2173    -383   +500    7e-01    844    -116   +480    7e-01    867    -93    +480  
   9   200.40   20331.57   13   2e-01   2255    -417   +499    6e-01   1096    -228   +480    7e-01   1123    -224   +480  
  10   202.33   20282.22   13   2e-01   2371    -382   +498    5e-01   1358    -218   +480    6e-01   1383    -220   +480  
  11   204.41   20226.70   13   2e-01   2533    -334   +496    5e-01   1555    -283   +480    6e-01   1550    -313   +480  
  12   206.63   20186.11   18   2e-01   2698    -332   +497    4e-01   1737    -298   +480    6e-01   1747    -283   +480  
  13   208.95   20148.97   20   2e-01   2849    -343   +494    5e-01   1928    -289   +480    6e-01   1913    -314   +480  
  14   211.44   20116.28   19   1e-01   2978    -362   +491    4e-01   2123    -285   +480    5e-01   2112    -281   +480  
  15   214.08   20100.24   21   1e-01   3087    -376   +485    4e-01   2263    -340   +480    4e-01   2220    -372   +480  
  16   216.85   20078.04   26   1e-01   3255    -315   +483    4e-01   2459    -284   +480    5e-01   2397    -303   +480  
  17   219.65   20059.51   22   1e-01   3272    -347   +364    4e-01   2626    -312   +479    5e-01   2579    -298   +480  
  18   220.63   20051.51   26   1e-01   3272    -0     +0      4e-01   2626    -0     +0      5e-01   2579    -0     +0    
==========================================================================================================================
Prune!
==========================================================================================================================
Depth = 3, Bound = 20051.51, Best = 20051

Fixing x[174] = 1

**************************************************************************************************************************
                                               Node 13
**************************************************************************************************************************
Problem size 248
Fixed variables: (x[115],1) (x[174],1) (x[206],0)
==========================================================================================================================
starting bound     cut  triangles added  violation
      21756.09   20051              500       0.50
==========================================================================================================================
iter     time      bound  bdl   viol3  triag  purged   added   viol5  penta  purged   added   viol7  hepta  purged   added
==========================================================================================================================
   1   221.23   21382.03    5   4e-01    835    -164   +499   
   2   221.87   21146.18    7   4e-01   1129    -205   +499   
   3   222.65   20984.67    7   4e-01   1393    -235   +499   
   4   223.51   20845.55    9   4e-01   1499    -394   +500   
   5   224.42   20749.89    8   4e-01   1692    -306   +499   
   6   225.43   20641.19    7   4e-01   1907    -284   +499   
   7   227.08   20577.27   12   3e-01   2053    -353   +499    7e-01    480    -0     +480    8e-01    480    -0     +480  
   8   228.81   20452.88    9   3e-01   2159    -393   +499    7e-01    851    -109   +480    8e-01    872    -88    +480  
   9   230.66   20395.26   12   2e-01   2195    -458   +494    5e-01   1082    -249   +480    6e-01   1122    -230   +480  
  10   232.67   20333.89   15   2e-01   2290    -404   +499    5e-01   1295    -267   +480    7e-01   1311    -291   +480  
  11   234.79   20284.94   15   2e-01   2368    -422   +500    5e-01   1515    -260   +480    5e-01   1526    -265   +480  
  12   237.06   20250.21   17   2e-01   2484    -380   +496    6e-01   1712    -283   +480    6e-01   1737    -269   +480  
  13   239.40   20217.49   18   1e-01   2602    -377   +495    4e-01   1843    -349   +480    5e-01   1896    -321   +480  
  14   241.92   20178.55   15   2e-01   2754    -344   +496    5e-01   2088    -235   +480    6e-01   2133    -243   +480  
  15   244.63   20161.23   20   1e-01   2840    -405   +491    4e-01   2210    -358   +480    5e-01   2288    -325   +480  
  16   247.43   20143.61   28   1e-01   3003    -318   +481    4e-01   2402    -288   +480    4e-01   2466    -302   +480  
  17   250.28   20126.42   21   1e-01   3163    -328   +488    4e-01   2614    -268   +480    5e-01   2668    -278   +480  
  18   253.15   20114.36   29   1e-01   2984    -379   +200    3e-01   2755    -339   +480    4e-01   2851    -297   +480  
  19   256.06   20103.02   26   1e-01   2918    -228   +162    4e-01   2956    -279   +480    5e-01   3016    -315   +480  
  20   259.02   20094.62   28   7e-02   2783    -166   +31     2e-01   3110    -325   +479    4e-01   3189    -307   +480  
  21   261.96   20087.84   22   8e-02   2736    -98    +51     3e-01   3343    -246   +479    4e-01   3434    -235   +480  
  22   264.89   20082.81   27   6e-02   2675    -72    +11     3e-01   3587    -233   +477    4e-01   3675    -237   +478  
  23   267.85   20076.36   24   9e-02   2703    -46    +74     4e-01   3733    -334   +480    5e-01   3842    -313   +480  
  24   270.06   20074.10   24   9e-02   2703    -0     +0      4e-01   3733    -0     +0      5e-01   3842    -0     +0    
==========================================================================================================================
BOUNDING STOPPED: Gap to big!
==========================================================================================================================
Depth = 3, Bound = 20074.10, Best = 20051

Branching on x[234] = 0.50
Fixing x[234] = 0

**************************************************************************************************************************
                                               Node 14
**************************************************************************************************************************
Problem size 248
Fixed variables: (x[115],0) (x[227],1) (x[234],0)
==========================================================================================================================
starting bound     cut  triangles added  violation
      21732.90   20051              500       0.50
==========================================================================================================================
iter     time      bound  bdl   viol3  triag  purged   added   viol5  penta  purged   added   viol7  hepta  purged   added
==========================================================================================================================
   1   270.65   21381.18    5   4e-01    853    -144   +497   
   2   271.27   21124.74    7   4e-01   1109    -240   +496   
   3   272.00   20968.33    6   4e-01   1445    -163   +499   
   4   272.84   20827.49    6   3e-01   1639    -305   +499   
   5   273.76   20710.23    7   4e-01   1782    -357   +500   
   6   274.77   20627.23   10   3e-01   1822    -460   +500   
   7   276.43   20550.84    9   3e-01   2035    -286   +499    7e-01    480    -0     +480    8e-01    480    -0     +480  
   8   278.13   20467.28   11   2e-01   2088    -447   +500    7e-01    774    -186   +480    7e-01    838    -122   +480  
   9   279.98   20384.61   11   2e-01   2234    -354   +500    6e-01   1099    -155   +480    7e-01   1131    -187   +480  
  10   281.98   20318.29   13   2e-01   2242    -489   +497    5e-01   1314    -265   +480    7e-01   1344    -267   +480  
  11   284.08   20277.61   13   2e-01   2379    -356   +493    5e-01   1583    -211   +480    7e-01   1604    -220   +480  
  12   286.30   20234.47   19   2e-01   2448    -427   +496    5e-01   1767    -296   +480    6e-01   1770    -314   +480  
  13   288.68   20206.46   15   1e-01   2613    -329   +494    4e-01   1943    -304   +480    5e-01   1977    -273   +480  
  14   291.12   20170.16   21   2e-01   2817    -278   +482    5e-01   2179    -244   +480    6e-01   2151    -306   +480  
  15   293.75   20139.01   19   1e-01   2856    -451   +490    4e-01   2307    -351   +479    5e-01   2255    -376   +480  
  16   296.48   20121.97   22   1e-01   2808    -431   +383    4e-01   2371    -416   +480    5e-01   2328    -406   +479  
  17   299.26   20100.49   25   1e-01   3030    -255   +477    4e-01   2566    -285   +480    5e-01   2536    -272   +480  
  18   302.09   20085.66   22   1e-01   3170    -335   +475    4e-01   2793    -253   +480    5e-01   2770    -246   +480  
  19   305.00   20072.85   27   9e-02   2809    -411   +50     3e-01   2939    -334   +480    4e-01   2931    -318   +479  
  20   307.89   20062.49   30   7e-02   2765    -125   +81     3e-01   3166    -253   +480    5e-01   3178    -232   +479  
  21   310.75   20053.18   31   9e-02   2710    -90    +35     3e-01   3410    -236   +480    4e-01   3407    -250   +479  
  22   311.27   20051.68   26   9e-02   2710    -0     +0      3e-01   3410    -0     +0      4e-01   3407    -0     +0    
==========================================================================================================================
Prune!
==========================================================================================================================
Depth = 3, Bound = 20051.68, Best = 20051

Fixing x[234] = 1

**************************************************************************************************************************
                                               Node 15
**************************************************************************************************************************
Problem size 248
Fixed variables: (x[115],0) (x[227],1) (x[234],1)
==========================================================================================================================
starting bound     cut  triangles added  violation
      21728.12   20051              500       0.50
==========================================================================================================================
iter     time      bound  bdl   viol3  triag  purged   added   viol5  penta  purged   added   viol7  hepta  purged   added
==========================================================================================================================
   1   311.87   21342.78    4   5e-01    819    -180   +499   
   2   312.48   21091.66    7   4e-01   1108    -211   +500   
   3   313.22   20927.85    4   4e-01   1308    -300   +500   
   4   314.08   20778.89    8   3e-01   1492    -316   +500   
   5   315.05   20652.26    9   4e-01   1649    -343   +500   
   6   316.15   20567.18    9   3e-01   1799    -350   +500   
   7   317.76   20488.40   10   3e-01   2046    -251   +498    7e-01    480    -0     +480    8e-01    480    -0     +480  
   8   319.45   20394.23   10   2e-01   2158    -387   +499    7e-01    824    -136   +480    7e-01    844    -116   +480  
   9   321.31   20306.91   13   2e-01   2265    -393   +500    6e-01   1132    -172   +480    7e-01   1126    -198   +480  
  10   323.29   20237.88   12   2e-01   2390    -373   +498    5e-01   1384    -228   +480    6e-01   1401    -205   +480  
  11   325.36   20190.08   16   2e-01   2508    -381   +499    5e-01   1569    -295   +480    6e-01   1559    -322   +480  
  12   327.54   20137.31   16   2e-01   2631    -368   +491    6e-01   1732    -317   +480    6e-01   1722    -317   +480  
  13   329.84   20097.55   17   2e-01   2724    -401   +494    5e-01   1881    -331   +480    6e-01   1845    -357   +480  
  14   332.34   20071.36   20   1e-01   2770    -447   +493    4e-01   2023    -338   +480    5e-01   1962    -363   +480  
  15   333.79   20048.77   24   1e-01   2770    -0     +0      4e-01   2023    -0     +0      5e-01   1962    -0     +0    
==========================================================================================================================
Prune!
==========================================================================================================================
Depth = 3, Bound = 20048.77, Best = 20051

Branching on x[81] = 0.48
Fixing x[81] = 0

**************************************************************************************************************************
                                               Node 16
**************************************************************************************************************************
Problem size 247
Fixed variables: (x[81],0) (x[115],1) (x[174],1) (x[206],0)
==========================================================================================================================
starting bound     cut  triangles added  violation
      21675.45   20051              500       0.50
==========================================================================================================================
iter     time      bound  bdl   viol3  triag  purged   added   viol5  penta  purged   added   viol7  hepta  purged   added
==========================================================================================================================
   1   334.41   21328.09    5   4e-01    824    -175   +499   
   2   335.05   21044.37    6   4e-01   1041    -282   +499   
   3   335.81   20865.76    7   4e-01   1243    -298   +500   
   4   336.65   20749.89    7   4e-01   1508    -233   +498   
   5   337.62   20649.13    7   3e-01   1650    -357   +499   
   6   339.21   20578.18    7   3e-01   1810    -340   +500    7e-01    480    -0     +480    8e-01    480    -0     +480  
   7   340.84   20479.37    9   3e-01   1945    -364   +499    7e-01    844    -116   +480    8e-01    844    -116   +480  
   8   342.60   20375.44   10   2e-01   2072    -371   +498    7e-01   1149    -175   +480    7e-01   1158    -166   +480  
   9   344.47   20318.57   13   2e-01   2160    -404   +492    6e-01   1384    -245   +480    6e-01   1393    -245   +480  
  10   346.53   20259.08   14   3e-01   2261    -395   +496    6e-01   1545    -319   +480    6e-01   1541    -332   +480  
  11   348.71   20212.09   14   2e-01   2346    -413   +498    5e-01   1691    -334   +480    6e-01   1675    -346   +480  
  12   350.96   20190.38   18   2e-01   2414    -430   +498    4e-01   1854    -317   +480    5e-01   1827    -328   +480  
  13   353.39   20162.06   19   2e-01   2595    -311   +492    4e-01   2048    -286   +480    5e-01   1965    -342   +480  
  14   355.93   20132.59   17   2e-01   2797    -292   +494    5e-01   2275    -253   +480    6e-01   2208    -237   +480  
  15   358.65   20111.43   20   1e-01   2838    -443   +484    4e-01   2385    -370   +480    5e-01   2310    -378   +480  
  16   361.53   20094.73   21   1e-01   2909    -411   +482    5e-01   2544    -321   +480    6e-01   2469    -321   +480  
  17   364.44   20083.12   21   9e-02   2710    -408   +209    3e-01   2726    -298   +480    4e-01   2664    -285   +480  
  18   367.40   20075.65   22   1e-01   2643    -169   +102    3e-01   2929    -277   +480    5e-01   2921    -223   +480  
  19   370.42   20067.88   21   9e-02   2495    -170   +22     4e-01   3013    -395   +479    4e-01   3025    -375   +479  
  20   373.40   20063.72   20   1e-01   2917    -68    +490    4e-01   3179    -314   +480    5e-01   3225    -280   +480  
  21   376.45   20059.46   20   1e-01   2998    -410   +491    4e-01   3250    -409   +480    6e-01   3342    -363   +480  
  22   379.54   20056.32   17   1e-01   2883    -463   +348    4e-01   3293    -437   +480    5e-01   3489    -333   +480  
  23   382.75   20054.05   17   1e-01   3005    -365   +487    4e-01   3341    -432   +480    4e-01   3557    -412   +480  
  24   386.01   20052.95   12   2e-01   3045    -456   +496    4e-01   3391    -430   +480    5e-01   3615    -422   +480  
  25   387.65   20051.85    9   2e-01   3045    -0     +0      4e-01   3391    -0     +0      5e-01   3615    -0     +0    
==========================================================================================================================
Prune!
==========================================================================================================================
Depth = 4, Bound = 20051.85, Best = 20051

Fixing x[81] = 1

**************************************************************************************************************************
                                               Node 17
**************************************************************************************************************************
Problem size 247
Fixed variables: (x[81],1) (x[115],1) (x[174],1) (x[206],0)
==========================================================================================================================
starting bound     cut  triangles added  violation
      21732.76   20051              500       0.50
==========================================================================================================================
iter     time      bound  bdl   viol3  triag  purged   added   viol5  penta  purged   added   viol7  hepta  purged   added
==========================================================================================================================
   1   388.25   21354.05    5   5e-01    871    -127   +498   
   2   388.89   21101.32    3   4e-01   1141    -230   +500   
   3   389.67   20958.78    8   4e-01   1279    -360   +498   
   4   390.51   20816.80    7   4e-01   1471    -308   +500   
   5   391.41   20699.75    5   3e-01   1718    -251   +498   
   6   392.41   20622.31    8   3e-01   1865    -353   +500   
   7   394.02   20530.16   10   3e-01   2016    -347   +498    7e-01    480    -0     +480    8e-01    480    -0     +480  
   8   395.73   20425.77    8   3e-01   2166    -348   +498    7e-01    841    -119   +480    7e-01    840    -120   +480  
   9   397.58   20366.01   13   2e-01   2231    -434   +499    6e-01   1063    -258   +480    7e-01   1107    -213   +480  
  10   399.59   20308.45   15   2e-01   2289    -439   +497    5e-01   1243    -300   +480    6e-01   1254    -333   +480  
  11   401.69   20262.00   13   2e-01   2392    -397   +500    5e-01   1461    -262   +480    6e-01   1461    -273   +480  
  12   403.96   20217.42   14   2e-01   2496    -394   +498    5e-01   1657    -284   +480    6e-01   1672    -269   +480  
  13   406.39   20178.26   17   2e-01   2625    -366   +495    5e-01   1860    -277   +480    6e-01   1856    -296   +480  
  14   408.97   20153.48   19   2e-01   2677    -439   +491    4e-01   1962    -378   +480    5e-01   1985    -351   +480  
  15   411.71   20123.75   19   1e-01   2880    -291   +494    4e-01   2184    -258   +480    5e-01   2232    -233   +480  
  16   414.56   20111.75   23   9e-02   2820    -322   +262    3e-01   2411    -253   +480    4e-01   2503    -209   +480  
  17   417.47   20097.70   22   1e-01   2852    -196   +228    3e-01   2668    -223   +480    4e-01   2747    -235   +479  
  18   420.40   20083.54   23   8e-02   2755    -223   +126    3e-01   2877    -271   +480    4e-01   2966    -261   +480  
  19   423.34   20074.29   25   9e-02   2822    -124   +191    3e-01   3097    -260   +480    5e-01   3170    -276   +480  
  20   426.35   20065.84   23   9e-02   2777    -146   +101    3e-01   3299    -277   +479    4e-01   3351    -299   +480  
  21   429.34   20060.20   21   1e-01   3159    -104   +486    4e-01   3481    -298   +480    6e-01   3568    -263   +480  
  22   432.40   20053.57   25   8e-02   2745    -443   +29     3e-01   3535    -426   +480    4e-01   3621    -427   +480  
  23   433.92   20049.86   26   8e-02   2745    -0     +0      3e-01   3535    -0     +0      4e-01   3621    -0     +0    
==========================================================================================================================
Prune!
==========================================================================================================================
Depth = 4, Bound = 20049.86, Best = 20051

Branching on x[1] = 0.51
Fixing x[1] = 0

**************************************************************************************************************************
                                               Node 18
**************************************************************************************************************************
Problem size 247
Fixed variables: (x[1],0) (x[51],0) (x[115],0) (x[227],0)
==========================================================================================================================
starting bound     cut  triangles added  violation
      21721.52   20051              500       0.50
==========================================================================================================================
iter     time      bound  bdl   viol3  triag  purged   added   viol5  penta  purged   added   viol7  hepta  purged   added
==========================================================================================================================
   1   434.52   21391.19    4   5e-01    782    -218   +500   
   2   435.15   21176.77    8   4e-01   1022    -260   +500   
   3   435.90   21010.65    7   4e-01   1260    -261   +499   
   4   436.72   20857.37    6   4e-01   1509    -251   +500   
   5   437.59   20750.80    6   3e-01   1654    -354   +499   
   6   438.57   20649.38    9   3e-01   1799    -355   +500   
   7   439.65   20575.74    9   3e-01   2059    -240   +500   
   8   441.34   20504.89   10   3e-01   2173    -386   +500    7e-01    480    -0     +480    8e-01    480    -0     +480  
   9   443.13   20430.74   12   2e-01   2220    -453   +500    6e-01    780    -180   +480    7e-01    782    -178   +480  
  10   445.12   20355.54   12   2e-01   2330    -389   +499    6e-01   1085    -175   +480    7e-01   1092    -170   +480  
  11   447.24   20300.48   13   2e-01   2370    -459   +499    5e-01   1284    -281   +480    6e-01   1288    -284   +480  
  12   449.48   20259.43   14   2e-01   2535    -326   +491    5e-01   1494    -270   +480    6e-01   1521    -247   +480  
  13   451.82   20220.13   17   2e-01   2642    -392   +499    5e-01   1634    -340   +480    6e-01   1675    -326   +480  
  14   454.36   20190.99   21   1e-01   2745    -392   +495    4e-01   1824    -290   +480    6e-01   1906    -249   +480  
  15   456.99   20160.90   21   1e-01   2888    -355   +498    4e-01   1970    -334   +480    4e-01   2033    -353   +480  
  16   459.78   20133.37   20   1e-01   3062    -312   +486    4e-01   2237    -213   +480    5e-01   2292    -221   +480  
  17   462.60   20112.78   22   1e-01   3164    -373   +475    4e-01   2407    -310   +480    5e-01   2491    -280   +479  
  18   465.43   20100.90   22   1e-01   3277    -325   +438    4e-01   2591    -296   +480    5e-01   2680    -291   +480  
  19   468.31   20085.61   27   9e-02   3000    -329   +52     3e-01   2778    -291   +478    4e-01   2882    -278   +480  
  20   471.26   20077.56   30   1e-01   2882    -164   +46     3e-01   3049    -208   +479    4e-01   3124    -238   +480  
  21   474.24   20067.06   23   1e-01   2948    -93    +159    3e-01   3263    -265   +479    4e-01   3326    -278   +480  
  22   477.22   20062.55   26   8e-02   2826    -134   +12     3e-01   3455    -286   +478    3e-01   3536    -268   +478  
  23   480.25   20056.02   24   8e-02   2818    -67    +59     3e-01   3630    -303   +478    4e-01   3728    -287   +479  
  24   482.30   20050.59   31   8e-02   2818    -0     +0      3e-01   3630    -0     +0      4e-01   3728    -0     +0    
==========================================================================================================================
Prune!
==========================================================================================================================
Depth = 4, Bound = 20050.59, Best = 20051

Fixing x[1] = 1

**************************************************************************************************************************
                                               Node 19
**************************************************************************************************************************
Problem size 247
Fixed variables: (x[1],1) (x[51],0) (x[115],0) (x[227],0)
==========================================================================================================================
starting bound     cut  triangles added  violation
      21707.86   20051              500       0.50
==========================================================================================================================
iter     time      bound  bdl   viol3  triag  purged   added   viol5  penta  purged   added   viol7  hepta  purged   added
==========================================================================================================================
   1   482.92   21355.19    4   4e-01    853    -146   +499   
   2   483.54   21111.36    7   4e-01   1072    -281   +500   
   3   484.29   20958.41    7   4e-01   1320    -250   +498   
   4   485.15   20809.22    7   4e-01   1539    -280   +499   
   5   486.08   20687.32    7   4e-01   1730    -309   +500   
   6   487.08   20601.55    7   3e-01   1880    -350   +500   
   7   488.70   20544.89    9   2e-01   2060    -316   +496    6e-01    480    -0     +480    8e-01    480    -0     +480  
   8   490.43   20428.72   10   3e-01   2241    -319   +500    7e-01    868    -92    +480    7e-01    872    -88    +480  
   9   492.32   20354.69   12   2e-01   2326    -414   +499    6e-01   1135    -213   +480    8e-01   1149    -203   +480  
  10   494.34   20293.55   11   2e-01   2438    -387   +499    6e-01   1331    -284   +480    7e-01   1344    -285   +480  
  11   496.49   20254.34   17   2e-01   2488    -447   +497    4e-01   1476    -335   +480    6e-01   1481    -343   +480  
  12   498.77   20219.89   15   2e-01   2678    -303   +493    5e-01   1692    -264   +480    6e-01   1702    -259   +480  
  13   501.17   20185.05   17   2e-01   2785    -390   +497    5e-01   1863    -309   +480    6e-01   1875    -307   +480  
  14   503.72   20153.68   20   2e-01   2932    -340   +487    4e-01   2028    -315   +480    5e-01   2076    -279   +480  
  15   506.45   20133.72   21   1e-01   3015    -397   +480    4e-01   2155    -353   +480    5e-01   2236    -320   +480  
  16   509.26   20114.07   22   1e-01   3143    -352   +480    4e-01   2378    -257   +480    5e-01   2468    -248   +480  
  17   512.15   20096.18   18   1e-01   3262    -365   +484    4e-01   2532    -326   +480    5e-01   2660    -288   +480  
  18   515.09   20085.69   25   1e-01   3172    -391   +301    3e-01   2676    -336   +480    4e-01   2837    -303   +480  
  19   518.05   20077.24   26   1e-01   3004    -257   +89     4e-01   2847    -309   +480    5e-01   3042    -275   +480  
  20   520.99   20071.64   25   7e-02   2890    -126   +12     3e-01   3107    -217   +477    4e-01   3307    -214   +479  
  21   524.00   20066.23   23   9e-02   2839    -75    +24     4e-01   3319    -268   +480    4e-01   3557    -230   +480  
  22   527.03   20060.37   24   8e-02   2801    -57    +19     4e-01   3477    -319   +477    4e-01   3742    -295   +480  
  23   530.08   20056.59   17   1e-01   2957    -38    +194    4e-01   3730    -227   +480    4e-01   3993    -229   +480  
  24   533.17   20053.48   24   7e-02   2809    -164   +16     4e-01   3820    -389   +479    5e-01   4123    -350   +480  
  25   534.04   20051.10   25   7e-02   2809    -0     +0      4e-01   3820    -0     +0      5e-01   4123    -0     +0    
==========================================================================================================================
Prune!
==========================================================================================================================
Depth = 4, Bound = 20051.10, Best = 20051


Nodes = 19
Root node bound = 20151.280
Maximum value = 20051
Solution = ( 1 4 5 7 13 17 22 24 26 29 31 33 35 37 39 42 46 50 54 56 57 59 60 61 62 66 69 70 72 73 74 80 81 84 89 91 92 93 95 96 109 112 116 118 119 123 128 129 131 134 136 137 138 140 144 146 147 148 149 151 153 154 156 159 163 165 169 175 177 178 182 183 184 185 186 187 190 191 193 194 197 198 205 209 210 215 216 220 223 224 230 233 234 235 237 238 241 242 246 248 250 )
CPU time = 534.04 s

