Input file: ./Instances/biq2mc/be/be250.2.sparse.mc

Graph has 251 vertices and 3343 edges.

BiqBin parameters:
    init_bundle_iter = 5
     max_bundle_iter = 20
      min_outer_iter = 10
      max_outer_iter = 30
       violated_Ineq = 0.050000
             TriIneq = 500
         Pent_Trials = 160
        Hepta_Trials = 120
        include_Pent = 1
       include_Hepta = 1
                root = 0
            use_diff = 1
          time_limit = 0
   branchingStrategy = 1
      detailedOutput = 1

**************************************************************************************************************************
                                               Node 1
**************************************************************************************************************************
Problem size 251
Fixed variables:
Node 1 Feasible solution 22540
==========================================================================================================================
starting bound     cut  triangles added  violation
      24142.38   22540              500       0.50
==========================================================================================================================
iter     time      bound  bdl   viol3  triag  purged   added   viol5  penta  purged   added   viol7  hepta  purged   added
==========================================================================================================================
   1     0.66   23840.07    4   4e-01    818    -180   +498   
   2     1.33   23591.13    5   4e-01   1055    -261   +498   
   3     2.07   23463.90    6   4e-01   1335    -218   +498   
   4     2.91   23331.87    8   4e-01   1452    -383   +500   
   5     3.85   23244.02    8   4e-01   1578    -374   +500   
   6     5.44   23174.63    7   3e-01   1730    -347   +499    8e-01    480    -0     +480    8e-01    480    -0     +480  
   7     7.18   23049.16   10   3e-01   1761    -469   +500    7e-01    802    -158   +480    8e-01    832    -128   +480  
   8     8.39   22957.56   10   3e-01   1852    -409   +500   
   9    10.27   22907.18   12   2e-01   2040    -311   +499    6e-01   1062    -220   +480    7e-01   1106    -206   +480  
  10    12.34   22845.02   12   2e-01   2161    -378   +499    6e-01   1345    -197   +480    7e-01   1339    -247   +480  
  11    14.52   22791.21   15   2e-01   2285    -375   +499    5e-01   1561    -264   +480    6e-01   1578    -241   +480  
  12    16.86   22749.44   19   2e-01   2333    -447   +495    5e-01   1733    -308   +480    6e-01   1755    -303   +480  
  13    19.34   22714.12   16   2e-01   2459    -369   +495    5e-01   1930    -283   +480    6e-01   1944    -291   +480  
  14    21.94   22690.60   21   1e-01   2561    -388   +490    4e-01   2084    -326   +480    5e-01   2061    -363   +480  
  15    24.70   22667.70   21   1e-01   2619    -434   +492    3e-01   2213    -351   +480    4e-01   2218    -323   +480  
  16    27.58   22650.48   21   1e-01   2799    -302   +482    4e-01   2431    -262   +480    5e-01   2437    -261   +480  
  17    30.55   22626.69   23   1e-01   2901    -385   +487    4e-01   2557    -354   +480    5e-01   2577    -340   +480  
  18    33.53   22615.37   22   1e-01   2987    -398   +484    4e-01   2695    -342   +480    5e-01   2757    -300   +480  
  19    36.57   22603.60   23   1e-01   2762    -371   +146    3e-01   2821    -354   +480    4e-01   2949    -288   +480  
  20    39.65   22594.40   29   9e-02   2641    -182   +61     4e-01   3017    -284   +480    5e-01   3156    -273   +480  
  21    42.76   22587.61   30   1e-01   2651    -115   +125    3e-01   3252    -245   +480    5e-01   3353    -283   +480  
  22    45.91   22580.60   31   1e-01   2633    -147   +129    3e-01   3403    -329   +480    4e-01   3529    -304   +480  
  23    48.34   22576.18   25   1e-01   2633    -0     +0      3e-01   3403    -0     +0      4e-01   3529    -0     +0    
==========================================================================================================================
BOUNDING STOPPED: Gap to big!
==========================================================================================================================
Depth = 0, Bound = 22576.18, Best = 22540

Branching on x[137] = 0.50
Fixing x[137] = 0

**************************************************************************************************************************
                                               Node 2
**************************************************************************************************************************
Problem size 250
Fixed variables: (x[137],0)
==========================================================================================================================
starting bound     cut  triangles added  violation
      24084.63   22540              500       0.49
==========================================================================================================================
iter     time      bound  bdl   viol3  triag  purged   added   viol5  penta  purged   added   viol7  hepta  purged   added
==========================================================================================================================
   1    48.98   23787.45    4   4e-01    801    -199   +500   
   2    49.63   23554.46    6   4e-01   1144    -154   +497   
   3    50.36   23409.20    7   4e-01   1311    -330   +497   
   4    51.20   23290.55    7   4e-01   1624    -184   +497   
   5    52.13   23191.81    8   3e-01   1756    -367   +499   
   6    53.13   23092.06    7   3e-01   1923    -332   +499   
   7    54.97   23010.44   11   3e-01   2018    -405   +500    7e-01    480    -0     +480    8e-01    480    -0     +480  
   8    56.80   22924.76   10   2e-01   2105    -413   +500    7e-01    805    -155   +480    7e-01    844    -116   +480  
   9    58.70   22844.14   12   2e-01   2186    -418   +499    6e-01   1079    -206   +480    7e-01   1148    -176   +480  
  10    60.72   22782.04   12   2e-01   2249    -437   +500    5e-01   1299    -260   +480    7e-01   1374    -254   +480  
  11    62.84   22750.26   14   2e-01   2359    -385   +495    5e-01   1520    -259   +480    6e-01   1598    -256   +480  
  12    65.16   22703.06   15   3e-01   2506    -353   +500    6e-01   1761    -239   +480    7e-01   1835    -243   +480  
  13    67.65   22665.40   17   2e-01   2563    -440   +497    4e-01   1954    -287   +480    6e-01   1977    -338   +480  
  14    70.29   22647.39   21   2e-01   2696    -347   +480    4e-01   2178    -256   +480    6e-01   2196    -261   +480  
  15    73.02   22625.62   20   2e-01   2826    -353   +483    5e-01   2366    -292   +480    6e-01   2368    -308   +480  
  16    75.92   22609.38   20   1e-01   2914    -388   +476    5e-01   2504    -342   +480    5e-01   2508    -340   +480  
  17    78.86   22591.90   25   1e-01   2748    -388   +222    3e-01   2628    -356   +480    5e-01   2647    -341   +480  
  18    81.85   22580.86   26   1e-01   2754    -193   +199    3e-01   2831    -277   +480    4e-01   2919    -208   +480  
  19    84.83   22570.58   23   9e-02   2793    -183   +222    3e-01   3019    -292   +480    5e-01   3155    -244   +480  
  20    87.85   22564.07   25   1e-01   2652    -212   +71     3e-01   3228    -271   +480    4e-01   3356    -279   +480  
  21    90.82   22559.80   22   7e-02   2583    -79    +10     3e-01   3450    -257   +479    3e-01   3590    -245   +479  
  22    93.93   22554.06   29   7e-02   2534    -59    +10     2e-01   3706    -219   +475    4e-01   3794    -274   +478  
  23    97.07   22550.35   26   8e-02   2506    -46    +18     3e-01   3910    -276   +480    4e-01   3998    -276   +480  
  24   100.23   22547.26   25   7e-02   2480    -33    +7      3e-01   4057    -333   +480    3e-01   4180    -298   +480  
  25   103.46   22544.32   21   7e-02   2463    -30    +13     3e-01   4212    -322   +477    4e-01   4355    -305   +480  
  26   106.80   22543.23   21   7e-02   2450    -21    +8      2e-01   4271    -417   +476    3e-01   4474    -361   +480  
  27   110.11   22542.24   22   8e-02   2530    -15    +95     3e-01   4363    -388   +480    4e-01   4590    -364   +480  
  28   113.52   22541.14   12   1e-01   2572    -87    +129    4e-01   4395    -448   +480    5e-01   4652    -418   +480  
  29   114.82   22540.81   14   1e-01   2572    -0     +0      4e-01   4395    -0     +0      5e-01   4652    -0     +0    
==========================================================================================================================
Prune!
==========================================================================================================================
Depth = 1, Bound = 22540.81, Best = 22540

Fixing x[137] = 1

**************************************************************************************************************************
                                               Node 3
**************************************************************************************************************************
Problem size 250
Fixed variables: (x[137],1)
==========================================================================================================================
starting bound     cut  triangles added  violation
      24096.00   22540              500       0.50
==========================================================================================================================
iter     time      bound  bdl   viol3  triag  purged   added   viol5  penta  purged   added   viol7  hepta  purged   added
==========================================================================================================================
   1   115.41   23827.14    4   4e-01    825    -174   +499   
   2   116.04   23617.15    5   4e-01   1133    -191   +499   
   3   116.77   23439.70    6   4e-01   1231    -401   +499   
   4   117.59   23312.03    7   3e-01   1468    -262   +499   
   5   118.49   23212.22    8   3e-01   1679    -288   +499   
   6   119.53   23118.14    8   3e-01   1936    -243   +500   
   7   121.37   23034.89    9   3e-01   2111    -323   +498    7e-01    480    -0     +480    8e-01    480    -0     +480  
   8   123.26   22941.23   10   3e-01   2232    -377   +498    7e-01    842    -118   +480    8e-01    859    -101   +480  
   9   125.17   22863.14   11   3e-01   2300    -432   +500    6e-01   1067    -255   +480    7e-01   1089    -250   +480  
  10   127.15   22811.96   12   3e-01   2344    -454   +498    6e-01   1304    -243   +480    7e-01   1327    -242   +480  
  11   129.30   22756.96   15   2e-01   2385    -458   +499    5e-01   1488    -296   +480    6e-01   1502    -305   +480  
  12   131.55   22716.33   16   2e-01   2474    -406   +495    5e-01   1688    -280   +480    6e-01   1701    -281   +480  
  13   134.02   22679.78   16   1e-01   2562    -406   +494    5e-01   1867    -301   +480    6e-01   1891    -290   +480  
  14   136.62   22655.08   18   1e-01   2634    -413   +485    5e-01   2045    -302   +480    6e-01   2083    -288   +480  
  15   139.34   22629.71   18   1e-01   2763    -365   +494    4e-01   2229    -296   +480    5e-01   2291    -272   +480  
  16   142.21   22608.23   22   9e-02   2576    -365   +178    3e-01   2425    -284   +480    4e-01   2482    -289   +480  
  17   145.11   22596.42   26   1e-01   2573    -184   +181    3e-01   2629    -276   +480    4e-01   2721    -241   +480  
  18   148.07   22582.18   20   1e-01   2894    -168   +489    4e-01   2850    -259   +480    5e-01   2952    -249   +480  
  19   151.05   22571.20   20   1e-01   2729    -340   +175    3e-01   2979    -351   +480    5e-01   3125    -306   +479  
  20   154.05   22562.59   31   8e-02   2596    -192   +59     3e-01   3149    -310   +480    4e-01   3329    -276   +480  
  21   157.06   22556.24   29   9e-02   2524    -104   +32     4e-01   3347    -281   +479    4e-01   3553    -256   +480  
  22   160.13   22551.00   25   8e-02   2492    -75    +43     3e-01   3578    -248   +479    4e-01   3779    -252   +478  
  23   163.13   22544.38   22   1e-01   2915    -59    +482    5e-01   3753    -305   +480    5e-01   3968    -291   +480  
  24   164.68   22540.94   25   1e-01   2915    -0     +0      5e-01   3753    -0     +0      5e-01   3968    -0     +0    
==========================================================================================================================
Prune!
==========================================================================================================================
Depth = 1, Bound = 22540.94, Best = 22540


Nodes = 3
Root node bound = 22576.183
Maximum value = 22540
Solution = ( 2 4 5 11 13 14 15 16 17 18 19 20 23 24 25 26 29 30 31 32 34 35 38 39 40 42 43 45 49 50 51 52 53 54 55 57 59 60 66 67 69 71 72 75 76 77 78 80 81 82 85 86 88 89 92 93 95 96 97 98 100 103 104 105 106 107 109 110 111 112 113 114 116 117 119 120 121 122 123 124 125 128 129 130 132 134 135 142 143 144 145 146 147 148 149 152 155 156 157 159 160 161 162 164 165 167 169 171 172 174 175 176 177 178 179 183 185 186 187 188 190 192 193 195 197 198 201 202 203 204 205 206 209 210 213 214 215 216 218 221 222 224 225 226 228 229 230 231 232 235 236 237 238 239 243 246 247 248 250 )
CPU time = 164.68 s

