Input file: ./Instances/biq2mc/be/be250.4.sparse.mc

Graph has 251 vertices and 3326 edges.

BiqBin parameters:
    init_bundle_iter = 5
     max_bundle_iter = 20
      min_outer_iter = 10
      max_outer_iter = 30
       violated_Ineq = 0.050000
             TriIneq = 500
         Pent_Trials = 160
        Hepta_Trials = 120
        include_Pent = 1
       include_Hepta = 1
                root = 0
            use_diff = 1
          time_limit = 0
   branchingStrategy = 1
      detailedOutput = 1

**************************************************************************************************************************
                                               Node 1
**************************************************************************************************************************
Problem size 251
Fixed variables:
Node 1 Feasible solution 24637
==========================================================================================================================
starting bound     cut  triangles added  violation
      26102.31   24637              500       0.49
==========================================================================================================================
iter     time      bound  bdl   viol3  triag  purged   added   viol5  penta  purged   added   viol7  hepta  purged   added
==========================================================================================================================
   1     0.62   25839.53    5   4e-01    850    -146   +496   
Node 1 Feasible solution 24649
   2     1.26   25579.41    6   4e-01   1117    -232   +499   
   3     2.04   25409.88    5   4e-01   1339    -278   +500   
   4     2.90   25350.88    7   3e-01   1454    -385   +500   
   5     3.86   25247.09    7   3e-01   1574    -380   +500   
   6     4.93   25161.56   11   3e-01   1756    -318   +500   
   7     6.64   25086.12   10   3e-01   1915    -340   +499    7e-01    480    -0     +480    8e-01    480    -0     +480  
   8     8.44   25011.74   11   2e-01   1979    -436   +500    6e-01    804    -156   +480    8e-01    854    -106   +480  
   9    10.45   24941.85   11   2e-01   2043    -435   +499    6e-01   1060    -224   +480    7e-01   1151    -183   +480  
  10    12.58   24883.06   14   2e-01   2111    -432   +500    6e-01   1302    -238   +480    7e-01   1402    -229   +480  
  11    14.80   24843.80   14   2e-01   2227    -377   +493    5e-01   1541    -241   +480    6e-01   1645    -237   +480  
  12    17.20   24801.09   18   2e-01   2300    -421   +494    4e-01   1661    -360   +480    5e-01   1775    -350   +480  
  13    19.75   24774.19   17   2e-01   2449    -346   +495    5e-01   1933    -208   +480    6e-01   2001    -254   +480  
  14    22.41   24746.06   19   1e-01   2498    -444   +493    4e-01   2022    -391   +480    5e-01   2145    -336   +480  
  15    25.26   24728.56   17   2e-01   2621    -370   +493    5e-01   2229    -273   +480    6e-01   2379    -246   +480  
  16    28.30   24709.30   20   1e-01   2740    -374   +493    4e-01   2331    -378   +480    6e-01   2501    -358   +480  
  17    31.41   24695.77   20   1e-01   2672    -424   +356    3e-01   2471    -340   +480    5e-01   2686    -295   +480  
  18    34.53   24687.64   24   8e-02   2444    -320   +92     4e-01   2675    -276   +480    4e-01   2907    -259   +480  
  19    37.76   24681.08   22   9e-02   2389    -135   +80     3e-01   2913    -242   +480    5e-01   3161    -226   +480  
  20    40.96   24675.71   27   9e-02   2419    -103   +133    3e-01   3126    -267   +480    4e-01   3374    -267   +480  
  21    44.27   24670.44   26   7e-02   2299    -137   +17     3e-01   3261    -345   +480    3e-01   3550    -304   +480  
  22    47.57   24667.87   19   8e-02   2252    -65    +18     3e-01   3468    -273   +480    4e-01   3777    -253   +480  
  23    50.84   24663.35   25   9e-02   2210    -57    +15     3e-01   3643    -303   +478    4e-01   3978    -279   +480  
  24    54.17   24660.93   25   6e-02   2176    -36    +2      3e-01   3788    -335   +480    4e-01   4176    -282   +480  
  25    57.59   24658.73   26   8e-02   2180    -34    +38     3e-01   4003    -265   +480    4e-01   4366    -290   +480  
  26    60.18   24657.18   17   8e-02   2180    -0     +0      3e-01   4003    -0     +0      4e-01   4366    -0     +0    
==========================================================================================================================
BOUNDING STOPPED: Gap to big!
==========================================================================================================================
Depth = 0, Bound = 24657.18, Best = 24649

Branching on x[232] = 0.54
Fixing x[232] = 0

**************************************************************************************************************************
                                               Node 2
**************************************************************************************************************************
Problem size 250
Fixed variables: (x[232],0)
==========================================================================================================================
starting bound     cut  triangles added  violation
      26025.47   24649              500       0.49
==========================================================================================================================
iter     time      bound  bdl   viol3  triag  purged   added   viol5  penta  purged   added   viol7  hepta  purged   added
==========================================================================================================================
   1    60.80   25779.42    5   4e-01    885    -113   +498   
   2    61.44   25560.02    6   4e-01   1140    -241   +496   
   3    62.18   25442.10    8   4e-01   1319    -320   +499   
   4    62.99   25293.80    8   4e-01   1589    -230   +500   
   5    63.91   25170.85    7   3e-01   1774    -315   +500   
   6    64.92   25087.80    9   3e-01   1886    -388   +500   
   7    66.60   25034.17   10   3e-01   2113    -271   +498    7e-01    480    -0     +480    9e-01    480    -0     +480  
   8    68.38   24951.85   11   2e-01   2233    -378   +498    8e-01    842    -118   +480    8e-01    868    -92    +480  
   9    70.39   24877.23   12   3e-01   2240    -491   +498    6e-01   1093    -229   +480    7e-01   1150    -198   +480  
  10    72.52   24831.72   15   2e-01   2247    -488   +495    6e-01   1267    -306   +480    6e-01   1394    -236   +480  
  11    74.71   24784.58   13   2e-01   2448    -294   +495    6e-01   1539    -208   +480    7e-01   1637    -237   +480  
  12    77.09   24753.30   20   1e-01   2409    -534   +495    4e-01   1666    -353   +480    5e-01   1760    -357   +480  
  13    79.60   24731.10   15   1e-01   2543    -358   +492    5e-01   1907    -239   +480    6e-01   2028    -212   +480  
  14    82.25   24709.79   19   1e-01   2649    -382   +488    5e-01   2036    -351   +480    5e-01   2167    -341   +480  
  15    85.09   24691.57   17   1e-01   2680    -463   +494    4e-01   2197    -319   +480    6e-01   2350    -297   +480  
  16    88.07   24679.88   20   1e-01   2688    -417   +425    4e-01   2340    -337   +480    4e-01   2556    -274   +480  
  17    91.05   24671.40   15   2e-01   2796    -351   +459    4e-01   2543    -277   +480    5e-01   2782    -254   +480  
  18    94.07   24665.32   18   1e-01   2706    -415   +325    4e-01   2650    -373   +480    5e-01   2860    -402   +480  
  19    97.17   24658.71   24   8e-02   2428    -324   +46     3e-01   2726    -404   +480    4e-01   2952    -388   +480  
  20   100.40   24655.93   17   1e-01   2441    -101   +114    4e-01   2875    -331   +480    5e-01   3135    -297   +480  
  21   103.68   24654.02   16   5e-02   2310    -135   +4      3e-01   2937    -417   +479    3e-01   3203    -411   +479  
  22   106.97   24651.87   14   8e-02   2315    -38    +43     3e-01   3080    -337   +480    3e-01   3385    -298   +480  
  23   110.39   24650.37   16   6e-02   2263    -59    +7      2e-01   3142    -418   +480    5e-01   3462    -403   +480  
  24   111.19   24649.80   17   6e-02   2263    -0     +0      2e-01   3142    -0     +0      5e-01   3462    -0     +0    
==========================================================================================================================
Prune!
==========================================================================================================================
Depth = 1, Bound = 24649.80, Best = 24649

Fixing x[232] = 1

**************************************************************************************************************************
                                               Node 3
**************************************************************************************************************************
Problem size 250
Fixed variables: (x[232],1)
==========================================================================================================================
starting bound     cut  triangles added  violation
      26077.29   24649              500       0.49
==========================================================================================================================
iter     time      bound  bdl   viol3  triag  purged   added   viol5  penta  purged   added   viol7  hepta  purged   added
==========================================================================================================================
   1   111.80   25813.06    4   4e-01    853    -145   +498   
   2   112.48   25585.64    6   4e-01   1164    -187   +498   
   3   113.21   25416.55    6   4e-01   1314    -350   +500   
   4   114.02   25310.52    8   4e-01   1551    -262   +499   
   5   114.95   25237.64    9   3e-01   1708    -337   +494   
   6   116.50   25140.75   10   3e-01   1860    -347   +499    8e-01    480    -0     +480    8e-01    480    -0     +480  
   7   118.18   25038.31    9   3e-01   1945    -415   +500    7e-01    832    -128   +480    8e-01    849    -111   +480  
   8   120.07   24970.33   10   3e-01   1951    -490   +496    7e-01   1061    -251   +480    7e-01   1137    -192   +480  
   9   122.05   24903.77    9   3e-01   2027    -424   +500    6e-01   1309    -232   +480    8e-01   1361    -256   +480  
  10   124.08   24848.15   16   2e-01   2087    -440   +500    5e-01   1480    -309   +480    6e-01   1549    -292   +480  
  11   126.29   24810.50   15   2e-01   2232    -350   +495    5e-01   1678    -282   +480    6e-01   1732    -297   +480  
  12   128.62   24773.24   18   2e-01   2353    -374   +495    5e-01   1841    -317   +480    6e-01   1926    -286   +480  
  13   131.08   24742.64   16   2e-01   2460    -386   +493    5e-01   2049    -272   +480    6e-01   2119    -287   +480  
  14   133.76   24723.12   17   2e-01   2485    -466   +491    5e-01   2164    -365   +480    6e-01   2284    -315   +480  
  15   136.59   24703.33   22   1e-01   2567    -406   +488    3e-01   2284    -360   +480    5e-01   2396    -368   +480  
  16   139.52   24688.65   18   1e-01   2719    -334   +486    4e-01   2471    -293   +480    5e-01   2640    -236   +480  
  17   142.55   24680.94   24   9e-02   2312    -436   +29     2e-01   2571    -380   +480    6e-01   2782    -338   +480  
  18   145.57   24669.88   17   1e-01   2536    -112   +336    3e-01   2840    -211   +480    5e-01   3042    -220   +480  
  19   148.67   24665.09   16   1e-01   2503    -273   +240    4e-01   2971    -349   +480    6e-01   3201    -321   +480  
  20   151.78   24659.46   17   9e-02   2473    -221   +191    3e-01   3047    -404   +480    5e-01   3296    -385   +480  
  21   155.09   24656.66   18   9e-02   2292    -199   +18     4e-01   3128    -399   +480    5e-01   3366    -410   +480  
  22   158.42   24654.59   16   8e-02   2254    -62    +24     3e-01   3266    -342   +480    5e-01   3540    -306   +480  
  23   161.86   24652.67   13   1e-01   2719    -32    +497    4e-01   3370    -376   +480    5e-01   3674    -346   +480  
  24   165.38   24651.52   11   1e-01   2743    -475   +499    5e-01   3414    -436   +480    6e-01   3751    -403   +480  
  25   168.91   24650.38    9   1e-01   2774    -467   +498    5e-01   3432    -462   +480    6e-01   3762    -469   +480  
  26   170.99   24649.95   10   1e-01   2774    -0     +0      5e-01   3432    -0     +0      6e-01   3762    -0     +0    
==========================================================================================================================
Prune!
==========================================================================================================================
Depth = 1, Bound = 24649.95, Best = 24649


Nodes = 3
Root node bound = 24657.177
Maximum value = 24649
Solution = ( 1 10 11 18 20 21 22 27 30 32 34 35 36 40 43 49 50 52 53 56 58 59 60 61 62 64 70 72 81 88 93 94 101 108 109 113 130 132 135 136 139 140 141 142 148 150 151 152 159 161 164 166 167 168 171 173 177 179 181 182 185 186 187 192 197 199 200 201 205 206 209 212 214 215 217 218 220 226 227 228 233 238 240 241 250 )
CPU time = 170.99 s

