Input file: ./Instances/biq2mc/be/be250.10.sparse.mc

Graph has 251 vertices and 3349 edges.

BiqBin parameters:
    init_bundle_iter = 5
     max_bundle_iter = 20
      min_outer_iter = 10
      max_outer_iter = 30
       violated_Ineq = 0.050000
             TriIneq = 500
         Pent_Trials = 160
        Hepta_Trials = 120
        include_Pent = 1
       include_Hepta = 1
                root = 0
            use_diff = 1
          time_limit = 0
   branchingStrategy = 1
      detailedOutput = 1

**************************************************************************************************************************
                                               Node 1
**************************************************************************************************************************
Problem size 251
Fixed variables:
Node 1 Feasible solution 23133
==========================================================================================================================
starting bound     cut  triangles added  violation
      24789.99   23133              500       0.50
==========================================================================================================================
iter     time      bound  bdl   viol3  triag  purged   added   viol5  penta  purged   added   viol7  hepta  purged   added
==========================================================================================================================
Node 1 Feasible solution 23148
   1     0.81   24509.54    5   4e-01    854    -146   +500   
Node 1 Feasible solution 23159
   2     1.51   24252.81    7   4e-01   1139    -215   +500   
   3     2.25   24079.04    7   4e-01   1385    -253   +499   
   4     3.09   23996.82    7   4e-01   1494    -391   +500   
   5     4.04   23891.72    7   4e-01   1659    -335   +500   
   6     5.61   23801.91    9   3e-01   1806    -353   +500    8e-01    480    -0     +480    8e-01    480    -0     +480  
   7     7.39   23692.36    8   3e-01   1919    -387   +500    7e-01    859    -101   +480    8e-01    872    -88    +480  
   8     9.24   23611.61   11   3e-01   1924    -495   +500    7e-01   1078    -261   +480    8e-01   1086    -266   +480  
   9    11.20   23552.28   12   2e-01   1989    -435   +500    6e-01   1284    -274   +480    7e-01   1325    -241   +480  
  10    13.31   23482.46   12   2e-01   2116    -372   +499    6e-01   1525    -239   +480    7e-01   1539    -266   +480  
  11    15.51   23442.03   14   2e-01   2204    -403   +491    5e-01   1701    -304   +480    7e-01   1711    -308   +480  
  12    17.84   23397.82   14   2e-01   2328    -370   +494    6e-01   1839    -342   +480    7e-01   1845    -346   +480  
  13    20.34   23362.22   15   2e-01   2405    -418   +495    4e-01   1950    -369   +480    6e-01   1970    -355   +480  
  14    22.94   23340.89   21   1e-01   2535    -359   +489    4e-01   2113    -317   +480    5e-01   2163    -287   +480  
  15    25.73   23320.66   25   1e-01   2639    -382   +486    5e-01   2324    -269   +480    5e-01   2340    -303   +480  
  16    28.68   23300.71   23   1e-01   2740    -387   +488    4e-01   2453    -351   +480    5e-01   2459    -361   +480  
  17    31.61   23277.35   19   1e-01   2827    -407   +494    4e-01   2579    -354   +480    4e-01   2600    -339   +480  
  18    33.88   23268.70   20   1e-01   2827    -0     +0      4e-01   2579    -0     +0      4e-01   2600    -0     +0    
==========================================================================================================================
BOUNDING STOPPED: Gap to big!
==========================================================================================================================
Depth = 0, Bound = 23268.70, Best = 23159

Branching on x[20] = 0.50
Fixing x[20] = 0

**************************************************************************************************************************
                                               Node 2
**************************************************************************************************************************
Problem size 250
Fixed variables: (x[20],0)
==========================================================================================================================
BOUNDING STOPPED: Gap to big!
==========================================================================================================================
Depth = 1, Bound = 24764.44, Best = 23159

Fixing x[20] = 1

**************************************************************************************************************************
                                               Node 3
**************************************************************************************************************************
Problem size 250
Fixed variables: (x[20],1)
==========================================================================================================================
BOUNDING STOPPED: Gap to big!
==========================================================================================================================
Depth = 1, Bound = 24739.98, Best = 23159

Branching on x[28] = 0.50
Fixing x[28] = 0

**************************************************************************************************************************
                                               Node 4
**************************************************************************************************************************
Problem size 249
Fixed variables: (x[20],0) (x[28],0)
==========================================================================================================================
BOUNDING STOPPED: Gap to big!
==========================================================================================================================
Depth = 2, Bound = 24706.69, Best = 23159

Fixing x[28] = 1

**************************************************************************************************************************
                                               Node 5
**************************************************************************************************************************
Problem size 249
Fixed variables: (x[20],0) (x[28],1)
==========================================================================================================================
BOUNDING STOPPED: Gap to big!
==========================================================================================================================
Depth = 2, Bound = 24705.22, Best = 23159

Branching on x[104] = 0.50
Fixing x[104] = 0

**************************************************************************************************************************
                                               Node 6
**************************************************************************************************************************
Problem size 249
Fixed variables: (x[20],1) (x[104],0)
==========================================================================================================================
BOUNDING STOPPED: Gap to big!
==========================================================================================================================
Depth = 2, Bound = 24704.73, Best = 23159

Fixing x[104] = 1

**************************************************************************************************************************
                                               Node 7
**************************************************************************************************************************
Problem size 249
Fixed variables: (x[20],1) (x[104],1)
==========================================================================================================================
BOUNDING STOPPED: Gap to big!
==========================================================================================================================
Depth = 2, Bound = 24702.56, Best = 23159

Branching on x[104] = 0.50
Fixing x[104] = 0

**************************************************************************************************************************
                                               Node 8
**************************************************************************************************************************
Problem size 248
Fixed variables: (x[20],0) (x[28],0) (x[104],0)
==========================================================================================================================
starting bound     cut  triangles added  violation
      24663.20   23159              500       0.49
==========================================================================================================================
iter     time      bound  bdl   viol3  triag  purged   added   viol5  penta  purged   added   viol7  hepta  purged   added
==========================================================================================================================
   1    35.16   24370.16    5   4e-01    873    -124   +497   
   2    35.78   24171.08    7   4e-01   1173    -199   +499   
   3    36.47   23956.66    7   4e-01   1369    -303   +499   
   4    37.25   23854.47    6   3e-01   1422    -446   +499   
   5    38.14   23769.42    8   4e-01   1722    -198   +498   
   6    39.66   23687.87    9   3e-01   1832    -390   +500    7e-01    480    -0     +480    9e-01    480    -0     +480  
   7    41.30   23574.16    7   3e-01   1865    -467   +500    8e-01    830    -130   +480    8e-01    871    -89    +480  
   8    43.06   23499.05   11   3e-01   1982    -382   +499    7e-01   1086    -224   +480    7e-01   1124    -227   +480  
   9    44.92   23421.85   12   3e-01   2023    -457   +498    6e-01   1291    -275   +480    6e-01   1302    -302   +480  
  10    46.87   23362.26   13   2e-01   2161    -358   +496    5e-01   1503    -268   +480    6e-01   1501    -281   +480  
  11    48.93   23328.64   14   2e-01   2270    -387   +496    4e-01   1670    -313   +480    5e-01   1712    -269   +480  
  12    51.12   23275.09   16   2e-01   2410    -357   +497    4e-01   1860    -290   +480    5e-01   1842    -350   +480  
  13    53.45   23252.84   17   2e-01   2511    -390   +491    4e-01   2047    -293   +480    6e-01   2040    -282   +480  
  14    55.97   23220.92   18   1e-01   2605    -402   +496    5e-01   2199    -328   +480    6e-01   2232    -288   +480  
  15    58.65   23202.29   17   1e-01   2695    -397   +487    4e-01   2358    -321   +480    4e-01   2413    -299   +480  
  16    61.43   23184.30   19   2e-01   2843    -339   +487    5e-01   2529    -309   +480    6e-01   2602    -291   +480  
  17    64.24   23171.29   23   1e-01   2488    -445   +90     3e-01   2616    -393   +480    4e-01   2747    -335   +480  
  18    66.20   23158.99   27   1e-01   2488    -0     +0      3e-01   2616    -0     +0      4e-01   2747    -0     +0    
==========================================================================================================================
Prune!
==========================================================================================================================
Depth = 3, Bound = 23158.99, Best = 23159

Fixing x[104] = 1

**************************************************************************************************************************
                                               Node 9
**************************************************************************************************************************
Problem size 248
Fixed variables: (x[20],0) (x[28],0) (x[104],1)
==========================================================================================================================
starting bound     cut  triangles added  violation
      24667.22   23159              500       0.49
==========================================================================================================================
iter     time      bound  bdl   viol3  triag  purged   added   viol5  penta  purged   added   viol7  hepta  purged   added
==========================================================================================================================
   1    66.79   24418.56    4   4e-01    834    -164   +498   
   2    67.46   24207.36    6   4e-01   1080    -254   +500   
   3    68.19   23998.68    4   4e-01   1285    -295   +500   
   4    68.97   23897.52    7   4e-01   1466    -317   +498   
   5    69.84   23828.48    7   3e-01   1608    -358   +500   
   6    71.36   23743.58    9   3e-01   1796    -312   +500    7e-01    480    -0     +480    8e-01    480    -0     +480  
   7    72.45   23636.37    7   3e-01   1876    -419   +499   
   8    74.25   23573.35   11   3e-01   2000    -375   +499    7e-01    878    -82    +480    7e-01    866    -94    +480  
   9    76.08   23493.35   11   2e-01   2092    -408   +500    6e-01   1128    -230   +480    8e-01   1134    -212   +480  
  10    78.06   23436.88   13   2e-01   2194    -397   +499    6e-01   1306    -302   +480    7e-01   1321    -293   +480  
  11    80.20   23376.14   14   2e-01   2249    -440   +495    5e-01   1498    -288   +480    6e-01   1509    -292   +480  
  12    82.46   23343.38   13   2e-01   2365    -379   +495    6e-01   1681    -297   +480    7e-01   1674    -315   +480  
  13    84.90   23312.52   21   1e-01   2382    -476   +493    4e-01   1761    -400   +480    5e-01   1795    -359   +480  
  14    87.41   23288.28   15   2e-01   2550    -321   +489    5e-01   1985    -256   +480    7e-01   2043    -232   +480  
  15    90.03   23263.25   19   1e-01   2624    -413   +487    5e-01   2124    -341   +480    5e-01   2222    -301   +480  
  16    92.80   23245.61   22   1e-01   2683    -404   +463    4e-01   2254    -350   +480    5e-01   2355    -347   +480  
  17    95.59   23230.03   20   1e-01   2848    -327   +492    4e-01   2457    -277   +480    5e-01   2582    -253   +480  
  18    98.50   23216.03   21   1e-01   2664    -440   +256    4e-01   2595    -342   +480    5e-01   2724    -338   +480  
  19   101.32   23206.57   23   7e-02   2427    -262   +25     3e-01   2757    -318   +480    4e-01   2900    -304   +480  
  20   104.14   23202.13   22   1e-01   2825    -83    +481    4e-01   3016    -221   +480    5e-01   3166    -214   +480  
  21   107.07   23194.79   19   8e-02   2526    -351   +52     4e-01   3136    -360   +480    4e-01   3296    -349   +479  
  22   110.01   23190.05   24   6e-02   2421    -119   +14     3e-01   3319    -294   +477    4e-01   3518    -257   +479  
  23   112.94   23185.77   19   1e-01   2568    -61    +208    5e-01   3532    -267   +480    5e-01   3718    -280   +480  
  24   115.98   23181.61   28   7e-02   2396    -181   +9      3e-01   3596    -407   +471    4e-01   3812    -383   +477  
  25   118.29   23178.84   21   7e-02   2396    -0     +0      3e-01   3596    -0     +0      4e-01   3812    -0     +0    
==========================================================================================================================
BOUNDING STOPPED: Gap to big!
==========================================================================================================================
Depth = 3, Bound = 23178.84, Best = 23159

Branching on x[109] = 0.50
Fixing x[109] = 0

**************************************************************************************************************************
                                               Node 10
**************************************************************************************************************************
Problem size 248
Fixed variables: (x[20],0) (x[28],1) (x[109],0)
==========================================================================================================================
starting bound     cut  triangles added  violation
      24665.91   23159              500       0.50
==========================================================================================================================
iter     time      bound  bdl   viol3  triag  purged   added   viol5  penta  purged   added   viol7  hepta  purged   added
==========================================================================================================================
   1   118.87   24388.00    5   4e-01    846    -151   +497   
   2   119.49   24159.41    5   4e-01   1133    -209   +496   
   3   120.21   23952.76    6   4e-01   1385    -247   +499   
   4   121.00   23848.26    8   3e-01   1492    -393   +500   
   5   121.86   23745.16    8   4e-01   1699    -293   +500   
   6   123.37   23675.73   10   3e-01   1835    -364   +500    7e-01    480    -0     +480    8e-01    480    -0     +480  
   7   125.07   23571.05    7   3e-01   1931    -404   +500    7e-01    852    -108   +480    8e-01    854    -106   +480  
   8   126.84   23500.72   12   3e-01   2010    -420   +499    6e-01   1105    -227   +480    7e-01   1119    -215   +480  
   9   128.71   23436.44   12   2e-01   1994    -516   +500    6e-01   1288    -297   +480    7e-01   1318    -281   +480  
  10   130.73   23386.65   11   2e-01   2155    -339   +500    6e-01   1521    -247   +480    7e-01   1550    -248   +480  
  11   132.85   23347.42   17   1e-01   2186    -466   +497    4e-01   1664    -337   +480    6e-01   1673    -357   +480  
  12   135.07   23307.66   14   2e-01   2345    -337   +496    6e-01   1863    -281   +480    6e-01   1852    -301   +480  
  13   137.43   23275.21   18   2e-01   2447    -391   +493    5e-01   2023    -320   +480    6e-01   2018    -314   +480  
  14   139.96   23249.32   19   1e-01   2514    -428   +495    4e-01   2118    -385   +480    5e-01   2122    -376   +480  
  15   142.61   23230.19   21   1e-01   2717    -281   +484    4e-01   2325    -273   +480    5e-01   2328    -274   +480  
  16   145.39   23212.92   22   1e-01   2809    -393   +485    4e-01   2526    -279   +480    5e-01   2538    -270   +480  
  17   148.24   23198.54   25   1e-01   2803    -418   +412    3e-01   2643    -363   +480    5e-01   2657    -361   +480  
  18   151.08   23185.44   25   1e-01   2805    -314   +316    4e-01   2808    -315   +480    5e-01   2823    -314   +480  
  19   153.93   23177.02   24   1e-01   2757    -260   +212    3e-01   2991    -297   +480    5e-01   3013    -290   +480  
  20   156.76   23171.21   22   7e-02   2571    -213   +27     3e-01   3177    -294   +480    4e-01   3246    -247   +480  
  21   159.64   23161.96   22   1e-01   2525    -95    +49     4e-01   3409    -247   +479    4e-01   3481    -245   +480  
  22   160.86   23157.66   26   1e-01   2525    -0     +0      4e-01   3409    -0     +0      4e-01   3481    -0     +0    
==========================================================================================================================
Prune!
==========================================================================================================================
Depth = 3, Bound = 23157.66, Best = 23159

Fixing x[109] = 1

**************************************************************************************************************************
                                               Node 11
**************************************************************************************************************************
Problem size 248
Fixed variables: (x[20],0) (x[28],1) (x[109],1)
==========================================================================================================================
starting bound     cut  triangles added  violation
      24658.10   23159              500       0.50
==========================================================================================================================
iter     time      bound  bdl   viol3  triag  purged   added   viol5  penta  purged   added   viol7  hepta  purged   added
==========================================================================================================================
   1   161.46   24406.58    5   5e-01    842    -155   +497   
   2   162.06   24110.94    7   4e-01   1135    -205   +498   
   3   162.76   23969.07    7   4e-01   1508    -125   +498   
   4   163.56   23826.69    7   4e-01   1523    -485   +500   
   5   164.42   23744.66    8   3e-01   1721    -301   +499   
   6   165.35   23649.17    7   3e-01   1952    -263   +494   
   7   167.11   23569.12    9   3e-01   2094    -357   +499    6e-01    480    -0     +480    8e-01    480    -0     +480  
   8   169.03   23478.66   10   2e-01   2256    -337   +499    7e-01    855    -105   +480    7e-01    861    -99    +480  
   9   170.91   23422.41   11   2e-01   2306    -446   +496    7e-01   1114    -221   +480    7e-01   1148    -193   +480  
  10   172.87   23367.36   13   2e-01   2374    -431   +499    5e-01   1347    -247   +480    6e-01   1379    -249   +480  
  11   174.97   23305.48   11   2e-01   2528    -337   +491    6e-01   1625    -202   +480    6e-01   1605    -254   +480  
  12   177.22   23278.66   19   1e-01   2608    -406   +486    5e-01   1816    -289   +480    5e-01   1810    -275   +480  
  13   179.60   23243.00   15   2e-01   2755    -341   +488    5e-01   2035    -261   +480    6e-01   2040    -250   +480  
  14   182.17   23221.39   23   1e-01   2753    -497   +495    4e-01   2107    -408   +480    4e-01   2138    -382   +480  
  15   184.82   23202.89   22   2e-01   2930    -305   +482    4e-01   2341    -246   +480    5e-01   2374    -244   +480  
  16   187.61   23188.14   24   1e-01   2835    -411   +316    3e-01   2460    -361   +480    4e-01   2532    -322   +480  
  17   190.46   23175.19   26   1e-01   2923    -256   +344    5e-01   2679    -261   +480    5e-01   2740    -272   +480  
  18   193.35   23162.66   24   1e-01   3057    -311   +445    4e-01   2833    -326   +480    5e-01   2947    -273   +480  
  19   194.43   23158.32   28   1e-01   3057    -0     +0      4e-01   2833    -0     +0      5e-01   2947    -0     +0    
==========================================================================================================================
Prune!
==========================================================================================================================
Depth = 3, Bound = 23158.32, Best = 23159

Branching on x[176] = 0.49
Fixing x[176] = 0

**************************************************************************************************************************
                                               Node 12
**************************************************************************************************************************
Problem size 248
Fixed variables: (x[20],1) (x[104],0) (x[176],0)
==========================================================================================================================
starting bound     cut  triangles added  violation
      24664.56   23159              500       0.50
==========================================================================================================================
iter     time      bound  bdl   viol3  triag  purged   added   viol5  penta  purged   added   viol7  hepta  purged   added
==========================================================================================================================
   1   195.06   24374.62    5   4e-01    809    -189   +498   
   2   195.71   24188.17    7   4e-01   1116    -193   +500   
   3   196.42   24002.01    5   4e-01   1459    -157   +500   
   4   197.20   23892.67    7   3e-01   1553    -403   +497   
   5   198.09   23756.21    6   3e-01   1704    -349   +500   
   6   199.59   23666.28    7   3e-01   1850    -352   +498    7e-01    480    -0     +480    8e-01    480    -0     +480  
   7   201.29   23566.29   10   3e-01   1911    -439   +500    7e-01    829    -131   +480    8e-01    845    -115   +480  
   8   203.09   23494.09   11   3e-01   1959    -452   +500    6e-01   1106    -203   +480    7e-01   1129    -196   +480  
   9   205.02   23430.29   13   2e-01   2036    -422   +499    7e-01   1365    -221   +480    7e-01   1384    -225   +480  
  10   207.06   23376.29   15   2e-01   2079    -452   +495    5e-01   1539    -306   +480    6e-01   1514    -350   +480  
  11   209.17   23338.06   12   2e-01   2268    -306   +495    6e-01   1811    -208   +480    7e-01   1759    -235   +480  
  12   211.42   23297.90   15   2e-01   2310    -453   +495    5e-01   1930    -361   +480    7e-01   1872    -367   +480  
  13   213.83   23274.33   20   1e-01   2401    -406   +497    5e-01   2036    -374   +480    6e-01   2036    -316   +480  
  14   216.38   23245.18   21   1e-01   2513    -369   +481    4e-01   2214    -302   +480    6e-01   2200    -316   +480  
  15   219.07   23226.92   22   1e-01   2642    -345   +474    4e-01   2415    -279   +480    5e-01   2441    -239   +480  
  16   221.85   23208.50   22   1e-01   2790    -338   +486    4e-01   2588    -307   +480    5e-01   2598    -323   +480  
  17   224.68   23194.63   19   2e-01   2916    -361   +487    5e-01   2746    -322   +480    5e-01   2784    -294   +480  
  18   227.52   23182.66   22   1e-01   2604    -454   +142    3e-01   2832    -394   +480    5e-01   2872    -392   +480  
  19   230.47   23172.23   27   9e-02   2513    -174   +83     3e-01   3041    -271   +480    4e-01   3101    -251   +480  
  20   233.36   23163.01   28   8e-02   2505    -133   +125    3e-01   3255    -266   +480    4e-01   3314    -267   +480  
  21   234.42   23159.37   32   8e-02   2505    -0     +0      3e-01   3255    -0     +0      4e-01   3314    -0     +0    
==========================================================================================================================
Prune!
==========================================================================================================================
Depth = 3, Bound = 23159.37, Best = 23159

Fixing x[176] = 1

**************************************************************************************************************************
                                               Node 13
**************************************************************************************************************************
Problem size 248
Fixed variables: (x[20],1) (x[104],0) (x[176],1)
==========================================================================================================================
starting bound     cut  triangles added  violation
      24656.87   23159              500       0.50
==========================================================================================================================
iter     time      bound  bdl   viol3  triag  purged   added   viol5  penta  purged   added   viol7  hepta  purged   added
==========================================================================================================================
   1   235.04   24371.40    4   4e-01    878    -117   +495   
   2   235.66   24131.73    5   4e-01   1159    -217   +498   
   3   236.38   23984.23    7   4e-01   1353    -304   +498   
   4   237.19   23888.01    8   3e-01   1536    -317   +500   
   5   238.06   23770.19    6   3e-01   1687    -349   +500   
   6   239.02   23678.85    8   3e-01   1848    -339   +500   
   7   240.78   23600.22    7   2e-01   2055    -293   +500    7e-01    480    -0     +480    8e-01    480    -0     +480  
   8   242.63   23509.92   10   3e-01   2176    -379   +500    7e-01    867    -93    +480    8e-01    857    -103   +480  
   9   244.50   23441.46   12   2e-01   2241    -432   +497    6e-01   1119    -228   +480    7e-01   1110    -227   +480  
  10   246.50   23377.86   15   2e-01   2224    -516   +499    6e-01   1339    -260   +480    6e-01   1323    -267   +480  
  11   248.61   23322.46   12   2e-01   2316    -404   +496    6e-01   1562    -257   +480    7e-01   1566    -237   +480  
  12   250.87   23297.56   17   1e-01   2333    -477   +494    4e-01   1712    -330   +480    6e-01   1713    -333   +480  
  13   253.31   23260.44   16   2e-01   2552    -272   +491    6e-01   1967    -225   +480    6e-01   1976    -217   +480  
  14   255.88   23237.94   19   1e-01   2595    -453   +496    4e-01   2156    -291   +480    5e-01   2144    -312   +480  
  15   258.58   23216.56   19   2e-01   2747    -342   +494    5e-01   2396    -240   +480    6e-01   2388    -236   +480  
  16   261.46   23199.67   20   9e-02   2740    -445   +438    3e-01   2494    -382   +480    6e-01   2510    -358   +480  
  17   264.27   23186.12   22   1e-01   2711    -372   +343    4e-01   2652    -322   +480    5e-01   2702    -288   +480  
  18   267.13   23180.15   20   1e-01   2662    -259   +210    3e-01   2873    -259   +480    5e-01   2947    -235   +480  
  19   270.09   23172.85   23   1e-01   2714    -219   +271    3e-01   3072    -281   +480    5e-01   3142    -285   +480  
  20   273.09   23166.45   18   8e-02   2513    -257   +56     3e-01   3263    -289   +480    4e-01   3342    -280   +480  
  21   276.07   23160.02   20   1e-01   2444    -110   +41     3e-01   3399    -343   +479    5e-01   3524    -298   +480  
  22   277.00   23158.02   23   1e-01   2444    -0     +0      3e-01   3399    -0     +0      5e-01   3524    -0     +0    
==========================================================================================================================
Prune!
==========================================================================================================================
Depth = 3, Bound = 23158.02, Best = 23159

Branching on x[204] = 0.51
Fixing x[204] = 0

**************************************************************************************************************************
                                               Node 14
**************************************************************************************************************************
Problem size 248
Fixed variables: (x[20],1) (x[104],1) (x[204],0)
==========================================================================================================================
starting bound     cut  triangles added  violation
      24654.54   23159              500       0.50
==========================================================================================================================
iter     time      bound  bdl   viol3  triag  purged   added   viol5  penta  purged   added   viol7  hepta  purged   added
==========================================================================================================================
   1   277.61   24379.90    4   4e-01    850    -145   +495   
   2   278.24   24157.70    5   4e-01   1111    -237   +498   
   3   278.95   24020.87    6   3e-01   1270    -334   +493   
   4   279.72   23841.43    6   4e-01   1470    -300   +500   
   5   280.62   23757.36    9   3e-01   1589    -381   +500   
   6   282.15   23669.52    8   3e-01   1818    -271   +500    7e-01    480    -0     +480    8e-01    480    -0     +480  
   7   283.82   23561.29    7   3e-01   1883    -435   +500    7e-01    805    -155   +480    8e-01    830    -130   +480  
   8   285.57   23488.46   10   3e-01   1966    -417   +500    6e-01   1076    -209   +480    7e-01   1099    -211   +480  
   9   287.42   23417.91   12   2e-01   2098    -365   +497    6e-01   1308    -248   +480    7e-01   1280    -299   +480  
  10   289.42   23361.52   12   2e-01   2210    -388   +500    6e-01   1488    -300   +480    7e-01   1428    -332   +480  
  11   291.57   23321.42   14   2e-01   2324    -384   +498    5e-01   1685    -283   +480    6e-01   1586    -322   +480  
  12   293.83   23290.66   17   2e-01   2392    -430   +498    5e-01   1824    -341   +480    6e-01   1786    -280   +480  
  13   296.24   23256.28   19   2e-01   2511    -375   +494    5e-01   2017    -287   +480    6e-01   2025    -241   +480  
  14   298.80   23226.22   19   2e-01   2621    -384   +494    5e-01   2151    -346   +480    5e-01   2205    -300   +480  
  15   301.48   23210.06   18   1e-01   2616    -491   +486    4e-01   2293    -338   +480    5e-01   2377    -308   +480  
  16   304.29   23189.41   22   1e-01   2766    -336   +486    4e-01   2439    -334   +480    5e-01   2575    -282   +480  
  17   307.10   23176.16   25   9e-02   2513    -359   +106    3e-01   2657    -262   +480    4e-01   2769    -286   +480  
  18   309.97   23166.52   24   1e-01   2625    -132   +244    3e-01   2906    -231   +480    5e-01   2997    -252   +480  
  19   310.90   23159.58   27   1e-01   2625    -0     +0      3e-01   2906    -0     +0      5e-01   2997    -0     +0    
==========================================================================================================================
Prune!
==========================================================================================================================
Depth = 3, Bound = 23159.58, Best = 23159

Fixing x[204] = 1

**************************************************************************************************************************
                                               Node 15
**************************************************************************************************************************
Problem size 248
Fixed variables: (x[20],1) (x[104],1) (x[204],1)
==========================================================================================================================
starting bound     cut  triangles added  violation
      24654.49   23159              500       0.49
==========================================================================================================================
iter     time      bound  bdl   viol3  triag  purged   added   viol5  penta  purged   added   viol7  hepta  purged   added
==========================================================================================================================
   1   311.50   24376.42    5   4e-01    830    -165   +495   
   2   312.11   24172.26    6   4e-01   1136    -193   +499   
   3   312.83   24002.88    5   4e-01   1355    -274   +493   
   4   313.64   23866.04    9   3e-01   1522    -333   +500   
   5   314.55   23768.22    9   3e-01   1662    -359   +499   
   6   315.52   23689.28    9   3e-01   1845    -316   +499   
   7   317.20   23611.37    9   3e-01   2011    -333   +499    8e-01    480    -0     +480    8e-01    480    -0     +480  
   8   319.03   23524.83    8   3e-01   2051    -459   +499    6e-01    820    -140   +480    7e-01    879    -81    +480  
   9   320.93   23453.48   11   2e-01   2170    -381   +500    6e-01   1084    -216   +480    7e-01   1176    -183   +480  
  10   322.98   23397.82   14   2e-01   2243    -419   +492    6e-01   1286    -278   +480    7e-01   1398    -258   +480  
  11   325.15   23352.47   17   2e-01   2333    -407   +497    5e-01   1537    -229   +480    6e-01   1658    -220   +480  
  12   327.42   23315.86   15   1e-01   2436    -386   +489    5e-01   1754    -263   +480    6e-01   1819    -319   +480  
  13   329.84   23281.19   16   2e-01   2568    -359   +491    6e-01   1972    -262   +480    6e-01   2025    -274   +480  
  14   332.40   23258.74   21   1e-01   2600    -460   +492    4e-01   2106    -346   +480    5e-01   2145    -360   +480  
  15   335.14   23239.03   23   9e-02   2508    -400   +308    3e-01   2266    -320   +480    4e-01   2313    -312   +480  
  16   337.97   23224.32   20   2e-01   2773    -222   +487    5e-01   2515    -231   +480    6e-01   2570    -223   +480  
  17   340.88   23213.46   17   1e-01   2797    -453   +477    4e-01   2631    -364   +480    6e-01   2734    -316   +480  
  18   343.77   23200.62   22   1e-01   2857    -427   +487    3e-01   2750    -361   +480    5e-01   2872    -342   +480  
  19   346.73   23193.85   23   2e-01   2952    -397   +492    4e-01   2898    -332   +480    5e-01   3030    -322   +480  
  20   349.76   23186.27   28   9e-02   2558    -456   +62     3e-01   2982    -396   +480    4e-01   3117    -393   +480  
  21   352.68   23180.37   33   7e-02   2443    -121   +6      2e-01   3191    -271   +480    3e-01   3337    -259   +479  
  22   355.63   23176.25   27   1e-01   2541    -51    +149    3e-01   3441    -230   +480    5e-01   3599    -218   +480  
  23   358.68   23172.35   27   1e-01   2438    -134   +31     2e-01   3565    -356   +480    3e-01   3725    -354   +480  
  24   361.70   23168.33   26   8e-02   2406    -61    +29     5e-01   3768    -276   +479    4e-01   3947    -257   +479  
  25   364.89   23165.44   30   6e-02   2372    -40    +6      2e-01   3945    -302   +479    3e-01   4185    -242   +480  
  26   368.18   23163.69   27   6e-02   2337    -38    +3      2e-01   4114    -304   +473    3e-01   4411    -253   +479  
  27   371.33   23161.24   30   7e-02   2319    -23    +5      2e-01   4310    -263   +459    4e-01   4644    -241   +474  
  28   371.67   23159.89   31   7e-02   2319    -0     +0      2e-01   4310    -0     +0      4e-01   4644    -0     +0    
==========================================================================================================================
Prune!
==========================================================================================================================
Depth = 3, Bound = 23159.89, Best = 23159

Branching on x[72] = 0.50
Fixing x[72] = 0

**************************************************************************************************************************
                                               Node 16
**************************************************************************************************************************
Problem size 247
Fixed variables: (x[20],0) (x[28],0) (x[72],0) (x[104],1)
==========================================================================================================================
starting bound     cut  triangles added  violation
      24611.00   23159              500       0.49
==========================================================================================================================
iter     time      bound  bdl   viol3  triag  purged   added   viol5  penta  purged   added   viol7  hepta  purged   added
==========================================================================================================================
   1   372.30   24364.06    5   4e-01    827    -172   +499   
   2   372.92   24110.44    7   4e-01   1089    -237   +499   
   3   373.65   23954.81    7   4e-01   1352    -236   +499   
   4   374.47   23851.50    8   4e-01   1553    -299   +500   
   5   375.39   23753.76    8   3e-01   1660    -393   +500   
   6   376.36   23676.13    9   3e-01   1865    -295   +500   
   7   378.02   23626.97   10   3e-01   1928    -437   +500    7e-01    480    -0     +480    8e-01    480    -0     +480  
   8   379.84   23525.50    9   3e-01   1978    -450   +500    7e-01    825    -135   +480    8e-01    862    -98    +480  
   9   381.72   23465.56   11   3e-01   2088    -388   +498    7e-01   1118    -187   +480    8e-01   1146    -196   +480  
  10   383.71   23408.13   13   2e-01   2125    -462   +499    5e-01   1292    -306   +480    6e-01   1363    -263   +480  
  11   385.83   23351.34   14   2e-01   2311    -309   +495    6e-01   1536    -236   +480    7e-01   1590    -253   +480  
  12   388.13   23312.58   17   2e-01   2332    -474   +495    5e-01   1686    -330   +480    7e-01   1718    -352   +480  
  13   390.58   23276.35   16   2e-01   2461    -367   +496    5e-01   1903    -263   +480    7e-01   1908    -290   +480  
  14   393.22   23254.48   18   1e-01   2415    -537   +491    4e-01   1981    -402   +480    5e-01   2009    -379   +480  
  15   396.00   23231.07   19   2e-01   2544    -355   +484    4e-01   2188    -273   +480    6e-01   2246    -243   +480  
  16   398.86   23215.59   17   9e-02   2354    -446   +256    4e-01   2314    -354   +480    5e-01   2433    -293   +480  
  17   401.72   23204.93   22   2e-01   2620    -216   +482    4e-01   2533    -261   +480    5e-01   2647    -266   +480  
  18   404.66   23192.47   19   1e-01   2658    -449   +487    4e-01   2662    -351   +480    5e-01   2802    -325   +480  
  19   407.62   23185.28   19   8e-02   2315    -424   +81     3e-01   2813    -329   +480    5e-01   2993    -289   +480  
  20   410.54   23180.44   21   1e-01   2253    -130   +68     3e-01   3008    -285   +480    5e-01   3243    -230   +480  
  21   413.50   23174.76   18   6e-02   2169    -95    +11     3e-01   3190    -298   +480    5e-01   3434    -288   +479  
  22   416.48   23170.95   18   1e-01   2234    -49    +114    4e-01   3418    -252   +480    5e-01   3674    -240   +480  
  23   419.64   23167.90   21   1e-01   2400    -108   +274    3e-01   3502    -396   +480    5e-01   3782    -372   +480  
  24   422.93   23165.30   21   8e-02   2146    -271   +17     3e-01   3531    -450   +479    4e-01   3880    -382   +480  
  25   426.17   23163.74   21   7e-02   2136    -35    +25     3e-01   3681    -329   +479    4e-01   4054    -306   +480  
  26   429.42   23162.26   25   6e-02   2106    -35    +5      2e-01   3786    -375   +480    3e-01   4184    -350   +480  
  27   432.72   23161.32   17   8e-02   2115    -21    +30     3e-01   3952    -313   +479    4e-01   4356    -308   +480  
  28   436.09   23160.47   18   6e-02   2078    -39    +2      2e-01   3919    -497   +464    3e-01   4402    -431   +477  
  29   437.93   23159.87   13   6e-02   2078    -0     +0      2e-01   3919    -0     +0      3e-01   4402    -0     +0    
==========================================================================================================================
Prune!
==========================================================================================================================
Depth = 4, Bound = 23159.87, Best = 23159

Fixing x[72] = 1

**************************************************************************************************************************
                                               Node 17
**************************************************************************************************************************
Problem size 247
Fixed variables: (x[20],0) (x[28],0) (x[72],1) (x[104],1)
==========================================================================================================================
starting bound     cut  triangles added  violation
      24567.90   23159              500       0.49
==========================================================================================================================
iter     time      bound  bdl   viol3  triag  purged   added   viol5  penta  purged   added   viol7  hepta  purged   added
==========================================================================================================================
   1   438.53   24320.49    4   4e-01    824    -175   +499   
   2   439.16   24055.76    6   4e-01   1035    -287   +498   
   3   439.91   23899.17    5   4e-01   1318    -215   +498   
   4   440.71   23820.11    7   3e-01   1424    -394   +500   
   5   441.60   23712.52    9   3e-01   1586    -338   +500   
   6   442.58   23642.49    9   4e-01   1816    -269   +499   
   7   444.22   23578.61    8   3e-01   1935    -381   +500    8e-01    480    -0     +480    8e-01    480    -0     +480  
   8   445.44   23495.37   10   3e-01   1934    -501   +500   
   9   447.38   23452.12   12   2e-01   1984    -448   +498    6e-01    826    -134   +480    7e-01    836    -124   +480  
  10   449.36   23386.61   13   3e-01   2085    -399   +500    6e-01   1118    -188   +480    8e-01   1143    -173   +480  
  11   451.50   23334.06   12   2e-01   2193    -387   +495    6e-01   1374    -224   +480    7e-01   1376    -247   +480  
  12   453.80   23289.10   14   2e-01   2278    -411   +496    5e-01   1541    -313   +480    6e-01   1583    -273   +480  
  13   456.22   23264.58   15   2e-01   2339    -433   +494    5e-01   1709    -312   +480    7e-01   1794    -269   +480  
  14   458.79   23240.16   15   2e-01   2461    -375   +497    5e-01   1908    -281   +480    6e-01   2023    -251   +480  
  15   461.58   23218.24   20   1e-01   2478    -475   +492    4e-01   2022    -366   +480    5e-01   2135    -368   +480  
  16   464.46   23205.03   15   1e-01   2593    -370   +485    4e-01   2233    -269   +480    5e-01   2377    -238   +480  
  17   467.39   23197.40   19   1e-01   2302    -408   +117    3e-01   2396    -317   +480    4e-01   2586    -270   +479  
  18   470.34   23188.40   21   1e-01   2512    -134   +344    3e-01   2647    -229   +480    5e-01   2861    -205   +480  
  19   473.36   23182.72   21   9e-02   2303    -280   +71     4e-01   2744    -383   +480    5e-01   3006    -335   +480  
  20   476.45   23175.59   23   6e-02   2185    -124   +6      3e-01   2958    -266   +480    4e-01   3218    -268   +480  
  21   479.49   23172.91   20   9e-02   2179    -37    +31     3e-01   3157    -281   +480    4e-01   3424    -274   +480  
  22   482.55   23169.50   22   6e-02   2139    -49    +9      3e-01   3318    -318   +479    4e-01   3567    -337   +480  
  23   485.68   23167.36   19   1e-01   2572    -20    +453    4e-01   3505    -293   +480    5e-01   3755    -292   +480  
  24   488.98   23165.54   20   8e-02   2160    -446   +34     3e-01   3548    -437   +480    5e-01   3824    -411   +480  
  25   492.23   23163.67   16   1e-01   2491    -45    +376    4e-01   3662    -366   +480    5e-01   3966    -338   +480  
  26   495.59   23162.73   17   6e-02   2135    -365   +9      3e-01   3641    -499   +478    4e-01   3997    -449   +480  
  27   498.91   23161.44   16   1e-01   2112    -46    +23     3e-01   3716    -405   +480    4e-01   4118    -359   +480  
  28   502.28   23160.84   16   6e-02   2099    -26    +13     2e-01   3731    -465   +480    4e-01   4212    -386   +480  
  29   504.76   23160.42   19   6e-02   2099    -0     +0      2e-01   3731    -0     +0      4e-01   4212    -0     +0    
==========================================================================================================================
BOUNDING STOPPED: Gap to big!
==========================================================================================================================
Depth = 4, Bound = 23160.42, Best = 23159

Branching on x[204] = 0.55
Fixing x[204] = 0

**************************************************************************************************************************
                                               Node 18
**************************************************************************************************************************
Problem size 246
Fixed variables: (x[20],0) (x[28],0) (x[72],1) (x[104],1) (x[204],0)
==========================================================================================================================
starting bound     cut  triangles added  violation
      24524.95   23159              500       0.49
==========================================================================================================================
iter     time      bound  bdl   viol3  triag  purged   added   viol5  penta  purged   added   viol7  hepta  purged   added
==========================================================================================================================
   1   505.36   24266.78    4   4e-01    770    -227   +497   
   2   505.99   24070.15    5   4e-01   1055    -214   +499   
   3   506.73   23903.06    7   4e-01   1304    -251   +500   
   4   507.51   23789.68    7   3e-01   1486    -317   +499   
   5   508.40   23698.42    7   4e-01   1675    -310   +499   
   6   509.34   23633.74    8   3e-01   1785    -390   +500   
   7   510.98   23561.20    9   3e-01   1969    -314   +498    7e-01    480    -0     +480    9e-01    480    -0     +480  
   8   512.78   23477.73   10   3e-01   2077    -391   +499    7e-01    838    -122   +480    8e-01    870    -90    +480  
   9   514.66   23400.20   12   2e-01   2127    -448   +498    6e-01   1118    -200   +480    7e-01   1149    -201   +480  
  10   516.63   23339.52   12   2e-01   2230    -396   +499    6e-01   1349    -249   +480    7e-01   1374    -255   +480  
  11   518.76   23293.35   13   2e-01   2223    -503   +496    6e-01   1509    -320   +480    7e-01   1538    -316   +480  
  12   521.07   23268.95   16   2e-01   2262    -456   +495    4e-01   1675    -314   +480    5e-01   1724    -294   +480  
  13   523.46   23234.45   15   2e-01   2347    -411   +496    6e-01   1912    -243   +480    6e-01   1962    -242   +480  
  14   526.02   23218.09   17   1e-01   2443    -394   +490    4e-01   2116    -276   +480    6e-01   2148    -294   +480  
  15   528.72   23202.92   17   2e-01   2483    -446   +486    5e-01   2231    -365   +480    5e-01   2326    -302   +480  
  16   531.63   23187.84   16   1e-01   2505    -463   +485    5e-01   2363    -348   +480    6e-01   2469    -337   +480  
  17   534.54   23178.75   24   8e-02   2093    -481   +69     3e-01   2445    -398   +480    4e-01   2552    -397   +480  
  18   537.40   23174.06   15   2e-01   2485    -102   +494    6e-01   2711    -214   +480    7e-01   2824    -208   +480  
  19   540.42   23169.42   19   8e-02   2133    -485   +133    3e-01   2751    -440   +480    5e-01   2911    -393   +480  
  20   543.35   23166.42   15   1e-01   2118    -150   +135    4e-01   2862    -369   +480    5e-01   3053    -338   +480  
  21   546.47   23162.97   20   9e-02   2025    -148   +55     3e-01   2910    -432   +480    4e-01   3114    -419   +480  
  22   549.61   23161.26   14   9e-02   2077    -65    +117    3e-01   3031    -359   +480    4e-01   3315    -279   +480  
  23   552.80   23160.38   14   5e-02   1951    -127   +1      2e-01   3158    -347   +474    4e-01   3529    -266   +480  
  24   553.58   23159.63   13   5e-02   1951    -0     +0      2e-01   3158    -0     +0      4e-01   3529    -0     +0    
==========================================================================================================================
Prune!
==========================================================================================================================
Depth = 5, Bound = 23159.63, Best = 23159

Fixing x[204] = 1

**************************************************************************************************************************
                                               Node 19
**************************************************************************************************************************
Problem size 246
Fixed variables: (x[20],0) (x[28],0) (x[72],1) (x[104],1) (x[204],1)
==========================================================================================================================
starting bound     cut  triangles added  violation
      24519.28   23159              500       0.49
==========================================================================================================================
iter     time      bound  bdl   viol3  triag  purged   added   viol5  penta  purged   added   viol7  hepta  purged   added
==========================================================================================================================
   1   554.17   24203.07    4   4e-01    792    -205   +497   
   2   554.79   23986.97    6   4e-01   1037    -254   +499   
   3   555.48   23830.33    6   4e-01   1392    -144   +499   
   4   556.28   23701.54    8   4e-01   1534    -358   +500   
   5   557.15   23626.99    8   4e-01   1632    -402   +500   
   6   558.12   23554.06    7   3e-01   1748    -383   +499   
   7   559.37   23484.38    8   3e-01   1923    -325   +500   
   8   561.32   23442.16   12   3e-01   2047    -376   +500    7e-01    480    -0     +480    8e-01    480    -0     +480  
   9   563.28   23363.18    9   2e-01   2159    -388   +500    7e-01    851    -109   +480    8e-01    860    -100   +480  
  10   565.27   23320.27   11   2e-01   2210    -443   +494    6e-01   1132    -199   +480    7e-01   1123    -217   +480  
  11   567.37   23267.48    9   2e-01   2292    -413   +495    6e-01   1373    -239   +480    7e-01   1383    -220   +480  
  12   569.66   23238.47   15   2e-01   2333    -455   +496    6e-01   1519    -334   +480    6e-01   1527    -336   +480  
  13   572.12   23215.75   17   1e-01   2366    -458   +491    5e-01   1665    -334   +480    6e-01   1732    -275   +480  
  14   574.70   23195.14   15   2e-01   2549    -305   +488    5e-01   1912    -233   +480    7e-01   1988    -224   +480  
  15   577.46   23183.14   13   2e-01   2575    -473   +499    5e-01   2053    -339   +480    6e-01   2143    -325   +480  
  16   580.43   23174.44   16   1e-01   2558    -503   +486    5e-01   2174    -359   +480    6e-01   2313    -310   +480  
  17   583.48   23167.52   14   1e-01   2326    -416   +184    4e-01   2242    -412   +480    6e-01   2434    -359   +480  
  18   586.54   23165.00   17   8e-02   2136    -214   +24     4e-01   2408    -314   +480    4e-01   2649    -265   +480  
  19   589.67   23161.56   12   7e-02   2076    -70    +10     3e-01   2559    -329   +480    4e-01   2824    -305   +480  
  20   591.29   23159.71   12   7e-02   2076    -0     +0      3e-01   2559    -0     +0      4e-01   2824    -0     +0    
==========================================================================================================================
Prune!
==========================================================================================================================
Depth = 5, Bound = 23159.71, Best = 23159


Nodes = 19
Root node bound = 23268.704
Maximum value = 23159
Solution = ( 1 8 27 28 35 37 38 43 46 48 49 51 52 56 59 60 61 65 66 69 71 75 76 81 83 84 88 91 93 94 101 102 105 109 111 112 114 118 121 122 127 128 130 133 138 139 143 148 150 151 152 158 161 168 169 171 180 181 183 184 185 186 189 193 195 202 203 205 206 207 209 211 212 218 222 223 224 227 228 231 232 234 237 238 240 241 242 243 244 245 246 249 )
CPU time = 591.29 s

