Input file: ./Instances/biq2mc/be/be250.6.sparse.mc

Graph has 251 vertices and 3309 edges.

BiqBin parameters:
    init_bundle_iter = 5
     max_bundle_iter = 20
      min_outer_iter = 10
      max_outer_iter = 30
       violated_Ineq = 0.050000
             TriIneq = 500
         Pent_Trials = 160
        Hepta_Trials = 120
        include_Pent = 1
       include_Hepta = 1
                root = 0
            use_diff = 1
          time_limit = 0
   branchingStrategy = 1
      detailedOutput = 1

**************************************************************************************************************************
                                               Node 1
**************************************************************************************************************************
Problem size 251
Fixed variables:
Node 1 Feasible solution 22684
==========================================================================================================================
starting bound     cut  triangles added  violation
      24538.50   22684              500       0.50
==========================================================================================================================
iter     time      bound  bdl   viol3  triag  purged   added   viol5  penta  purged   added   viol7  hepta  purged   added
==========================================================================================================================
Node 1 Feasible solution 22735
   1     0.83   24145.86    4   5e-01    810    -190   +500   
   2     1.49   23868.53    4   4e-01   1125    -185   +500   
   3     2.29   23729.04    6   4e-01   1411    -213   +499   
   4     3.21   23555.82    6   3e-01   1518    -393   +500   
   5     4.21   23463.80    7   3e-01   1706    -312   +500   
   6     5.30   23364.02    9   3e-01   1871    -335   +500   
   7     7.09   23282.07   11   3e-01   2077    -293   +499    7e-01    480    -0     +480    8e-01    480    -0     +480  
   8     8.83   23199.58   10   2e-01   2222    -353   +498    7e-01    849    -111   +480    7e-01    831    -129   +480  
   9    10.75   23120.45   10   3e-01   2298    -424   +500    6e-01   1088    -241   +480    7e-01   1071    -240   +480  
  10    12.74   23064.20   12   2e-01   2358    -438   +498    6e-01   1288    -280   +480    6e-01   1267    -284   +480  
  11    14.94   23011.76   16   2e-01   2475    -382   +499    6e-01   1498    -270   +480    6e-01   1406    -341   +480  
  12    17.28   22966.12   16   3e-01   2593    -375   +493    6e-01   1675    -303   +480    7e-01   1598    -288   +480  
  13    19.75   22930.09   19   2e-01   2710    -371   +488    5e-01   1844    -311   +480    5e-01   1784    -294   +480  
  14    22.35   22902.92   21   1e-01   2801    -402   +493    4e-01   2018    -306   +480    4e-01   1909    -353   +478  
  15    25.10   22875.42   17   2e-01   3041    -254   +494    5e-01   2261    -237   +480    5e-01   2138    -251   +480  
  16    28.01   22853.20   19   1e-01   3119    -411   +489    5e-01   2425    -316   +480    5e-01   2310    -307   +479  
  17    30.90   22836.15   24   9e-02   3007    -360   +248    3e-01   2554    -351   +480    5e-01   2405    -384   +479  
  18    33.81   22822.22   17   1e-01   3236    -248   +477    4e-01   2751    -283   +480    5e-01   2567    -318   +480  
  19    36.80   22808.24   25   9e-02   2983    -375   +122    3e-01   2874    -356   +479    4e-01   2651    -396   +480  
  20    39.76   22795.86   22   1e-01   3043    -150   +210    4e-01   3045    -308   +479    5e-01   2806    -324   +479  
  21    42.74   22784.88   24   7e-02   2924    -182   +63     3e-01   3234    -289   +478    4e-01   2996    -288   +478  
  22    45.05   22779.90   23   7e-02   2924    -0     +0      3e-01   3234    -0     +0      4e-01   2996    -0     +0    
==========================================================================================================================
BOUNDING STOPPED: Gap to big!
==========================================================================================================================
Depth = 0, Bound = 22779.90, Best = 22735

Branching on x[41] = 0.50
Fixing x[41] = 0

**************************************************************************************************************************
                                               Node 2
**************************************************************************************************************************
Problem size 250
Fixed variables: (x[41],0)
==========================================================================================================================
BOUNDING STOPPED: Gap to big!
==========================================================================================================================
Depth = 1, Bound = 24527.14, Best = 22735

Fixing x[41] = 1

**************************************************************************************************************************
                                               Node 3
**************************************************************************************************************************
Problem size 250
Fixed variables: (x[41],1)
==========================================================================================================================
starting bound     cut  triangles added  violation
      24490.28   22735              500       0.50
==========================================================================================================================
iter     time      bound  bdl   viol3  triag  purged   added   viol5  penta  purged   added   viol7  hepta  purged   added
==========================================================================================================================
   1    45.80   24096.06    5   5e-01    838    -161   +499   
   2    46.46   23823.80    6   4e-01   1181    -156   +499   
   3    47.23   23667.73    8   3e-01   1401    -278   +498   
   4    48.09   23489.16    7   4e-01   1640    -261   +500   
   5    49.09   23398.95    7   4e-01   1787    -352   +499   
   6    50.74   23318.90   10   3e-01   1917    -370   +500    8e-01    480    -0     +480    8e-01    480    -0     +480  
   7    52.35   23222.42   10   3e-01   2005    -412   +500    7e-01    836    -124   +480    8e-01    855    -105   +480  
   8    53.50   23129.91   11   3e-01   2077    -425   +497   
   9    55.35   23083.67   13   2e-01   2218    -356   +497    6e-01   1111    -205   +480    7e-01   1113    -222   +480  
  10    57.35   23025.41   10   2e-01   2396    -317   +495    6e-01   1362    -229   +480    7e-01   1352    -241   +480  
  11    59.48   22974.92   15   2e-01   2464    -429   +497    5e-01   1475    -367   +480    6e-01   1429    -403   +480  
  12    61.73   22940.41   18   2e-01   2499    -454   +489    5e-01   1656    -299   +480    5e-01   1608    -301   +480  
  13    64.13   22889.74   16   2e-01   2707    -284   +492    5e-01   1870    -266   +480    6e-01   1817    -271   +480  
  14    66.70   22862.10   19   1e-01   2812    -385   +490    4e-01   2073    -277   +480    5e-01   2014    -281   +478  
  15    69.40   22838.84   23   1e-01   2771    -412   +371    3e-01   2173    -379   +479    5e-01   2146    -347   +479  
  16    72.23   22821.83   17   1e-01   3014    -229   +472    4e-01   2408    -245   +480    5e-01   2389    -237   +480  
  17    75.02   22800.80   18   1e-01   2881    -358   +225    4e-01   2534    -354   +480    5e-01   2506    -363   +480  
  18    77.85   22789.04   23   1e-01   3015    -213   +347    3e-01   2737    -277   +480    5e-01   2697    -289   +480  
  19    80.71   22776.35   15   2e-01   3260    -241   +486    5e-01   2916    -301   +480    5e-01   2851    -326   +480  
  20    83.63   22770.61   24   9e-02   2887    -421   +48     3e-01   3009    -385   +478    5e-01   3000    -331   +480  
  21    86.54   22764.08   23   1e-01   3198    -139   +450    4e-01   3215    -274   +480    5e-01   3167    -313   +480  
  22    89.55   22757.47   27   7e-02   2841    -363   +6      3e-01   3332    -362   +479    3e-01   3237    -406   +476  
  23    92.57   22752.05   21   8e-02   2808    -95    +62     4e-01   3565    -246   +479    5e-01   3478    -239   +480  
  24    95.63   22748.34   25   6e-02   2738    -74    +4      2e-01   3708    -305   +448    4e-01   3697    -241   +460  
  25    98.72   22744.80   25   9e-02   2712    -39    +13     3e-01   3921    -259   +472    4e-01   3924    -246   +473  
  26   101.83   22742.71   26   6e-02   2681    -33    +2      3e-01   4088    -277   +444    4e-01   4181    -205   +462  
  27   104.92   22739.71   25   7e-02   2678    -27    +24     3e-01   4278    -278   +468    4e-01   4359    -290   +468  
  28   108.08   22738.27   27   6e-02   2657    -25    +4      3e-01   4440    -290   +452    4e-01   4587    -236   +464  
  29   111.21   22736.92   19   8e-02   2689    -11    +43     3e-01   4593    -327   +480    4e-01   4744    -323   +480  
  30   113.20   22735.65   22   8e-02   2689    -0     +0      3e-01   4593    -0     +0      4e-01   4744    -0     +0    
==========================================================================================================================
Prune!
==========================================================================================================================
Depth = 1, Bound = 22735.65, Best = 22735

Branching on x[2] = 0.50
Fixing x[2] = 0

**************************************************************************************************************************
                                               Node 4
**************************************************************************************************************************
Problem size 249
Fixed variables: (x[2],0) (x[41],0)
==========================================================================================================================
starting bound     cut  triangles added  violation
      24475.58   22735              500       0.49
==========================================================================================================================
iter     time      bound  bdl   viol3  triag  purged   added   viol5  penta  purged   added   viol7  hepta  purged   added
==========================================================================================================================
   1   113.86   24088.42    4   4e-01    800    -199   +499   
   2   114.52   23807.21    5   4e-01   1111    -187   +498   
   3   115.30   23609.39    4   4e-01   1383    -228   +500   
   4   116.17   23509.11    7   4e-01   1496    -382   +495   
   5   117.15   23410.86    8   3e-01   1632    -361   +497   
   6   118.25   23313.64    9   4e-01   1831    -301   +500   
   7   119.47   23228.09    9   3e-01   1987    -343   +499   
   8   121.27   23166.71   12   2e-01   2174    -311   +498    6e-01    480    -0     +480    8e-01    480    -0     +480  
   9   123.10   23082.94   12   3e-01   2266    -406   +498    6e-01    837    -123   +480    7e-01    855    -105   +480  
  10   125.01   23007.30   11   2e-01   2329    -437   +500    6e-01   1086    -231   +480    7e-01   1097    -237   +479  
  11   127.09   22949.53   12   2e-01   2458    -363   +492    5e-01   1335    -231   +480    6e-01   1328    -249   +480  
  12   129.33   22894.11   13   2e-01   2602    -349   +493    6e-01   1560    -255   +480    6e-01   1533    -275   +480  
  13   131.72   22860.39   18   1e-01   2687    -405   +490    4e-01   1669    -370   +479    6e-01   1660    -353   +480  
  14   134.23   22822.34   18   2e-01   2835    -344   +492    5e-01   1876    -273   +480    6e-01   1834    -306   +480  
  15   136.92   22794.75   18   1e-01   2947    -370   +482    4e-01   2031    -325   +480    5e-01   1986    -328   +480  
  16   139.70   22767.71   21   1e-01   3076    -360   +489    3e-01   2179    -332   +480    5e-01   2149    -315   +478  
  17   142.52   22754.23   22   1e-01   3194    -292   +410    4e-01   2406    -251   +478    4e-01   2358    -271   +480  
  18   145.40   22742.34   24   9e-02   3023    -298   +127    3e-01   2625    -261   +480    4e-01   2559    -279   +480  
  19   146.09   22731.04   29   9e-02   3023    -0     +0      3e-01   2625    -0     +0      4e-01   2559    -0     +0    
==========================================================================================================================
Prune!
==========================================================================================================================
Depth = 2, Bound = 22731.04, Best = 22735

Fixing x[2] = 1

**************************************************************************************************************************
                                               Node 5
**************************************************************************************************************************
Problem size 249
Fixed variables: (x[2],1) (x[41],0)
==========================================================================================================================
starting bound     cut  triangles added  violation
      24492.04   22735              500       0.50
==========================================================================================================================
iter     time      bound  bdl   viol3  triag  purged   added   viol5  penta  purged   added   viol7  hepta  purged   added
==========================================================================================================================
   1   146.72   24098.84    4   4e-01    826    -174   +500   
   2   147.37   23849.91    4   4e-01   1144    -182   +500   
   3   148.14   23643.69    7   4e-01   1281    -363   +500   
   4   149.00   23495.79    7   3e-01   1517    -261   +497   
   5   149.96   23392.39    8   3e-01   1748    -268   +499   
   6   151.55   23293.64    8   3e-01   1934    -314   +500    8e-01    480    -0     +480    8e-01    480    -0     +480  
   7   153.16   23199.37   12   2e-01   2027    -407   +500    7e-01    797    -163   +480    7e-01    811    -149   +480  
   8   154.89   23120.82   10   3e-01   2099    -427   +499    7e-01   1072    -205   +480    7e-01   1099    -192   +480  
   9   156.77   23058.16   13   2e-01   2212    -386   +499    6e-01   1299    -253   +480    7e-01   1322    -257   +480  
  10   158.73   23003.33   13   2e-01   2294    -416   +498    5e-01   1469    -310   +480    6e-01   1488    -314   +480  
  11   160.87   22961.91   14   2e-01   2441    -346   +493    5e-01   1653    -296   +480    6e-01   1638    -330   +480  
  12   163.12   22917.54   16   2e-01   2575    -356   +490    4e-01   1867    -266   +480    5e-01   1786    -332   +480  
  13   165.56   22880.16   18   2e-01   2803    -265   +493    4e-01   2070    -277   +480    6e-01   1976    -290   +480  
  14   168.17   22856.66   19   1e-01   2869    -406   +472    4e-01   2175    -375   +480    5e-01   2082    -374   +480  
  15   170.92   22825.70   21   2e-01   3059    -290   +480    4e-01   2364    -291   +480    5e-01   2266    -296   +480  
  16   173.77   22800.24   19   1e-01   3010    -371   +322    5e-01   2533    -311   +480    5e-01   2460    -286   +480  
  17   176.64   22789.52   23   1e-01   3041    -254   +285    4e-01   2739    -274   +480    5e-01   2674    -266   +480  
  18   179.53   22779.24   20   2e-01   3270    -248   +477    4e-01   2874    -345   +480    5e-01   2889    -265   +480  
  19   182.47   22765.57   22   8e-02   2869    -430   +29     3e-01   2926    -426   +478    4e-01   3011    -355   +477  
  20   185.40   22759.35   26   6e-02   2774    -115   +20     3e-01   3162    -236   +472    4e-01   3260    -228   +477  
  21   188.38   22755.61   21   1e-01   2795    -67    +88     4e-01   3377    -264   +479    6e-01   3497    -243   +480  
  22   191.37   22748.04   25   6e-02   2708    -90    +3      2e-01   3467    -364   +454    3e-01   3674    -293   +470  
  23   193.58   22746.64   20   6e-02   2708    -0     +0      2e-01   3467    -0     +0      3e-01   3674    -0     +0    
==========================================================================================================================
BOUNDING STOPPED: Gap to big!
==========================================================================================================================
Depth = 2, Bound = 22746.64, Best = 22735

Branching on x[127] = 0.48
Fixing x[127] = 0

**************************************************************************************************************************
                                               Node 6
**************************************************************************************************************************
Problem size 248
Fixed variables: (x[2],1) (x[41],0) (x[127],0)
==========================================================================================================================
starting bound     cut  triangles added  violation
      24468.90   22735              500       0.50
==========================================================================================================================
iter     time      bound  bdl   viol3  triag  purged   added   viol5  penta  purged   added   viol7  hepta  purged   added
==========================================================================================================================
   1   194.17   24049.16    4   4e-01    857    -140   +497   
   2   194.77   23808.47    5   4e-01   1168    -189   +500   
   3   195.49   23665.39    6   4e-01   1376    -292   +500   
   4   196.33   23535.26    9   4e-01   1533    -343   +500   
   5   197.26   23411.68    8   3e-01   1732    -301   +500   
   6   198.80   23296.30    7   3e-01   1923    -307   +498    8e-01    480    -0     +480    8e-01    480    -0     +480  
   7   200.38   23198.41   10   3e-01   2012    -411   +500    7e-01    801    -159   +480    7e-01    809    -151   +480  
   8   202.05   23117.01   10   2e-01   2107    -405   +500    6e-01   1094    -187   +480    7e-01   1094    -195   +480  
   9   203.86   23036.97   10   2e-01   2204    -402   +499    6e-01   1325    -249   +480    7e-01   1269    -305   +480  
  10   205.80   22976.98   15   2e-01   2247    -455   +498    6e-01   1477    -328   +480    6e-01   1415    -334   +480  
  11   207.85   22930.03   14   2e-01   2447    -293   +493    6e-01   1679    -278   +480    6e-01   1570    -325   +480  
  12   210.08   22887.75   17   2e-01   2508    -426   +487    5e-01   1849    -310   +480    6e-01   1699    -351   +480  
  13   212.46   22852.11   17   2e-01   2606    -399   +497    5e-01   1977    -352   +480    6e-01   1830    -349   +480  
  14   214.94   22820.28   18   1e-01   2699    -395   +488    5e-01   2155    -302   +480    5e-01   2017    -293   +480  
  15   217.52   22802.24   21   1e-01   2597    -325   +223    5e-01   2342    -292   +479    5e-01   2224    -271   +478  
  16   220.24   22786.74   20   1e-01   2886    -186   +475    4e-01   2582    -240   +480    5e-01   2447    -257   +480  
  17   223.01   22769.80   20   2e-01   3053    -309   +476    4e-01   2721    -341   +480    5e-01   2626    -301   +480  
  18   225.82   22759.85   19   1e-01   3123    -420   +490    4e-01   2850    -351   +480    5e-01   2750    -356   +480  
  19   228.68   22750.82   16   1e-01   3164    -449   +490    4e-01   2950    -380   +480    5e-01   2885    -345   +480  
  20   231.55   22746.53   19   8e-02   2769    -435   +40     3e-01   3061    -366   +477    5e-01   2983    -382   +480  
  21   234.40   22742.42   19   1e-01   2723    -128   +82     4e-01   3185    -356   +480    4e-01   3114    -349   +480  
  22   237.37   22740.08   18   9e-02   2683    -108   +68     4e-01   3281    -383   +479    5e-01   3267    -325   +478  
  23   240.31   22737.89   11   1e-01   3041    -85    +443    4e-01   3380    -381   +480    5e-01   3390    -357   +480  
  24   243.39   22736.67   13   1e-01   3073    -415   +447    4e-01   3412    -448   +480    5e-01   3407    -463   +480  
  25   245.45   22735.65    9   1e-01   3073    -0     +0      4e-01   3412    -0     +0      5e-01   3407    -0     +0    
==========================================================================================================================
Prune!
==========================================================================================================================
Depth = 3, Bound = 22735.65, Best = 22735

Fixing x[127] = 1

**************************************************************************************************************************
                                               Node 7
**************************************************************************************************************************
Problem size 248
Fixed variables: (x[2],1) (x[41],0) (x[127],1)
==========================================================================================================================
starting bound     cut  triangles added  violation
      24457.78   22735              500       0.50
==========================================================================================================================
iter     time      bound  bdl   viol3  triag  purged   added   viol5  penta  purged   added   viol7  hepta  purged   added
==========================================================================================================================
   1   246.05   24089.09    5   4e-01    827    -173   +500   
   2   246.67   23850.77    7   4e-01   1118    -207   +498   
   3   247.37   23656.09    5   4e-01   1340    -276   +498   
   4   248.16   23502.50    5   4e-01   1588    -252   +500   
   5   249.05   23389.65    8   3e-01   1722    -366   +500   
   6   250.11   23312.99    9   3e-01   1903    -317   +498   
   7   251.30   23237.73   10   3e-01   2016    -387   +500   
   8   253.05   23179.36   11   2e-01   2206    -309   +499    7e-01    480    -0     +480    7e-01    480    -0     +480  
   9   254.80   23103.69   11   2e-01   2331    -373   +498    7e-01    847    -113   +480    7e-01    871    -89    +480  
  10   256.67   23030.94   12   3e-01   2469    -358   +496    6e-01   1113    -214   +480    6e-01   1133    -218   +480  
  11   258.70   22977.49   15   2e-01   2577    -390   +498    5e-01   1348    -245   +480    6e-01   1385    -228   +480  
  12   260.88   22931.64   12   2e-01   2618    -453   +494    5e-01   1535    -293   +480    7e-01   1562    -303   +480  
  13   263.14   22896.18   17   2e-01   2623    -488   +493    5e-01   1712    -302   +479    6e-01   1713    -329   +480  
  14   265.62   22861.71   19   1e-01   2691    -425   +493    4e-01   1831    -361   +480    4e-01   1816    -376   +479  
  15   268.18   22829.61   18   1e-01   2876    -307   +492    4e-01   2032    -279   +480    5e-01   2017    -279   +480  
  16   270.86   22807.14   20   1e-01   3000    -355   +479    4e-01   2243    -269   +480    6e-01   2242    -255   +480  
  17   273.57   22790.39   20   1e-01   2858    -337   +195    4e-01   2440    -283   +480    5e-01   2433    -286   +477  
  18   276.33   22772.87   21   1e-01   3132    -197   +471    3e-01   2680    -240   +480    5e-01   2630    -283   +480  
  19   279.13   22761.76   27   1e-01   2816    -345   +29     3e-01   2814    -343   +477    6e-01   2730    -378   +478  
  20   281.99   22751.39   21   9e-02   2822    -117   +123    3e-01   3028    -265   +479    5e-01   2951    -259   +480  
  21   284.82   22748.01   22   1e-01   3187    -113   +478    3e-01   3187    -321   +480    5e-01   3163    -268   +480  
  22   287.76   22740.02   25   8e-02   2810    -404   +27     3e-01   3290    -376   +479    4e-01   3295    -347   +479  
  23   289.13   22735.42   21   8e-02   2810    -0     +0      3e-01   3290    -0     +0      4e-01   3295    -0     +0    
==========================================================================================================================
Prune!
==========================================================================================================================
Depth = 3, Bound = 22735.42, Best = 22735


Nodes = 7
Root node bound = 22779.896
Maximum value = 22735
Solution = ( 1 3 4 5 6 7 13 14 18 22 23 25 27 34 36 44 45 46 49 52 53 54 55 56 57 58 60 72 74 75 76 79 81 83 86 91 93 95 97 102 104 105 107 110 112 113 114 115 117 118 125 127 131 132 134 135 138 140 141 142 150 152 153 157 159 160 161 163 167 170 172 174 177 179 181 185 192 195 200 202 205 206 207 208 209 212 215 216 219 220 226 231 235 240 241 245 246 250 )
CPU time = 289.13 s

